@I [HLS-0] Workspace /home/student/vff6/ece5775/assignments/HighLevelSynth/options-accel/dump/hls.prj/solution1 opened at Mon Dec 08 18:02:04 EST 2014
@I [HLS-100] Command 'open_solution' returned 0; elapsed 0.01Total elapsed time: 20.692 sec.
@I [HLS-100] Command "set_part xc7z020clg484-1 "
@I [HLS-100] Command "add_library xilinx/zynq/zynq:xc7z020:clg484:-1 "
@I [HLS-100] Command "get_default_platform "
@I [HLS-100] Command 'get_default_platform' returned 0; elapsed 0Total elapsed time: 20.698 sec.
@I [HLS-100] Command "license_exists VIVADO_HLS "
@I [HLS-100] Command 'license_exists' returned 1; elapsed 0.01Total elapsed time: 30.709 sec.
@I [HLS-100] Command "license_exists AUTOESL_NI "
@I [HLS-100] Command 'license_exists' returned 1; elapsed 0Total elapsed time: 40.752 sec.
@I [HLS-100] Command "license_exists HLS "
@I [HLS-100] Command 'license_exists' returned 0; elapsed 0Total elapsed time: 40.752 sec.
@I [HLS-100] Command "open_platform DefaultPlatform "
@I [HLS-100] Command 'open_platform' returned 0; elapsed 0Total elapsed time: 40.755 sec.
@I [HLS-100] Command "import_lib /opt/xilinx/Vivado_HLS/2014.2/common/technology/xilinx/zynq/zynq "
@I [HLS-100] Command "source /opt/xilinx/Vivado_HLS/2014.2/common/technology/xilinx/common/xilinx.lib "
@I [HLS-100] Command "source /opt/xilinx/Vivado_HLS/2014.2/common/technology/xilinx/interface/xilinx_interface.lib "
@I [HLS-100] Command "source /opt/xilinx/Vivado_HLS/2014.2/common/technology/xilinx/interface/plb46.lib "
@I [HLS-100] Command 'ap_source' returned 0; elapsed 0.01Total elapsed time: 40.759 sec.
@I [HLS-100] Command "source /opt/xilinx/Vivado_HLS/2014.2/common/technology/xilinx/interface/fsl.lib "
@I [HLS-100] Command 'ap_source' returned 0; elapsed 0Total elapsed time: 40.760 sec.
@I [HLS-100] Command "source /opt/xilinx/Vivado_HLS/2014.2/common/technology/xilinx/interface/axi4.lib "
@I [HLS-100] Command 'ap_source' returned 0; elapsed 0Total elapsed time: 40.760 sec.
@I [HLS-100] Command "source /opt/xilinx/Vivado_HLS/2014.2/common/technology/xilinx/interface/maxi.lib "
@I [HLS-100] Command 'ap_source' returned 0; elapsed 0Total elapsed time: 40.761 sec.
@I [HLS-100] Command 'ap_source' returned 0; elapsed 0.01Total elapsed time: 40.761 sec.
@I [HLS-100] Command "source /opt/xilinx/Vivado_HLS/2014.2/common/technology/xilinx/common/dsp48.lib "
@I [HLS-100] Command 'ap_source' returned 0; elapsed 0Total elapsed time: 40.762 sec.
@I [HLS-100] Command "source /opt/xilinx/Vivado_HLS/2014.2/common/technology/xilinx/ip/xfft.lib "
@I [HLS-100] Command 'ap_source' returned 0; elapsed 0Total elapsed time: 40.763 sec.
@I [HLS-100] Command "source /opt/xilinx/Vivado_HLS/2014.2/common/technology/xilinx/ip/xfir.lib "
@I [HLS-100] Command 'ap_source' returned 0; elapsed 0Total elapsed time: 40.763 sec.
@I [HLS-100] Command 'ap_source' returned 0; elapsed 0.01Total elapsed time: 40.766 sec.
@I [HLS-100] Command "source /opt/xilinx/Vivado_HLS/2014.2/common/technology/xilinx/common/xilinx_old.lib "
@I [HLS-100] Command 'ap_source' returned 0; elapsed 0Total elapsed time: 40.770 sec.
@I [HLS-100] Command "source /opt/xilinx/Vivado_HLS/2014.2/common/technology/xilinx/common/xilinx_vivado.lib "
@I [HLS-100] Command 'ap_source' returned 0; elapsed 0Total elapsed time: 40.771 sec.
@I [HLS-100] Command "source /opt/xilinx/Vivado_HLS/2014.2/common/technology/xilinx/common/xilinx.hlp "
@I [HLS-100] Command "source /opt/xilinx/Vivado_HLS/2014.2/common/technology/xilinx/common/target_info.tcl "
@I [HLS-100] Command 'ap_source' returned 0; elapsed 0Total elapsed time: 40.777 sec.
@I [HLS-100] Command "source /opt/xilinx/Vivado_HLS/2014.2/common/technology/xilinx/interface/xilinx_interface.hlp "
@I [HLS-100] Command "source /opt/xilinx/Vivado_HLS/2014.2/common/technology/xilinx/interface/maxi.hlp "
@I [HLS-100] Command 'ap_source' returned 0; elapsed 0Total elapsed time: 40.779 sec.
@I [HLS-100] Command 'ap_source' returned 0; elapsed 0Total elapsed time: 40.779 sec.
@I [HLS-100] Command "source /opt/xilinx/Vivado_HLS/2014.2/common/technology/xilinx/common/dsp48.hlp "
@I [HLS-100] Command 'ap_source' returned 0; elapsed 0Total elapsed time: 40.781 sec.
@I [HLS-100] Command 'ap_source' returned 0; elapsed 0Total elapsed time: 40.781 sec.
@I [HLS-100] Command "source /opt/xilinx/Vivado_HLS/2014.2/common/technology/xilinx/zynq/dsp48e1.hlp "
@I [HLS-100] Command 'ap_source' returned 0; elapsed 0Total elapsed time: 40.782 sec.
@I [HLS-100] Command "get_default_platform "
@I [HLS-100] Command 'get_default_platform' returned 0; elapsed 0Total elapsed time: 40.782 sec.
@I [HLS-100] Command "config_chip_info -quiet -resource  {SLICE 13300}  {LUT 53200}     {FF 106400} {DSP48E 220}   {BRAM 280}  "
@I [HLS-100] Command 'config_chip_info' returned 0; elapsed 0Total elapsed time: 40.782 sec.
@I [HLS-100] Command "config_chip_info -quiet -speed medium "
@I [HLS-100] Command 'config_chip_info' returned 0; elapsed 0Total elapsed time: 40.783 sec.
@I [HLS-100] Command 'import_lib' returned 0; elapsed 0.02Total elapsed time: 40.785 sec.
@I [HLS-100] Command "source /opt/xilinx/Vivado_HLS/2014.2/common/technology/xilinx/zynq/zynq.gen "
@I [HLS-100] Command "source /opt/xilinx/Vivado_HLS/2014.2/common/technology/xilinx/common/virtex.gen "
@I [HLS-100] Command "source /opt/xilinx/Vivado_HLS/2014.2/common/technology/xilinx/common/xilinx.gen "
@I [HLS-100] Command "source /opt/xilinx/Vivado_HLS/2014.2/common/technology/xilinx/interface/plb46.gen "
@I [HLS-100] Command 'ap_source' returned 0; elapsed 0Total elapsed time: 40.790 sec.
@I [HLS-100] Command "source /opt/xilinx/Vivado_HLS/2014.2/common/technology/xilinx/interface/fsl.gen "
@I [HLS-100] Command 'ap_source' returned 0; elapsed 0.01Total elapsed time: 40.791 sec.
@I [HLS-100] Command "source /opt/xilinx/Vivado_HLS/2014.2/common/technology/xilinx/interface/axi4.gen "
@I [HLS-100] Command 'ap_source' returned 0; elapsed 0Total elapsed time: 40.795 sec.
@I [HLS-100] Command "source /opt/xilinx/Vivado_HLS/2014.2/common/technology/xilinx/interface/nativeAXI4.gen "
@I [HLS-100] Command "source /opt/xilinx/Vivado_HLS/2014.2/common/technology/xilinx/interface/saxilite.gen "
@I [HLS-100] Command 'ap_source' returned 0; elapsed 0Total elapsed time: 40.799 sec.
@I [HLS-100] Command "source /opt/xilinx/Vivado_HLS/2014.2/common/technology/xilinx/interface/maxi.gen "
@I [HLS-100] Command 'ap_source' returned 0; elapsed 0.01Total elapsed time: 40.806 sec.
@I [HLS-100] Command 'ap_source' returned 0; elapsed 0.01Total elapsed time: 40.806 sec.
@I [HLS-100] Command "source /opt/xilinx/Vivado_HLS/2014.2/common/technology/xilinx/scripts/xilinxcoregen.gen "
@I [HLS-100] Command 'ap_source' returned 0; elapsed 0.02Total elapsed time: 40.819 sec.
@I [HLS-100] Command "source /opt/xilinx/Vivado_HLS/2014.2/common/technology/xilinx/interface/XilEDKCoreGen.gen "
@I [HLS-100] Command 'ap_source' returned 0; elapsed 0.01Total elapsed time: 40.834 sec.
@I [HLS-100] Command "source /opt/xilinx/Vivado_HLS/2014.2/common/technology/xilinx/ip/util.gen "
@I [HLS-100] Command 'ap_source' returned 0; elapsed 0Total elapsed time: 40.835 sec.
@I [HLS-100] Command "source /opt/xilinx/Vivado_HLS/2014.2/common/technology/xilinx/ip/xfft.gen "
@I [HLS-100] Command 'ap_source' returned 0; elapsed 0.18Total elapsed time: 41.17 sec.
@I [HLS-100] Command "source /opt/xilinx/Vivado_HLS/2014.2/common/technology/xilinx/ip/xfir.gen "
@I [HLS-100] Command "source /opt/xilinx/Vivado_HLS/2014.2/tps/tcl/tcllib1.11.1/struct/list.tcl "
@I [HLS-100] Command "source /opt/xilinx/Vivado_HLS/2014.2/tps/tcl/tcllib1.11.1/cmdline/cmdline.tcl "
@I [HLS-100] Command 'ap_source' returned 0; elapsed 0Total elapsed time: 41.44 sec.
@I [HLS-100] Command 'ap_source' returned 0; elapsed 0Total elapsed time: 41.45 sec.
@I [HLS-100] Command "source /opt/xilinx/Vivado_HLS/2014.2/tps/tcl/tcllib1.11.1/math/bignum.tcl "
@I [HLS-100] Command 'ap_source' returned 0; elapsed 0Total elapsed time: 41.55 sec.
@I [HLS-100] Command 'ap_source' returned 0; elapsed 0.05Total elapsed time: 41.65 sec.
@I [HLS-100] Command 'ap_source' returned 0; elapsed 0.28Total elapsed time: 41.65 sec.
@I [HLS-100] Command "source /opt/xilinx/Vivado_HLS/2014.2/common/technology/xilinx/common/dsp48.gen "
@I [HLS-100] Command 'ap_source' returned 0; elapsed 0Total elapsed time: 41.68 sec.
@I [HLS-100] Command 'ap_source' returned 0; elapsed 0.28Total elapsed time: 41.68 sec.
@I [HLS-100] Command 'ap_source' returned 0; elapsed 0.28Total elapsed time: 41.68 sec.
@I [HLS-100] Command "get_default_platform "
@I [HLS-100] Command 'get_default_platform' returned 0; elapsed 0Total elapsed time: 41.71 sec.
@I [HLS-100] Command "config_chip_info -quiet -resource  {SLICE 13300}  {LUT 53200}     {FF 106400} {DSP48E 220}   {BRAM 280}  "
@I [HLS-100] Command 'config_chip_info' returned 0; elapsed 0Total elapsed time: 41.71 sec.
@I [HLS-100] Command "config_chip_info -quiet -speed slow "
@I [HLS-100] Command 'config_chip_info' returned 0; elapsed 0Total elapsed time: 41.71 sec.
@I [HLS-100] Command 'add_library' returned 0; elapsed 0.31Total elapsed time: 41.72 sec.
@I [HLS-100] Command "add_library xilinx/zynq/zynq_fpv6 "
@I [HLS-100] Command "get_default_platform "
@I [HLS-100] Command 'get_default_platform' returned 0; elapsed 0Total elapsed time: 41.73 sec.
@I [HLS-100] Command "license_exists VIVADO_HLS "
@I [HLS-100] Command 'license_exists' returned 1; elapsed 0Total elapsed time: 51.84 sec.
@I [HLS-100] Command "license_exists AUTOESL_NI "
@I [HLS-100] Command 'license_exists' returned 1; elapsed 0Total elapsed time: 61.106 sec.
@I [HLS-100] Command "license_exists HLS "
@I [HLS-100] Command 'license_exists' returned 0; elapsed 0Total elapsed time: 61.106 sec.
@I [HLS-100] Command "open_platform DefaultPlatform "
@I [HLS-100] Command 'open_platform' returned 0; elapsed 0Total elapsed time: 61.107 sec.
@I [HLS-100] Command "import_lib /opt/xilinx/Vivado_HLS/2014.2/common/technology/xilinx/zynq/zynq_fpv6 "
@I [HLS-100] Command "source /opt/xilinx/Vivado_HLS/2014.2/common/technology/xilinx/common/xilinx_fpv7.lib "
@I [HLS-100] Command "source /opt/xilinx/Vivado_HLS/2014.2/common/technology/xilinx/common/xilinx_fpv6.lib "
@I [HLS-100] Command 'ap_source' returned 0; elapsed 0.01Total elapsed time: 61.111 sec.
@I [HLS-100] Command 'ap_source' returned 0; elapsed 0.01Total elapsed time: 61.113 sec.
@I [HLS-100] Command 'import_lib' returned 0; elapsed 0.03Total elapsed time: 61.130 sec.
@I [HLS-100] Command "source /opt/xilinx/Vivado_HLS/2014.2/common/technology/xilinx/zynq/zynq_fpv6.gen "
@I [HLS-100] Command "source /opt/xilinx/Vivado_HLS/2014.2/common/technology/xilinx/common/xilinx_fpv6.gen "
@I [HLS-100] Command 'ap_source' returned 0; elapsed 0Total elapsed time: 61.134 sec.
@I [HLS-100] Command 'ap_source' returned 0; elapsed 0Total elapsed time: 61.134 sec.
@I [HLS-100] Command 'add_library' returned 0; elapsed 0.03Total elapsed time: 61.136 sec.
@I [HLS-10] Setting target device to 'xc7z020clg484-1'
@I [HLS-100] Command 'set_part' returned 0; elapsed 0.35Total elapsed time: 61.136 sec.
@I [HLS-100] Command "create_clock -period 10 "
@I [HLS-100] Command "config_clock -quiet -name default -period 10 -default=false "
@I [SYN-201] Setting up clock 'default' with a period of 10ns.
@I [HLS-100] Command 'config_clock' returned 0; elapsed 0Total elapsed time: 61.139 sec.
@I [HLS-100] Command 'create_clock' returned 0; elapsed 0Total elapsed time: 61.139 sec.
@I [HLS-100] Command "csynth_design "
@I [HLS-100] Command "elaborate -effort=medium -skip_syncheck=0 -lm=0 -skip_transform=0 -ng=0 -g=0 -opt_fp=0 "
@I [HLS-10] Analyzing design file 'mt19937ar.c' ... 
@0 [HLS-0] Analyzing design file 'mt19937ar.c' ... 
@I [HLS-0] Compiling one TU...
@I [HLS-0] 
Checking before pre-process: exec clang -fno-limit-debug-info -gcc-toolchain "/opt/xilinx/Vivado_HLS/2014.2/lnx64/tools/gcc" -hls    -D "__asm__(...)=" -fno-math-errno -c -emit-llvm -O0  -mllvm -disable-llvm-optzns -std=gnu89   -DAESL_SYN -D__SYNTHESIS__ -D__HLS_SYN__ -I "/opt/xilinx/Vivado_HLS/2014.2/common/technology/autopilot" -I "/opt/xilinx/Vivado_HLS/2014.2/common/technology/autopilot/ap_sysc" -include etc/autopilot_ssdm_op.h  "mt19937ar.c"  -o "/home/student/vff6/ece5775/assignments/HighLevelSynth/options-accel/dump/hls.prj/solution1/.autopilot/db/mt19937ar.pp.00.o"

@I [HLS-0] Syntax Checker time: 0 seconds per iteration
@I [HLS-0] 
Source preprocessing: exec clang -fno-limit-debug-info -gcc-toolchain "/opt/xilinx/Vivado_HLS/2014.2/lnx64/tools/gcc" -hls -fno-exceptions  -D__llvm__  -CC -E "mt19937ar.c"     -D "__asm__(...)=" -fno-math-errno -c -emit-llvm -O0  -mllvm -disable-llvm-optzns -std=gnu89   -DAESL_SYN -D__SYNTHESIS__ -D__HLS_SYN__ -I "/opt/xilinx/Vivado_HLS/2014.2/common/technology/autopilot" -I "/opt/xilinx/Vivado_HLS/2014.2/common/technology/autopilot/ap_sysc" -include etc/autopilot_ssdm_op.h -D "__asm__(...)="  -o "/home/student/vff6/ece5775/assignments/HighLevelSynth/options-accel/dump/hls.prj/solution1/.autopilot/db/mt19937ar.pp.0.c"

@I [HLS-0] GCC PP time: 0 seconds per iteration
@I [HLS-100] Command "list_core -type functional_unit "
@I [HLS-100] Command 'list_core' returned 0; elapsed 0Total elapsed time: 61.292 sec.
@I [HLS-0] Marker-Pragma convertor: /home/student/vff6/ece5775/assignments/HighLevelSynth/options-accel/dump/hls.prj/solution1/.autopilot/db/mt19937ar.pp.0.c /home/student/vff6/ece5775/assignments/HighLevelSynth/options-accel/dump/hls.prj/solution1/.autopilot/db/mt19937ar.pp.0.c.ap-line.c /home/student/vff6/ece5775/assignments/HighLevelSynth/options-accel/dump/hls.prj/solution1/.autopilot/db/mt19937ar.pp.0.c.ap-line.c.CXX 1
@I [HLS-0] 
Source processor: exec /opt/xilinx/Vivado_HLS/2014.2/tps/lnx64/jre/bin/java -Xmx512m -classpath   "/opt/xilinx/Vivado_HLS/2014.2/lib/classes/autopilot.sourceprocessor.jar:/opt/xilinx/Vivado_HLS/2014.2/lib/classes/org.eclipse.cdt.core_5.3.0.xilinx_patch.jar:/opt/xilinx/Vivado_HLS/2014.2/lib/classes/org.eclipse.core.runtime_3.7.0.v20110110.jar:/opt/xilinx/Vivado_HLS/2014.2/lib/classes/org.eclipse.equinox.common_3.6.0.v20110523.jar:/opt/xilinx/Vivado_HLS/2014.2/lib/classes/com.ibm.icu_4.4.2.v20110208.jar:/opt/xilinx/Vivado_HLS/2014.2/lib/classes/jargs.jar:/opt/xilinx/Vivado_HLS/2014.2/lnx64/tools/eclipse/plugins/org.eclipse.emf.common_2.7.0.v20120127-1122.jar:/opt/xilinx/Vivado_HLS/2014.2/lnx64/tools/eclipse/plugins/org.eclipse.emf.ecore_2.7.0.v20120127-1122.jar:/opt/xilinx/Vivado_HLS/2014.2/lnx64/tools/eclipse/plugins/org.eclipse.emf.ecore.xmi_2.7.0.v20120127-1122.jar:/opt/xilinx/Vivado_HLS/2014.2/lnx64/tools/eclipse/plugins/com.autoesl.autopilot.ui.directiveFileModel_1.0.0.jar:/opt/xilinx/Vivado_HLS/2014.2/lnx64/tools/eclipse/plugins/com.autoesl.autopilot.ui.common_1.0.0.jar"  autopilot.sourceprocessor.CParser  "/home/student/vff6/ece5775/assignments/HighLevelSynth/options-accel/dump/hls.prj/solution1/.autopilot/db/mt19937ar.pp.0.c.ap-line.c"  -m "gaussrand2" -o "/home/student/vff6/ece5775/assignments/HighLevelSynth/options-accel/dump/hls.prj/solution1/.autopilot/db/mt19937ar.pp.0.c.ap-cdt.c" -c --ad --pc --pp --directive /home/student/vff6/ece5775/assignments/HighLevelSynth/options-accel/dump/hls.prj/solution1/solution1.directive --source /home/student/vff6/ece5775/assignments/HighLevelSynth/options-accel/dump/mt19937ar.c --error /home/student/vff6/ece5775/assignments/HighLevelSynth/options-accel/dump/hls.prj/solution1/.autopilot/db --funcunit "AddSub AddSubnS Mul MulnS Mul2S Mul3S Mul4S Mul5S Mul6S DivnS AddSub_DSP FDiv FSqrt DDiv DSqrt DRecip DRSqrt FAddSub_nodsp FAddSub_fulldsp FMul_nodsp FMul_meddsp FMul_fulldsp FMul_maxdsp FRSqrt_nodsp FRSqrt_fulldsp FRecip_nodsp FRecip_fulldsp FLog_nodsp FLog_meddsp FLog_fulldsp FExp_nodsp FExp_meddsp FExp_fulldsp DAddSub_nodsp DAddSub_fulldsp DMul_nodsp DMul_meddsp DMul_fulldsp DMul_maxdsp DLog_nodsp DLog_meddsp DLog_fulldsp DExp_nodsp DExp_meddsp DExp_fulldsp" --ce --tcl /home/student/vff6/ece5775/assignments/HighLevelSynth/options-accel/dump/hls.prj/solution1/.autopilot/db --lp --ca --gf --df --pd --p2d /home/student/vff6/ece5775/assignments/HighLevelSynth/options-accel/dump/hls.prj/solution1/.autopilot/db --sd --scff /home/student/vff6/ece5775/assignments/HighLevelSynth/options-accel/dump/hls.prj/solution1/.autopilot/db/.systemc_flag

@I [HLS-0] Marker-Pragma convertor: /home/student/vff6/ece5775/assignments/HighLevelSynth/options-accel/dump/hls.prj/solution1/.autopilot/db/mt19937ar.pp.0.c.ap-cdt.c /home/student/vff6/ece5775/assignments/HighLevelSynth/options-accel/dump/hls.prj/solution1/.autopilot/db/mt19937ar.pragma.0.c /home/student/vff6/ece5775/assignments/HighLevelSynth/options-accel/dump/hls.prj/solution1/.autopilot/db/mt19937ar.pragma.0.c.ap-line.CXX 0
@I [HLS-100] Command "source /home/student/vff6/ece5775/assignments/HighLevelSynth/options-accel/dump/hls.prj/solution1/.autopilot/db/pragma.status.tcl "
@I [HLS-100] Command 'ap_source' returned 0; elapsed 0Total elapsed time: 63.191 sec.
@I [HLS-0] CDT processor time: 1 seconds per iteration
@I [HLS-0] Pragma handling time: 0 seconds per iteration
@I [HLS-0] 
Source preprocessing: exec clang -fno-limit-debug-info -gcc-toolchain "/opt/xilinx/Vivado_HLS/2014.2/lnx64/tools/gcc" -hls -fno-exceptions  -D__llvm__  -CC -E "/home/student/vff6/ece5775/assignments/HighLevelSynth/options-accel/dump/hls.prj/solution1/.autopilot/db/mt19937ar.pragma.1.c"     -D "__asm__(...)=" -fno-math-errno -c -emit-llvm -O0  -mllvm -disable-llvm-optzns -std=gnu89   -DAESL_SYN -D__SYNTHESIS__ -D__HLS_SYN__ -I "/opt/xilinx/Vivado_HLS/2014.2/common/technology/autopilot" -I "/opt/xilinx/Vivado_HLS/2014.2/common/technology/autopilot/ap_sysc" -include etc/autopilot_ssdm_op.h -D "__asm__(...)="  -o "/home/student/vff6/ece5775/assignments/HighLevelSynth/options-accel/dump/hls.prj/solution1/.autopilot/db/mt19937ar.pragma.2.c"

@I [HLS-0] exec clang -fno-limit-debug-info -gcc-toolchain /opt/xilinx/Vivado_HLS/2014.2/lnx64/tools/gcc -hls -fno-exceptions  -D__llvm__  -w  "/home/student/vff6/ece5775/assignments/HighLevelSynth/options-accel/dump/hls.prj/solution1/.autopilot/db/mt19937ar.pragma.2.c"    -D "__asm__(...)=" -fno-math-errno -c -emit-llvm -O0  -mllvm -disable-llvm-optzns -std=gnu89  -DAESL_SYN -D__SYNTHESIS__ -D__HLS_SYN__ -I "/opt/xilinx/Vivado_HLS/2014.2/common/technology/autopilot" -I "/opt/xilinx/Vivado_HLS/2014.2/common/technology/autopilot/ap_sysc" -include etc/autopilot_ssdm_op.h -g -o "/home/student/vff6/ece5775/assignments/HighLevelSynth/options-accel/dump/hls.prj/solution1/.autopilot/db/mt19937ar.g.bc"
@I [HLS-10] Analyzing design file 'gaussian.c' ... 
@0 [HLS-0] Analyzing design file 'gaussian.c' ... 
@I [HLS-0] Compiling one TU...
@I [HLS-0] 
Checking before pre-process: exec clang -fno-limit-debug-info -gcc-toolchain "/opt/xilinx/Vivado_HLS/2014.2/lnx64/tools/gcc" -hls    -D "__asm__(...)=" -fno-math-errno -c -emit-llvm -O0  -mllvm -disable-llvm-optzns -std=gnu89   -DAESL_SYN -D__SYNTHESIS__ -D__HLS_SYN__ -I "/opt/xilinx/Vivado_HLS/2014.2/common/technology/autopilot" -I "/opt/xilinx/Vivado_HLS/2014.2/common/technology/autopilot/ap_sysc" -include etc/autopilot_ssdm_op.h  "gaussian.c"  -o "/home/student/vff6/ece5775/assignments/HighLevelSynth/options-accel/dump/hls.prj/solution1/.autopilot/db/gaussian.pp.00.o"

@I [HLS-0] Syntax Checker time: 0 seconds per iteration
@I [HLS-0] 
Source preprocessing: exec clang -fno-limit-debug-info -gcc-toolchain "/opt/xilinx/Vivado_HLS/2014.2/lnx64/tools/gcc" -hls -fno-exceptions  -D__llvm__  -CC -E "gaussian.c"     -D "__asm__(...)=" -fno-math-errno -c -emit-llvm -O0  -mllvm -disable-llvm-optzns -std=gnu89   -DAESL_SYN -D__SYNTHESIS__ -D__HLS_SYN__ -I "/opt/xilinx/Vivado_HLS/2014.2/common/technology/autopilot" -I "/opt/xilinx/Vivado_HLS/2014.2/common/technology/autopilot/ap_sysc" -include etc/autopilot_ssdm_op.h -D "__asm__(...)="  -o "/home/student/vff6/ece5775/assignments/HighLevelSynth/options-accel/dump/hls.prj/solution1/.autopilot/db/gaussian.pp.0.c"

@I [HLS-0] GCC PP time: 0 seconds per iteration
@I [HLS-100] Command "list_core -type functional_unit "
@I [HLS-100] Command 'list_core' returned 0; elapsed 0Total elapsed time: 63.691 sec.
@I [HLS-0] Marker-Pragma convertor: /home/student/vff6/ece5775/assignments/HighLevelSynth/options-accel/dump/hls.prj/solution1/.autopilot/db/gaussian.pp.0.c /home/student/vff6/ece5775/assignments/HighLevelSynth/options-accel/dump/hls.prj/solution1/.autopilot/db/gaussian.pp.0.c.ap-line.c /home/student/vff6/ece5775/assignments/HighLevelSynth/options-accel/dump/hls.prj/solution1/.autopilot/db/gaussian.pp.0.c.ap-line.c.CXX 1
@I [HLS-0] 
Source processor: exec /opt/xilinx/Vivado_HLS/2014.2/tps/lnx64/jre/bin/java -Xmx512m -classpath   "/opt/xilinx/Vivado_HLS/2014.2/lib/classes/autopilot.sourceprocessor.jar:/opt/xilinx/Vivado_HLS/2014.2/lib/classes/org.eclipse.cdt.core_5.3.0.xilinx_patch.jar:/opt/xilinx/Vivado_HLS/2014.2/lib/classes/org.eclipse.core.runtime_3.7.0.v20110110.jar:/opt/xilinx/Vivado_HLS/2014.2/lib/classes/org.eclipse.equinox.common_3.6.0.v20110523.jar:/opt/xilinx/Vivado_HLS/2014.2/lib/classes/com.ibm.icu_4.4.2.v20110208.jar:/opt/xilinx/Vivado_HLS/2014.2/lib/classes/jargs.jar:/opt/xilinx/Vivado_HLS/2014.2/lnx64/tools/eclipse/plugins/org.eclipse.emf.common_2.7.0.v20120127-1122.jar:/opt/xilinx/Vivado_HLS/2014.2/lnx64/tools/eclipse/plugins/org.eclipse.emf.ecore_2.7.0.v20120127-1122.jar:/opt/xilinx/Vivado_HLS/2014.2/lnx64/tools/eclipse/plugins/org.eclipse.emf.ecore.xmi_2.7.0.v20120127-1122.jar:/opt/xilinx/Vivado_HLS/2014.2/lnx64/tools/eclipse/plugins/com.autoesl.autopilot.ui.directiveFileModel_1.0.0.jar:/opt/xilinx/Vivado_HLS/2014.2/lnx64/tools/eclipse/plugins/com.autoesl.autopilot.ui.common_1.0.0.jar"  autopilot.sourceprocessor.CParser  "/home/student/vff6/ece5775/assignments/HighLevelSynth/options-accel/dump/hls.prj/solution1/.autopilot/db/gaussian.pp.0.c.ap-line.c"  -m "gaussrand2" -o "/home/student/vff6/ece5775/assignments/HighLevelSynth/options-accel/dump/hls.prj/solution1/.autopilot/db/gaussian.pp.0.c.ap-cdt.c" -c --ad --pc --pp --directive /home/student/vff6/ece5775/assignments/HighLevelSynth/options-accel/dump/hls.prj/solution1/solution1.directive --source /home/student/vff6/ece5775/assignments/HighLevelSynth/options-accel/dump/gaussian.c --error /home/student/vff6/ece5775/assignments/HighLevelSynth/options-accel/dump/hls.prj/solution1/.autopilot/db --funcunit "AddSub AddSubnS Mul MulnS Mul2S Mul3S Mul4S Mul5S Mul6S DivnS AddSub_DSP FDiv FSqrt DDiv DSqrt DRecip DRSqrt FAddSub_nodsp FAddSub_fulldsp FMul_nodsp FMul_meddsp FMul_fulldsp FMul_maxdsp FRSqrt_nodsp FRSqrt_fulldsp FRecip_nodsp FRecip_fulldsp FLog_nodsp FLog_meddsp FLog_fulldsp FExp_nodsp FExp_meddsp FExp_fulldsp DAddSub_nodsp DAddSub_fulldsp DMul_nodsp DMul_meddsp DMul_fulldsp DMul_maxdsp DLog_nodsp DLog_meddsp DLog_fulldsp DExp_nodsp DExp_meddsp DExp_fulldsp" --ce --tcl /home/student/vff6/ece5775/assignments/HighLevelSynth/options-accel/dump/hls.prj/solution1/.autopilot/db --lp --ca --gf --df --pd --p2d /home/student/vff6/ece5775/assignments/HighLevelSynth/options-accel/dump/hls.prj/solution1/.autopilot/db --sd --scff /home/student/vff6/ece5775/assignments/HighLevelSynth/options-accel/dump/hls.prj/solution1/.autopilot/db/.systemc_flag

@I [HLS-0] Marker-Pragma convertor: /home/student/vff6/ece5775/assignments/HighLevelSynth/options-accel/dump/hls.prj/solution1/.autopilot/db/gaussian.pp.0.c.ap-cdt.c /home/student/vff6/ece5775/assignments/HighLevelSynth/options-accel/dump/hls.prj/solution1/.autopilot/db/gaussian.pragma.0.c /home/student/vff6/ece5775/assignments/HighLevelSynth/options-accel/dump/hls.prj/solution1/.autopilot/db/gaussian.pragma.0.c.ap-line.CXX 0
@I [HLS-100] Command "source /home/student/vff6/ece5775/assignments/HighLevelSynth/options-accel/dump/hls.prj/solution1/.autopilot/db/pragma.status.tcl "
@I [HLS-100] Command 'ap_source' returned 0; elapsed 0Total elapsed time: 66.138 sec.
@I [HLS-0] CDT processor time: 2 seconds per iteration
@I [HLS-0] Pragma handling time: 0 seconds per iteration
@I [HLS-0] 
Source preprocessing: exec clang -fno-limit-debug-info -gcc-toolchain "/opt/xilinx/Vivado_HLS/2014.2/lnx64/tools/gcc" -hls -fno-exceptions  -D__llvm__  -CC -E "/home/student/vff6/ece5775/assignments/HighLevelSynth/options-accel/dump/hls.prj/solution1/.autopilot/db/gaussian.pragma.1.c"     -D "__asm__(...)=" -fno-math-errno -c -emit-llvm -O0  -mllvm -disable-llvm-optzns -std=gnu89   -DAESL_SYN -D__SYNTHESIS__ -D__HLS_SYN__ -I "/opt/xilinx/Vivado_HLS/2014.2/common/technology/autopilot" -I "/opt/xilinx/Vivado_HLS/2014.2/common/technology/autopilot/ap_sysc" -include etc/autopilot_ssdm_op.h -D "__asm__(...)="  -o "/home/student/vff6/ece5775/assignments/HighLevelSynth/options-accel/dump/hls.prj/solution1/.autopilot/db/gaussian.pragma.2.c"

@I [HLS-0] exec clang -fno-limit-debug-info -gcc-toolchain /opt/xilinx/Vivado_HLS/2014.2/lnx64/tools/gcc -hls -fno-exceptions  -D__llvm__  -w  "/home/student/vff6/ece5775/assignments/HighLevelSynth/options-accel/dump/hls.prj/solution1/.autopilot/db/gaussian.pragma.2.c"    -D "__asm__(...)=" -fno-math-errno -c -emit-llvm -O0  -mllvm -disable-llvm-optzns -std=gnu89  -DAESL_SYN -D__SYNTHESIS__ -D__HLS_SYN__ -I "/opt/xilinx/Vivado_HLS/2014.2/common/technology/autopilot" -I "/opt/xilinx/Vivado_HLS/2014.2/common/technology/autopilot/ap_sysc" -include etc/autopilot_ssdm_op.h -g -o "/home/student/vff6/ece5775/assignments/HighLevelSynth/options-accel/dump/hls.prj/solution1/.autopilot/db/gaussian.g.bc"
@I [HLS-10] Analyzing design file 'black_scholes.c' ... 
@0 [HLS-0] Analyzing design file 'black_scholes.c' ... 
@I [HLS-0] Compiling one TU...
@I [HLS-0] 
Checking before pre-process: exec clang -fno-limit-debug-info -gcc-toolchain "/opt/xilinx/Vivado_HLS/2014.2/lnx64/tools/gcc" -hls    -D "__asm__(...)=" -fno-math-errno -c -emit-llvm -O0  -mllvm -disable-llvm-optzns -std=gnu89   -DAESL_SYN -D__SYNTHESIS__ -D__HLS_SYN__ -I "/opt/xilinx/Vivado_HLS/2014.2/common/technology/autopilot" -I "/opt/xilinx/Vivado_HLS/2014.2/common/technology/autopilot/ap_sysc" -include etc/autopilot_ssdm_op.h  "black_scholes.c"  -o "/home/student/vff6/ece5775/assignments/HighLevelSynth/options-accel/dump/hls.prj/solution1/.autopilot/db/black_scholes.pp.00.o"

@I [HLS-0] Syntax Checker time: 0 seconds per iteration
@I [HLS-0] 
Source preprocessing: exec clang -fno-limit-debug-info -gcc-toolchain "/opt/xilinx/Vivado_HLS/2014.2/lnx64/tools/gcc" -hls -fno-exceptions  -D__llvm__  -CC -E "black_scholes.c"     -D "__asm__(...)=" -fno-math-errno -c -emit-llvm -O0  -mllvm -disable-llvm-optzns -std=gnu89   -DAESL_SYN -D__SYNTHESIS__ -D__HLS_SYN__ -I "/opt/xilinx/Vivado_HLS/2014.2/common/technology/autopilot" -I "/opt/xilinx/Vivado_HLS/2014.2/common/technology/autopilot/ap_sysc" -include etc/autopilot_ssdm_op.h -D "__asm__(...)="  -o "/home/student/vff6/ece5775/assignments/HighLevelSynth/options-accel/dump/hls.prj/solution1/.autopilot/db/black_scholes.pp.0.c"

@I [HLS-0] GCC PP time: 0 seconds per iteration
@I [HLS-100] Command "list_core -type functional_unit "
@I [HLS-100] Command 'list_core' returned 0; elapsed 0Total elapsed time: 66.553 sec.
@I [HLS-0] Marker-Pragma convertor: /home/student/vff6/ece5775/assignments/HighLevelSynth/options-accel/dump/hls.prj/solution1/.autopilot/db/black_scholes.pp.0.c /home/student/vff6/ece5775/assignments/HighLevelSynth/options-accel/dump/hls.prj/solution1/.autopilot/db/black_scholes.pp.0.c.ap-line.c /home/student/vff6/ece5775/assignments/HighLevelSynth/options-accel/dump/hls.prj/solution1/.autopilot/db/black_scholes.pp.0.c.ap-line.c.CXX 1
@I [HLS-0] 
Source processor: exec /opt/xilinx/Vivado_HLS/2014.2/tps/lnx64/jre/bin/java -Xmx512m -classpath   "/opt/xilinx/Vivado_HLS/2014.2/lib/classes/autopilot.sourceprocessor.jar:/opt/xilinx/Vivado_HLS/2014.2/lib/classes/org.eclipse.cdt.core_5.3.0.xilinx_patch.jar:/opt/xilinx/Vivado_HLS/2014.2/lib/classes/org.eclipse.core.runtime_3.7.0.v20110110.jar:/opt/xilinx/Vivado_HLS/2014.2/lib/classes/org.eclipse.equinox.common_3.6.0.v20110523.jar:/opt/xilinx/Vivado_HLS/2014.2/lib/classes/com.ibm.icu_4.4.2.v20110208.jar:/opt/xilinx/Vivado_HLS/2014.2/lib/classes/jargs.jar:/opt/xilinx/Vivado_HLS/2014.2/lnx64/tools/eclipse/plugins/org.eclipse.emf.common_2.7.0.v20120127-1122.jar:/opt/xilinx/Vivado_HLS/2014.2/lnx64/tools/eclipse/plugins/org.eclipse.emf.ecore_2.7.0.v20120127-1122.jar:/opt/xilinx/Vivado_HLS/2014.2/lnx64/tools/eclipse/plugins/org.eclipse.emf.ecore.xmi_2.7.0.v20120127-1122.jar:/opt/xilinx/Vivado_HLS/2014.2/lnx64/tools/eclipse/plugins/com.autoesl.autopilot.ui.directiveFileModel_1.0.0.jar:/opt/xilinx/Vivado_HLS/2014.2/lnx64/tools/eclipse/plugins/com.autoesl.autopilot.ui.common_1.0.0.jar"  autopilot.sourceprocessor.CParser  "/home/student/vff6/ece5775/assignments/HighLevelSynth/options-accel/dump/hls.prj/solution1/.autopilot/db/black_scholes.pp.0.c.ap-line.c"  -m "gaussrand2" -o "/home/student/vff6/ece5775/assignments/HighLevelSynth/options-accel/dump/hls.prj/solution1/.autopilot/db/black_scholes.pp.0.c.ap-cdt.c" -c --ad --pc --pp --directive /home/student/vff6/ece5775/assignments/HighLevelSynth/options-accel/dump/hls.prj/solution1/solution1.directive --source /home/student/vff6/ece5775/assignments/HighLevelSynth/options-accel/dump/black_scholes.c --error /home/student/vff6/ece5775/assignments/HighLevelSynth/options-accel/dump/hls.prj/solution1/.autopilot/db --funcunit "AddSub AddSubnS Mul MulnS Mul2S Mul3S Mul4S Mul5S Mul6S DivnS AddSub_DSP FDiv FSqrt DDiv DSqrt DRecip DRSqrt FAddSub_nodsp FAddSub_fulldsp FMul_nodsp FMul_meddsp FMul_fulldsp FMul_maxdsp FRSqrt_nodsp FRSqrt_fulldsp FRecip_nodsp FRecip_fulldsp FLog_nodsp FLog_meddsp FLog_fulldsp FExp_nodsp FExp_meddsp FExp_fulldsp DAddSub_nodsp DAddSub_fulldsp DMul_nodsp DMul_meddsp DMul_fulldsp DMul_maxdsp DLog_nodsp DLog_meddsp DLog_fulldsp DExp_nodsp DExp_meddsp DExp_fulldsp" --ce --tcl /home/student/vff6/ece5775/assignments/HighLevelSynth/options-accel/dump/hls.prj/solution1/.autopilot/db --lp --ca --gf --df --pd --p2d /home/student/vff6/ece5775/assignments/HighLevelSynth/options-accel/dump/hls.prj/solution1/.autopilot/db --sd --scff /home/student/vff6/ece5775/assignments/HighLevelSynth/options-accel/dump/hls.prj/solution1/.autopilot/db/.systemc_flag

@I [HLS-0] Marker-Pragma convertor: /home/student/vff6/ece5775/assignments/HighLevelSynth/options-accel/dump/hls.prj/solution1/.autopilot/db/black_scholes.pp.0.c.ap-cdt.c /home/student/vff6/ece5775/assignments/HighLevelSynth/options-accel/dump/hls.prj/solution1/.autopilot/db/black_scholes.pragma.0.c /home/student/vff6/ece5775/assignments/HighLevelSynth/options-accel/dump/hls.prj/solution1/.autopilot/db/black_scholes.pragma.0.c.ap-line.CXX 0
@I [HLS-100] Command "source /home/student/vff6/ece5775/assignments/HighLevelSynth/options-accel/dump/hls.prj/solution1/.autopilot/db/pragma.status.tcl "
@I [HLS-100] Command 'ap_source' returned 0; elapsed 0Total elapsed time: 69.94 sec.
@I [HLS-0] CDT processor time: 2 seconds per iteration
@I [HLS-0] Pragma handling time: 0 seconds per iteration
@I [HLS-0] 
Source preprocessing: exec clang -fno-limit-debug-info -gcc-toolchain "/opt/xilinx/Vivado_HLS/2014.2/lnx64/tools/gcc" -hls -fno-exceptions  -D__llvm__  -CC -E "/home/student/vff6/ece5775/assignments/HighLevelSynth/options-accel/dump/hls.prj/solution1/.autopilot/db/black_scholes.pragma.1.c"     -D "__asm__(...)=" -fno-math-errno -c -emit-llvm -O0  -mllvm -disable-llvm-optzns -std=gnu89   -DAESL_SYN -D__SYNTHESIS__ -D__HLS_SYN__ -I "/opt/xilinx/Vivado_HLS/2014.2/common/technology/autopilot" -I "/opt/xilinx/Vivado_HLS/2014.2/common/technology/autopilot/ap_sysc" -include etc/autopilot_ssdm_op.h -D "__asm__(...)="  -o "/home/student/vff6/ece5775/assignments/HighLevelSynth/options-accel/dump/hls.prj/solution1/.autopilot/db/black_scholes.pragma.2.c"

@I [HLS-0] exec clang -fno-limit-debug-info -gcc-toolchain /opt/xilinx/Vivado_HLS/2014.2/lnx64/tools/gcc -hls -fno-exceptions  -D__llvm__  -w  "/home/student/vff6/ece5775/assignments/HighLevelSynth/options-accel/dump/hls.prj/solution1/.autopilot/db/black_scholes.pragma.2.c"    -D "__asm__(...)=" -fno-math-errno -c -emit-llvm -O0  -mllvm -disable-llvm-optzns -std=gnu89  -DAESL_SYN -D__SYNTHESIS__ -D__HLS_SYN__ -I "/opt/xilinx/Vivado_HLS/2014.2/common/technology/autopilot" -I "/opt/xilinx/Vivado_HLS/2014.2/common/technology/autopilot/ap_sysc" -include etc/autopilot_ssdm_op.h -g -o "/home/student/vff6/ece5775/assignments/HighLevelSynth/options-accel/dump/hls.prj/solution1/.autopilot/db/black_scholes.g.bc"
@I [HLS-10] Validating synthesis directives ...
@0 [HLS-0] Validating synthesis directives ...
@I [HLS-100] Command "source /home/student/vff6/ece5775/assignments/HighLevelSynth/options-accel/dump/hls.prj/solution1/.autopilot/db/pragma.status.tcl "
@I [HLS-100] Command 'ap_source' returned 0; elapsed 0Total elapsed time: 69.306 sec.
@I [HLS-0] Linking all ...
@I [HLS-0] exec llvm-ld  "/home/student/vff6/ece5775/assignments/HighLevelSynth/options-accel/dump/hls.prj/solution1/.autopilot/db/mt19937ar.bc" "/home/student/vff6/ece5775/assignments/HighLevelSynth/options-accel/dump/hls.prj/solution1/.autopilot/db/gaussian.bc" "/home/student/vff6/ece5775/assignments/HighLevelSynth/options-accel/dump/hls.prj/solution1/.autopilot/db/black_scholes.bc"  -disable-opt  -L/opt/xilinx/Vivado_HLS/2014.2/lnx64/lib -lm_basic -o "/home/student/vff6/ece5775/assignments/HighLevelSynth/options-accel/dump/hls.prj/solution1/.autopilot/db/a.o.pre"
@I [HLS-0] Link time: 0 seconds per iteration
@I [HLS-0] Linking all ...
@I [HLS-0] exec llvm-ld  "/home/student/vff6/ece5775/assignments/HighLevelSynth/options-accel/dump/hls.prj/solution1/.autopilot/db/mt19937ar.g.bc" "/home/student/vff6/ece5775/assignments/HighLevelSynth/options-accel/dump/hls.prj/solution1/.autopilot/db/gaussian.g.bc" "/home/student/vff6/ece5775/assignments/HighLevelSynth/options-accel/dump/hls.prj/solution1/.autopilot/db/black_scholes.g.bc"  -disable-opt  -L/opt/xilinx/Vivado_HLS/2014.2/lnx64/lib -lm_basic -o "/home/student/vff6/ece5775/assignments/HighLevelSynth/options-accel/dump/hls.prj/solution1/.autopilot/db/a.g.pre"
@I [HLS-0] Link time: 0 seconds per iteration
@I [HLS-100] Command "opt_and_import_c a -opt_level=2 -skip_syncheck=0 -ng=0 "
@I [HLS-100] Command "cleanup_all_models "
@I [HLS-100] Command 'cleanup_all_models' returned 0; elapsed 0Total elapsed time: 69.461 sec.
@I [HLS-10] Starting code transformations ...
@0 [HLS-0] Starting code transformations ...
@I [HLS-0] std xform: transform -hls -share-std-xform -always-inline -promote-dbg-pointer  -interface-preproc  -scalarrepl -mem2reg -keep-read-access -instcombine -dce  -promote-dbg-pointer  -bitop-raise  -indvars -loop-simplify -xunroll  -constprop -instcombine -simplifycfg -indvars  -simplifycfg -dce -globaldce  -basicaa  -simplifycfg -mem2reg -globalopt  -global-constprop -deadargelim -instcombine -simplifycfg  -prune-eh -simplifycfg  -scalarrepl -instcombine -reassociate -licm  -simplifycfg -loop-simplify -indvars -instcombine  -simplifycfg -mem2reg -loop-simplify -indvars -instcombine  -gvn -gvn -instcombine -adce  -break-crit-edges  -simplifycfg -loop-delete  -global-array-opt -dce -dse -adce  -find-syn-modules -top gaussrand2  -deadargelim  -mem2reg -instcombine -dce  -presyn-prepare -auto-rom-infer  -syn-check -check-rec-only  -find-region -simplifycfg -func-extr -function-inline  -mem2reg -instcombine -dce   -gvn -adce -adse  -constprop -instcombine -bit-constprop  -instcombine -dce -simplifycfg -bitop-raise  -simplifycfg -dce -loop-delete  -globalopt -global-privatize -mem2reg -dce  -global-constprop -pointer-simplify -constprop -dce  -func-inst  -promote-dbg-pointer  -norm-name   /home/student/vff6/ece5775/assignments/HighLevelSynth/options-accel/dump/hls.prj/solution1/.autopilot/db/a.g.0.bc -o /home/student/vff6/ece5775/assignments/HighLevelSynth/options-accel/dump/hls.prj/solution1/.autopilot/db/a.g.1.bc -f  -phase std-opt
@I [HLS-0] Std xform time: 0 seconds per iteration
@I [HLS-10] Checking synthesizability ...
@0 [HLS-0] Checking synthesizability ...
@I [HLS-0] syn check 1/2: transform -hls -syn-check -check-rec-only -disaggr -scalarrepl -norm-name -dce  -mem2reg -instcombine  -directive-preproc -mem2reg -dse -dce -auto-rom-infer -dce  -array-normalize -instcombine -dce  -array-seg-normalize -instcombine -dce  -array-flatten -instcombine -dce  -array-burst -dce  -deadargelim -promote-global-argument  -doublePtrSimplify -doublePtrElim -dce  -doublePtrSimplify -promote-dbg-pointer  -dce -scalarrepl -dse -adse -instcombine  -ptrLegalization  -simplifycfg -dce -instcombine  -pointer-simplify -ptrArgReplace -dce -instcombine   -disaggr -scalarrepl -norm-name -dce  -mem2reg -instcombine -ptrLegalization   -simplifycfg  -instcombine -dce -inst-simplify  -directive-preproc -mem2reg -dse -dce  -globaldce    /home/student/vff6/ece5775/assignments/HighLevelSynth/options-accel/dump/hls.prj/solution1/.autopilot/db/a.g.1.bc -o /home/student/vff6/ece5775/assignments/HighLevelSynth/options-accel/dump/hls.prj/solution1/.autopilot/db/a.g.2.prechk.bc -f
@I [HLS-0] Syn check 1/2 time: 0 seconds per iteration
@I [HLS-0] syn check 2/2: transform -syn-check   -interface-gen -constprop -dse -dce  /home/student/vff6/ece5775/assignments/HighLevelSynth/options-accel/dump/hls.prj/solution1/.autopilot/db/a.g.2.prechk.bc -o /home/student/vff6/ece5775/assignments/HighLevelSynth/options-accel/dump/hls.prj/solution1/.autopilot/db/a.g.2.bc -f  -phase syn-check
@I [HLS-0] Syn check 2/2 time: 0 seconds per iteration
@I [HLS-0] Compiler optimizing ...
@I [HLS-0] Share syncheck's 1.bc for syn flow: copy /home/student/vff6/ece5775/assignments/HighLevelSynth/options-accel/dump/hls.prj/solution1/.autopilot/db/a.g.1.bc to /home/student/vff6/ece5775/assignments/HighLevelSynth/options-accel/dump/hls.prj/solution1/.autopilot/db/a.o.1.bc
@I [HLS-0] presyn 1: transform -hls  -directive-preproc -mem2reg -dse -dce  -disaggr -scalarrepl -norm-name -deadargelim  -mem2reg -instcombine -dce -auto-rom-infer -dce  -directive-preproc -mem2reg -dse -dce  -func-buffer -dce -array-normalize  -func-legal -instcombine -gvn -constprop -dce   -ptrArgReplace -mem2reg -instcombine -dce  -array-seg-normalize -deadargelim  -instcombine -dce  -pointer-simplify -dce  -port-alignment -dce  -data-pack -instcombine -dce   -loop-simplify -indvars -instcombine  -gvn -loop-simplify -mem2reg -dce -simplifycfg  -find-region -instcombine  -array-burst -dce  -auto-loop-pipeline  -inst-simplify  -interface-preproc  -indvars -auto-loop-unroll -loop-simplify -loop-bound -xunroll  -constprop -instcombine -simplifycfg -indvars  -simplifycfg -dce -globaldce  -gvn -disable-agg-range -inst-simplify  -constprop -simplifycfg -dce  -pointer-simplify -dce  -array-transform-check  -globalopt -constprop -dce  -array-promote -constprop -instcombine -dce -auto-par -array-partition -instcombine -simplifycfg -dce  -ptrArgReplace -global-constprop -deadargelim -mem2reg  -func-legal -instcombine -dce -global-constprop -deadargelim -mem2reg  -instcombine -simplifycfg -dce  -array-reshape -instcombine -simplifycfg -dce   -mem-intrinsic-preproc -dce  -global-privatize  -mem2reg -globaldce  -promote-global-argument  -ptrArgReplace -mem2reg -instcombine -dce  -globalopt -mergereturn -simplify-global-access -mem2reg -dce  -pointer-simplify -dce  -functionattrs  -basicaa -aggr-aa -aggrmodref-aa -aggr-aa -gvn -gvn  -basicaa -aggr-aa -aggrmodref-aa -aggr-aa -dse -adse -adce  -inst-simplify -dce -norm-name  -function-inline  -func-inst -constprop -instcombine -simplifycfg -dce  -func-legal -dce   -directive-preproc -mem2reg -dse -dce  -loop-bound  -arraycheck -bitwidthmin -on-by-dataflow  -instcombine -simplifycfg -dce -loop-simplify -simplifycfg -loop-stream -instcombine -simplifycfg -dce -globaldce  -funstream-prep -function-stream -dce -globaldce  -array-streaming -instcombine -simplifycfg -dce      -group-axi-access  -simplifycfg -dce -loop-delete  -norm-name  /home/student/vff6/ece5775/assignments/HighLevelSynth/options-accel/dump/hls.prj/solution1/.autopilot/db/a.o.1.bc -o /home/student/vff6/ece5775/assignments/HighLevelSynth/options-accel/dump/hls.prj/solution1/.autopilot/db/a.o.1.tmp.bc -f
@I [XFORM-502] Unrolling all loops for pipelining in function 'gaussrand2' (gaussian.c:6).
@I [XFORM-501] Unrolling loop 'Loop-1' (gaussian.c:25) in function 'gaussrand2' completely.
@I [XFORM-602] Inlining function 'mod_N' into 'rand_uint32' (mt19937ar.c:152) automatically.
@I [XFORM-602] Inlining function 'mod_N_p1' into 'rand_uint32' (mt19937ar.c:153) automatically.
@I [XFORM-602] Inlining function 'mod_N_pm' into 'rand_uint32' (mt19937ar.c:154) automatically.
@I [HLS-0] Presyn 1 time: 0 seconds per iteration
@I [HLS-0] presyn 2: transform -hls -keep-callgraph -scalarrepl -mem2reg  -port-alignment -dce  -indvars -loop-bound  -inst-simplify -instcombine -dce  -merge-array-access -mem2reg -dce  -clean-region -mergereturn -if-conv  -instcombine -dce -constprop  -basicaa -aggr-aa -aggrmodref-aa -aggr-aa -gvn -gvn  -basicaa -aggr-aa -aggrmodref-aa -aggr-aa -dse -adse -adce  -scalarrepl -mem2reg  -global-constprop -deadargelim -deadargelim  -instcombine -dce -simplifycfg    -ptrArgReplace -mem2reg -function-inline  -mem2reg -instcombine -dce -expr-balance  -instcombine -dce  -bitwidthmin  -directive-preproc  -inst-rectify -instcombine -dce  -functionattrs  -constprop -instcombine -bit-constprop  -simplify-global-access  -globalopt -globaldce  -inst-simplify -instcombine -elimdeaddata -dce  -loop-delete -simplifycfg   -norm-name /home/student/vff6/ece5775/assignments/HighLevelSynth/options-accel/dump/hls.prj/solution1/.autopilot/db/a.o.1.tmp.bc -o /home/student/vff6/ece5775/assignments/HighLevelSynth/options-accel/dump/hls.prj/solution1/.autopilot/db/a.o.2.bc -f  -phase presyn
@I [HLS-0] Presyn 2 time: 0 seconds per iteration
@I [HLS-0] build ssdm: transform -hls -function-uniquify -auto-function-inline  -loop-simplify -indvars -licm -loop-dep  -loop-bound -licm -loop-simplify -flattenloopnest  -array-flatten -gvn -instcombine -dce  -promote-global-argument  -array-map -dce -func-legal  -gvn -adce -instcombine -cfgopt -simplifycfg -loop-simplify   -axi4-lower -array-seg-normalize  -basicaa -aggrmodref-aa -globalsmodref-aa -aggr-aa -gvn -gvn  -basicaa -aggrmodref-aa -globalsmodref-aa -aggr-aa -dse -adse -adce  -inst-simplify -dce  -globaldce -array-streaming -instcombine  -dce   -deadargelim -doublePtrSimplify -doublePtrElim  -dce -doublePtrSimplify -promote-dbg-pointer -dce  -scalarrepl -mem2reg -disaggr -norm-name -mem2reg  -instcombine  -dse -adse -adce -ptrLegalization -dce -auto-rom-infer -dce -instcombine  -loop-rot -constprop -cfgopt -simplifycfg -indvars -pointer-simplify -dce -loop-bound  -loop-simplify -loop-preproc  -constprop -gvn -mem2reg -instcombine -dce  -loop-merge -dce  -bitwidthmin  -directive-preproc -inst-simplify -dce  -interface-gen -gvn -mem2reg -instcombine -dce -adse  -loop-bound  -instcombine -cfgopt -simplifycfg -loop-simplify  -clean-region -io-protocol  -find-region -mem2reg  -loop-simplify -phi-opt -bitop-raise  -inst-simplify -inst-rectify -instcombine -adce -deadargelim  -cfgopt -simplifycfg -strip-dead-prototypes  -interface-lower -bitop-lower -intrinsic-lower  -basicaa -aggrmodref-aa -globalsmodref-aa -aggr-aa  -inst-simplify -simplifycfg   -mergereturn -inst-simplify -inst-rectify  -dce -bitop-lower  -loop-rewind -pointer-simplify -dce -cfgopt  -norm-name -legalize -read-loop-dep -dce -bitwidth   -cdfg-build  /home/student/vff6/ece5775/assignments/HighLevelSynth/options-accel/dump/hls.prj/solution1/.autopilot/db/a.o.2.bc -o /home/student/vff6/ece5775/assignments/HighLevelSynth/options-accel/dump/hls.prj/solution1/.autopilot/db/a.o.3.bc -f  -phase build-ssdm
@I [ANALYSIS-51] Setting 'None' inter dependency for variable 'mt_kk' in region (mt19937ar.c:98).
@I [ANALYSIS-51] Setting 'None' inter dependency for variable 'mt_kkp1' in region (mt19937ar.c:98).
@I [ANALYSIS-51] Setting 'None' inter dependency for variable 'mt_kkpm' in region (mt19937ar.c:98).
@I [HLS-0] Build ssdm time: 0 seconds per iteration
@I [HLS-0] Finish building internal data model.
@I [HLS-100] Command 'opt_and_import_c' returned 0; elapsed 0.56Total elapsed time: 70.350 sec.
@I [HLS-111] Elapsed time: 1.87 seconds; current memory usage: 57.4 MB.
@I [HLS-100] Command 'elaborate' returned 0; elapsed 1.1Total elapsed time: 70.350 sec.
@I [HLS-100] Command "autosyn "
@I [HLS-10] Starting hardware synthesis ...
@0 [HLS-0] Starting hardware synthesis ...
@I [HLS-0] Synthesizing C/C++ design ...
@I [HLS-10] Synthesizing 'gaussrand2' ...
@0 [HLS-0] Synthesizing 'gaussrand2' ...
@I [HLS-100] Command "ap_set_top_model gaussrand2 "
@I [HLS-100] Command 'ap_set_top_model' returned 0; elapsed 0Total elapsed time: 70.352 sec.
@I [HLS-100] Command "get_model_list gaussrand2 -filter all-wo-channel -topdown "
@I [HLS-100] Command 'get_model_list' returned 0; elapsed 0Total elapsed time: 70.352 sec.
@I [HLS-100] Command "preproc_iomode -model gaussrand2 "
@I [HLS-100] Command 'preproc_iomode' returned 0; elapsed 0Total elapsed time: 70.353 sec.
@I [HLS-100] Command "preproc_iomode -model gaussrand2_rand_uint32 "
@I [HLS-100] Command 'preproc_iomode' returned 0; elapsed 0Total elapsed time: 70.353 sec.
@I [HLS-100] Command "get_model_list gaussrand2 -filter all-wo-channel "
@I [HLS-100] Command 'get_model_list' returned 0; elapsed 0Total elapsed time: 70.354 sec.
@I [HLS-0] Model list for configure: gaussrand2_rand_uint32 gaussrand2
@I [HLS-0] Configuring Module : gaussrand2_rand_uint32 ...
@I [HLS-100] Command "set_default_model gaussrand2_rand_uint32 "
@I [HLS-100] Command 'set_default_model' returned 0; elapsed 0Total elapsed time: 70.354 sec.
@I [HLS-100] Command "apply_spec_resource_limit gaussrand2_rand_uint32 "
@I [HLS-100] Command 'apply_spec_resource_limit' returned 0; elapsed 0Total elapsed time: 70.354 sec.
@I [HLS-0] Configuring Module : gaussrand2 ...
@I [HLS-100] Command "set_default_model gaussrand2 "
@I [HLS-100] Command 'set_default_model' returned 0; elapsed 0Total elapsed time: 70.354 sec.
@I [HLS-100] Command "apply_spec_resource_limit gaussrand2 "
@I [HLS-100] Command 'apply_spec_resource_limit' returned 0; elapsed 0Total elapsed time: 70.354 sec.
@I [HLS-0] Model list for preprocess: gaussrand2_rand_uint32 gaussrand2
@I [HLS-0] Preprocessing Module: gaussrand2_rand_uint32 ...
@I [HLS-100] Command "set_default_model gaussrand2_rand_uint32 "
@I [HLS-100] Command 'set_default_model' returned 0; elapsed 0Total elapsed time: 70.354 sec.
@I [HLS-100] Command "cdfg_preprocess -model gaussrand2_rand_uint32 "
@I [HLS-100] Command 'cdfg_preprocess' returned 0; elapsed 0Total elapsed time: 70.356 sec.
@I [HLS-100] Command "rtl_gen_preprocess gaussrand2_rand_uint32 "
@I [HLS-100] Command 'rtl_gen_preprocess' returned 0; elapsed 0Total elapsed time: 70.357 sec.
@I [HLS-0] Preprocessing Module: gaussrand2 ...
@I [HLS-100] Command "set_default_model gaussrand2 "
@I [HLS-100] Command 'set_default_model' returned 0; elapsed 0Total elapsed time: 70.357 sec.
@I [HLS-100] Command "cdfg_preprocess -model gaussrand2 "
@I [HLS-100] Command 'cdfg_preprocess' returned 0; elapsed 0Total elapsed time: 70.359 sec.
@I [HLS-100] Command "rtl_gen_preprocess gaussrand2 "
@I [HLS-100] Command 'rtl_gen_preprocess' returned 0; elapsed 0Total elapsed time: 70.360 sec.
@I [HLS-0] Model list for synthesis: gaussrand2_rand_uint32 gaussrand2
@I [HLS-10] ----------------------------------------------------------------
@0 [HLS-0] ----------------------------------------------------------------
@I [HLS-10] -- Scheduling module 'gaussrand2_rand_uint32' 
@0 [HLS-0] -- Scheduling module 'gaussrand2_rand_uint32' 
@I [HLS-10] ----------------------------------------------------------------
@0 [HLS-0] ----------------------------------------------------------------
@I [HLS-100] Command "set_default_model gaussrand2_rand_uint32 "
@I [HLS-100] Command 'set_default_model' returned 0; elapsed 0Total elapsed time: 70.360 sec.
@I [HLS-100] Command "schedule -model gaussrand2_rand_uint32 "
@I [SCHED-11] Starting scheduling ...
@I [SCHED-61] Pipelining function 'gaussrand2_rand_uint32'.
@I [SCHED-61] Pipelining result: Target II: 1, Final II: 1, Depth: 3.
@I [SCHED-11] Finished scheduling.
@I [HLS-100] Command 'schedule' returned 0; elapsed 0.1Total elapsed time: 70.459 sec.
@I [HLS-111] Elapsed time: 0.11 seconds; current memory usage: 57.7 MB.
@I [HLS-100] Command "report -o /home/student/vff6/ece5775/assignments/HighLevelSynth/options-accel/dump/hls.prj/solution1/.autopilot/db/gaussrand2_rand_uint32.verbose.sched.rpt -verbose -f "
@I [HLS-100] Command 'report' returned 0; elapsed 0.01Total elapsed time: 70.468 sec.
@I [HLS-100] Command "db_write -o /home/student/vff6/ece5775/assignments/HighLevelSynth/options-accel/dump/hls.prj/solution1/.autopilot/db/gaussrand2_rand_uint32.sched.adb -f "
@I [HLS-100] Command 'db_write' returned 0; elapsed 0.01Total elapsed time: 70.483 sec.
@I [HLS-0] Finish scheduling gaussrand2_rand_uint32.
@I [HLS-10] ----------------------------------------------------------------
@0 [HLS-0] ----------------------------------------------------------------
@I [HLS-10] -- Exploring micro-architecture for module 'gaussrand2_rand_uint32' 
@0 [HLS-0] -- Exploring micro-architecture for module 'gaussrand2_rand_uint32' 
@I [HLS-10] ----------------------------------------------------------------
@0 [HLS-0] ----------------------------------------------------------------
@I [HLS-100] Command "set_default_model gaussrand2_rand_uint32 "
@I [HLS-100] Command 'set_default_model' returned 0; elapsed 0Total elapsed time: 70.497 sec.
@I [HLS-100] Command "bind -model gaussrand2_rand_uint32 "
@I [BIND-110] clear=
@I [BIND-110] debug=
@I [BIND-110] drf=
@I [BIND-110] effort=
@I [BIND-110] fast_refine=
@I [BIND-110] fu_weight=[ 0.0 -- 1.0 ]
@I [BIND-110] global_opt=
@I [BIND-110] gsearch=
@I [BIND-110] help=
@I [BIND-110] help-hidden=
@I [BIND-110] min_mem_port=
@I [BIND-110] min_op=
@I [BIND-110] minreg=
@I [BIND-110] ml=
@I [BIND-110] model=gaussrand2_rand_uint32
@I [BIND-110] no_false_path=
@I [BIND-110] no_min_op=
@I [BIND-110] normalize=
@I [BIND-110] quiet=
@I [BIND-110] refine=
@I [BIND-110] reg_weight=[ 0.0 -- 1.0 ]
@I [BIND-110] search=
@I [BIND-110] tight_delay=
@I [BIND-110] verbose=
@I [BIND-110] wFF=
@I [BIND-110] wFU=
@I [BIND-110] wMUX=
@I [BIND-110] wNET=
@I [BIND-100] Starting micro-architecture generation ...
@I [BIND-101] Performing variable lifetime analysis.
@I [BIND-101] Exploring resource sharing.
@I [BIND-101] Binding ...
@I [BIND-100] Finished micro-architecture generation.
@I [HLS-100] Command 'bind' returned 0; elapsed 0.01Total elapsed time: 70.507 sec.
@I [HLS-111] Elapsed time: 0.03 seconds; current memory usage: 58 MB.
@I [HLS-100] Command "report -o /home/student/vff6/ece5775/assignments/HighLevelSynth/options-accel/dump/hls.prj/solution1/.autopilot/db/gaussrand2_rand_uint32.verbose.bind.rpt -verbose -f "
@I [HLS-100] Command 'report' returned 0; elapsed 0.01Total elapsed time: 70.525 sec.
@I [HLS-100] Command "db_write -o /home/student/vff6/ece5775/assignments/HighLevelSynth/options-accel/dump/hls.prj/solution1/.autopilot/db/gaussrand2_rand_uint32.bind.adb -f "
@I [HLS-100] Command 'db_write' returned 0; elapsed 0.01Total elapsed time: 70.534 sec.
@I [HLS-0] Finish binding gaussrand2_rand_uint32.
@I [HLS-10] ----------------------------------------------------------------
@0 [HLS-0] ----------------------------------------------------------------
@I [HLS-10] -- Scheduling module 'gaussrand2' 
@0 [HLS-0] -- Scheduling module 'gaussrand2' 
@I [HLS-10] ----------------------------------------------------------------
@0 [HLS-0] ----------------------------------------------------------------
@I [HLS-100] Command "set_default_model gaussrand2 "
@I [HLS-100] Command 'set_default_model' returned 0; elapsed 0Total elapsed time: 70.535 sec.
@I [HLS-100] Command "schedule -model gaussrand2 "
@I [SCHED-11] Starting scheduling ...
@I [SCHED-61] Pipelining function 'gaussrand2'.
@W [SCHED-68] Unable to enforce a carried dependency constraint (II = 1, distance = 1)
   between 'call' operation (gaussian.c:28) to 'gaussrand2_rand_uint32' and 'call' operation (gaussian.c:27) to 'gaussrand2_rand_uint32'.
@W [SCHED-68] Unable to enforce a carried dependency constraint (II = 2, distance = 1)
   between 'call' operation (gaussian.c:28) to 'gaussrand2_rand_uint32' and 'call' operation (gaussian.c:27) to 'gaussrand2_rand_uint32'.
@W [SCHED-68] Unable to enforce a carried dependency constraint (II = 3, distance = 1)
   between 'call' operation (gaussian.c:28) to 'gaussrand2_rand_uint32' and 'call' operation (gaussian.c:27) to 'gaussrand2_rand_uint32'.
@W [SCHED-68] Unable to enforce a carried dependency constraint (II = 4, distance = 1)
   between 'call' operation (gaussian.c:28) to 'gaussrand2_rand_uint32' and 'call' operation (gaussian.c:27) to 'gaussrand2_rand_uint32'.
@W [SCHED-68] Unable to enforce a carried dependency constraint (II = 10, distance = 1)
   between 'call' operation (gaussian.c:34) to 'gaussrand2_rand_uint32' and 'call' operation (gaussian.c:27) to 'gaussrand2_rand_uint32'.
@W [SCHED-68] Unable to enforce a carried dependency constraint (II = 11, distance = 1)
   between 'call' operation (gaussian.c:34) to 'gaussrand2_rand_uint32' and 'call' operation (gaussian.c:27) to 'gaussrand2_rand_uint32'.
@I [SCHED-61] Pipelining result: Target II: 1, Final II: 12, Depth: 81.
@I [SCHED-11] Finished scheduling.
@I [HLS-100] Command 'schedule' returned 0; elapsed 0.07Total elapsed time: 70.609 sec.
@I [HLS-111] Elapsed time: 0.09 seconds; current memory usage: 58.5 MB.
@I [HLS-100] Command "report -o /home/student/vff6/ece5775/assignments/HighLevelSynth/options-accel/dump/hls.prj/solution1/.autopilot/db/gaussrand2.verbose.sched.rpt -verbose -f "
@I [HLS-100] Command 'report' returned 0; elapsed 0Total elapsed time: 70.616 sec.
@I [HLS-100] Command "db_write -o /home/student/vff6/ece5775/assignments/HighLevelSynth/options-accel/dump/hls.prj/solution1/.autopilot/db/gaussrand2.sched.adb -f "
@I [HLS-100] Command 'db_write' returned 0; elapsed 0.01Total elapsed time: 70.626 sec.
@I [HLS-0] Finish scheduling gaussrand2.
@I [HLS-10] ----------------------------------------------------------------
@0 [HLS-0] ----------------------------------------------------------------
@I [HLS-10] -- Exploring micro-architecture for module 'gaussrand2' 
@0 [HLS-0] -- Exploring micro-architecture for module 'gaussrand2' 
@I [HLS-10] ----------------------------------------------------------------
@0 [HLS-0] ----------------------------------------------------------------
@I [HLS-100] Command "set_default_model gaussrand2 "
@I [HLS-100] Command 'set_default_model' returned 0; elapsed 0Total elapsed time: 70.627 sec.
@I [HLS-100] Command "bind -model gaussrand2 "
@I [BIND-110] clear=
@I [BIND-110] debug=
@I [BIND-110] drf=
@I [BIND-110] effort=
@I [BIND-110] fast_refine=
@I [BIND-110] fu_weight=[ 0.0 -- 1.0 ]
@I [BIND-110] global_opt=
@I [BIND-110] gsearch=
@I [BIND-110] help=
@I [BIND-110] help-hidden=
@I [BIND-110] min_mem_port=
@I [BIND-110] min_op=
@I [BIND-110] minreg=
@I [BIND-110] ml=
@I [BIND-110] model=gaussrand2
@I [BIND-110] no_false_path=
@I [BIND-110] no_min_op=
@I [BIND-110] normalize=
@I [BIND-110] quiet=
@I [BIND-110] refine=
@I [BIND-110] reg_weight=[ 0.0 -- 1.0 ]
@I [BIND-110] search=
@I [BIND-110] tight_delay=
@I [BIND-110] verbose=
@I [BIND-110] wFF=
@I [BIND-110] wFU=
@I [BIND-110] wMUX=
@I [BIND-110] wNET=
@I [BIND-100] Starting micro-architecture generation ...
@I [BIND-101] Performing variable lifetime analysis.
@I [BIND-101] Exploring resource sharing.
@I [BIND-101] Binding ...
@I [BIND-100] Finished micro-architecture generation.
@I [HLS-100] Command 'bind' returned 0; elapsed 0.02Total elapsed time: 70.646 sec.
@I [HLS-111] Elapsed time: 0.03 seconds; current memory usage: 59 MB.
@I [HLS-100] Command "report -o /home/student/vff6/ece5775/assignments/HighLevelSynth/options-accel/dump/hls.prj/solution1/.autopilot/db/gaussrand2.verbose.bind.rpt -verbose -f "
@I [HLS-100] Command 'report' returned 0; elapsed 0.04Total elapsed time: 70.675 sec.
@I [HLS-100] Command "db_write -o /home/student/vff6/ece5775/assignments/HighLevelSynth/options-accel/dump/hls.prj/solution1/.autopilot/db/gaussrand2.bind.adb -f "
@I [HLS-100] Command 'db_write' returned 0; elapsed 0Total elapsed time: 70.689 sec.
@I [HLS-0] Finish binding gaussrand2.
@I [HLS-100] Command "get_model_list gaussrand2 -filter all-wo-channel "
@I [HLS-100] Command 'get_model_list' returned 0; elapsed 0Total elapsed time: 70.690 sec.
@I [HLS-0] Preprocessing for RTLGen ...
@I [HLS-100] Command "rtl_gen_preprocess gaussrand2_rand_uint32 "
@I [HLS-100] Command 'rtl_gen_preprocess' returned 0; elapsed 0.01Total elapsed time: 70.690 sec.
@I [HLS-100] Command "rtl_gen_preprocess gaussrand2 "
@I [HLS-100] Command 'rtl_gen_preprocess' returned 0; elapsed 0Total elapsed time: 70.691 sec.
@I [HLS-0] Model list for RTL generation: gaussrand2_rand_uint32 gaussrand2
@I [HLS-10] ----------------------------------------------------------------
@0 [HLS-0] ----------------------------------------------------------------
@I [HLS-10] -- Generating RTL for module 'gaussrand2_rand_uint32' 
@0 [HLS-0] -- Generating RTL for module 'gaussrand2_rand_uint32' 
@I [HLS-10] ----------------------------------------------------------------
@0 [HLS-0] ----------------------------------------------------------------
@I [HLS-100] Command "create_rtl_model gaussrand2_rand_uint32 -vendor xilinx -mg_file /home/student/vff6/ece5775/assignments/HighLevelSynth/options-accel/dump/hls.prj/solution1/.autopilot/db/gaussrand2_rand_uint32.compgen.tcl "
@I [RTGEN-100] Finished creating RTL model for 'gaussrand2_rand_uint32'.
@I [HLS-100] Command 'create_rtl_model' returned 0; elapsed 0.02Total elapsed time: 70.723 sec.
@I [HLS-111] Elapsed time: 0.07 seconds; current memory usage: 59.4 MB.
@I [HLS-100] Command "source /home/student/vff6/ece5775/assignments/HighLevelSynth/options-accel/dump/hls.prj/solution1/.autopilot/db/gaussrand2.rtl_wrap.cfg.tcl "
@I [HLS-100] Command 'ap_source' returned 0; elapsed 0.01Total elapsed time: 70.729 sec.
@I [HLS-100] Command "gen_rtl gaussrand2_rand_uint32 -style xilinx -tracefl mytrace -tracefmt vcd -traceopt all -f -lang sc -o /home/student/vff6/ece5775/assignments/HighLevelSynth/options-accel/dump/hls.prj/solution1/syn/systemc/gaussrand2_rand_uint32 -synmodules gaussrand2_rand_uint32 gaussrand2 "
@I [HLS-100] Command 'gen_rtl' returned 0; elapsed 0Total elapsed time: 70.737 sec.
@I [HLS-100] Command "gen_rtl gaussrand2_rand_uint32 -style xilinx -f -lang vhdl -o /home/student/vff6/ece5775/assignments/HighLevelSynth/options-accel/dump/hls.prj/solution1/syn/vhdl/gaussrand2_rand_uint32 "
@I [HLS-100] Command 'gen_rtl' returned 0; elapsed 0Total elapsed time: 70.741 sec.
@I [HLS-100] Command "gen_rtl gaussrand2_rand_uint32 -style xilinx -f -lang vlog -o /home/student/vff6/ece5775/assignments/HighLevelSynth/options-accel/dump/hls.prj/solution1/syn/verilog/gaussrand2_rand_uint32 "
@I [HLS-100] Command 'gen_rtl' returned 0; elapsed 0.01Total elapsed time: 70.745 sec.
@I [HLS-100] Command "gen_tb_info gaussrand2_rand_uint32 -o /home/student/vff6/ece5775/assignments/HighLevelSynth/options-accel/dump/hls.prj/solution1/.autopilot/db/gaussrand2_rand_uint32 -p /home/student/vff6/ece5775/assignments/HighLevelSynth/options-accel/dump/hls.prj/solution1/.autopilot/db "
@I [HLS-100] Command 'gen_tb_info' returned 0; elapsed 0.01Total elapsed time: 70.749 sec.
@I [HLS-100] Command "report -model gaussrand2_rand_uint32 -o /home/student/vff6/ece5775/assignments/HighLevelSynth/options-accel/dump/hls.prj/solution1/syn/report/gaussrand2_rand_uint32_csynth.rpt -f "
@I [HLS-100] Command 'report' returned 0; elapsed 0Total elapsed time: 70.759 sec.
@I [HLS-100] Command "report -model gaussrand2_rand_uint32 -o /home/student/vff6/ece5775/assignments/HighLevelSynth/options-accel/dump/hls.prj/solution1/syn/report/gaussrand2_rand_uint32_csynth.xml -f -x "
@I [HLS-100] Command 'report' returned 0; elapsed 0.01Total elapsed time: 70.765 sec.
@I [HLS-100] Command "report -model gaussrand2_rand_uint32 -o /home/student/vff6/ece5775/assignments/HighLevelSynth/options-accel/dump/hls.prj/solution1/.autopilot/db/gaussrand2_rand_uint32.verbose.rpt -verbose -f "
@I [HLS-100] Command 'report' returned 0; elapsed 0.02Total elapsed time: 70.789 sec.
@I [HLS-100] Command "db_write -model gaussrand2_rand_uint32 -o /home/student/vff6/ece5775/assignments/HighLevelSynth/options-accel/dump/hls.prj/solution1/.autopilot/db/gaussrand2_rand_uint32.adb -f "
@I [HLS-100] Command 'db_write' returned 0; elapsed 0.01Total elapsed time: 70.804 sec.
@I [HLS-10] ----------------------------------------------------------------
@0 [HLS-0] ----------------------------------------------------------------
@I [HLS-10] -- Generating RTL for module 'gaussrand2' 
@0 [HLS-0] -- Generating RTL for module 'gaussrand2' 
@I [HLS-10] ----------------------------------------------------------------
@0 [HLS-0] ----------------------------------------------------------------
@I [HLS-100] Command "create_rtl_model gaussrand2 -vendor xilinx -mg_file /home/student/vff6/ece5775/assignments/HighLevelSynth/options-accel/dump/hls.prj/solution1/.autopilot/db/gaussrand2.compgen.tcl "
@I [RTGEN-500] Setting interface mode on port 'gaussrand2/gaussrand_state_V1' to 'ap_vld'.
@I [RTGEN-500] Setting interface mode on port 'gaussrand2/gaussrand_state_V2' to 'ap_ovld' (last_write_notify).
@I [RTGEN-500] Setting interface mode on port 'gaussrand2/gaussrand_state_S' to 'ap_ovld' (last_write_notify).
@I [RTGEN-500] Setting interface mode on port 'gaussrand2/gaussrand_state_phase' to 'ap_ovld' (last_write_notify).
@I [RTGEN-500] Setting interface mode on function 'gaussrand2' to 'ap_ctrl_hs'.
@W [RTGEN-101] Global scalar 'kk' will not be exposed as RTL port.
@W [RTGEN-101] Global scalar 'kk_p1' will not be exposed as RTL port.
@W [RTGEN-101] Global scalar 'kk_pm' will not be exposed as RTL port.
@I [RTGEN-100] Generating core module 'gaussrand2_ddiv_64ns_64ns_64_31': 1 instance(s).
@I [RTGEN-100] Generating core module 'gaussrand2_dmul_64ns_64ns_64_6_max_dsp': 1 instance(s).
@I [RTGEN-100] Generating core module 'gaussrand2_flog_32ns_32ns_32_13_full_dsp': 1 instance(s).
@I [RTGEN-100] Generating core module 'gaussrand2_fpext_32ns_64_3': 1 instance(s).
@I [RTGEN-100] Generating core module 'gaussrand2_fptrunc_64ns_32_3': 1 instance(s).
@I [RTGEN-100] Generating core module 'gaussrand2_fsqrt_32ns_32ns_32_12': 1 instance(s).
@I [RTGEN-100] Finished creating RTL model for 'gaussrand2'.
@I [HLS-100] Command 'create_rtl_model' returned 0; elapsed 0.1Total elapsed time: 70.933 sec.
@I [HLS-111] Elapsed time: 0.2 seconds; current memory usage: 60.7 MB.
@I [HLS-100] Command "source /home/student/vff6/ece5775/assignments/HighLevelSynth/options-accel/dump/hls.prj/solution1/.autopilot/db/gaussrand2.rtl_wrap.cfg.tcl "
@I [HLS-100] Command 'ap_source' returned 0; elapsed 0Total elapsed time: 70.939 sec.
@I [HLS-100] Command "gen_rtl gaussrand2 -istop -style xilinx -tracefl mytrace -tracefmt vcd -traceopt all -f -lang sc -o /home/student/vff6/ece5775/assignments/HighLevelSynth/options-accel/dump/hls.prj/solution1/syn/systemc/gaussrand2 -synmodules gaussrand2_rand_uint32 gaussrand2 "
@I [HLS-100] Command 'gen_rtl' returned 0; elapsed 0.01Total elapsed time: 70.945 sec.
@I [HLS-100] Command "gen_rtl gaussrand2 -istop -style xilinx -f -lang vhdl -o /home/student/vff6/ece5775/assignments/HighLevelSynth/options-accel/dump/hls.prj/solution1/syn/vhdl/gaussrand2 "
@I [HLS-100] Command 'gen_rtl' returned 0; elapsed 0Total elapsed time: 70.955 sec.
@I [HLS-100] Command "gen_rtl gaussrand2 -istop -style xilinx -f -lang vlog -o /home/student/vff6/ece5775/assignments/HighLevelSynth/options-accel/dump/hls.prj/solution1/syn/verilog/gaussrand2 "
@I [HLS-100] Command 'gen_rtl' returned 0; elapsed 0.01Total elapsed time: 70.965 sec.
@I [HLS-100] Command "export_constraint_db -o /home/student/vff6/ece5775/assignments/HighLevelSynth/options-accel/dump/hls.prj/solution1/.autopilot/db/gaussrand2.constraint.tcl -f -tool general "
@I [HLS-100] Command 'export_constraint_db' returned 0; elapsed 0Total elapsed time: 70.966 sec.
@I [HLS-100] Command "report -model gaussrand2 -o /home/student/vff6/ece5775/assignments/HighLevelSynth/options-accel/dump/hls.prj/solution1/.autopilot/db/gaussrand2.design.xml -verbose -f -dv "
@I [HLS-100] Command 'report' returned 0; elapsed 0.02Total elapsed time: 70.987 sec.
@I [HLS-100] Command "gen_tb_info gaussrand2 -o /home/student/vff6/ece5775/assignments/HighLevelSynth/options-accel/dump/hls.prj/solution1/.autopilot/db/gaussrand2 -p /home/student/vff6/ece5775/assignments/HighLevelSynth/options-accel/dump/hls.prj/solution1/.autopilot/db "
@I [HLS-100] Command 'gen_tb_info' returned 0; elapsed 0Total elapsed time: 70.995 sec.
@I [HLS-100] Command "report -model gaussrand2 -o /home/student/vff6/ece5775/assignments/HighLevelSynth/options-accel/dump/hls.prj/solution1/syn/report/gaussrand2_csynth.rpt -f "
@I [HLS-100] Command 'report' returned 0; elapsed 0.01Total elapsed time: 71.6 sec.
@I [HLS-100] Command "report -model gaussrand2 -o /home/student/vff6/ece5775/assignments/HighLevelSynth/options-accel/dump/hls.prj/solution1/syn/report/gaussrand2_csynth.xml -f -x "
@I [HLS-100] Command 'report' returned 0; elapsed 0.01Total elapsed time: 71.13 sec.
@I [HLS-100] Command "report -model gaussrand2 -o /home/student/vff6/ece5775/assignments/HighLevelSynth/options-accel/dump/hls.prj/solution1/.autopilot/db/gaussrand2.verbose.rpt -verbose -f "
@I [HLS-100] Command 'report' returned 0; elapsed 0.04Total elapsed time: 71.49 sec.
@I [HLS-100] Command "db_write -model gaussrand2 -o /home/student/vff6/ece5775/assignments/HighLevelSynth/options-accel/dump/hls.prj/solution1/.autopilot/db/gaussrand2.adb -f "
@I [HLS-100] Command 'db_write' returned 0; elapsed 0.01Total elapsed time: 71.70 sec.
@I [HLS-100] Command "sc_get_clocks gaussrand2 "
@I [HLS-100] Command 'sc_get_clocks' returned 0; elapsed 0Total elapsed time: 71.97 sec.
@I [HLS-100] Command "sc_get_portdomain gaussrand2 "
@I [HLS-100] Command 'sc_get_portdomain' returned 0; elapsed 0Total elapsed time: 71.97 sec.
@I [HLS-0] Model list for RTL component generation: gaussrand2_rand_uint32 gaussrand2
@I [HLS-0] Handling components in module [gaussrand2_rand_uint32] ... 
@I [HLS-100] Command "source /home/student/vff6/ece5775/assignments/HighLevelSynth/options-accel/dump/hls.prj/solution1/.autopilot/db/gaussrand2_rand_uint32.compgen.tcl "
@I [HLS-0] Found component gaussrand2_rand_uint32_mt_kk.
@I [HLS-0] Append model gaussrand2_rand_uint32_mt_kk
@I [HLS-100] Command 'ap_source' returned 0; elapsed 0Total elapsed time: 71.102 sec.
@I [HLS-0] Handling components in module [gaussrand2] ... 
@I [HLS-100] Command "source /home/student/vff6/ece5775/assignments/HighLevelSynth/options-accel/dump/hls.prj/solution1/.autopilot/db/gaussrand2.compgen.tcl "
@I [HLS-0] Found component gaussrand2_fptrunc_64ns_32_3.
@I [HLS-0] Append model gaussrand2_fptrunc_64ns_32_3
@I [HLS-0] Found component gaussrand2_fpext_32ns_64_3.
@I [HLS-0] Append model gaussrand2_fpext_32ns_64_3
@I [HLS-0] Found component gaussrand2_fsqrt_32ns_32ns_32_12.
@I [HLS-0] Append model gaussrand2_fsqrt_32ns_32ns_32_12
@I [HLS-0] Found component gaussrand2_flog_32ns_32ns_32_13_full_dsp.
@I [HLS-0] Append model gaussrand2_flog_32ns_32ns_32_13_full_dsp
@I [HLS-0] Found component gaussrand2_dmul_64ns_64ns_64_6_max_dsp.
@I [HLS-0] Append model gaussrand2_dmul_64ns_64ns_64_6_max_dsp
@I [HLS-0] Found component gaussrand2_ddiv_64ns_64ns_64_31.
@I [HLS-0] Append model gaussrand2_ddiv_64ns_64ns_64_31
@I [HLS-100] Command 'ap_source' returned 0; elapsed 0Total elapsed time: 71.104 sec.
@I [HLS-0] Append model gaussrand2_rand_uint32
@I [HLS-0] Append model gaussrand2
@I [HLS-0] Generating RTL model list ...
@I [HLS-0] All models in this session: gaussrand2_rand_uint32_mt_kk gaussrand2_fptrunc_64ns_32_3 gaussrand2_fpext_32ns_64_3 gaussrand2_fsqrt_32ns_32ns_32_12 gaussrand2_flog_32ns_32ns_32_13_full_dsp gaussrand2_dmul_64ns_64ns_64_6_max_dsp gaussrand2_ddiv_64ns_64ns_64_31 gaussrand2_rand_uint32 gaussrand2
@I [HLS-0] To file: write model gaussrand2_rand_uint32_mt_kk
@I [HLS-0] To file: write model gaussrand2_fptrunc_64ns_32_3
@I [HLS-0] To file: write model gaussrand2_fpext_32ns_64_3
@I [HLS-0] To file: write model gaussrand2_fsqrt_32ns_32ns_32_12
@I [HLS-0] To file: write model gaussrand2_flog_32ns_32ns_32_13_full_dsp
@I [HLS-0] To file: write model gaussrand2_dmul_64ns_64ns_64_6_max_dsp
@I [HLS-0] To file: write model gaussrand2_ddiv_64ns_64ns_64_31
@I [HLS-0] To file: write model gaussrand2_rand_uint32
@I [HLS-0] To file: write model gaussrand2
@I [HLS-0] Finished generating RTL model list.


@I [HLS-0] RTL Generation done.
@I [HLS-0] CAS Generation done.
@I [HLS-0] CBC Generation done.
@I [HLS-100] Command "export_ssdm /home/student/vff6/ece5775/assignments/HighLevelSynth/options-accel/dump/hls.prj/solution1/.autopilot/db/a.export.ll "
@I [HLS-100] Command 'export_ssdm' returned 0; elapsed 0Total elapsed time: 71.108 sec.
@I [HLS-100] Command "source /home/student/vff6/ece5775/assignments/HighLevelSynth/options-accel/dump/hls.prj/solution1/.autopilot/db/global.setting.tcl "
@I [HLS-100] Command 'ap_source' returned 0; elapsed 0Total elapsed time: 71.115 sec.
@I [HLS-100] Command "source /opt/xilinx/Vivado_HLS/2014.2/common/technology/generic/autopilot/common.gen "
@I [HLS-100] Command "source /opt/xilinx/Vivado_HLS/2014.2/common/technology/generic/autopilot/APCoreGen.gen "
@I [HLS-100] Command 'ap_source' returned 0; elapsed 0Total elapsed time: 71.119 sec.
@I [HLS-100] Command 'ap_source' returned 0; elapsed 0Total elapsed time: 71.119 sec.
@I [HLS-100] Command "source /opt/xilinx/Vivado_HLS/2014.2/common/technology/generic/autopilot/op.gen "
@I [HLS-100] Command 'ap_source' returned 0; elapsed 0Total elapsed time: 71.121 sec.
@I [HLS-100] Command "source /opt/xilinx/Vivado_HLS/2014.2/common/technology/generic/autopilot/op_simcore.gen "
@I [HLS-100] Command 'ap_source' returned 0; elapsed 0Total elapsed time: 71.123 sec.
@I [HLS-100] Command "source /opt/xilinx/Vivado_HLS/2014.2/common/technology/generic/autopilot/interface.gen "
@I [HLS-100] Command 'ap_source' returned 0; elapsed 0Total elapsed time: 71.124 sec.
@I [HLS-100] Command "source /home/student/vff6/ece5775/assignments/HighLevelSynth/options-accel/dump/hls.prj/solution1/.autopilot/db/global.setting.tcl "
@I [HLS-100] Command 'ap_source' returned 0; elapsed 0Total elapsed time: 71.125 sec.
@I [HLS-100] Command "source /opt/xilinx/Vivado_HLS/2014.2/common/technology/xilinx/zynq/zynq.gen "
@I [HLS-100] Command "source /opt/xilinx/Vivado_HLS/2014.2/common/technology/xilinx/common/virtex.gen "
@I [HLS-100] Command "source /opt/xilinx/Vivado_HLS/2014.2/common/technology/xilinx/common/xilinx.gen "
@I [HLS-100] Command "source /opt/xilinx/Vivado_HLS/2014.2/common/technology/xilinx/interface/plb46.gen "
@I [HLS-100] Command 'ap_source' returned 0; elapsed 0Total elapsed time: 71.130 sec.
@I [HLS-100] Command "source /opt/xilinx/Vivado_HLS/2014.2/common/technology/xilinx/interface/fsl.gen "
@I [HLS-100] Command 'ap_source' returned 0; elapsed 0Total elapsed time: 71.131 sec.
@I [HLS-100] Command "source /opt/xilinx/Vivado_HLS/2014.2/common/technology/xilinx/interface/axi4.gen "
@I [HLS-100] Command 'ap_source' returned 0; elapsed 0.01Total elapsed time: 71.136 sec.
@I [HLS-100] Command "source /opt/xilinx/Vivado_HLS/2014.2/common/technology/xilinx/interface/nativeAXI4.gen "
@I [HLS-100] Command "source /opt/xilinx/Vivado_HLS/2014.2/common/technology/xilinx/interface/saxilite.gen "
@I [HLS-100] Command 'ap_source' returned 0; elapsed 0Total elapsed time: 71.140 sec.
@I [HLS-100] Command "source /opt/xilinx/Vivado_HLS/2014.2/common/technology/xilinx/interface/maxi.gen "
@I [HLS-100] Command 'ap_source' returned 0; elapsed 0.01Total elapsed time: 71.147 sec.
@I [HLS-100] Command 'ap_source' returned 0; elapsed 0.01Total elapsed time: 71.147 sec.
@I [HLS-100] Command "source /opt/xilinx/Vivado_HLS/2014.2/common/technology/xilinx/scripts/xilinxcoregen.gen "
@I [HLS-100] Command 'ap_source' returned 0; elapsed 0.01Total elapsed time: 71.161 sec.
@I [HLS-100] Command "source /opt/xilinx/Vivado_HLS/2014.2/common/technology/xilinx/interface/XilEDKCoreGen.gen "
@I [HLS-100] Command 'ap_source' returned 0; elapsed 0.02Total elapsed time: 71.176 sec.
@I [HLS-100] Command "source /opt/xilinx/Vivado_HLS/2014.2/common/technology/xilinx/ip/util.gen "
@I [HLS-100] Command 'ap_source' returned 0; elapsed 0Total elapsed time: 71.177 sec.
@I [HLS-100] Command "source /opt/xilinx/Vivado_HLS/2014.2/common/technology/xilinx/ip/xfft.gen "
@I [HLS-100] Command 'ap_source' returned 0; elapsed 0.18Total elapsed time: 71.357 sec.
@I [HLS-100] Command "source /opt/xilinx/Vivado_HLS/2014.2/common/technology/xilinx/ip/xfir.gen "
@I [HLS-100] Command 'ap_source' returned 0; elapsed 0.04Total elapsed time: 71.400 sec.
@I [HLS-100] Command 'ap_source' returned 0; elapsed 0.27Total elapsed time: 71.400 sec.
@I [HLS-100] Command "source /opt/xilinx/Vivado_HLS/2014.2/common/technology/xilinx/common/dsp48.gen "
@I [HLS-100] Command 'ap_source' returned 0; elapsed 0Total elapsed time: 71.402 sec.
@I [HLS-100] Command 'ap_source' returned 0; elapsed 0.27Total elapsed time: 71.403 sec.
@I [HLS-100] Command 'ap_source' returned 0; elapsed 0.27Total elapsed time: 71.403 sec.
@I [HLS-100] Command "source /opt/xilinx/Vivado_HLS/2014.2/common/technology/xilinx/zynq/zynq_fpv6.gen "
@I [HLS-100] Command "source /opt/xilinx/Vivado_HLS/2014.2/common/technology/xilinx/common/xilinx_fpv6.gen "
@I [HLS-100] Command 'ap_source' returned 0; elapsed 0.01Total elapsed time: 71.406 sec.
@I [HLS-100] Command 'ap_source' returned 0; elapsed 0.01Total elapsed time: 71.406 sec.
@I [HLS-100] Command "source /home/student/vff6/ece5775/assignments/HighLevelSynth/options-accel/dump/hls.prj/solution1/.autopilot/db/global.setting.tcl "
@I [HLS-100] Command 'ap_source' returned 0; elapsed 0Total elapsed time: 71.408 sec.
@I [HLS-100] Command "source /home/student/vff6/ece5775/assignments/HighLevelSynth/options-accel/dump/hls.prj/solution1/.autopilot/db/global.setting.tcl "
@I [HLS-100] Command 'ap_source' returned 0; elapsed 0Total elapsed time: 71.408 sec.
@I [HLS-100] Command "source /home/student/vff6/ece5775/assignments/HighLevelSynth/options-accel/dump/hls.prj/solution1/.autopilot/db/gaussrand2_rand_uint32.compgen.tcl "
@I [RTMG-278] Implementing memory 'gaussrand2_rand_uint32_mt_kk_ram' using block RAMs with power-on initialization.
@I [HLS-100] Command 'ap_source' returned 0; elapsed 0.02Total elapsed time: 71.446 sec.
@I [HLS-100] Command "source /home/student/vff6/ece5775/assignments/HighLevelSynth/options-accel/dump/hls.prj/solution1/.autopilot/db/gaussrand2.compgen.tcl "
@I [HLS-100] Command 'ap_source' returned 0; elapsed 0.11Total elapsed time: 71.646 sec.
@I [HLS-10] Finished generating all RTL models.
@0 [HLS-0] Finished generating all RTL models.
@I [WSYSC-301] Generating RTL SystemC for 'gaussrand2'.
@I [WVHDL-304] Generating RTL VHDL for 'gaussrand2'.
@I [WVLOG-307] Generating RTL Verilog for 'gaussrand2'.
@I [HLS-100] Command 'autosyn' returned 0; elapsed 1.15Total elapsed time: 71.871 sec.
@I [HLS-100] Command 'csynth_design' returned 0; elapsed 2.25Total elapsed time: 71.871 sec.
@I [HLS-100] Command "cleanup_all "
@I [HLS-100] Command 'cleanup_all' returned 0; elapsed 0.01Total elapsed time: 71.878 sec.
