

================================================================
== Vivado HLS Report for 'gaussrand2_rand_uint32'
================================================================
* Date:           Mon Dec  8 18:02:54 2014

* Version:        2014.2 (Build 932637 on Wed Jun 11 12:38:34 PM 2014)
* Project:        hls.prj
* Solution:       solution1
* Product family: zynq zynq_fpv6 
* Target device:  xc7z020clg484-1


================================================================
== Performance Estimates
================================================================
+ Timing (ns): 
    * Summary: 
    +---------+-------+----------+------------+
    |  Clock  | Target| Estimated| Uncertainty|
    +---------+-------+----------+------------+
    |default  |  10.00|      7.52|        1.25|
    +---------+-------+----------+------------+

+ Latency (clock cycles): 
    * Summary: 
    +-----+-----+-----+-----+----------+
    |  Latency  |  Interval | Pipeline |
    | min | max | min | max |   Type   |
    +-----+-----+-----+-----+----------+
    |    2|    2|    1|    1| function |
    +-----+-----+-----+-----+----------+

    + Detail: 
        * Instance: 
        N/A

        * Loop: 
        N/A



================================================================
== Utilization Estimates
================================================================
* Summary: 
+-----------------+---------+-------+--------+-------+
|       Name      | BRAM_18K| DSP48E|   FF   |  LUT  |
+-----------------+---------+-------+--------+-------+
|Expression       |        -|      -|       0|    410|
|FIFO             |        -|      -|       -|      -|
|Instance         |        -|      -|       -|      -|
|Memory           |       12|      -|       0|      0|
|Multiplexer      |        -|      -|       -|      -|
|Register         |        -|      -|     122|      -|
+-----------------+---------+-------+--------+-------+
|Total            |       12|      0|     122|    410|
+-----------------+---------+-------+--------+-------+
|Available        |      280|    220|  106400|  53200|
+-----------------+---------+-------+--------+-------+
|Utilization (%)  |        4|      0|   ~0   |   ~0  |
+-----------------+---------+-------+--------+-------+

+ Detail: 
    * Instance: 
    N/A

    * Memory: 
    +-----------+------------------------------+---------+---+----+------+-----+------+-------------+
    |   Memory  |            Module            | BRAM_18K| FF| LUT| Words| Bits| Banks| W*Bits*Banks|
    +-----------+------------------------------+---------+---+----+------+-----+------+-------------+
    |mt_kk_U    |gaussrand2_rand_uint32_mt_kk  |        4|  0|   0|   624|   64|     1|        39936|
    |mt_kkp1_U  |gaussrand2_rand_uint32_mt_kk  |        4|  0|   0|   624|   64|     1|        39936|
    |mt_kkpm_U  |gaussrand2_rand_uint32_mt_kk  |        4|  0|   0|   624|   64|     1|        39936|
    +-----------+------------------------------+---------+---+----+------+-----+------+-------------+
    |Total      |                              |       12|  0|   0|  1872|  192|     3|       119808|
    +-----------+------------------------------+---------+---+----+------+-----+------+-------------+

    * FIFO: 
    N/A

    * Expression: 
    +---------------------------+----------+-------+---+----+------------+------------+
    |       Variable Name       | Operation| DSP48E| FF| LUT| Bitwidth P0| Bitwidth P1|
    +---------------------------+----------+-------+---+----+------------+------------+
    |a_assign_2_fu_95_p2        |     +    |      0|  0|  16|          16|           1|
    |a_assign_4_fu_191_p2       |     +    |      0|  0|  16|          16|           1|
    |a_assign_fu_159_p2         |     +    |      0|  0|  16|          16|           1|
    |tmp_1_i_fu_171_p2          |     +    |      0|  0|  16|          16|          11|
    |tmp_2_i_fu_107_p2          |     +    |      0|  0|  16|          16|          11|
    |tmp_3_i_fu_203_p2          |     +    |      0|  0|  16|          16|          11|
    |a_assign_1_fu_177_p3       |  Select  |      0|  0|  16|           1|          16|
    |a_assign_3_fu_113_p3       |  Select  |      0|  0|  16|           1|          16|
    |a_assign_5_fu_209_p3       |  Select  |      0|  0|  16|           1|          16|
    |mag01_cast_cast_fu_231_p3  |  Select  |      0|  0|  32|           1|          32|
    |tmp_i1_fu_101_p2           |   icmp   |      0|  0|  20|          16|          10|
    |tmp_i3_fu_197_p2           |   icmp   |      0|  0|  20|          16|          10|
    |tmp_i_fu_165_p2            |   icmp   |      0|  0|  20|          16|          10|
    |mt_kk_new_fu_255_p2        |    xor   |      0|  0|  87|          64|          64|
    |tmp1_fu_249_p2             |    xor   |      0|  0|  87|          64|          64|
    +---------------------------+----------+-------+---+----+------------+------------+
    |Total                      |          |      0|  0| 410|         276|         274|
    +---------------------------+----------+-------+---+----+------------+------------+

    * Multiplexer: 
    N/A

    * Register: 
    +-------------------------------------------+----+----+-----+-----------+
    |                    Name                   | FF | LUT| Bits| Const Bits|
    +-------------------------------------------+----+----+-----+-----------+
    |ap_CS_fsm                                  |   1|   0|    1|          0|
    |ap_reg_ppiten_pp0_it1                      |   1|   0|    1|          0|
    |ap_reg_ppiten_pp0_it2                      |   1|   0|    1|          0|
    |ap_reg_ppstg_mt_kkp1_addr_reg_264_pp0_it1  |  10|   0|   10|          0|
    |kk                                         |  16|   0|   16|          0|
    |kk_p1                                      |  16|   0|   16|          0|
    |kk_pm                                      |  16|   0|   16|          0|
    |mt_kk_addr_reg_270                         |  10|   0|   10|          0|
    |mt_kkp1_addr_reg_264                       |  10|   0|   10|          0|
    |mt_kkpm_addr_reg_281                       |  10|   0|   10|          0|
    |tmp_2_reg_287                              |  30|   0|   30|          0|
    |tmp_3_reg_276                              |   1|   0|    1|          0|
    +-------------------------------------------+----+----+-----+-----------+
    |Total                                      | 122|   0|  122|          0|
    +-------------------------------------------+----+----+-----+-----------+



================================================================
== Interface
================================================================
* Summary: 
+----------+-----+-----+------------+------------------------+--------------+
| RTL Ports| Dir | Bits|  Protocol  |      Source Object     |    C Type    |
+----------+-----+-----+------------+------------------------+--------------+
|ap_clk    |  in |    1| ap_ctrl_hs | gaussrand2_rand_uint32 | return value |
|ap_rst    |  in |    1| ap_ctrl_hs | gaussrand2_rand_uint32 | return value |
|ap_start  |  in |    1| ap_ctrl_hs | gaussrand2_rand_uint32 | return value |
|ap_done   | out |    1| ap_ctrl_hs | gaussrand2_rand_uint32 | return value |
|ap_idle   | out |    1| ap_ctrl_hs | gaussrand2_rand_uint32 | return value |
|ap_ready  | out |    1| ap_ctrl_hs | gaussrand2_rand_uint32 | return value |
|ap_ce     |  in |    1| ap_ctrl_hs | gaussrand2_rand_uint32 | return value |
+----------+-----+-----+------------+------------------------+--------------+

============================================================
+ Verbose Summary: Synthesis Manager
============================================================
InlineROM: 1
ExposeGlobal: 0
============================================================
+ Verbose Summary: CDFG Model
============================================================
IsTopModel: 0
ResetActiveHigh: 1
IsCombinational: 2
IsDatapathOnly: 2
HasWiredReturn: 1
HasMFsm: 2
HasVarLatency: 0
IsPipeline: 1
IsRtlPipelined: 1
IsInstanceOverlapped: 0
IsDontTouch: 0
HasImplIP: 0
IsGatedGlobalClock: 0

+ Individual pipeline summary: 
  * Pipeline-0: initiation interval (II) = 1, depth = 3


============================================================
+ Verbose Summary: Schedule
============================================================
* Number of FSM states: 3
* Pipeline: 1
  Pipeline-0: II = 1, D = 3, States = { 1 2 3 }
* Dataflow Pipeline: 0

* FSM state transitions: 
1 --> 
	2  / true
2 --> 
	3  / true
3 --> 
* FSM state operations: 

 <State 1>: 5.61ns
ST_1: kk_p1_load [1/1] 0.00ns
:6  %kk_p1_load = load i16* @kk_p1, align 2

ST_1: tmp_5 [1/1] 0.00ns
:7  %tmp_5 = zext i16 %kk_p1_load to i64

ST_1: mt_kkp1_addr [1/1] 0.00ns
:8  %mt_kkp1_addr = getelementptr inbounds [624 x i64]* @mt_kkp1, i64 0, i64 %tmp_5

ST_1: mt_kkp1_load [2/2] 2.39ns
:9  %mt_kkp1_load = load i64* %mt_kkp1_addr, align 8

ST_1: a_assign_2 [1/1] 1.96ns
:29  %a_assign_2 = add i16 %kk_p1_load, 1

ST_1: tmp_i1 [1/1] 2.28ns
:30  %tmp_i1 = icmp ugt i16 %a_assign_2, 623

ST_1: tmp_2_i [1/1] 1.96ns
:31  %tmp_2_i = add i16 %kk_p1_load, -623

ST_1: a_assign_3 [1/1] 1.37ns
:32  %a_assign_3 = select i1 %tmp_i1, i16 %tmp_2_i, i16 %a_assign_2

ST_1: stg_12 [1/1] 0.00ns
:33  store i16 %a_assign_3, i16* @kk_p1, align 2


 <State 2>: 5.61ns
ST_2: kk_load [1/1] 0.00ns
:1  %kk_load = load i16* @kk, align 2

ST_2: tmp [1/1] 0.00ns
:2  %tmp = zext i16 %kk_load to i64

ST_2: mt_kk_addr [1/1] 0.00ns
:3  %mt_kk_addr = getelementptr inbounds [624 x i64]* @mt_kk, i64 0, i64 %tmp

ST_2: mt_kk_load [2/2] 2.39ns
:4  %mt_kk_load = load i64* %mt_kk_addr, align 8

ST_2: mt_kkp1_load [1/2] 2.39ns
:9  %mt_kkp1_load = load i64* %mt_kkp1_addr, align 8

ST_2: tmp_3 [1/1] 0.00ns
:10  %tmp_3 = trunc i64 %mt_kkp1_load to i1

ST_2: kk_pm_load [1/1] 0.00ns
:12  %kk_pm_load = load i16* @kk_pm, align 2

ST_2: tmp_9 [1/1] 0.00ns
:13  %tmp_9 = zext i16 %kk_pm_load to i64

ST_2: mt_kkpm_addr [1/1] 0.00ns
:14  %mt_kkpm_addr = getelementptr inbounds [624 x i64]* @mt_kkpm, i64 0, i64 %tmp_9

ST_2: mt_kkpm_load [2/2] 2.39ns
:15  %mt_kkpm_load = load i64* %mt_kkpm_addr, align 8

ST_2: tmp_2 [1/1] 0.00ns
:16  %tmp_2 = call i30 @_ssdm_op_PartSelect.i30.i64.i32.i32(i64 %mt_kkp1_load, i32 1, i32 30)

ST_2: a_assign [1/1] 1.96ns
:24  %a_assign = add i16 %kk_load, 1

ST_2: tmp_i [1/1] 2.28ns
:25  %tmp_i = icmp ugt i16 %a_assign, 623

ST_2: tmp_1_i [1/1] 1.96ns
:26  %tmp_1_i = add i16 %kk_load, -623

ST_2: a_assign_1 [1/1] 1.37ns
:27  %a_assign_1 = select i1 %tmp_i, i16 %tmp_1_i, i16 %a_assign

ST_2: stg_28 [1/1] 0.00ns
:28  store i16 %a_assign_1, i16* @kk, align 2

ST_2: a_assign_4 [1/1] 1.96ns
:34  %a_assign_4 = add i16 %kk_pm_load, 1

ST_2: tmp_i3 [1/1] 2.28ns
:35  %tmp_i3 = icmp ugt i16 %a_assign_4, 623

ST_2: tmp_3_i [1/1] 1.96ns
:36  %tmp_3_i = add i16 %kk_pm_load, -623

ST_2: a_assign_5 [1/1] 1.37ns
:37  %a_assign_5 = select i1 %tmp_i3, i16 %tmp_3_i, i16 %a_assign_4

ST_2: stg_33 [1/1] 0.00ns
:38  store i16 %a_assign_5, i16* @kk_pm, align 2


 <State 3>: 7.52ns
ST_3: stg_34 [1/1] 0.00ns
:0  call void (...)* @_ssdm_op_SpecPipeline(i32 1, i32 1, i32 1, i32 0, [1 x i8]* @p_str1) nounwind

ST_3: mt_kk_load [1/2] 2.39ns
:4  %mt_kk_load = load i64* %mt_kk_addr, align 8

ST_3: tmp_1 [1/1] 0.00ns
:5  %tmp_1 = call i1 @_ssdm_op_BitSelect.i1.i64.i32(i64 %mt_kk_load, i32 31)

ST_3: mag01_cast_cast [1/1] 1.37ns
:11  %mag01_cast_cast = select i1 %tmp_3, i64 2567483615, i64 0

ST_3: mt_kkpm_load [1/2] 2.39ns
:15  %mt_kkpm_load = load i64* %mt_kkpm_addr, align 8

ST_3: tmp_s [1/1] 0.00ns
:17  %tmp_s = call i31 @_ssdm_op_BitConcatenate.i31.i1.i30(i1 %tmp_1, i30 %tmp_2)

ST_3: tmp_cast [1/1] 0.00ns
:18  %tmp_cast = zext i31 %tmp_s to i64

ST_3: tmp1 [1/1] 1.37ns
:19  %tmp1 = xor i64 %mag01_cast_cast, %mt_kkpm_load

ST_3: mt_kk_new [1/1] 1.37ns
:20  %mt_kk_new = xor i64 %tmp1, %tmp_cast

ST_3: stg_43 [1/1] 2.39ns
:21  store i64 %mt_kk_new, i64* %mt_kk_addr, align 8

ST_3: stg_44 [1/1] 2.39ns
:22  store i64 %mt_kk_new, i64* %mt_kkp1_addr, align 8

ST_3: stg_45 [1/1] 2.39ns
:23  store i64 %mt_kk_new, i64* %mt_kkpm_addr, align 8

ST_3: stg_46 [1/1] 0.00ns
:39  ret void



============================================================
+ Verbose Summary: Binding
============================================================
STG Binding: 
---------------- STG Properties BEGIN ----------------
- Is combinational: 0
- Is one-state seq: 0
- Is datapath-only: 0
- Is clock enabled: 1
- Is pipelined: 1
- Is top level: 0
Port [ Return ] is wired: 1; IO mode=ap_ctrl_hs:ce=0
Port [ kk]:  wired=0; compound=0; hidden=1; nouse=0; global=1; static=0; extern=0; dir=2; type=0; mode=0x1553ff50; pingpong=0; private_global=1; linkage=0; visibility=0; IO mode=ap_ovld:ce=0
Port [ mt_kk]:  wired=0; compound=1; hidden=1; nouse=0; global=1; static=1; extern=0; dir=2; type=1; mode=0x15456dd0; pingpong=0; private_global=1; linkage=7; visibility=0; MemPort=[10]; IO mode=ap_memory:ce=0
Port [ kk_p1]:  wired=0; compound=0; hidden=1; nouse=0; global=1; static=0; extern=0; dir=2; type=0; mode=0x1531cb80; pingpong=0; private_global=1; linkage=0; visibility=0; IO mode=ap_ovld:ce=0
Port [ mt_kkp1]:  wired=0; compound=1; hidden=1; nouse=0; global=1; static=1; extern=0; dir=2; type=1; mode=0x152ac120; pingpong=0; private_global=1; linkage=7; visibility=0; MemPort=[10]; IO mode=ap_memory:ce=0
Port [ kk_pm]:  wired=0; compound=0; hidden=1; nouse=0; global=1; static=0; extern=0; dir=2; type=0; mode=0x1551e2c0; pingpong=0; private_global=1; linkage=0; visibility=0; IO mode=ap_ovld:ce=0
Port [ mt_kkpm]:  wired=0; compound=1; hidden=1; nouse=0; global=1; static=1; extern=0; dir=2; type=1; mode=0x15432e20; pingpong=0; private_global=1; linkage=7; visibility=0; MemPort=[10]; IO mode=ap_memory:ce=0
---------------- STG Properties END ------------------

---------------- Datapath Model BEGIN ----------------

<LifeTime>
<method=bitvector/>
kk_p1_load      (load          ) [ 0000]
tmp_5           (zext          ) [ 0000]
mt_kkp1_addr    (getelementptr ) [ 0111]
a_assign_2      (add           ) [ 0000]
tmp_i1          (icmp          ) [ 0000]
tmp_2_i         (add           ) [ 0000]
a_assign_3      (select        ) [ 0000]
stg_12          (store         ) [ 0000]
kk_load         (load          ) [ 0000]
tmp             (zext          ) [ 0000]
mt_kk_addr      (getelementptr ) [ 0101]
mt_kkp1_load    (load          ) [ 0000]
tmp_3           (trunc         ) [ 0101]
kk_pm_load      (load          ) [ 0000]
tmp_9           (zext          ) [ 0000]
mt_kkpm_addr    (getelementptr ) [ 0101]
tmp_2           (partselect    ) [ 0101]
a_assign        (add           ) [ 0000]
tmp_i           (icmp          ) [ 0000]
tmp_1_i         (add           ) [ 0000]
a_assign_1      (select        ) [ 0000]
stg_28          (store         ) [ 0000]
a_assign_4      (add           ) [ 0000]
tmp_i3          (icmp          ) [ 0000]
tmp_3_i         (add           ) [ 0000]
a_assign_5      (select        ) [ 0000]
stg_33          (store         ) [ 0000]
stg_34          (specpipeline  ) [ 0000]
mt_kk_load      (load          ) [ 0000]
tmp_1           (bitselect     ) [ 0000]
mag01_cast_cast (select        ) [ 0000]
mt_kkpm_load    (load          ) [ 0000]
tmp_s           (bitconcatenate) [ 0000]
tmp_cast        (zext          ) [ 0000]
tmp1            (xor           ) [ 0000]
mt_kk_new       (xor           ) [ 0000]
stg_43          (store         ) [ 0000]
stg_44          (store         ) [ 0000]
stg_45          (store         ) [ 0000]
stg_46          (ret           ) [ 0000]
</LifeTime>

<model>

<comp_list>
<comp id="0" class="1000" name="kk">
<pin_list>
<pin id="1" dir="1" index="0" bw="1" slack="0"/>
</pin_list>
<bind>
<StgValue><ssdm name="kk"/></StgValue>
</bind>
</comp>

<comp id="2" class="1000" name="mt_kk">
<pin_list>
<pin id="3" dir="1" index="0" bw="1" slack="0"/>
</pin_list>
<bind>
<StgValue><ssdm name="mt_kk"/><MemPortTyVec>1 0 </MemPortTyVec>
</StgValue>
</bind>
</comp>

<comp id="4" class="1000" name="kk_p1">
<pin_list>
<pin id="5" dir="1" index="0" bw="1" slack="0"/>
</pin_list>
<bind>
<StgValue><ssdm name="kk_p1"/></StgValue>
</bind>
</comp>

<comp id="6" class="1000" name="mt_kkp1">
<pin_list>
<pin id="7" dir="1" index="0" bw="1" slack="0"/>
</pin_list>
<bind>
<StgValue><ssdm name="mt_kkp1"/><MemPortTyVec>1 0 </MemPortTyVec>
</StgValue>
</bind>
</comp>

<comp id="8" class="1000" name="kk_pm">
<pin_list>
<pin id="9" dir="1" index="0" bw="1" slack="0"/>
</pin_list>
<bind>
<StgValue><ssdm name="kk_pm"/></StgValue>
</bind>
</comp>

<comp id="10" class="1000" name="mt_kkpm">
<pin_list>
<pin id="11" dir="1" index="0" bw="1" slack="0"/>
</pin_list>
<bind>
<StgValue><ssdm name="mt_kkpm"/><MemPortTyVec>1 0 </MemPortTyVec>
</StgValue>
</bind>
</comp>

<comp id="12" class="1001" name="const_12">
<pin_list>
<pin id="13" dir="1" index="0" bw="1" slack="0"/>
</pin_list>
<bind>
<StgValue><ssdm name=""/></StgValue>
</bind>
</comp>

<comp id="14" class="1001" name="const_14">
<pin_list>
<pin id="15" dir="1" index="0" bw="1" slack="0"/>
</pin_list>
<bind>
<StgValue><ssdm name=""/></StgValue>
</bind>
</comp>

<comp id="16" class="1001" name="const_16">
<pin_list>
<pin id="17" dir="1" index="0" bw="1" slack="0"/>
</pin_list>
<bind>
<StgValue><ssdm name=""/></StgValue>
</bind>
</comp>

<comp id="18" class="1001" name="const_18">
<pin_list>
<pin id="19" dir="1" index="0" bw="1" slack="0"/>
</pin_list>
<bind>
<StgValue><ssdm name=""/></StgValue>
</bind>
</comp>

<comp id="20" class="1001" name="const_20">
<pin_list>
<pin id="21" dir="1" index="0" bw="1" slack="0"/>
</pin_list>
<bind>
<StgValue><ssdm name="_ssdm_op_PartSelect.i30.i64.i32.i32"/></StgValue>
</bind>
</comp>

<comp id="22" class="1001" name="const_22">
<pin_list>
<pin id="23" dir="1" index="0" bw="1" slack="0"/>
</pin_list>
<bind>
<StgValue><ssdm name=""/></StgValue>
</bind>
</comp>

<comp id="24" class="1001" name="const_24">
<pin_list>
<pin id="25" dir="1" index="0" bw="1" slack="0"/>
</pin_list>
<bind>
<StgValue><ssdm name=""/></StgValue>
</bind>
</comp>

<comp id="26" class="1001" name="const_26">
<pin_list>
<pin id="27" dir="1" index="0" bw="1" slack="2147483647"/>
</pin_list>
<bind>
<StgValue><ssdm name="_ssdm_op_SpecPipeline"/></StgValue>
</bind>
</comp>

<comp id="28" class="1001" name="const_28">
<pin_list>
<pin id="29" dir="1" index="0" bw="1" slack="2147483647"/>
</pin_list>
<bind>
<StgValue><ssdm name=""/></StgValue>
</bind>
</comp>

<comp id="30" class="1001" name="const_30">
<pin_list>
<pin id="31" dir="1" index="0" bw="1" slack="2147483647"/>
</pin_list>
<bind>
<StgValue><ssdm name="p_str1"/></StgValue>
</bind>
</comp>

<comp id="32" class="1001" name="const_32">
<pin_list>
<pin id="33" dir="1" index="0" bw="1" slack="0"/>
</pin_list>
<bind>
<StgValue><ssdm name="_ssdm_op_BitSelect.i1.i64.i32"/></StgValue>
</bind>
</comp>

<comp id="34" class="1001" name="const_34">
<pin_list>
<pin id="35" dir="1" index="0" bw="1" slack="0"/>
</pin_list>
<bind>
<StgValue><ssdm name=""/></StgValue>
</bind>
</comp>

<comp id="36" class="1001" name="const_36">
<pin_list>
<pin id="37" dir="1" index="0" bw="1" slack="0"/>
</pin_list>
<bind>
<StgValue><ssdm name=""/></StgValue>
</bind>
</comp>

<comp id="38" class="1001" name="const_38">
<pin_list>
<pin id="39" dir="1" index="0" bw="1" slack="0"/>
</pin_list>
<bind>
<StgValue><ssdm name="_ssdm_op_BitConcatenate.i31.i1.i30"/></StgValue>
</bind>
</comp>

<comp id="40" class="1004" name="mt_kkp1_addr_gep_fu_40">
<pin_list>
<pin id="41" dir="0" index="0" bw="64" slack="0"/>
<pin id="42" dir="0" index="1" bw="1" slack="0"/>
<pin id="43" dir="0" index="2" bw="16" slack="0"/>
<pin id="44" dir="1" index="3" bw="10" slack="0"/>
</pin_list>
<bind>
<opcode="getelementptr(29) " fcode="getelementptr"/>
<opset="mt_kkp1_addr/1 "/>
</bind>
</comp>

<comp id="47" class="1004" name="grp_access_fu_47">
<pin_list>
<pin id="48" dir="0" index="0" bw="10" slack="0"/>
<pin id="49" dir="0" index="1" bw="64" slack="2147483647"/>
<pin id="79" dir="0" index="3" bw="10" slack="2"/>
<pin id="80" dir="0" index="4" bw="64" slack="0"/>
<pin id="50" dir="1" index="2" bw="64" slack="0"/>
<pin id="81" dir="1" index="5" bw="64" slack="2147483647"/>
</pin_list>
<bind>
<opcode="load(27) store(28) " fcode="store"/>
<opset="mt_kkp1_load/1 stg_44/3 "/>
</bind>
</comp>

<comp id="52" class="1004" name="mt_kk_addr_gep_fu_52">
<pin_list>
<pin id="53" dir="0" index="0" bw="64" slack="0"/>
<pin id="54" dir="0" index="1" bw="1" slack="0"/>
<pin id="55" dir="0" index="2" bw="16" slack="0"/>
<pin id="56" dir="1" index="3" bw="10" slack="0"/>
</pin_list>
<bind>
<opcode="getelementptr(29) " fcode="getelementptr"/>
<opset="mt_kk_addr/2 "/>
</bind>
</comp>

<comp id="59" class="1004" name="grp_access_fu_59">
<pin_list>
<pin id="60" dir="0" index="0" bw="10" slack="0"/>
<pin id="61" dir="0" index="1" bw="64" slack="2147483647"/>
<pin id="76" dir="0" index="3" bw="10" slack="1"/>
<pin id="77" dir="0" index="4" bw="64" slack="0"/>
<pin id="62" dir="1" index="2" bw="64" slack="0"/>
<pin id="78" dir="1" index="5" bw="64" slack="2147483647"/>
</pin_list>
<bind>
<opcode="load(27) store(28) " fcode="store"/>
<opset="mt_kk_load/2 stg_43/3 "/>
</bind>
</comp>

<comp id="64" class="1004" name="mt_kkpm_addr_gep_fu_64">
<pin_list>
<pin id="65" dir="0" index="0" bw="64" slack="0"/>
<pin id="66" dir="0" index="1" bw="1" slack="0"/>
<pin id="67" dir="0" index="2" bw="16" slack="0"/>
<pin id="68" dir="1" index="3" bw="10" slack="0"/>
</pin_list>
<bind>
<opcode="getelementptr(29) " fcode="getelementptr"/>
<opset="mt_kkpm_addr/2 "/>
</bind>
</comp>

<comp id="71" class="1004" name="grp_access_fu_71">
<pin_list>
<pin id="72" dir="0" index="0" bw="10" slack="0"/>
<pin id="73" dir="0" index="1" bw="64" slack="2147483647"/>
<pin id="82" dir="0" index="3" bw="10" slack="1"/>
<pin id="83" dir="0" index="4" bw="64" slack="0"/>
<pin id="74" dir="1" index="2" bw="64" slack="0"/>
<pin id="84" dir="1" index="5" bw="64" slack="2147483647"/>
</pin_list>
<bind>
<opcode="load(27) store(28) " fcode="store"/>
<opset="mt_kkpm_load/2 stg_45/3 "/>
</bind>
</comp>

<comp id="86" class="1004" name="kk_p1_load_load_fu_86">
<pin_list>
<pin id="87" dir="0" index="0" bw="16" slack="0"/>
<pin id="88" dir="1" index="1" bw="16" slack="0"/>
</pin_list>
<bind>
<opcode="load(27) " fcode="load"/>
<opset="kk_p1_load/1 "/>
</bind>
</comp>

<comp id="90" class="1004" name="tmp_5_fu_90">
<pin_list>
<pin id="91" dir="0" index="0" bw="16" slack="0"/>
<pin id="92" dir="1" index="1" bw="64" slack="0"/>
</pin_list>
<bind>
<opcode="zext(34) " fcode="zext"/>
<opset="tmp_5/1 "/>
</bind>
</comp>

<comp id="95" class="1004" name="a_assign_2_fu_95">
<pin_list>
<pin id="96" dir="0" index="0" bw="16" slack="0"/>
<pin id="97" dir="0" index="1" bw="1" slack="0"/>
<pin id="98" dir="1" index="2" bw="16" slack="0"/>
</pin_list>
<bind>
<opcode="add(8) " fcode="add"/>
<opset="a_assign_2/1 "/>
</bind>
</comp>

<comp id="101" class="1004" name="tmp_i1_fu_101">
<pin_list>
<pin id="102" dir="0" index="0" bw="16" slack="0"/>
<pin id="103" dir="0" index="1" bw="16" slack="0"/>
<pin id="104" dir="1" index="2" bw="1" slack="0"/>
</pin_list>
<bind>
<opcode="icmp(45) " fcode="icmp"/>
<opset="tmp_i1/1 "/>
</bind>
</comp>

<comp id="107" class="1004" name="tmp_2_i_fu_107">
<pin_list>
<pin id="108" dir="0" index="0" bw="16" slack="0"/>
<pin id="109" dir="0" index="1" bw="11" slack="0"/>
<pin id="110" dir="1" index="2" bw="16" slack="0"/>
</pin_list>
<bind>
<opcode="add(8) " fcode="add"/>
<opset="tmp_2_i/1 "/>
</bind>
</comp>

<comp id="113" class="1004" name="a_assign_3_fu_113">
<pin_list>
<pin id="114" dir="0" index="0" bw="1" slack="0"/>
<pin id="115" dir="0" index="1" bw="16" slack="0"/>
<pin id="116" dir="0" index="2" bw="16" slack="0"/>
<pin id="117" dir="1" index="3" bw="16" slack="0"/>
</pin_list>
<bind>
<opcode="select(49) " fcode="select"/>
<opset="a_assign_3/1 "/>
</bind>
</comp>

<comp id="121" class="1004" name="stg_12_store_fu_121">
<pin_list>
<pin id="122" dir="0" index="0" bw="16" slack="0"/>
<pin id="123" dir="0" index="1" bw="16" slack="0"/>
<pin id="124" dir="1" index="2" bw="0" slack="2147483647"/>
</pin_list>
<bind>
<opcode="store(28) " fcode="store"/>
<opset="stg_12/1 "/>
</bind>
</comp>

<comp id="127" class="1004" name="kk_load_load_fu_127">
<pin_list>
<pin id="128" dir="0" index="0" bw="16" slack="0"/>
<pin id="129" dir="1" index="1" bw="16" slack="0"/>
</pin_list>
<bind>
<opcode="load(27) " fcode="load"/>
<opset="kk_load/2 "/>
</bind>
</comp>

<comp id="131" class="1004" name="tmp_fu_131">
<pin_list>
<pin id="132" dir="0" index="0" bw="16" slack="0"/>
<pin id="133" dir="1" index="1" bw="64" slack="0"/>
</pin_list>
<bind>
<opcode="zext(34) " fcode="zext"/>
<opset="tmp/2 "/>
</bind>
</comp>

<comp id="136" class="1004" name="tmp_3_fu_136">
<pin_list>
<pin id="137" dir="0" index="0" bw="64" slack="0"/>
<pin id="138" dir="1" index="1" bw="1" slack="1"/>
</pin_list>
<bind>
<opcode="trunc(33) " fcode="trunc"/>
<opset="tmp_3/2 "/>
</bind>
</comp>

<comp id="140" class="1004" name="kk_pm_load_load_fu_140">
<pin_list>
<pin id="141" dir="0" index="0" bw="16" slack="0"/>
<pin id="142" dir="1" index="1" bw="16" slack="0"/>
</pin_list>
<bind>
<opcode="load(27) " fcode="load"/>
<opset="kk_pm_load/2 "/>
</bind>
</comp>

<comp id="144" class="1004" name="tmp_9_fu_144">
<pin_list>
<pin id="145" dir="0" index="0" bw="16" slack="0"/>
<pin id="146" dir="1" index="1" bw="64" slack="0"/>
</pin_list>
<bind>
<opcode="zext(34) " fcode="zext"/>
<opset="tmp_9/2 "/>
</bind>
</comp>

<comp id="149" class="1004" name="tmp_2_fu_149">
<pin_list>
<pin id="150" dir="0" index="0" bw="30" slack="0"/>
<pin id="151" dir="0" index="1" bw="64" slack="0"/>
<pin id="152" dir="0" index="2" bw="1" slack="0"/>
<pin id="153" dir="0" index="3" bw="6" slack="0"/>
<pin id="154" dir="1" index="4" bw="30" slack="1"/>
</pin_list>
<bind>
<opcode="partselect(1002) " fcode="partselect"/>
<opset="tmp_2/2 "/>
</bind>
</comp>

<comp id="159" class="1004" name="a_assign_fu_159">
<pin_list>
<pin id="160" dir="0" index="0" bw="16" slack="0"/>
<pin id="161" dir="0" index="1" bw="1" slack="0"/>
<pin id="162" dir="1" index="2" bw="16" slack="0"/>
</pin_list>
<bind>
<opcode="add(8) " fcode="add"/>
<opset="a_assign/2 "/>
</bind>
</comp>

<comp id="165" class="1004" name="tmp_i_fu_165">
<pin_list>
<pin id="166" dir="0" index="0" bw="16" slack="0"/>
<pin id="167" dir="0" index="1" bw="16" slack="0"/>
<pin id="168" dir="1" index="2" bw="1" slack="0"/>
</pin_list>
<bind>
<opcode="icmp(45) " fcode="icmp"/>
<opset="tmp_i/2 "/>
</bind>
</comp>

<comp id="171" class="1004" name="tmp_1_i_fu_171">
<pin_list>
<pin id="172" dir="0" index="0" bw="16" slack="0"/>
<pin id="173" dir="0" index="1" bw="11" slack="0"/>
<pin id="174" dir="1" index="2" bw="16" slack="0"/>
</pin_list>
<bind>
<opcode="add(8) " fcode="add"/>
<opset="tmp_1_i/2 "/>
</bind>
</comp>

<comp id="177" class="1004" name="a_assign_1_fu_177">
<pin_list>
<pin id="178" dir="0" index="0" bw="1" slack="0"/>
<pin id="179" dir="0" index="1" bw="16" slack="0"/>
<pin id="180" dir="0" index="2" bw="16" slack="0"/>
<pin id="181" dir="1" index="3" bw="16" slack="0"/>
</pin_list>
<bind>
<opcode="select(49) " fcode="select"/>
<opset="a_assign_1/2 "/>
</bind>
</comp>

<comp id="185" class="1004" name="stg_28_store_fu_185">
<pin_list>
<pin id="186" dir="0" index="0" bw="16" slack="0"/>
<pin id="187" dir="0" index="1" bw="16" slack="0"/>
<pin id="188" dir="1" index="2" bw="0" slack="2147483647"/>
</pin_list>
<bind>
<opcode="store(28) " fcode="store"/>
<opset="stg_28/2 "/>
</bind>
</comp>

<comp id="191" class="1004" name="a_assign_4_fu_191">
<pin_list>
<pin id="192" dir="0" index="0" bw="16" slack="0"/>
<pin id="193" dir="0" index="1" bw="1" slack="0"/>
<pin id="194" dir="1" index="2" bw="16" slack="0"/>
</pin_list>
<bind>
<opcode="add(8) " fcode="add"/>
<opset="a_assign_4/2 "/>
</bind>
</comp>

<comp id="197" class="1004" name="tmp_i3_fu_197">
<pin_list>
<pin id="198" dir="0" index="0" bw="16" slack="0"/>
<pin id="199" dir="0" index="1" bw="16" slack="0"/>
<pin id="200" dir="1" index="2" bw="1" slack="0"/>
</pin_list>
<bind>
<opcode="icmp(45) " fcode="icmp"/>
<opset="tmp_i3/2 "/>
</bind>
</comp>

<comp id="203" class="1004" name="tmp_3_i_fu_203">
<pin_list>
<pin id="204" dir="0" index="0" bw="16" slack="0"/>
<pin id="205" dir="0" index="1" bw="11" slack="0"/>
<pin id="206" dir="1" index="2" bw="16" slack="0"/>
</pin_list>
<bind>
<opcode="add(8) " fcode="add"/>
<opset="tmp_3_i/2 "/>
</bind>
</comp>

<comp id="209" class="1004" name="a_assign_5_fu_209">
<pin_list>
<pin id="210" dir="0" index="0" bw="1" slack="0"/>
<pin id="211" dir="0" index="1" bw="16" slack="0"/>
<pin id="212" dir="0" index="2" bw="16" slack="0"/>
<pin id="213" dir="1" index="3" bw="16" slack="0"/>
</pin_list>
<bind>
<opcode="select(49) " fcode="select"/>
<opset="a_assign_5/2 "/>
</bind>
</comp>

<comp id="217" class="1004" name="stg_33_store_fu_217">
<pin_list>
<pin id="218" dir="0" index="0" bw="16" slack="0"/>
<pin id="219" dir="0" index="1" bw="16" slack="0"/>
<pin id="220" dir="1" index="2" bw="0" slack="2147483647"/>
</pin_list>
<bind>
<opcode="store(28) " fcode="store"/>
<opset="stg_33/2 "/>
</bind>
</comp>

<comp id="223" class="1004" name="tmp_1_fu_223">
<pin_list>
<pin id="224" dir="0" index="0" bw="1" slack="0"/>
<pin id="225" dir="0" index="1" bw="64" slack="0"/>
<pin id="226" dir="0" index="2" bw="6" slack="0"/>
<pin id="227" dir="1" index="3" bw="1" slack="0"/>
</pin_list>
<bind>
<opcode="bitselect(1000) " fcode="bitselect"/>
<opset="tmp_1/3 "/>
</bind>
</comp>

<comp id="231" class="1004" name="mag01_cast_cast_fu_231">
<pin_list>
<pin id="232" dir="0" index="0" bw="1" slack="1"/>
<pin id="233" dir="0" index="1" bw="64" slack="0"/>
<pin id="234" dir="0" index="2" bw="64" slack="0"/>
<pin id="235" dir="1" index="3" bw="64" slack="0"/>
</pin_list>
<bind>
<opcode="select(49) " fcode="select"/>
<opset="mag01_cast_cast/3 "/>
</bind>
</comp>

<comp id="238" class="1004" name="tmp_s_fu_238">
<pin_list>
<pin id="239" dir="0" index="0" bw="31" slack="0"/>
<pin id="240" dir="0" index="1" bw="1" slack="0"/>
<pin id="241" dir="0" index="2" bw="30" slack="1"/>
<pin id="242" dir="1" index="3" bw="31" slack="0"/>
</pin_list>
<bind>
<opcode="bitconcatenate(1004) " fcode="bitconcatenate"/>
<opset="tmp_s/3 "/>
</bind>
</comp>

<comp id="245" class="1004" name="tmp_cast_fu_245">
<pin_list>
<pin id="246" dir="0" index="0" bw="31" slack="0"/>
<pin id="247" dir="1" index="1" bw="64" slack="0"/>
</pin_list>
<bind>
<opcode="zext(34) " fcode="zext"/>
<opset="tmp_cast/3 "/>
</bind>
</comp>

<comp id="249" class="1004" name="tmp1_fu_249">
<pin_list>
<pin id="250" dir="0" index="0" bw="64" slack="0"/>
<pin id="251" dir="0" index="1" bw="64" slack="0"/>
<pin id="252" dir="1" index="2" bw="64" slack="0"/>
</pin_list>
<bind>
<opcode="xor(25) " fcode="xor"/>
<opset="tmp1/3 "/>
</bind>
</comp>

<comp id="255" class="1004" name="mt_kk_new_fu_255">
<pin_list>
<pin id="256" dir="0" index="0" bw="64" slack="0"/>
<pin id="257" dir="0" index="1" bw="64" slack="0"/>
<pin id="258" dir="1" index="2" bw="64" slack="0"/>
</pin_list>
<bind>
<opcode="xor(25) " fcode="xor"/>
<opset="mt_kk_new/3 "/>
</bind>
</comp>

<comp id="264" class="1005" name="mt_kkp1_addr_reg_264">
<pin_list>
<pin id="265" dir="0" index="0" bw="10" slack="1"/>
<pin id="266" dir="1" index="1" bw="10" slack="1"/>
</pin_list>
<bind>
<opset="mt_kkp1_addr "/>
</bind>
</comp>

<comp id="270" class="1005" name="mt_kk_addr_reg_270">
<pin_list>
<pin id="271" dir="0" index="0" bw="10" slack="1"/>
<pin id="272" dir="1" index="1" bw="10" slack="1"/>
</pin_list>
<bind>
<opset="mt_kk_addr "/>
</bind>
</comp>

<comp id="276" class="1005" name="tmp_3_reg_276">
<pin_list>
<pin id="277" dir="0" index="0" bw="1" slack="1"/>
<pin id="278" dir="1" index="1" bw="1" slack="1"/>
</pin_list>
<bind>
<opset="tmp_3 "/>
</bind>
</comp>

<comp id="281" class="1005" name="mt_kkpm_addr_reg_281">
<pin_list>
<pin id="282" dir="0" index="0" bw="10" slack="1"/>
<pin id="283" dir="1" index="1" bw="10" slack="1"/>
</pin_list>
<bind>
<opset="mt_kkpm_addr "/>
</bind>
</comp>

<comp id="287" class="1005" name="tmp_2_reg_287">
<pin_list>
<pin id="288" dir="0" index="0" bw="30" slack="1"/>
<pin id="289" dir="1" index="1" bw="30" slack="1"/>
</pin_list>
<bind>
<opset="tmp_2 "/>
</bind>
</comp>

</comp_list>

<net_list>
<net id="45"><net_src comp="6" pin="0"/><net_sink comp="40" pin=0"/></net>

<net id="46"><net_src comp="12" pin="0"/><net_sink comp="40" pin=1"/></net>

<net id="51"><net_src comp="40" pin="3"/><net_sink comp="47" pin=0"/></net>

<net id="57"><net_src comp="2" pin="0"/><net_sink comp="52" pin=0"/></net>

<net id="58"><net_src comp="12" pin="0"/><net_sink comp="52" pin=1"/></net>

<net id="63"><net_src comp="52" pin="3"/><net_sink comp="59" pin=0"/></net>

<net id="69"><net_src comp="10" pin="0"/><net_sink comp="64" pin=0"/></net>

<net id="70"><net_src comp="12" pin="0"/><net_sink comp="64" pin=1"/></net>

<net id="75"><net_src comp="64" pin="3"/><net_sink comp="71" pin=0"/></net>

<net id="89"><net_src comp="4" pin="0"/><net_sink comp="86" pin=0"/></net>

<net id="93"><net_src comp="86" pin="1"/><net_sink comp="90" pin=0"/></net>

<net id="94"><net_src comp="90" pin="1"/><net_sink comp="40" pin=2"/></net>

<net id="99"><net_src comp="86" pin="1"/><net_sink comp="95" pin=0"/></net>

<net id="100"><net_src comp="14" pin="0"/><net_sink comp="95" pin=1"/></net>

<net id="105"><net_src comp="95" pin="2"/><net_sink comp="101" pin=0"/></net>

<net id="106"><net_src comp="16" pin="0"/><net_sink comp="101" pin=1"/></net>

<net id="111"><net_src comp="86" pin="1"/><net_sink comp="107" pin=0"/></net>

<net id="112"><net_src comp="18" pin="0"/><net_sink comp="107" pin=1"/></net>

<net id="118"><net_src comp="101" pin="2"/><net_sink comp="113" pin=0"/></net>

<net id="119"><net_src comp="107" pin="2"/><net_sink comp="113" pin=1"/></net>

<net id="120"><net_src comp="95" pin="2"/><net_sink comp="113" pin=2"/></net>

<net id="125"><net_src comp="113" pin="3"/><net_sink comp="121" pin=0"/></net>

<net id="126"><net_src comp="4" pin="0"/><net_sink comp="121" pin=1"/></net>

<net id="130"><net_src comp="0" pin="0"/><net_sink comp="127" pin=0"/></net>

<net id="134"><net_src comp="127" pin="1"/><net_sink comp="131" pin=0"/></net>

<net id="135"><net_src comp="131" pin="1"/><net_sink comp="52" pin=2"/></net>

<net id="139"><net_src comp="47" pin="2"/><net_sink comp="136" pin=0"/></net>

<net id="143"><net_src comp="8" pin="0"/><net_sink comp="140" pin=0"/></net>

<net id="147"><net_src comp="140" pin="1"/><net_sink comp="144" pin=0"/></net>

<net id="148"><net_src comp="144" pin="1"/><net_sink comp="64" pin=2"/></net>

<net id="155"><net_src comp="20" pin="0"/><net_sink comp="149" pin=0"/></net>

<net id="156"><net_src comp="47" pin="2"/><net_sink comp="149" pin=1"/></net>

<net id="157"><net_src comp="22" pin="0"/><net_sink comp="149" pin=2"/></net>

<net id="158"><net_src comp="24" pin="0"/><net_sink comp="149" pin=3"/></net>

<net id="163"><net_src comp="127" pin="1"/><net_sink comp="159" pin=0"/></net>

<net id="164"><net_src comp="14" pin="0"/><net_sink comp="159" pin=1"/></net>

<net id="169"><net_src comp="159" pin="2"/><net_sink comp="165" pin=0"/></net>

<net id="170"><net_src comp="16" pin="0"/><net_sink comp="165" pin=1"/></net>

<net id="175"><net_src comp="127" pin="1"/><net_sink comp="171" pin=0"/></net>

<net id="176"><net_src comp="18" pin="0"/><net_sink comp="171" pin=1"/></net>

<net id="182"><net_src comp="165" pin="2"/><net_sink comp="177" pin=0"/></net>

<net id="183"><net_src comp="171" pin="2"/><net_sink comp="177" pin=1"/></net>

<net id="184"><net_src comp="159" pin="2"/><net_sink comp="177" pin=2"/></net>

<net id="189"><net_src comp="177" pin="3"/><net_sink comp="185" pin=0"/></net>

<net id="190"><net_src comp="0" pin="0"/><net_sink comp="185" pin=1"/></net>

<net id="195"><net_src comp="140" pin="1"/><net_sink comp="191" pin=0"/></net>

<net id="196"><net_src comp="14" pin="0"/><net_sink comp="191" pin=1"/></net>

<net id="201"><net_src comp="191" pin="2"/><net_sink comp="197" pin=0"/></net>

<net id="202"><net_src comp="16" pin="0"/><net_sink comp="197" pin=1"/></net>

<net id="207"><net_src comp="140" pin="1"/><net_sink comp="203" pin=0"/></net>

<net id="208"><net_src comp="18" pin="0"/><net_sink comp="203" pin=1"/></net>

<net id="214"><net_src comp="197" pin="2"/><net_sink comp="209" pin=0"/></net>

<net id="215"><net_src comp="203" pin="2"/><net_sink comp="209" pin=1"/></net>

<net id="216"><net_src comp="191" pin="2"/><net_sink comp="209" pin=2"/></net>

<net id="221"><net_src comp="209" pin="3"/><net_sink comp="217" pin=0"/></net>

<net id="222"><net_src comp="8" pin="0"/><net_sink comp="217" pin=1"/></net>

<net id="228"><net_src comp="32" pin="0"/><net_sink comp="223" pin=0"/></net>

<net id="229"><net_src comp="59" pin="2"/><net_sink comp="223" pin=1"/></net>

<net id="230"><net_src comp="34" pin="0"/><net_sink comp="223" pin=2"/></net>

<net id="236"><net_src comp="36" pin="0"/><net_sink comp="231" pin=1"/></net>

<net id="237"><net_src comp="12" pin="0"/><net_sink comp="231" pin=2"/></net>

<net id="243"><net_src comp="38" pin="0"/><net_sink comp="238" pin=0"/></net>

<net id="244"><net_src comp="223" pin="3"/><net_sink comp="238" pin=1"/></net>

<net id="248"><net_src comp="238" pin="3"/><net_sink comp="245" pin=0"/></net>

<net id="253"><net_src comp="231" pin="3"/><net_sink comp="249" pin=0"/></net>

<net id="254"><net_src comp="71" pin="2"/><net_sink comp="249" pin=1"/></net>

<net id="259"><net_src comp="249" pin="2"/><net_sink comp="255" pin=0"/></net>

<net id="260"><net_src comp="245" pin="1"/><net_sink comp="255" pin=1"/></net>

<net id="261"><net_src comp="255" pin="2"/><net_sink comp="59" pin=4"/></net>

<net id="262"><net_src comp="255" pin="2"/><net_sink comp="47" pin=4"/></net>

<net id="263"><net_src comp="255" pin="2"/><net_sink comp="71" pin=4"/></net>

<net id="267"><net_src comp="40" pin="3"/><net_sink comp="264" pin=0"/></net>

<net id="268"><net_src comp="264" pin="1"/><net_sink comp="47" pin=0"/></net>

<net id="269"><net_src comp="264" pin="1"/><net_sink comp="47" pin=3"/></net>

<net id="273"><net_src comp="52" pin="3"/><net_sink comp="270" pin=0"/></net>

<net id="274"><net_src comp="270" pin="1"/><net_sink comp="59" pin=0"/></net>

<net id="275"><net_src comp="270" pin="1"/><net_sink comp="59" pin=3"/></net>

<net id="279"><net_src comp="136" pin="1"/><net_sink comp="276" pin=0"/></net>

<net id="280"><net_src comp="276" pin="1"/><net_sink comp="231" pin=0"/></net>

<net id="284"><net_src comp="64" pin="3"/><net_sink comp="281" pin=0"/></net>

<net id="285"><net_src comp="281" pin="1"/><net_sink comp="71" pin=0"/></net>

<net id="286"><net_src comp="281" pin="1"/><net_sink comp="71" pin=3"/></net>

<net id="290"><net_src comp="149" pin="4"/><net_sink comp="287" pin=0"/></net>

<net id="291"><net_src comp="287" pin="1"/><net_sink comp="238" pin=2"/></net>

</net_list>

</model> 
---------------- Datapath Model END ------------------

* FSMD analyzer results:
  - Output states:
	Port: kk | {}
	Port: mt_kk | {}
	Port: kk_p1 | {}
	Port: mt_kkp1 | {}
	Port: kk_pm | {}
	Port: mt_kkpm | {}
  - Chain level:
	State 1
		tmp_5 : 1
		mt_kkp1_addr : 2
		mt_kkp1_load : 3
		a_assign_2 : 1
		tmp_i1 : 2
		tmp_2_i : 1
		a_assign_3 : 3
		stg_12 : 4
	State 2
		tmp : 1
		mt_kk_addr : 2
		mt_kk_load : 3
		tmp_3 : 1
		tmp_9 : 1
		mt_kkpm_addr : 2
		mt_kkpm_load : 3
		tmp_2 : 1
		a_assign : 1
		tmp_i : 2
		tmp_1_i : 1
		a_assign_1 : 3
		stg_28 : 4
		a_assign_4 : 1
		tmp_i3 : 2
		tmp_3_i : 1
		a_assign_5 : 3
		stg_33 : 4
	State 3
		tmp_1 : 1
		tmp_s : 2
		tmp_cast : 3
		tmp1 : 1
		mt_kk_new : 4
		stg_43 : 4
		stg_44 : 4
		stg_45 : 4


============================================================
+ Verbose Summary: Datapath Resource usage 
============================================================

* Functional unit list:
|----------|------------------------|---------|---------|
| Operation|     Functional Unit    |    FF   |   LUT   |
|----------|------------------------|---------|---------|
|    xor   |       tmp1_fu_249      |    0    |    87   |
|          |    mt_kk_new_fu_255    |    0    |    87   |
|----------|------------------------|---------|---------|
|          |    a_assign_3_fu_113   |    0    |    16   |
|  select  |    a_assign_1_fu_177   |    0    |    16   |
|          |    a_assign_5_fu_209   |    0    |    16   |
|          | mag01_cast_cast_fu_231 |    0    |    64   |
|----------|------------------------|---------|---------|
|          |    a_assign_2_fu_95    |    0    |    16   |
|          |     tmp_2_i_fu_107     |    0    |    16   |
|    add   |     a_assign_fu_159    |    0    |    16   |
|          |     tmp_1_i_fu_171     |    0    |    16   |
|          |    a_assign_4_fu_191   |    0    |    16   |
|          |     tmp_3_i_fu_203     |    0    |    16   |
|----------|------------------------|---------|---------|
|          |      tmp_i1_fu_101     |    0    |    20   |
|   icmp   |      tmp_i_fu_165      |    0    |    20   |
|          |      tmp_i3_fu_197     |    0    |    20   |
|----------|------------------------|---------|---------|
|          |       tmp_5_fu_90      |    0    |    0    |
|   zext   |       tmp_fu_131       |    0    |    0    |
|          |      tmp_9_fu_144      |    0    |    0    |
|          |     tmp_cast_fu_245    |    0    |    0    |
|----------|------------------------|---------|---------|
|   trunc  |      tmp_3_fu_136      |    0    |    0    |
|----------|------------------------|---------|---------|
|partselect|      tmp_2_fu_149      |    0    |    0    |
|----------|------------------------|---------|---------|
| bitselect|      tmp_1_fu_223      |    0    |    0    |
|----------|------------------------|---------|---------|
|bitconcatenate|      tmp_s_fu_238      |    0    |    0    |
|----------|------------------------|---------|---------|
|   Total  |                        |    0    |   442   |
|----------|------------------------|---------|---------|

Memories:
N/A

* Register list:
+--------------------+--------+
|                    |   FF   |
+--------------------+--------+
| mt_kk_addr_reg_270 |   10   |
|mt_kkp1_addr_reg_264|   10   |
|mt_kkpm_addr_reg_281|   10   |
|    tmp_2_reg_287   |   30   |
|    tmp_3_reg_276   |    1   |
+--------------------+--------+
|        Total       |   61   |
+--------------------+--------+

* Multiplexer (MUX) list: 
|------------------|------|------|------|--------||---------||---------|
|       Comp       |  Pin | Size |  BW  | S x BW ||  Delay  ||   LUT   |
|------------------|------|------|------|--------||---------||---------|
| grp_access_fu_47 |  p0  |   2  |  10  |   20   ||    10   |
| grp_access_fu_59 |  p0  |   2  |  10  |   20   ||    10   |
| grp_access_fu_71 |  p0  |   2  |  10  |   20   ||    10   |
|------------------|------|------|------|--------||---------||---------|
|       Total      |      |      |      |   60   ||  4.179  ||    30   |
|------------------|------|------|------|--------||---------||---------|



* Summary:
+-----------+--------+--------+--------+
|           |  Delay |   FF   |   LUT  |
+-----------+--------+--------+--------+
|  Function |    -   |    0   |   442  |
|   Memory  |    -   |    -   |    -   |
|Multiplexer|    4   |    -   |   30   |
|  Register |    -   |   61   |    -   |
+-----------+--------+--------+--------+
|   Total   |    4   |   61   |   472  |
+-----------+--------+--------+--------+
