@I [HLS-0] Workspace /home/student/vff6/ece5775/assignments/HighLevelSynth/options-accel/final_design/hls.prj/solution1 opened at Tue Dec 09 15:54:35 EST 2014
@I [HLS-100] Command 'open_solution' returned 0; elapsed 0.01Total elapsed time: 20.867 sec.
@I [HLS-100] Command "set_part xc7z020clg484-1 "
@I [HLS-100] Command "add_library xilinx/zynq/zynq:xc7z020:clg484:-1 "
@I [HLS-100] Command "get_default_platform "
@I [HLS-100] Command 'get_default_platform' returned 0; elapsed 0Total elapsed time: 20.874 sec.
@I [HLS-100] Command "license_exists VIVADO_HLS "
@I [HLS-100] Command 'license_exists' returned 1; elapsed 0.01Total elapsed time: 30.885 sec.
@I [HLS-100] Command "license_exists AUTOESL_NI "
@I [HLS-100] Command 'license_exists' returned 1; elapsed 0Total elapsed time: 40.896 sec.
@I [HLS-100] Command "license_exists HLS "
@I [HLS-100] Command 'license_exists' returned 0; elapsed 0Total elapsed time: 40.896 sec.
@I [HLS-100] Command "open_platform DefaultPlatform "
@I [HLS-100] Command 'open_platform' returned 0; elapsed 0Total elapsed time: 40.899 sec.
@I [HLS-100] Command "import_lib /opt/xilinx/Vivado_HLS/2014.2/common/technology/xilinx/zynq/zynq "
@I [HLS-100] Command "source /opt/xilinx/Vivado_HLS/2014.2/common/technology/xilinx/common/xilinx.lib "
@I [HLS-100] Command "source /opt/xilinx/Vivado_HLS/2014.2/common/technology/xilinx/interface/xilinx_interface.lib "
@I [HLS-100] Command "source /opt/xilinx/Vivado_HLS/2014.2/common/technology/xilinx/interface/plb46.lib "
@I [HLS-100] Command 'ap_source' returned 0; elapsed 0Total elapsed time: 40.903 sec.
@I [HLS-100] Command "source /opt/xilinx/Vivado_HLS/2014.2/common/technology/xilinx/interface/fsl.lib "
@I [HLS-100] Command 'ap_source' returned 0; elapsed 0Total elapsed time: 40.904 sec.
@I [HLS-100] Command "source /opt/xilinx/Vivado_HLS/2014.2/common/technology/xilinx/interface/axi4.lib "
@I [HLS-100] Command 'ap_source' returned 0; elapsed 0Total elapsed time: 40.905 sec.
@I [HLS-100] Command "source /opt/xilinx/Vivado_HLS/2014.2/common/technology/xilinx/interface/maxi.lib "
@I [HLS-100] Command 'ap_source' returned 0; elapsed 0Total elapsed time: 40.906 sec.
@I [HLS-100] Command 'ap_source' returned 0; elapsed 0Total elapsed time: 40.907 sec.
@I [HLS-100] Command "source /opt/xilinx/Vivado_HLS/2014.2/common/technology/xilinx/common/dsp48.lib "
@I [HLS-100] Command 'ap_source' returned 0; elapsed 0Total elapsed time: 40.907 sec.
@I [HLS-100] Command "source /opt/xilinx/Vivado_HLS/2014.2/common/technology/xilinx/ip/xfft.lib "
@I [HLS-100] Command 'ap_source' returned 0; elapsed 0Total elapsed time: 40.909 sec.
@I [HLS-100] Command "source /opt/xilinx/Vivado_HLS/2014.2/common/technology/xilinx/ip/xfir.lib "
@I [HLS-100] Command 'ap_source' returned 0; elapsed 0Total elapsed time: 40.910 sec.
@I [HLS-100] Command 'ap_source' returned 0; elapsed 0.01Total elapsed time: 40.913 sec.
@I [HLS-100] Command "source /opt/xilinx/Vivado_HLS/2014.2/common/technology/xilinx/common/xilinx_old.lib "
@I [HLS-100] Command 'ap_source' returned 0; elapsed 0Total elapsed time: 40.917 sec.
@I [HLS-100] Command "source /opt/xilinx/Vivado_HLS/2014.2/common/technology/xilinx/common/xilinx_vivado.lib "
@I [HLS-100] Command 'ap_source' returned 0; elapsed 0Total elapsed time: 40.919 sec.
@I [HLS-100] Command "source /opt/xilinx/Vivado_HLS/2014.2/common/technology/xilinx/common/xilinx.hlp "
@I [HLS-100] Command "source /opt/xilinx/Vivado_HLS/2014.2/common/technology/xilinx/common/target_info.tcl "
@I [HLS-100] Command 'ap_source' returned 0; elapsed 0Total elapsed time: 40.925 sec.
@I [HLS-100] Command "source /opt/xilinx/Vivado_HLS/2014.2/common/technology/xilinx/interface/xilinx_interface.hlp "
@I [HLS-100] Command "source /opt/xilinx/Vivado_HLS/2014.2/common/technology/xilinx/interface/maxi.hlp "
@I [HLS-100] Command 'ap_source' returned 0; elapsed 0Total elapsed time: 40.926 sec.
@I [HLS-100] Command 'ap_source' returned 0; elapsed 0Total elapsed time: 40.926 sec.
@I [HLS-100] Command "source /opt/xilinx/Vivado_HLS/2014.2/common/technology/xilinx/common/dsp48.hlp "
@I [HLS-100] Command 'ap_source' returned 0; elapsed 0Total elapsed time: 40.928 sec.
@I [HLS-100] Command 'ap_source' returned 0; elapsed 0Total elapsed time: 40.928 sec.
@I [HLS-100] Command "source /opt/xilinx/Vivado_HLS/2014.2/common/technology/xilinx/zynq/dsp48e1.hlp "
@I [HLS-100] Command 'ap_source' returned 0; elapsed 0Total elapsed time: 40.929 sec.
@I [HLS-100] Command "get_default_platform "
@I [HLS-100] Command 'get_default_platform' returned 0; elapsed 0Total elapsed time: 40.929 sec.
@I [HLS-100] Command "config_chip_info -quiet -resource  {SLICE 13300}  {LUT 53200}     {FF 106400} {DSP48E 220}   {BRAM 280}  "
@I [HLS-100] Command 'config_chip_info' returned 0; elapsed 0Total elapsed time: 40.930 sec.
@I [HLS-100] Command "config_chip_info -quiet -speed medium "
@I [HLS-100] Command 'config_chip_info' returned 0; elapsed 0Total elapsed time: 40.930 sec.
@I [HLS-100] Command 'import_lib' returned 0; elapsed 0.02Total elapsed time: 40.932 sec.
@I [HLS-100] Command "source /opt/xilinx/Vivado_HLS/2014.2/common/technology/xilinx/zynq/zynq.gen "
@I [HLS-100] Command "source /opt/xilinx/Vivado_HLS/2014.2/common/technology/xilinx/common/virtex.gen "
@I [HLS-100] Command "source /opt/xilinx/Vivado_HLS/2014.2/common/technology/xilinx/common/xilinx.gen "
@I [HLS-100] Command "source /opt/xilinx/Vivado_HLS/2014.2/common/technology/xilinx/interface/plb46.gen "
@I [HLS-100] Command 'ap_source' returned 0; elapsed 0Total elapsed time: 40.938 sec.
@I [HLS-100] Command "source /opt/xilinx/Vivado_HLS/2014.2/common/technology/xilinx/interface/fsl.gen "
@I [HLS-100] Command 'ap_source' returned 0; elapsed 0Total elapsed time: 40.939 sec.
@I [HLS-100] Command "source /opt/xilinx/Vivado_HLS/2014.2/common/technology/xilinx/interface/axi4.gen "
@I [HLS-100] Command 'ap_source' returned 0; elapsed 0Total elapsed time: 40.943 sec.
@I [HLS-100] Command "source /opt/xilinx/Vivado_HLS/2014.2/common/technology/xilinx/interface/nativeAXI4.gen "
@I [HLS-100] Command "source /opt/xilinx/Vivado_HLS/2014.2/common/technology/xilinx/interface/saxilite.gen "
@I [HLS-100] Command 'ap_source' returned 0; elapsed 0Total elapsed time: 40.949 sec.
@I [HLS-100] Command "source /opt/xilinx/Vivado_HLS/2014.2/common/technology/xilinx/interface/maxi.gen "
@I [HLS-100] Command 'ap_source' returned 0; elapsed 0.01Total elapsed time: 40.956 sec.
@I [HLS-100] Command 'ap_source' returned 0; elapsed 0.01Total elapsed time: 40.956 sec.
@I [HLS-100] Command "source /opt/xilinx/Vivado_HLS/2014.2/common/technology/xilinx/scripts/xilinxcoregen.gen "
@I [HLS-100] Command 'ap_source' returned 0; elapsed 0.02Total elapsed time: 40.971 sec.
@I [HLS-100] Command "source /opt/xilinx/Vivado_HLS/2014.2/common/technology/xilinx/interface/XilEDKCoreGen.gen "
@I [HLS-100] Command 'ap_source' returned 0; elapsed 0.02Total elapsed time: 40.987 sec.
@I [HLS-100] Command "source /opt/xilinx/Vivado_HLS/2014.2/common/technology/xilinx/ip/util.gen "
@I [HLS-100] Command 'ap_source' returned 0; elapsed 0Total elapsed time: 40.989 sec.
@I [HLS-100] Command "source /opt/xilinx/Vivado_HLS/2014.2/common/technology/xilinx/ip/xfft.gen "
@I [HLS-100] Command 'ap_source' returned 0; elapsed 0.2Total elapsed time: 41.195 sec.
@I [HLS-100] Command "source /opt/xilinx/Vivado_HLS/2014.2/common/technology/xilinx/ip/xfir.gen "
@I [HLS-100] Command "source /opt/xilinx/Vivado_HLS/2014.2/tps/tcl/tcllib1.11.1/struct/list.tcl "
@I [HLS-100] Command "source /opt/xilinx/Vivado_HLS/2014.2/tps/tcl/tcllib1.11.1/cmdline/cmdline.tcl "
@I [HLS-100] Command 'ap_source' returned 0; elapsed 0Total elapsed time: 41.226 sec.
@I [HLS-100] Command 'ap_source' returned 0; elapsed 0Total elapsed time: 41.227 sec.
@I [HLS-100] Command "source /opt/xilinx/Vivado_HLS/2014.2/tps/tcl/tcllib1.11.1/math/bignum.tcl "
@I [HLS-100] Command 'ap_source' returned 0; elapsed 0Total elapsed time: 41.238 sec.
@I [HLS-100] Command 'ap_source' returned 0; elapsed 0.05Total elapsed time: 41.249 sec.
@I [HLS-100] Command 'ap_source' returned 0; elapsed 0.31Total elapsed time: 41.249 sec.
@I [HLS-100] Command "source /opt/xilinx/Vivado_HLS/2014.2/common/technology/xilinx/common/dsp48.gen "
@I [HLS-100] Command 'ap_source' returned 0; elapsed 0Total elapsed time: 41.252 sec.
@I [HLS-100] Command 'ap_source' returned 0; elapsed 0.31Total elapsed time: 41.252 sec.
@I [HLS-100] Command 'ap_source' returned 0; elapsed 0.31Total elapsed time: 41.252 sec.
@I [HLS-100] Command "get_default_platform "
@I [HLS-100] Command 'get_default_platform' returned 0; elapsed 0Total elapsed time: 41.254 sec.
@I [HLS-100] Command "config_chip_info -quiet -resource  {SLICE 13300}  {LUT 53200}     {FF 106400} {DSP48E 220}   {BRAM 280}  "
@I [HLS-100] Command 'config_chip_info' returned 0; elapsed 0Total elapsed time: 41.254 sec.
@I [HLS-100] Command "config_chip_info -quiet -speed slow "
@I [HLS-100] Command 'config_chip_info' returned 0; elapsed 0Total elapsed time: 41.254 sec.
@I [HLS-100] Command 'add_library' returned 0; elapsed 0.36Total elapsed time: 41.256 sec.
@I [HLS-100] Command "add_library xilinx/zynq/zynq_fpv6 "
@I [HLS-100] Command "get_default_platform "
@I [HLS-100] Command 'get_default_platform' returned 0; elapsed 0Total elapsed time: 41.257 sec.
@I [HLS-100] Command "license_exists VIVADO_HLS "
@I [HLS-100] Command 'license_exists' returned 1; elapsed 0.01Total elapsed time: 51.268 sec.
@I [HLS-100] Command "license_exists AUTOESL_NI "
@I [HLS-100] Command 'license_exists' returned 1; elapsed 0Total elapsed time: 61.279 sec.
@I [HLS-100] Command "license_exists HLS "
@I [HLS-100] Command 'license_exists' returned 0; elapsed 0Total elapsed time: 61.279 sec.
@I [HLS-100] Command "open_platform DefaultPlatform "
@I [HLS-100] Command 'open_platform' returned 0; elapsed 0Total elapsed time: 61.281 sec.
@I [HLS-100] Command "import_lib /opt/xilinx/Vivado_HLS/2014.2/common/technology/xilinx/zynq/zynq_fpv6 "
@I [HLS-100] Command "source /opt/xilinx/Vivado_HLS/2014.2/common/technology/xilinx/common/xilinx_fpv7.lib "
@I [HLS-100] Command "source /opt/xilinx/Vivado_HLS/2014.2/common/technology/xilinx/common/xilinx_fpv6.lib "
@I [HLS-100] Command 'ap_source' returned 0; elapsed 0.01Total elapsed time: 61.286 sec.
@I [HLS-100] Command 'ap_source' returned 0; elapsed 0.01Total elapsed time: 61.288 sec.
@I [HLS-100] Command 'import_lib' returned 0; elapsed 0.03Total elapsed time: 61.309 sec.
@I [HLS-100] Command "source /opt/xilinx/Vivado_HLS/2014.2/common/technology/xilinx/zynq/zynq_fpv6.gen "
@I [HLS-100] Command "source /opt/xilinx/Vivado_HLS/2014.2/common/technology/xilinx/common/xilinx_fpv6.gen "
@I [HLS-100] Command 'ap_source' returned 0; elapsed 0Total elapsed time: 61.313 sec.
@I [HLS-100] Command 'ap_source' returned 0; elapsed 0Total elapsed time: 61.313 sec.
@I [HLS-100] Command 'add_library' returned 0; elapsed 0.04Total elapsed time: 61.318 sec.
@I [HLS-10] Setting target device to 'xc7z020clg484-1'
@I [HLS-100] Command 'set_part' returned 0; elapsed 0.4Total elapsed time: 61.318 sec.
@I [HLS-100] Command "create_clock -period 10 "
@I [HLS-100] Command "config_clock -quiet -name default -period 10 -default=false "
@I [SYN-201] Setting up clock 'default' with a period of 10ns.
@I [HLS-100] Command 'config_clock' returned 0; elapsed 0Total elapsed time: 61.321 sec.
@I [HLS-100] Command 'create_clock' returned 0; elapsed 0Total elapsed time: 61.321 sec.
@I [HLS-100] Command "csynth_design "
@I [HLS-100] Command "elaborate -effort=medium -skip_syncheck=0 -lm=0 -skip_transform=0 -ng=0 -g=0 -opt_fp=0 "
@I [HLS-10] Analyzing design file 'mt19937ar.c' ... 
@0 [HLS-0] Analyzing design file 'mt19937ar.c' ... 
@I [HLS-0] Compiling one TU...
@I [HLS-0] 
Checking before pre-process: exec clang -fno-limit-debug-info -gcc-toolchain "/opt/xilinx/Vivado_HLS/2014.2/lnx64/tools/gcc" -hls    -D "__asm__(...)=" -fno-math-errno -c -emit-llvm -O0  -mllvm -disable-llvm-optzns -std=gnu89   -DAESL_SYN -D__SYNTHESIS__ -D__HLS_SYN__ -I "/opt/xilinx/Vivado_HLS/2014.2/common/technology/autopilot" -I "/opt/xilinx/Vivado_HLS/2014.2/common/technology/autopilot/ap_sysc" -include etc/autopilot_ssdm_op.h  "mt19937ar.c"  -o "/home/student/vff6/ece5775/assignments/HighLevelSynth/options-accel/final_design/hls.prj/solution1/.autopilot/db/mt19937ar.pp.00.o"

@I [HLS-0] Syntax Checker time: 0 seconds per iteration
@I [HLS-0] 
Source preprocessing: exec clang -fno-limit-debug-info -gcc-toolchain "/opt/xilinx/Vivado_HLS/2014.2/lnx64/tools/gcc" -hls -fno-exceptions  -D__llvm__  -CC -E "mt19937ar.c"     -D "__asm__(...)=" -fno-math-errno -c -emit-llvm -O0  -mllvm -disable-llvm-optzns -std=gnu89   -DAESL_SYN -D__SYNTHESIS__ -D__HLS_SYN__ -I "/opt/xilinx/Vivado_HLS/2014.2/common/technology/autopilot" -I "/opt/xilinx/Vivado_HLS/2014.2/common/technology/autopilot/ap_sysc" -include etc/autopilot_ssdm_op.h -D "__asm__(...)="  -o "/home/student/vff6/ece5775/assignments/HighLevelSynth/options-accel/final_design/hls.prj/solution1/.autopilot/db/mt19937ar.pp.0.c"

@I [HLS-0] GCC PP time: 0 seconds per iteration
@I [HLS-100] Command "list_core -type functional_unit "
@I [HLS-100] Command 'list_core' returned 0; elapsed 0Total elapsed time: 61.482 sec.
@I [HLS-0] Marker-Pragma convertor: /home/student/vff6/ece5775/assignments/HighLevelSynth/options-accel/final_design/hls.prj/solution1/.autopilot/db/mt19937ar.pp.0.c /home/student/vff6/ece5775/assignments/HighLevelSynth/options-accel/final_design/hls.prj/solution1/.autopilot/db/mt19937ar.pp.0.c.ap-line.c /home/student/vff6/ece5775/assignments/HighLevelSynth/options-accel/final_design/hls.prj/solution1/.autopilot/db/mt19937ar.pp.0.c.ap-line.c.CXX 1
@I [HLS-0] 
Source processor: exec /opt/xilinx/Vivado_HLS/2014.2/tps/lnx64/jre/bin/java -Xmx512m -classpath   "/opt/xilinx/Vivado_HLS/2014.2/lib/classes/autopilot.sourceprocessor.jar:/opt/xilinx/Vivado_HLS/2014.2/lib/classes/org.eclipse.cdt.core_5.3.0.xilinx_patch.jar:/opt/xilinx/Vivado_HLS/2014.2/lib/classes/org.eclipse.core.runtime_3.7.0.v20110110.jar:/opt/xilinx/Vivado_HLS/2014.2/lib/classes/org.eclipse.equinox.common_3.6.0.v20110523.jar:/opt/xilinx/Vivado_HLS/2014.2/lib/classes/com.ibm.icu_4.4.2.v20110208.jar:/opt/xilinx/Vivado_HLS/2014.2/lib/classes/jargs.jar:/opt/xilinx/Vivado_HLS/2014.2/lnx64/tools/eclipse/plugins/org.eclipse.emf.common_2.7.0.v20120127-1122.jar:/opt/xilinx/Vivado_HLS/2014.2/lnx64/tools/eclipse/plugins/org.eclipse.emf.ecore_2.7.0.v20120127-1122.jar:/opt/xilinx/Vivado_HLS/2014.2/lnx64/tools/eclipse/plugins/org.eclipse.emf.ecore.xmi_2.7.0.v20120127-1122.jar:/opt/xilinx/Vivado_HLS/2014.2/lnx64/tools/eclipse/plugins/com.autoesl.autopilot.ui.directiveFileModel_1.0.0.jar:/opt/xilinx/Vivado_HLS/2014.2/lnx64/tools/eclipse/plugins/com.autoesl.autopilot.ui.common_1.0.0.jar"  autopilot.sourceprocessor.CParser  "/home/student/vff6/ece5775/assignments/HighLevelSynth/options-accel/final_design/hls.prj/solution1/.autopilot/db/mt19937ar.pp.0.c.ap-line.c"  -m "BlackScholes" -o "/home/student/vff6/ece5775/assignments/HighLevelSynth/options-accel/final_design/hls.prj/solution1/.autopilot/db/mt19937ar.pp.0.c.ap-cdt.c" -c --ad --pc --pp --directive /home/student/vff6/ece5775/assignments/HighLevelSynth/options-accel/final_design/hls.prj/solution1/solution1.directive --source /home/student/vff6/ece5775/assignments/HighLevelSynth/options-accel/final_design/mt19937ar.c --error /home/student/vff6/ece5775/assignments/HighLevelSynth/options-accel/final_design/hls.prj/solution1/.autopilot/db --funcunit "AddSub AddSubnS Mul MulnS Mul2S Mul3S Mul4S Mul5S Mul6S DivnS AddSub_DSP FDiv FSqrt DDiv DSqrt DRecip DRSqrt FAddSub_nodsp FAddSub_fulldsp FMul_nodsp FMul_meddsp FMul_fulldsp FMul_maxdsp FRSqrt_nodsp FRSqrt_fulldsp FRecip_nodsp FRecip_fulldsp FLog_nodsp FLog_meddsp FLog_fulldsp FExp_nodsp FExp_meddsp FExp_fulldsp DAddSub_nodsp DAddSub_fulldsp DMul_nodsp DMul_meddsp DMul_fulldsp DMul_maxdsp DLog_nodsp DLog_meddsp DLog_fulldsp DExp_nodsp DExp_meddsp DExp_fulldsp" --ce --tcl /home/student/vff6/ece5775/assignments/HighLevelSynth/options-accel/final_design/hls.prj/solution1/.autopilot/db --lp --ca --gf --df --pd --p2d /home/student/vff6/ece5775/assignments/HighLevelSynth/options-accel/final_design/hls.prj/solution1/.autopilot/db --sd --scff /home/student/vff6/ece5775/assignments/HighLevelSynth/options-accel/final_design/hls.prj/solution1/.autopilot/db/.systemc_flag

@I [HLS-0] Marker-Pragma convertor: /home/student/vff6/ece5775/assignments/HighLevelSynth/options-accel/final_design/hls.prj/solution1/.autopilot/db/mt19937ar.pp.0.c.ap-cdt.c /home/student/vff6/ece5775/assignments/HighLevelSynth/options-accel/final_design/hls.prj/solution1/.autopilot/db/mt19937ar.pragma.0.c /home/student/vff6/ece5775/assignments/HighLevelSynth/options-accel/final_design/hls.prj/solution1/.autopilot/db/mt19937ar.pragma.0.c.ap-line.CXX 0
@I [HLS-100] Command "source /home/student/vff6/ece5775/assignments/HighLevelSynth/options-accel/final_design/hls.prj/solution1/.autopilot/db/pragma.status.tcl "
@I [HLS-100] Command 'ap_source' returned 0; elapsed 0Total elapsed time: 63.401 sec.
@I [HLS-0] CDT processor time: 1 seconds per iteration
@I [HLS-0] Pragma handling time: 0 seconds per iteration
@I [HLS-0] 
Source preprocessing: exec clang -fno-limit-debug-info -gcc-toolchain "/opt/xilinx/Vivado_HLS/2014.2/lnx64/tools/gcc" -hls -fno-exceptions  -D__llvm__  -CC -E "/home/student/vff6/ece5775/assignments/HighLevelSynth/options-accel/final_design/hls.prj/solution1/.autopilot/db/mt19937ar.pragma.1.c"     -D "__asm__(...)=" -fno-math-errno -c -emit-llvm -O0  -mllvm -disable-llvm-optzns -std=gnu89   -DAESL_SYN -D__SYNTHESIS__ -D__HLS_SYN__ -I "/opt/xilinx/Vivado_HLS/2014.2/common/technology/autopilot" -I "/opt/xilinx/Vivado_HLS/2014.2/common/technology/autopilot/ap_sysc" -include etc/autopilot_ssdm_op.h -D "__asm__(...)="  -o "/home/student/vff6/ece5775/assignments/HighLevelSynth/options-accel/final_design/hls.prj/solution1/.autopilot/db/mt19937ar.pragma.2.c"

@I [HLS-0] exec clang -fno-limit-debug-info -gcc-toolchain /opt/xilinx/Vivado_HLS/2014.2/lnx64/tools/gcc -hls -fno-exceptions  -D__llvm__  -w  "/home/student/vff6/ece5775/assignments/HighLevelSynth/options-accel/final_design/hls.prj/solution1/.autopilot/db/mt19937ar.pragma.2.c"    -D "__asm__(...)=" -fno-math-errno -c -emit-llvm -O0  -mllvm -disable-llvm-optzns -std=gnu89  -DAESL_SYN -D__SYNTHESIS__ -D__HLS_SYN__ -I "/opt/xilinx/Vivado_HLS/2014.2/common/technology/autopilot" -I "/opt/xilinx/Vivado_HLS/2014.2/common/technology/autopilot/ap_sysc" -include etc/autopilot_ssdm_op.h -g -o "/home/student/vff6/ece5775/assignments/HighLevelSynth/options-accel/final_design/hls.prj/solution1/.autopilot/db/mt19937ar.g.bc"
@I [HLS-10] Analyzing design file 'CND.c' ... 
@0 [HLS-0] Analyzing design file 'CND.c' ... 
@I [HLS-0] Compiling one TU...
@I [HLS-0] 
Checking before pre-process: exec clang -fno-limit-debug-info -gcc-toolchain "/opt/xilinx/Vivado_HLS/2014.2/lnx64/tools/gcc" -hls    -D "__asm__(...)=" -fno-math-errno -c -emit-llvm -O0  -mllvm -disable-llvm-optzns -std=gnu89   -DAESL_SYN -D__SYNTHESIS__ -D__HLS_SYN__ -I "/opt/xilinx/Vivado_HLS/2014.2/common/technology/autopilot" -I "/opt/xilinx/Vivado_HLS/2014.2/common/technology/autopilot/ap_sysc" -include etc/autopilot_ssdm_op.h  "CND.c"  -o "/home/student/vff6/ece5775/assignments/HighLevelSynth/options-accel/final_design/hls.prj/solution1/.autopilot/db/CND.pp.00.o"

@I [HLS-0] Syntax Checker time: 0 seconds per iteration
@I [HLS-0] 
Source preprocessing: exec clang -fno-limit-debug-info -gcc-toolchain "/opt/xilinx/Vivado_HLS/2014.2/lnx64/tools/gcc" -hls -fno-exceptions  -D__llvm__  -CC -E "CND.c"     -D "__asm__(...)=" -fno-math-errno -c -emit-llvm -O0  -mllvm -disable-llvm-optzns -std=gnu89   -DAESL_SYN -D__SYNTHESIS__ -D__HLS_SYN__ -I "/opt/xilinx/Vivado_HLS/2014.2/common/technology/autopilot" -I "/opt/xilinx/Vivado_HLS/2014.2/common/technology/autopilot/ap_sysc" -include etc/autopilot_ssdm_op.h -D "__asm__(...)="  -o "/home/student/vff6/ece5775/assignments/HighLevelSynth/options-accel/final_design/hls.prj/solution1/.autopilot/db/CND.pp.0.c"

@I [HLS-0] GCC PP time: 0 seconds per iteration
@I [HLS-100] Command "list_core -type functional_unit "
@I [HLS-100] Command 'list_core' returned 0; elapsed 0Total elapsed time: 63.670 sec.
@I [HLS-0] Marker-Pragma convertor: /home/student/vff6/ece5775/assignments/HighLevelSynth/options-accel/final_design/hls.prj/solution1/.autopilot/db/CND.pp.0.c /home/student/vff6/ece5775/assignments/HighLevelSynth/options-accel/final_design/hls.prj/solution1/.autopilot/db/CND.pp.0.c.ap-line.c /home/student/vff6/ece5775/assignments/HighLevelSynth/options-accel/final_design/hls.prj/solution1/.autopilot/db/CND.pp.0.c.ap-line.c.CXX 1
@I [HLS-0] 
Source processor: exec /opt/xilinx/Vivado_HLS/2014.2/tps/lnx64/jre/bin/java -Xmx512m -classpath   "/opt/xilinx/Vivado_HLS/2014.2/lib/classes/autopilot.sourceprocessor.jar:/opt/xilinx/Vivado_HLS/2014.2/lib/classes/org.eclipse.cdt.core_5.3.0.xilinx_patch.jar:/opt/xilinx/Vivado_HLS/2014.2/lib/classes/org.eclipse.core.runtime_3.7.0.v20110110.jar:/opt/xilinx/Vivado_HLS/2014.2/lib/classes/org.eclipse.equinox.common_3.6.0.v20110523.jar:/opt/xilinx/Vivado_HLS/2014.2/lib/classes/com.ibm.icu_4.4.2.v20110208.jar:/opt/xilinx/Vivado_HLS/2014.2/lib/classes/jargs.jar:/opt/xilinx/Vivado_HLS/2014.2/lnx64/tools/eclipse/plugins/org.eclipse.emf.common_2.7.0.v20120127-1122.jar:/opt/xilinx/Vivado_HLS/2014.2/lnx64/tools/eclipse/plugins/org.eclipse.emf.ecore_2.7.0.v20120127-1122.jar:/opt/xilinx/Vivado_HLS/2014.2/lnx64/tools/eclipse/plugins/org.eclipse.emf.ecore.xmi_2.7.0.v20120127-1122.jar:/opt/xilinx/Vivado_HLS/2014.2/lnx64/tools/eclipse/plugins/com.autoesl.autopilot.ui.directiveFileModel_1.0.0.jar:/opt/xilinx/Vivado_HLS/2014.2/lnx64/tools/eclipse/plugins/com.autoesl.autopilot.ui.common_1.0.0.jar"  autopilot.sourceprocessor.CParser  "/home/student/vff6/ece5775/assignments/HighLevelSynth/options-accel/final_design/hls.prj/solution1/.autopilot/db/CND.pp.0.c.ap-line.c"  -m "BlackScholes" -o "/home/student/vff6/ece5775/assignments/HighLevelSynth/options-accel/final_design/hls.prj/solution1/.autopilot/db/CND.pp.0.c.ap-cdt.c" -c --ad --pc --pp --directive /home/student/vff6/ece5775/assignments/HighLevelSynth/options-accel/final_design/hls.prj/solution1/solution1.directive --source /home/student/vff6/ece5775/assignments/HighLevelSynth/options-accel/final_design/CND.c --error /home/student/vff6/ece5775/assignments/HighLevelSynth/options-accel/final_design/hls.prj/solution1/.autopilot/db --funcunit "AddSub AddSubnS Mul MulnS Mul2S Mul3S Mul4S Mul5S Mul6S DivnS AddSub_DSP FDiv FSqrt DDiv DSqrt DRecip DRSqrt FAddSub_nodsp FAddSub_fulldsp FMul_nodsp FMul_meddsp FMul_fulldsp FMul_maxdsp FRSqrt_nodsp FRSqrt_fulldsp FRecip_nodsp FRecip_fulldsp FLog_nodsp FLog_meddsp FLog_fulldsp FExp_nodsp FExp_meddsp FExp_fulldsp DAddSub_nodsp DAddSub_fulldsp DMul_nodsp DMul_meddsp DMul_fulldsp DMul_maxdsp DLog_nodsp DLog_meddsp DLog_fulldsp DExp_nodsp DExp_meddsp DExp_fulldsp" --ce --tcl /home/student/vff6/ece5775/assignments/HighLevelSynth/options-accel/final_design/hls.prj/solution1/.autopilot/db --lp --ca --gf --df --pd --p2d /home/student/vff6/ece5775/assignments/HighLevelSynth/options-accel/final_design/hls.prj/solution1/.autopilot/db --sd --scff /home/student/vff6/ece5775/assignments/HighLevelSynth/options-accel/final_design/hls.prj/solution1/.autopilot/db/.systemc_flag

@I [HLS-0] Marker-Pragma convertor: /home/student/vff6/ece5775/assignments/HighLevelSynth/options-accel/final_design/hls.prj/solution1/.autopilot/db/CND.pp.0.c.ap-cdt.c /home/student/vff6/ece5775/assignments/HighLevelSynth/options-accel/final_design/hls.prj/solution1/.autopilot/db/CND.pragma.0.c /home/student/vff6/ece5775/assignments/HighLevelSynth/options-accel/final_design/hls.prj/solution1/.autopilot/db/CND.pragma.0.c.ap-line.CXX 0
@I [HLS-100] Command "source /home/student/vff6/ece5775/assignments/HighLevelSynth/options-accel/final_design/hls.prj/solution1/.autopilot/db/pragma.status.tcl "
@I [HLS-100] Command 'ap_source' returned 0; elapsed 0Total elapsed time: 66.255 sec.
@I [HLS-0] CDT processor time: 2 seconds per iteration
@I [HLS-0] Pragma handling time: 0 seconds per iteration
@I [HLS-0] 
Source preprocessing: exec clang -fno-limit-debug-info -gcc-toolchain "/opt/xilinx/Vivado_HLS/2014.2/lnx64/tools/gcc" -hls -fno-exceptions  -D__llvm__  -CC -E "/home/student/vff6/ece5775/assignments/HighLevelSynth/options-accel/final_design/hls.prj/solution1/.autopilot/db/CND.pragma.1.c"     -D "__asm__(...)=" -fno-math-errno -c -emit-llvm -O0  -mllvm -disable-llvm-optzns -std=gnu89   -DAESL_SYN -D__SYNTHESIS__ -D__HLS_SYN__ -I "/opt/xilinx/Vivado_HLS/2014.2/common/technology/autopilot" -I "/opt/xilinx/Vivado_HLS/2014.2/common/technology/autopilot/ap_sysc" -include etc/autopilot_ssdm_op.h -D "__asm__(...)="  -o "/home/student/vff6/ece5775/assignments/HighLevelSynth/options-accel/final_design/hls.prj/solution1/.autopilot/db/CND.pragma.2.c"

@I [HLS-0] exec clang -fno-limit-debug-info -gcc-toolchain /opt/xilinx/Vivado_HLS/2014.2/lnx64/tools/gcc -hls -fno-exceptions  -D__llvm__  -w  "/home/student/vff6/ece5775/assignments/HighLevelSynth/options-accel/final_design/hls.prj/solution1/.autopilot/db/CND.pragma.2.c"    -D "__asm__(...)=" -fno-math-errno -c -emit-llvm -O0  -mllvm -disable-llvm-optzns -std=gnu89  -DAESL_SYN -D__SYNTHESIS__ -D__HLS_SYN__ -I "/opt/xilinx/Vivado_HLS/2014.2/common/technology/autopilot" -I "/opt/xilinx/Vivado_HLS/2014.2/common/technology/autopilot/ap_sysc" -include etc/autopilot_ssdm_op.h -g -o "/home/student/vff6/ece5775/assignments/HighLevelSynth/options-accel/final_design/hls.prj/solution1/.autopilot/db/CND.g.bc"
@I [HLS-10] Analyzing design file 'BlackScholes.c' ... 
@0 [HLS-0] Analyzing design file 'BlackScholes.c' ... 
@I [HLS-0] Compiling one TU...
@I [HLS-0] 
Checking before pre-process: exec clang -fno-limit-debug-info -gcc-toolchain "/opt/xilinx/Vivado_HLS/2014.2/lnx64/tools/gcc" -hls    -D "__asm__(...)=" -fno-math-errno -c -emit-llvm -O0  -mllvm -disable-llvm-optzns -std=gnu89   -DAESL_SYN -D__SYNTHESIS__ -D__HLS_SYN__ -I "/opt/xilinx/Vivado_HLS/2014.2/common/technology/autopilot" -I "/opt/xilinx/Vivado_HLS/2014.2/common/technology/autopilot/ap_sysc" -include etc/autopilot_ssdm_op.h  "BlackScholes.c"  -o "/home/student/vff6/ece5775/assignments/HighLevelSynth/options-accel/final_design/hls.prj/solution1/.autopilot/db/BlackScholes.pp.00.o"

@I [HLS-0] Syntax Checker time: 0 seconds per iteration
@I [HLS-0] 
Source preprocessing: exec clang -fno-limit-debug-info -gcc-toolchain "/opt/xilinx/Vivado_HLS/2014.2/lnx64/tools/gcc" -hls -fno-exceptions  -D__llvm__  -CC -E "BlackScholes.c"     -D "__asm__(...)=" -fno-math-errno -c -emit-llvm -O0  -mllvm -disable-llvm-optzns -std=gnu89   -DAESL_SYN -D__SYNTHESIS__ -D__HLS_SYN__ -I "/opt/xilinx/Vivado_HLS/2014.2/common/technology/autopilot" -I "/opt/xilinx/Vivado_HLS/2014.2/common/technology/autopilot/ap_sysc" -include etc/autopilot_ssdm_op.h -D "__asm__(...)="  -o "/home/student/vff6/ece5775/assignments/HighLevelSynth/options-accel/final_design/hls.prj/solution1/.autopilot/db/BlackScholes.pp.0.c"

@I [HLS-0] GCC PP time: 0 seconds per iteration
@I [HLS-100] Command "list_core -type functional_unit "
@I [HLS-100] Command 'list_core' returned 0; elapsed 0Total elapsed time: 66.605 sec.
@I [HLS-0] Marker-Pragma convertor: /home/student/vff6/ece5775/assignments/HighLevelSynth/options-accel/final_design/hls.prj/solution1/.autopilot/db/BlackScholes.pp.0.c /home/student/vff6/ece5775/assignments/HighLevelSynth/options-accel/final_design/hls.prj/solution1/.autopilot/db/BlackScholes.pp.0.c.ap-line.c /home/student/vff6/ece5775/assignments/HighLevelSynth/options-accel/final_design/hls.prj/solution1/.autopilot/db/BlackScholes.pp.0.c.ap-line.c.CXX 1
@I [HLS-0] 
Source processor: exec /opt/xilinx/Vivado_HLS/2014.2/tps/lnx64/jre/bin/java -Xmx512m -classpath   "/opt/xilinx/Vivado_HLS/2014.2/lib/classes/autopilot.sourceprocessor.jar:/opt/xilinx/Vivado_HLS/2014.2/lib/classes/org.eclipse.cdt.core_5.3.0.xilinx_patch.jar:/opt/xilinx/Vivado_HLS/2014.2/lib/classes/org.eclipse.core.runtime_3.7.0.v20110110.jar:/opt/xilinx/Vivado_HLS/2014.2/lib/classes/org.eclipse.equinox.common_3.6.0.v20110523.jar:/opt/xilinx/Vivado_HLS/2014.2/lib/classes/com.ibm.icu_4.4.2.v20110208.jar:/opt/xilinx/Vivado_HLS/2014.2/lib/classes/jargs.jar:/opt/xilinx/Vivado_HLS/2014.2/lnx64/tools/eclipse/plugins/org.eclipse.emf.common_2.7.0.v20120127-1122.jar:/opt/xilinx/Vivado_HLS/2014.2/lnx64/tools/eclipse/plugins/org.eclipse.emf.ecore_2.7.0.v20120127-1122.jar:/opt/xilinx/Vivado_HLS/2014.2/lnx64/tools/eclipse/plugins/org.eclipse.emf.ecore.xmi_2.7.0.v20120127-1122.jar:/opt/xilinx/Vivado_HLS/2014.2/lnx64/tools/eclipse/plugins/com.autoesl.autopilot.ui.directiveFileModel_1.0.0.jar:/opt/xilinx/Vivado_HLS/2014.2/lnx64/tools/eclipse/plugins/com.autoesl.autopilot.ui.common_1.0.0.jar"  autopilot.sourceprocessor.CParser  "/home/student/vff6/ece5775/assignments/HighLevelSynth/options-accel/final_design/hls.prj/solution1/.autopilot/db/BlackScholes.pp.0.c.ap-line.c"  -m "BlackScholes" -o "/home/student/vff6/ece5775/assignments/HighLevelSynth/options-accel/final_design/hls.prj/solution1/.autopilot/db/BlackScholes.pp.0.c.ap-cdt.c" -c --ad --pc --pp --directive /home/student/vff6/ece5775/assignments/HighLevelSynth/options-accel/final_design/hls.prj/solution1/solution1.directive --source /home/student/vff6/ece5775/assignments/HighLevelSynth/options-accel/final_design/BlackScholes.c --error /home/student/vff6/ece5775/assignments/HighLevelSynth/options-accel/final_design/hls.prj/solution1/.autopilot/db --funcunit "AddSub AddSubnS Mul MulnS Mul2S Mul3S Mul4S Mul5S Mul6S DivnS AddSub_DSP FDiv FSqrt DDiv DSqrt DRecip DRSqrt FAddSub_nodsp FAddSub_fulldsp FMul_nodsp FMul_meddsp FMul_fulldsp FMul_maxdsp FRSqrt_nodsp FRSqrt_fulldsp FRecip_nodsp FRecip_fulldsp FLog_nodsp FLog_meddsp FLog_fulldsp FExp_nodsp FExp_meddsp FExp_fulldsp DAddSub_nodsp DAddSub_fulldsp DMul_nodsp DMul_meddsp DMul_fulldsp DMul_maxdsp DLog_nodsp DLog_meddsp DLog_fulldsp DExp_nodsp DExp_meddsp DExp_fulldsp" --ce --tcl /home/student/vff6/ece5775/assignments/HighLevelSynth/options-accel/final_design/hls.prj/solution1/.autopilot/db --lp --ca --gf --df --pd --p2d /home/student/vff6/ece5775/assignments/HighLevelSynth/options-accel/final_design/hls.prj/solution1/.autopilot/db --sd --scff /home/student/vff6/ece5775/assignments/HighLevelSynth/options-accel/final_design/hls.prj/solution1/.autopilot/db/.systemc_flag

@I [HLS-0] Marker-Pragma convertor: /home/student/vff6/ece5775/assignments/HighLevelSynth/options-accel/final_design/hls.prj/solution1/.autopilot/db/BlackScholes.pp.0.c.ap-cdt.c /home/student/vff6/ece5775/assignments/HighLevelSynth/options-accel/final_design/hls.prj/solution1/.autopilot/db/BlackScholes.pragma.0.c /home/student/vff6/ece5775/assignments/HighLevelSynth/options-accel/final_design/hls.prj/solution1/.autopilot/db/BlackScholes.pragma.0.c.ap-line.CXX 0
@I [HLS-100] Command "source /home/student/vff6/ece5775/assignments/HighLevelSynth/options-accel/final_design/hls.prj/solution1/.autopilot/db/pragma.status.tcl "
@I [HLS-100] Command 'ap_source' returned 0; elapsed 0Total elapsed time: 69.358 sec.
@I [HLS-0] CDT processor time: 2 seconds per iteration
@I [HLS-0] Pragma handling time: 0 seconds per iteration
@I [HLS-0] 
Source preprocessing: exec clang -fno-limit-debug-info -gcc-toolchain "/opt/xilinx/Vivado_HLS/2014.2/lnx64/tools/gcc" -hls -fno-exceptions  -D__llvm__  -CC -E "/home/student/vff6/ece5775/assignments/HighLevelSynth/options-accel/final_design/hls.prj/solution1/.autopilot/db/BlackScholes.pragma.1.c"     -D "__asm__(...)=" -fno-math-errno -c -emit-llvm -O0  -mllvm -disable-llvm-optzns -std=gnu89   -DAESL_SYN -D__SYNTHESIS__ -D__HLS_SYN__ -I "/opt/xilinx/Vivado_HLS/2014.2/common/technology/autopilot" -I "/opt/xilinx/Vivado_HLS/2014.2/common/technology/autopilot/ap_sysc" -include etc/autopilot_ssdm_op.h -D "__asm__(...)="  -o "/home/student/vff6/ece5775/assignments/HighLevelSynth/options-accel/final_design/hls.prj/solution1/.autopilot/db/BlackScholes.pragma.2.c"

@I [HLS-0] exec clang -fno-limit-debug-info -gcc-toolchain /opt/xilinx/Vivado_HLS/2014.2/lnx64/tools/gcc -hls -fno-exceptions  -D__llvm__  -w  "/home/student/vff6/ece5775/assignments/HighLevelSynth/options-accel/final_design/hls.prj/solution1/.autopilot/db/BlackScholes.pragma.2.c"    -D "__asm__(...)=" -fno-math-errno -c -emit-llvm -O0  -mllvm -disable-llvm-optzns -std=gnu89  -DAESL_SYN -D__SYNTHESIS__ -D__HLS_SYN__ -I "/opt/xilinx/Vivado_HLS/2014.2/common/technology/autopilot" -I "/opt/xilinx/Vivado_HLS/2014.2/common/technology/autopilot/ap_sysc" -include etc/autopilot_ssdm_op.h -g -o "/home/student/vff6/ece5775/assignments/HighLevelSynth/options-accel/final_design/hls.prj/solution1/.autopilot/db/BlackScholes.g.bc"
@I [HLS-10] Validating synthesis directives ...
@0 [HLS-0] Validating synthesis directives ...
@I [HLS-100] Command "source /home/student/vff6/ece5775/assignments/HighLevelSynth/options-accel/final_design/hls.prj/solution1/.autopilot/db/pragma.status.tcl "
@I [HLS-100] Command 'ap_source' returned 0; elapsed 0Total elapsed time: 69.567 sec.
@I [HLS-0] Linking all ...
@I [HLS-0] exec llvm-ld  "/home/student/vff6/ece5775/assignments/HighLevelSynth/options-accel/final_design/hls.prj/solution1/.autopilot/db/mt19937ar.bc" "/home/student/vff6/ece5775/assignments/HighLevelSynth/options-accel/final_design/hls.prj/solution1/.autopilot/db/CND.bc" "/home/student/vff6/ece5775/assignments/HighLevelSynth/options-accel/final_design/hls.prj/solution1/.autopilot/db/BlackScholes.bc"  -disable-opt  -L/opt/xilinx/Vivado_HLS/2014.2/lnx64/lib -lm_basic -o "/home/student/vff6/ece5775/assignments/HighLevelSynth/options-accel/final_design/hls.prj/solution1/.autopilot/db/a.o.pre"
@I [HLS-0] Link time: 6 seconds per iteration
@I [HLS-0] Linking all ...
@I [HLS-0] exec llvm-ld  "/home/student/vff6/ece5775/assignments/HighLevelSynth/options-accel/final_design/hls.prj/solution1/.autopilot/db/mt19937ar.g.bc" "/home/student/vff6/ece5775/assignments/HighLevelSynth/options-accel/final_design/hls.prj/solution1/.autopilot/db/CND.g.bc" "/home/student/vff6/ece5775/assignments/HighLevelSynth/options-accel/final_design/hls.prj/solution1/.autopilot/db/BlackScholes.g.bc"  -disable-opt  -L/opt/xilinx/Vivado_HLS/2014.2/lnx64/lib -lm_basic -o "/home/student/vff6/ece5775/assignments/HighLevelSynth/options-accel/final_design/hls.prj/solution1/.autopilot/db/a.g.pre"
@I [HLS-0] Link time: 6 seconds per iteration
@I [HLS-100] Command "opt_and_import_c a -opt_level=2 -skip_syncheck=0 -ng=0 "
@I [HLS-100] Command "cleanup_all_models "
@I [HLS-100] Command 'cleanup_all_models' returned 0; elapsed 0Total elapsed time: 83.512 sec.
@I [HLS-10] Starting code transformations ...
@0 [HLS-0] Starting code transformations ...
@I [HLS-0] std xform: transform -hls -share-std-xform -always-inline -promote-dbg-pointer  -interface-preproc  -scalarrepl -mem2reg -keep-read-access -instcombine -dce  -promote-dbg-pointer  -bitop-raise  -indvars -loop-simplify -xunroll  -constprop -instcombine -simplifycfg -indvars  -simplifycfg -dce -globaldce  -basicaa  -simplifycfg -mem2reg -globalopt  -global-constprop -deadargelim -instcombine -simplifycfg  -prune-eh -simplifycfg  -scalarrepl -instcombine -reassociate -licm  -simplifycfg -loop-simplify -indvars -instcombine  -simplifycfg -mem2reg -loop-simplify -indvars -instcombine  -gvn -gvn -instcombine -adce  -break-crit-edges  -simplifycfg -loop-delete  -global-array-opt -dce -dse -adce  -find-syn-modules -top BlackScholes  -deadargelim  -mem2reg -instcombine -dce  -presyn-prepare -auto-rom-infer  -syn-check -check-rec-only  -find-region -simplifycfg -func-extr -function-inline  -mem2reg -instcombine -dce   -gvn -adce -adse  -constprop -instcombine -bit-constprop  -instcombine -dce -simplifycfg -bitop-raise  -simplifycfg -dce -loop-delete  -globalopt -global-privatize -mem2reg -dce  -global-constprop -pointer-simplify -constprop -dce  -func-inst  -promote-dbg-pointer  -norm-name   /home/student/vff6/ece5775/assignments/HighLevelSynth/options-accel/final_design/hls.prj/solution1/.autopilot/db/a.g.0.bc -o /home/student/vff6/ece5775/assignments/HighLevelSynth/options-accel/final_design/hls.prj/solution1/.autopilot/db/a.g.1.bc -f  -phase std-opt
@I [XFORM-603] Inlining function 'ap_fixed_base<136, 84, false, (ap_q_mode)5, (ap_o_mode)3, 0>::operator<<' into 'hls::cast_IEEE754<unsigned int, double>' (/proj/buildscratch/builds/2014.2/continuous/20140611121610/src/products/hls/hls_lib/src/hls/hls_round.h:395).
@I [XFORM-603] Inlining function 'ap_fixed_base<1, 33, false, (ap_q_mode)5, (ap_o_mode)0, 0>::overflow_adjust' into 'ap_fixed_base<1, 33, false, (ap_q_mode)5, (ap_o_mode)0, 0>::ap_fixed_base<84, 84, false, (ap_q_mode)5, (ap_o_mode)3, 0>' ().
@I [HLS-0] Std xform time: 7 seconds per iteration
@I [HLS-10] Checking synthesizability ...
@0 [HLS-0] Checking synthesizability ...
@I [HLS-0] syn check 1/2: transform -hls -syn-check -check-rec-only -disaggr -scalarrepl -norm-name -dce  -mem2reg -instcombine  -directive-preproc -mem2reg -dse -dce -auto-rom-infer -dce  -array-normalize -instcombine -dce  -array-seg-normalize -instcombine -dce  -array-flatten -instcombine -dce  -array-burst -dce  -deadargelim -promote-global-argument  -doublePtrSimplify -doublePtrElim -dce  -doublePtrSimplify -promote-dbg-pointer  -dce -scalarrepl -dse -adse -instcombine  -ptrLegalization  -simplifycfg -dce -instcombine  -pointer-simplify -ptrArgReplace -dce -instcombine   -disaggr -scalarrepl -norm-name -dce  -mem2reg -instcombine -ptrLegalization   -simplifycfg  -instcombine -dce -inst-simplify  -directive-preproc -mem2reg -dse -dce  -globaldce    /home/student/vff6/ece5775/assignments/HighLevelSynth/options-accel/final_design/hls.prj/solution1/.autopilot/db/a.g.1.bc -o /home/student/vff6/ece5775/assignments/HighLevelSynth/options-accel/final_design/hls.prj/solution1/.autopilot/db/a.g.2.prechk.bc -f
@I [HLS-0] Syn check 1/2 time: 2 seconds per iteration
@I [HLS-0] syn check 2/2: transform -syn-check   -interface-gen -constprop -dse -dce  /home/student/vff6/ece5775/assignments/HighLevelSynth/options-accel/final_design/hls.prj/solution1/.autopilot/db/a.g.2.prechk.bc -o /home/student/vff6/ece5775/assignments/HighLevelSynth/options-accel/final_design/hls.prj/solution1/.autopilot/db/a.g.2.bc -f  -phase syn-check
@I [HLS-0] Syn check 2/2 time: 1 seconds per iteration
@I [HLS-0] Compiler optimizing ...
@I [HLS-0] Share syncheck's 1.bc for syn flow: copy /home/student/vff6/ece5775/assignments/HighLevelSynth/options-accel/final_design/hls.prj/solution1/.autopilot/db/a.g.1.bc to /home/student/vff6/ece5775/assignments/HighLevelSynth/options-accel/final_design/hls.prj/solution1/.autopilot/db/a.o.1.bc
@I [HLS-0] presyn 1: transform -hls  -directive-preproc -mem2reg -dse -dce  -disaggr -scalarrepl -norm-name -deadargelim  -mem2reg -instcombine -dce -auto-rom-infer -dce  -directive-preproc -mem2reg -dse -dce  -func-buffer -dce -array-normalize  -func-legal -instcombine -gvn -constprop -dce   -ptrArgReplace -mem2reg -instcombine -dce  -array-seg-normalize -deadargelim  -instcombine -dce  -pointer-simplify -dce  -port-alignment -dce  -data-pack -instcombine -dce   -loop-simplify -indvars -instcombine  -gvn -loop-simplify -mem2reg -dce -simplifycfg  -find-region -instcombine  -array-burst -dce  -auto-loop-pipeline  -inst-simplify  -interface-preproc  -indvars -auto-loop-unroll -loop-simplify -loop-bound -xunroll  -constprop -instcombine -simplifycfg -indvars  -simplifycfg -dce -globaldce  -gvn -disable-agg-range -inst-simplify  -constprop -simplifycfg -dce  -pointer-simplify -dce  -array-transform-check  -globalopt -constprop -dce  -array-promote -constprop -instcombine -dce -auto-par -array-partition -instcombine -simplifycfg -dce  -ptrArgReplace -global-constprop -deadargelim -mem2reg  -func-legal -instcombine -dce -global-constprop -deadargelim -mem2reg  -instcombine -simplifycfg -dce  -array-reshape -instcombine -simplifycfg -dce   -mem-intrinsic-preproc -dce  -global-privatize  -mem2reg -globaldce  -promote-global-argument  -ptrArgReplace -mem2reg -instcombine -dce  -globalopt -mergereturn -simplify-global-access -mem2reg -dce  -pointer-simplify -dce  -functionattrs  -basicaa -aggr-aa -aggrmodref-aa -aggr-aa -gvn -gvn  -basicaa -aggr-aa -aggrmodref-aa -aggr-aa -dse -adse -adce  -inst-simplify -dce -norm-name  -function-inline  -func-inst -constprop -instcombine -simplifycfg -dce  -func-legal -dce   -directive-preproc -mem2reg -dse -dce  -loop-bound  -arraycheck -bitwidthmin -on-by-dataflow  -instcombine -simplifycfg -dce -loop-simplify -simplifycfg -loop-stream -instcombine -simplifycfg -dce -globaldce  -funstream-prep -function-stream -dce -globaldce  -array-streaming -instcombine -simplifycfg -dce      -group-axi-access  -simplifycfg -dce -loop-delete  -norm-name  /home/student/vff6/ece5775/assignments/HighLevelSynth/options-accel/final_design/hls.prj/solution1/.autopilot/db/a.o.1.bc -o /home/student/vff6/ece5775/assignments/HighLevelSynth/options-accel/final_design/hls.prj/solution1/.autopilot/db/a.o.1.tmp.bc -f
@I [XFORM-602] Inlining function 'mod_N' into 'rand_uint32' (mt19937ar.c:141) automatically.
@I [XFORM-602] Inlining function 'mod_N_p1' into 'rand_uint32' (mt19937ar.c:142) automatically.
@I [XFORM-602] Inlining function 'mod_N_pm' into 'rand_uint32' (mt19937ar.c:143) automatically.
@I [XFORM-602] Inlining function 'fp_struct<double>::data' into 'fp_struct<double>::to_double' (/proj/buildscratch/builds/2014.2/continuous/20140611121610/src/products/hls/hls_lib/src/hls/utils/x_hls_utils.h:504) automatically.
@I [XFORM-602] Inlining function 'fp_struct<double>::to_double' into 'fp_struct<double>::to_ieee' (/proj/buildscratch/builds/2014.2/continuous/20140611121610/src/products/hls/hls_lib/src/hls/utils/x_hls_utils.h:518) automatically.
@I [XFORM-602] Inlining function 'fp_struct<double>::to_ieee' into 'hls::copysign' (/proj/buildscratch/builds/2014.2/continuous/20140611121610/src/products/hls/hls_lib/src/hls_math.h:254) automatically.
@I [XFORM-602] Inlining function 'hls::copysign' into 'hls::fabs' (/proj/buildscratch/builds/2014.2/continuous/20140611121610/src/products/hls/hls_lib/src/hls_math.h:276) automatically.
@I [XFORM-602] Inlining function 'hls::fabs' into 'fabs' (/proj/buildscratch/builds/2014.2/continuous/20140611121610/src/products/hls/hls_lib/src/lib_hlsm.cpp:134) automatically.
@I [XFORM-602] Inlining function 'fabs' into 'CND' (CND.c:22) automatically.
@I [XFORM-602] Inlining function 'fp_struct<double>::mantissa' into 'hls::cast_IEEE754<unsigned int, double>' (/proj/buildscratch/builds/2014.2/continuous/20140611121610/src/products/hls/hls_lib/src/hls/hls_round.h:392) automatically.
@I [XFORM-602] Inlining function 'fp_struct<double>::expv' into 'hls::cast_IEEE754<unsigned int, double>' (/proj/buildscratch/builds/2014.2/continuous/20140611121610/src/products/hls/hls_lib/src/hls/hls_round.h:395) automatically.
@I [XFORM-602] Inlining function 'hls::cast_IEEE754<unsigned int, double>' into '__hls_fptoui_double_i32' (/proj/buildscratch/builds/2014.2/continuous/20140611121610/src/products/hls/hls_lib/src/lib_floatconversion.cpp:53) automatically.
@I [HLS-0] Presyn 1 time: 2 seconds per iteration
@I [HLS-0] presyn 2: transform -hls -keep-callgraph -scalarrepl -mem2reg  -port-alignment -dce  -indvars -loop-bound  -inst-simplify -instcombine -dce  -merge-array-access -mem2reg -dce  -clean-region -mergereturn -if-conv  -instcombine -dce -constprop  -basicaa -aggr-aa -aggrmodref-aa -aggr-aa -gvn -gvn  -basicaa -aggr-aa -aggrmodref-aa -aggr-aa -dse -adse -adce  -scalarrepl -mem2reg  -global-constprop -deadargelim -deadargelim  -instcombine -dce -simplifycfg    -ptrArgReplace -mem2reg -function-inline  -mem2reg -instcombine -dce -expr-balance  -instcombine -dce  -bitwidthmin  -directive-preproc  -inst-rectify -instcombine -dce  -functionattrs  -constprop -instcombine -bit-constprop  -simplify-global-access  -globalopt -globaldce  -inst-simplify -instcombine -elimdeaddata -dce  -loop-delete -simplifycfg   -norm-name /home/student/vff6/ece5775/assignments/HighLevelSynth/options-accel/final_design/hls.prj/solution1/.autopilot/db/a.o.1.tmp.bc -o /home/student/vff6/ece5775/assignments/HighLevelSynth/options-accel/final_design/hls.prj/solution1/.autopilot/db/a.o.2.bc -f  -phase presyn
@I [XFORM-401] Performing if-conversion on hyperblock from (CND.c:12:19) to (CND.c:31:3) in function 'CND'... converting 3 basic blocks.
@I [XFORM-401] Performing if-conversion on hyperblock from (/proj/buildscratch/builds/2014.2/continuous/20140611121610/src/products/hls/hls_lib/src/lib_floatconversion.cpp:53:45) to (/proj/buildscratch/builds/2014.2/continuous/20140611121610/src/products/hls/hls_lib/src/lib_floatconversion.cpp:53:57) in function '__hls_fptoui_double_i32'... converting 4 basic blocks.
@I [XFORM-602] Inlining function '__hls_fptoui_double_i32' into 'BlackScholes' (BlackScholes.c:47) automatically.
@I [HLS-0] Presyn 2 time: 1 seconds per iteration
@I [HLS-0] build ssdm: transform -hls -function-uniquify -auto-function-inline  -loop-simplify -indvars -licm -loop-dep  -loop-bound -licm -loop-simplify -flattenloopnest  -array-flatten -gvn -instcombine -dce  -promote-global-argument  -array-map -dce -func-legal  -gvn -adce -instcombine -cfgopt -simplifycfg -loop-simplify   -axi4-lower -array-seg-normalize  -basicaa -aggrmodref-aa -globalsmodref-aa -aggr-aa -gvn -gvn  -basicaa -aggrmodref-aa -globalsmodref-aa -aggr-aa -dse -adse -adce  -inst-simplify -dce  -globaldce -array-streaming -instcombine  -dce   -deadargelim -doublePtrSimplify -doublePtrElim  -dce -doublePtrSimplify -promote-dbg-pointer -dce  -scalarrepl -mem2reg -disaggr -norm-name -mem2reg  -instcombine  -dse -adse -adce -ptrLegalization -dce -auto-rom-infer -dce -instcombine  -loop-rot -constprop -cfgopt -simplifycfg -indvars -pointer-simplify -dce -loop-bound  -loop-simplify -loop-preproc  -constprop -gvn -mem2reg -instcombine -dce  -loop-merge -dce  -bitwidthmin  -directive-preproc -inst-simplify -dce  -interface-gen -gvn -mem2reg -instcombine -dce -adse  -loop-bound  -instcombine -cfgopt -simplifycfg -loop-simplify  -clean-region -io-protocol  -find-region -mem2reg  -loop-simplify -phi-opt -bitop-raise  -inst-simplify -inst-rectify -instcombine -adce -deadargelim  -cfgopt -simplifycfg -strip-dead-prototypes  -interface-lower -bitop-lower -intrinsic-lower  -basicaa -aggrmodref-aa -globalsmodref-aa -aggr-aa  -inst-simplify -simplifycfg   -mergereturn -inst-simplify -inst-rectify  -dce -bitop-lower  -loop-rewind -pointer-simplify -dce -cfgopt  -norm-name -legalize -read-loop-dep -dce -bitwidth   -cdfg-build  /home/student/vff6/ece5775/assignments/HighLevelSynth/options-accel/final_design/hls.prj/solution1/.autopilot/db/a.o.2.bc -o /home/student/vff6/ece5775/assignments/HighLevelSynth/options-accel/final_design/hls.prj/solution1/.autopilot/db/a.o.3.bc -f  -phase build-ssdm
@I [ANALYSIS-51] Setting 'None' inter dependency for variable 'mt_kk' in region (mt19937ar.c:87).
@I [ANALYSIS-51] Setting 'None' inter dependency for variable 'mt_kkp1' in region (mt19937ar.c:87).
@I [ANALYSIS-51] Setting 'None' inter dependency for variable 'mt_kkpm' in region (mt19937ar.c:87).
@I [HLS-0] Build ssdm time: 2 seconds per iteration
@I [HLS-0] Finish building internal data model.
@I [HLS-100] Command 'opt_and_import_c' returned 0; elapsed 17.29Total elapsed time: 112.653 sec.
@I [HLS-111] Elapsed time: 18.89 seconds; current memory usage: 458 MB.
@I [HLS-100] Command 'elaborate' returned 0; elapsed 17.99Total elapsed time: 112.666 sec.
@I [HLS-100] Command "autosyn "
@I [HLS-10] Starting hardware synthesis ...
@0 [HLS-0] Starting hardware synthesis ...
@I [HLS-0] Synthesizing C/C++ design ...
@I [HLS-10] Synthesizing 'BlackScholes' ...
@0 [HLS-0] Synthesizing 'BlackScholes' ...
@I [HLS-100] Command "ap_set_top_model BlackScholes "
@I [HLS-100] Command 'ap_set_top_model' returned 0; elapsed 0Total elapsed time: 112.668 sec.
@I [HLS-100] Command "get_model_list BlackScholes -filter all-wo-channel -topdown "
@I [HLS-100] Command 'get_model_list' returned 0; elapsed 0Total elapsed time: 112.668 sec.
@I [HLS-100] Command "preproc_iomode -model BlackScholes "
@I [HLS-100] Command 'preproc_iomode' returned 0; elapsed 0Total elapsed time: 112.669 sec.
@I [HLS-100] Command "preproc_iomode -model BlackScholes_CND "
@I [HLS-100] Command 'preproc_iomode' returned 0; elapsed 0Total elapsed time: 112.670 sec.
@I [HLS-100] Command "preproc_iomode -model BlackScholes_rand_uint32 "
@I [HLS-100] Command 'preproc_iomode' returned 0; elapsed 0Total elapsed time: 112.670 sec.
@I [HLS-100] Command "get_model_list BlackScholes -filter all-wo-channel "
@I [HLS-100] Command 'get_model_list' returned 0; elapsed 0Total elapsed time: 112.671 sec.
@I [HLS-0] Model list for configure: BlackScholes_rand_uint32 BlackScholes_CND BlackScholes
@I [HLS-0] Configuring Module : BlackScholes_rand_uint32 ...
@I [HLS-100] Command "set_default_model BlackScholes_rand_uint32 "
@I [HLS-100] Command 'set_default_model' returned 0; elapsed 0Total elapsed time: 112.671 sec.
@I [HLS-100] Command "apply_spec_resource_limit BlackScholes_rand_uint32 "
@I [HLS-100] Command 'apply_spec_resource_limit' returned 0; elapsed 0Total elapsed time: 112.671 sec.
@I [HLS-0] Configuring Module : BlackScholes_CND ...
@I [HLS-100] Command "set_default_model BlackScholes_CND "
@I [HLS-100] Command 'set_default_model' returned 0; elapsed 0Total elapsed time: 112.671 sec.
@I [HLS-100] Command "apply_spec_resource_limit BlackScholes_CND "
@I [HLS-100] Command 'apply_spec_resource_limit' returned 0; elapsed 0Total elapsed time: 112.671 sec.
@I [HLS-0] Configuring Module : BlackScholes ...
@I [HLS-100] Command "set_default_model BlackScholes "
@I [HLS-100] Command 'set_default_model' returned 0; elapsed 0Total elapsed time: 112.672 sec.
@I [HLS-100] Command "apply_spec_resource_limit BlackScholes "
@I [HLS-100] Command 'apply_spec_resource_limit' returned 0; elapsed 0Total elapsed time: 112.672 sec.
@I [HLS-0] Model list for preprocess: BlackScholes_rand_uint32 BlackScholes_CND BlackScholes
@I [HLS-0] Preprocessing Module: BlackScholes_rand_uint32 ...
@I [HLS-100] Command "set_default_model BlackScholes_rand_uint32 "
@I [HLS-100] Command 'set_default_model' returned 0; elapsed 0Total elapsed time: 112.672 sec.
@I [HLS-100] Command "cdfg_preprocess -model BlackScholes_rand_uint32 "
@I [HLS-100] Command 'cdfg_preprocess' returned 0; elapsed 0.01Total elapsed time: 112.674 sec.
@I [HLS-100] Command "rtl_gen_preprocess BlackScholes_rand_uint32 "
@I [HLS-100] Command 'rtl_gen_preprocess' returned 0; elapsed 0Total elapsed time: 112.676 sec.
@I [HLS-0] Preprocessing Module: BlackScholes_CND ...
@I [HLS-100] Command "set_default_model BlackScholes_CND "
@I [HLS-100] Command 'set_default_model' returned 0; elapsed 0Total elapsed time: 112.676 sec.
@I [HLS-100] Command "cdfg_preprocess -model BlackScholes_CND "
@I [HLS-100] Command 'cdfg_preprocess' returned 0; elapsed 0Total elapsed time: 112.676 sec.
@I [HLS-100] Command "rtl_gen_preprocess BlackScholes_CND "
@I [HLS-100] Command 'rtl_gen_preprocess' returned 0; elapsed 0Total elapsed time: 112.677 sec.
@I [HLS-0] Preprocessing Module: BlackScholes ...
@I [HLS-100] Command "set_default_model BlackScholes "
@I [HLS-100] Command 'set_default_model' returned 0; elapsed 0Total elapsed time: 112.678 sec.
@I [HLS-100] Command "cdfg_preprocess -model BlackScholes "
@I [HLS-100] Command 'cdfg_preprocess' returned 0; elapsed 0Total elapsed time: 112.680 sec.
@I [HLS-100] Command "rtl_gen_preprocess BlackScholes "
@I [HLS-100] Command 'rtl_gen_preprocess' returned 0; elapsed 0Total elapsed time: 112.681 sec.
@I [HLS-0] Model list for synthesis: BlackScholes_rand_uint32 BlackScholes_CND BlackScholes
@I [HLS-10] ----------------------------------------------------------------
@0 [HLS-0] ----------------------------------------------------------------
@I [HLS-10] -- Scheduling module 'BlackScholes_rand_uint32' 
@0 [HLS-0] -- Scheduling module 'BlackScholes_rand_uint32' 
@I [HLS-10] ----------------------------------------------------------------
@0 [HLS-0] ----------------------------------------------------------------
@I [HLS-100] Command "set_default_model BlackScholes_rand_uint32 "
@I [HLS-100] Command 'set_default_model' returned 0; elapsed 0Total elapsed time: 112.682 sec.
@I [HLS-100] Command "schedule -model BlackScholes_rand_uint32 "
@I [SCHED-11] Starting scheduling ...
@I [SCHED-61] Pipelining function 'BlackScholes_rand_uint32'.
@I [SCHED-61] Pipelining result: Target II: 1, Final II: 1, Depth: 3.
@I [SCHED-11] Finished scheduling.
@I [HLS-100] Command 'schedule' returned 0; elapsed 0.17Total elapsed time: 112.852 sec.
@I [HLS-111] Elapsed time: 0.19 seconds; current memory usage: 459 MB.
@I [HLS-100] Command "report -o /home/student/vff6/ece5775/assignments/HighLevelSynth/options-accel/final_design/hls.prj/solution1/.autopilot/db/BlackScholes_rand_uint32.verbose.sched.rpt -verbose -f "
@I [HLS-100] Command 'report' returned 0; elapsed 0.01Total elapsed time: 112.878 sec.
@I [HLS-100] Command "db_write -o /home/student/vff6/ece5775/assignments/HighLevelSynth/options-accel/final_design/hls.prj/solution1/.autopilot/db/BlackScholes_rand_uint32.sched.adb -f "
@I [HLS-100] Command 'db_write' returned 0; elapsed 0.02Total elapsed time: 112.898 sec.
@I [HLS-0] Finish scheduling BlackScholes_rand_uint32.
@I [HLS-10] ----------------------------------------------------------------
@0 [HLS-0] ----------------------------------------------------------------
@I [HLS-10] -- Exploring micro-architecture for module 'BlackScholes_rand_uint32' 
@0 [HLS-0] -- Exploring micro-architecture for module 'BlackScholes_rand_uint32' 
@I [HLS-10] ----------------------------------------------------------------
@0 [HLS-0] ----------------------------------------------------------------
@I [HLS-100] Command "set_default_model BlackScholes_rand_uint32 "
@I [HLS-100] Command 'set_default_model' returned 0; elapsed 0Total elapsed time: 112.900 sec.
@I [HLS-100] Command "bind -model BlackScholes_rand_uint32 "
@I [BIND-110] clear=
@I [BIND-110] debug=
@I [BIND-110] drf=
@I [BIND-110] effort=
@I [BIND-110] fast_refine=
@I [BIND-110] fu_weight=[ 0.0 -- 1.0 ]
@I [BIND-110] global_opt=
@I [BIND-110] gsearch=
@I [BIND-110] help=
@I [BIND-110] help-hidden=
@I [BIND-110] min_mem_port=
@I [BIND-110] min_op=
@I [BIND-110] minreg=
@I [BIND-110] ml=
@I [BIND-110] model=BlackScholes_rand_uint32
@I [BIND-110] no_false_path=
@I [BIND-110] no_min_op=
@I [BIND-110] normalize=
@I [BIND-110] quiet=
@I [BIND-110] refine=
@I [BIND-110] reg_weight=[ 0.0 -- 1.0 ]
@I [BIND-110] search=
@I [BIND-110] tight_delay=
@I [BIND-110] verbose=
@I [BIND-110] wFF=
@I [BIND-110] wFU=
@I [BIND-110] wMUX=
@I [BIND-110] wNET=
@I [BIND-100] Starting micro-architecture generation ...
@I [BIND-101] Performing variable lifetime analysis.
@I [BIND-101] Exploring resource sharing.
@I [BIND-101] Binding ...
@I [BIND-100] Finished micro-architecture generation.
@I [HLS-100] Command 'bind' returned 0; elapsed 0.02Total elapsed time: 112.916 sec.
@I [HLS-111] Elapsed time: 0.06 seconds; current memory usage: 459 MB.
@I [HLS-100] Command "report -o /home/student/vff6/ece5775/assignments/HighLevelSynth/options-accel/final_design/hls.prj/solution1/.autopilot/db/BlackScholes_rand_uint32.verbose.bind.rpt -verbose -f "
@I [HLS-100] Command 'report' returned 0; elapsed 0.03Total elapsed time: 112.968 sec.
@I [HLS-100] Command "db_write -o /home/student/vff6/ece5775/assignments/HighLevelSynth/options-accel/final_design/hls.prj/solution1/.autopilot/db/BlackScholes_rand_uint32.bind.adb -f "
@I [HLS-100] Command 'db_write' returned 0; elapsed 0.01Total elapsed time: 112.991 sec.
@I [HLS-0] Finish binding BlackScholes_rand_uint32.
@I [HLS-10] ----------------------------------------------------------------
@0 [HLS-0] ----------------------------------------------------------------
@I [HLS-10] -- Scheduling module 'BlackScholes_CND' 
@0 [HLS-0] -- Scheduling module 'BlackScholes_CND' 
@I [HLS-10] ----------------------------------------------------------------
@0 [HLS-0] ----------------------------------------------------------------
@I [HLS-100] Command "set_default_model BlackScholes_CND "
@I [HLS-100] Command 'set_default_model' returned 0; elapsed 0Total elapsed time: 112.992 sec.
@I [HLS-100] Command "schedule -model BlackScholes_CND "
@I [SCHED-11] Starting scheduling ...
@I [SCHED-61] Pipelining function 'BlackScholes_CND'.
@I [SCHED-61] Pipelining result: Target II: 1, Final II: 1, Depth: 69.
@I [SCHED-11] Finished scheduling.
@I [HLS-100] Command 'schedule' returned 0; elapsed 0.19Total elapsed time: 113.193 sec.
@I [HLS-111] Elapsed time: 0.25 seconds; current memory usage: 460 MB.
@I [HLS-100] Command "report -o /home/student/vff6/ece5775/assignments/HighLevelSynth/options-accel/final_design/hls.prj/solution1/.autopilot/db/BlackScholes_CND.verbose.sched.rpt -verbose -f "
@I [HLS-100] Command 'report' returned 0; elapsed 0.01Total elapsed time: 113.224 sec.
@I [HLS-100] Command "db_write -o /home/student/vff6/ece5775/assignments/HighLevelSynth/options-accel/final_design/hls.prj/solution1/.autopilot/db/BlackScholes_CND.sched.adb -f "
@I [HLS-100] Command 'db_write' returned 0; elapsed 0.02Total elapsed time: 113.247 sec.
@I [HLS-0] Finish scheduling BlackScholes_CND.
@I [HLS-10] ----------------------------------------------------------------
@0 [HLS-0] ----------------------------------------------------------------
@I [HLS-10] -- Exploring micro-architecture for module 'BlackScholes_CND' 
@0 [HLS-0] -- Exploring micro-architecture for module 'BlackScholes_CND' 
@I [HLS-10] ----------------------------------------------------------------
@0 [HLS-0] ----------------------------------------------------------------
@I [HLS-100] Command "set_default_model BlackScholes_CND "
@I [HLS-100] Command 'set_default_model' returned 0; elapsed 0Total elapsed time: 113.248 sec.
@I [HLS-100] Command "bind -model BlackScholes_CND "
@I [BIND-110] clear=
@I [BIND-110] debug=
@I [BIND-110] drf=
@I [BIND-110] effort=
@I [BIND-110] fast_refine=
@I [BIND-110] fu_weight=[ 0.0 -- 1.0 ]
@I [BIND-110] global_opt=
@I [BIND-110] gsearch=
@I [BIND-110] help=
@I [BIND-110] help-hidden=
@I [BIND-110] min_mem_port=
@I [BIND-110] min_op=
@I [BIND-110] minreg=
@I [BIND-110] ml=
@I [BIND-110] model=BlackScholes_CND
@I [BIND-110] no_false_path=
@I [BIND-110] no_min_op=
@I [BIND-110] normalize=
@I [BIND-110] quiet=
@I [BIND-110] refine=
@I [BIND-110] reg_weight=[ 0.0 -- 1.0 ]
@I [BIND-110] search=
@I [BIND-110] tight_delay=
@I [BIND-110] verbose=
@I [BIND-110] wFF=
@I [BIND-110] wFU=
@I [BIND-110] wMUX=
@I [BIND-110] wNET=
@I [BIND-100] Starting micro-architecture generation ...
@I [BIND-101] Performing variable lifetime analysis.
@I [BIND-101] Exploring resource sharing.
@I [BIND-101] Binding ...
@I [BIND-100] Finished micro-architecture generation.
@I [HLS-100] Command 'bind' returned 0; elapsed 0.03Total elapsed time: 113.268 sec.
@I [HLS-111] Elapsed time: 0.07 seconds; current memory usage: 460 MB.
@I [HLS-100] Command "report -o /home/student/vff6/ece5775/assignments/HighLevelSynth/options-accel/final_design/hls.prj/solution1/.autopilot/db/BlackScholes_CND.verbose.bind.rpt -verbose -f "
@I [HLS-100] Command 'report' returned 0; elapsed 0.05Total elapsed time: 113.327 sec.
@I [HLS-100] Command "db_write -o /home/student/vff6/ece5775/assignments/HighLevelSynth/options-accel/final_design/hls.prj/solution1/.autopilot/db/BlackScholes_CND.bind.adb -f "
@I [HLS-100] Command 'db_write' returned 0; elapsed 0.02Total elapsed time: 113.356 sec.
@I [HLS-0] Finish binding BlackScholes_CND.
@I [HLS-10] ----------------------------------------------------------------
@0 [HLS-0] ----------------------------------------------------------------
@I [HLS-10] -- Scheduling module 'BlackScholes' 
@0 [HLS-0] -- Scheduling module 'BlackScholes' 
@I [HLS-10] ----------------------------------------------------------------
@0 [HLS-0] ----------------------------------------------------------------
@I [HLS-100] Command "set_default_model BlackScholes "
@I [HLS-100] Command 'set_default_model' returned 0; elapsed 0Total elapsed time: 113.357 sec.
@I [HLS-100] Command "schedule -model BlackScholes "
@I [SCHED-11] Starting scheduling ...
@I [SCHED-61] Pipelining function 'BlackScholes'.
@I [SCHED-61] Pipelining result: Target II: 1, Final II: 1, Depth: 309.
@I [SCHED-11] Finished scheduling.
@I [HLS-100] Command 'schedule' returned 0; elapsed 0.69Total elapsed time: 114.43 sec.
@I [HLS-111] Elapsed time: 0.76 seconds; current memory usage: 462 MB.
@I [HLS-100] Command "report -o /home/student/vff6/ece5775/assignments/HighLevelSynth/options-accel/final_design/hls.prj/solution1/.autopilot/db/BlackScholes.verbose.sched.rpt -verbose -f "
@I [HLS-100] Command 'report' returned 0; elapsed 0.09Total elapsed time: 114.156 sec.
@I [HLS-100] Command "db_write -o /home/student/vff6/ece5775/assignments/HighLevelSynth/options-accel/final_design/hls.prj/solution1/.autopilot/db/BlackScholes.sched.adb -f "
@I [HLS-100] Command 'db_write' returned 0; elapsed 0.1Total elapsed time: 114.261 sec.
@I [HLS-0] Finish scheduling BlackScholes.
@I [HLS-10] ----------------------------------------------------------------
@0 [HLS-0] ----------------------------------------------------------------
@I [HLS-10] -- Exploring micro-architecture for module 'BlackScholes' 
@0 [HLS-0] -- Exploring micro-architecture for module 'BlackScholes' 
@I [HLS-10] ----------------------------------------------------------------
@0 [HLS-0] ----------------------------------------------------------------
@I [HLS-100] Command "set_default_model BlackScholes "
@I [HLS-100] Command 'set_default_model' returned 0; elapsed 0Total elapsed time: 114.261 sec.
@I [HLS-100] Command "bind -model BlackScholes "
@I [BIND-110] clear=
@I [BIND-110] debug=
@I [BIND-110] drf=
@I [BIND-110] effort=
@I [BIND-110] fast_refine=
@I [BIND-110] fu_weight=[ 0.0 -- 1.0 ]
@I [BIND-110] global_opt=
@I [BIND-110] gsearch=
@I [BIND-110] help=
@I [BIND-110] help-hidden=
@I [BIND-110] min_mem_port=
@I [BIND-110] min_op=
@I [BIND-110] minreg=
@I [BIND-110] ml=
@I [BIND-110] model=BlackScholes
@I [BIND-110] no_false_path=
@I [BIND-110] no_min_op=
@I [BIND-110] normalize=
@I [BIND-110] quiet=
@I [BIND-110] refine=
@I [BIND-110] reg_weight=[ 0.0 -- 1.0 ]
@I [BIND-110] search=
@I [BIND-110] tight_delay=
@I [BIND-110] verbose=
@I [BIND-110] wFF=
@I [BIND-110] wFU=
@I [BIND-110] wMUX=
@I [BIND-110] wNET=
@I [BIND-100] Starting micro-architecture generation ...
@I [BIND-101] Performing variable lifetime analysis.
@I [BIND-101] Exploring resource sharing.
@I [BIND-101] Binding ...
@I [BIND-100] Finished micro-architecture generation.
@I [HLS-100] Command 'bind' returned 0; elapsed 0.38Total elapsed time: 114.643 sec.
@I [HLS-111] Elapsed time: 0.57 seconds; current memory usage: 465 MB.
@I [HLS-100] Command "report -o /home/student/vff6/ece5775/assignments/HighLevelSynth/options-accel/final_design/hls.prj/solution1/.autopilot/db/BlackScholes.verbose.bind.rpt -verbose -f "
@I [HLS-100] Command 'report' returned 0; elapsed 0.29Total elapsed time: 114.946 sec.
@I [HLS-100] Command "db_write -o /home/student/vff6/ece5775/assignments/HighLevelSynth/options-accel/final_design/hls.prj/solution1/.autopilot/db/BlackScholes.bind.adb -f "
@I [HLS-100] Command 'db_write' returned 0; elapsed 0.13Total elapsed time: 115.80 sec.
@I [HLS-0] Finish binding BlackScholes.
@I [HLS-100] Command "get_model_list BlackScholes -filter all-wo-channel "
@I [HLS-100] Command 'get_model_list' returned 0; elapsed 0Total elapsed time: 115.80 sec.
@I [HLS-0] Preprocessing for RTLGen ...
@I [HLS-100] Command "rtl_gen_preprocess BlackScholes_rand_uint32 "
@I [HLS-100] Command 'rtl_gen_preprocess' returned 0; elapsed 0Total elapsed time: 115.81 sec.
@I [HLS-100] Command "rtl_gen_preprocess BlackScholes_CND "
@I [HLS-100] Command 'rtl_gen_preprocess' returned 0; elapsed 0Total elapsed time: 115.82 sec.
@I [HLS-100] Command "rtl_gen_preprocess BlackScholes "
@I [HLS-100] Command 'rtl_gen_preprocess' returned 0; elapsed 0Total elapsed time: 115.83 sec.
@I [HLS-0] Model list for RTL generation: BlackScholes_rand_uint32 BlackScholes_CND BlackScholes
@I [HLS-10] ----------------------------------------------------------------
@0 [HLS-0] ----------------------------------------------------------------
@I [HLS-10] -- Generating RTL for module 'BlackScholes_rand_uint32' 
@0 [HLS-0] -- Generating RTL for module 'BlackScholes_rand_uint32' 
@I [HLS-10] ----------------------------------------------------------------
@0 [HLS-0] ----------------------------------------------------------------
@I [HLS-100] Command "create_rtl_model BlackScholes_rand_uint32 -vendor xilinx -mg_file /home/student/vff6/ece5775/assignments/HighLevelSynth/options-accel/final_design/hls.prj/solution1/.autopilot/db/BlackScholes_rand_uint32.compgen.tcl "
@I [RTGEN-100] Finished creating RTL model for 'BlackScholes_rand_uint32'.
@I [HLS-100] Command 'create_rtl_model' returned 0; elapsed 0.05Total elapsed time: 115.139 sec.
@I [HLS-111] Elapsed time: 0.48 seconds; current memory usage: 465 MB.
@I [HLS-100] Command "source /home/student/vff6/ece5775/assignments/HighLevelSynth/options-accel/final_design/hls.prj/solution1/.autopilot/db/BlackScholes.rtl_wrap.cfg.tcl "
@I [HLS-100] Command 'ap_source' returned 0; elapsed 0Total elapsed time: 115.152 sec.
@I [HLS-100] Command "gen_rtl BlackScholes_rand_uint32 -style xilinx -tracefl mytrace -tracefmt vcd -traceopt all -f -lang sc -o /home/student/vff6/ece5775/assignments/HighLevelSynth/options-accel/final_design/hls.prj/solution1/syn/systemc/BlackScholes_rand_uint32 -synmodules BlackScholes_rand_uint32 BlackScholes_CND BlackScholes "
@I [HLS-100] Command 'gen_rtl' returned 0; elapsed 0.01Total elapsed time: 115.162 sec.
@I [HLS-100] Command "gen_rtl BlackScholes_rand_uint32 -style xilinx -f -lang vhdl -o /home/student/vff6/ece5775/assignments/HighLevelSynth/options-accel/final_design/hls.prj/solution1/syn/vhdl/BlackScholes_rand_uint32 "
@I [HLS-100] Command 'gen_rtl' returned 0; elapsed 0Total elapsed time: 115.166 sec.
@I [HLS-100] Command "gen_rtl BlackScholes_rand_uint32 -style xilinx -f -lang vlog -o /home/student/vff6/ece5775/assignments/HighLevelSynth/options-accel/final_design/hls.prj/solution1/syn/verilog/BlackScholes_rand_uint32 "
@I [HLS-100] Command 'gen_rtl' returned 0; elapsed 0.01Total elapsed time: 115.171 sec.
@I [HLS-100] Command "gen_tb_info BlackScholes_rand_uint32 -o /home/student/vff6/ece5775/assignments/HighLevelSynth/options-accel/final_design/hls.prj/solution1/.autopilot/db/BlackScholes_rand_uint32 -p /home/student/vff6/ece5775/assignments/HighLevelSynth/options-accel/final_design/hls.prj/solution1/.autopilot/db "
@I [HLS-100] Command 'gen_tb_info' returned 0; elapsed 0Total elapsed time: 115.174 sec.
@I [HLS-100] Command "report -model BlackScholes_rand_uint32 -o /home/student/vff6/ece5775/assignments/HighLevelSynth/options-accel/final_design/hls.prj/solution1/syn/report/BlackScholes_rand_uint32_csynth.rpt -f "
@I [HLS-100] Command 'report' returned 0; elapsed 0.02Total elapsed time: 115.189 sec.
@I [HLS-100] Command "report -model BlackScholes_rand_uint32 -o /home/student/vff6/ece5775/assignments/HighLevelSynth/options-accel/final_design/hls.prj/solution1/syn/report/BlackScholes_rand_uint32_csynth.xml -f -x "
@I [HLS-100] Command 'report' returned 0; elapsed 0Total elapsed time: 115.198 sec.
@I [HLS-100] Command "report -model BlackScholes_rand_uint32 -o /home/student/vff6/ece5775/assignments/HighLevelSynth/options-accel/final_design/hls.prj/solution1/.autopilot/db/BlackScholes_rand_uint32.verbose.rpt -verbose -f "
@I [HLS-100] Command 'report' returned 0; elapsed 0.04Total elapsed time: 115.240 sec.
@I [HLS-100] Command "db_write -model BlackScholes_rand_uint32 -o /home/student/vff6/ece5775/assignments/HighLevelSynth/options-accel/final_design/hls.prj/solution1/.autopilot/db/BlackScholes_rand_uint32.adb -f "
@I [HLS-100] Command 'db_write' returned 0; elapsed 0.03Total elapsed time: 115.269 sec.
@I [HLS-10] ----------------------------------------------------------------
@0 [HLS-0] ----------------------------------------------------------------
@I [HLS-10] -- Generating RTL for module 'BlackScholes_CND' 
@0 [HLS-0] -- Generating RTL for module 'BlackScholes_CND' 
@I [HLS-10] ----------------------------------------------------------------
@0 [HLS-0] ----------------------------------------------------------------
@I [HLS-100] Command "create_rtl_model BlackScholes_CND -vendor xilinx -mg_file /home/student/vff6/ece5775/assignments/HighLevelSynth/options-accel/final_design/hls.prj/solution1/.autopilot/db/BlackScholes_CND.compgen.tcl "
@I [RTGEN-100] Generating core module 'BlackScholes_dadd_64ns_64ns_64_5_full_dsp': 5 instance(s).
@I [RTGEN-100] Generating core module 'BlackScholes_dcmp_64ns_64ns_1_3': 1 instance(s).
@I [RTGEN-100] Generating core module 'BlackScholes_dexp_64ns_64ns_64_18_full_dsp': 1 instance(s).
@I [RTGEN-100] Generating core module 'BlackScholes_dmul_64ns_64ns_64_6_max_dsp': 15 instance(s).
@I [RTGEN-100] Generating core module 'BlackScholes_drecip_64ns_64ns_64_11': 1 instance(s).
@I [RTGEN-100] Generating core module 'BlackScholes_dsub_64ns_64ns_64_5_full_dsp': 1 instance(s).
@I [RTGEN-100] Finished creating RTL model for 'BlackScholes_CND'.
@I [HLS-100] Command 'create_rtl_model' returned 0; elapsed 0.2Total elapsed time: 115.517 sec.
@I [HLS-111] Elapsed time: 0.36 seconds; current memory usage: 467 MB.
@I [HLS-100] Command "source /home/student/vff6/ece5775/assignments/HighLevelSynth/options-accel/final_design/hls.prj/solution1/.autopilot/db/BlackScholes.rtl_wrap.cfg.tcl "
@I [HLS-100] Command 'ap_source' returned 0; elapsed 0Total elapsed time: 115.528 sec.
@I [HLS-100] Command "gen_rtl BlackScholes_CND -style xilinx -tracefl mytrace -tracefmt vcd -traceopt all -f -lang sc -o /home/student/vff6/ece5775/assignments/HighLevelSynth/options-accel/final_design/hls.prj/solution1/syn/systemc/BlackScholes_CND -synmodules BlackScholes_rand_uint32 BlackScholes_CND BlackScholes "
@I [HLS-100] Command 'gen_rtl' returned 0; elapsed 0Total elapsed time: 115.537 sec.
@I [HLS-100] Command "gen_rtl BlackScholes_CND -style xilinx -f -lang vhdl -o /home/student/vff6/ece5775/assignments/HighLevelSynth/options-accel/final_design/hls.prj/solution1/syn/vhdl/BlackScholes_CND "
@I [HLS-100] Command 'gen_rtl' returned 0; elapsed 0.01Total elapsed time: 115.542 sec.
@I [HLS-100] Command "gen_rtl BlackScholes_CND -style xilinx -f -lang vlog -o /home/student/vff6/ece5775/assignments/HighLevelSynth/options-accel/final_design/hls.prj/solution1/syn/verilog/BlackScholes_CND "
@I [HLS-100] Command 'gen_rtl' returned 0; elapsed 0Total elapsed time: 115.547 sec.
@I [HLS-100] Command "gen_tb_info BlackScholes_CND -o /home/student/vff6/ece5775/assignments/HighLevelSynth/options-accel/final_design/hls.prj/solution1/.autopilot/db/BlackScholes_CND -p /home/student/vff6/ece5775/assignments/HighLevelSynth/options-accel/final_design/hls.prj/solution1/.autopilot/db "
@I [HLS-100] Command 'gen_tb_info' returned 0; elapsed 0Total elapsed time: 115.550 sec.
@I [HLS-100] Command "report -model BlackScholes_CND -o /home/student/vff6/ece5775/assignments/HighLevelSynth/options-accel/final_design/hls.prj/solution1/syn/report/BlackScholes_CND_csynth.rpt -f "
@I [HLS-100] Command 'report' returned 0; elapsed 0.02Total elapsed time: 115.568 sec.
@I [HLS-100] Command "report -model BlackScholes_CND -o /home/student/vff6/ece5775/assignments/HighLevelSynth/options-accel/final_design/hls.prj/solution1/syn/report/BlackScholes_CND_csynth.xml -f -x "
@I [HLS-100] Command 'report' returned 0; elapsed 0.01Total elapsed time: 115.581 sec.
@I [HLS-100] Command "report -model BlackScholes_CND -o /home/student/vff6/ece5775/assignments/HighLevelSynth/options-accel/final_design/hls.prj/solution1/.autopilot/db/BlackScholes_CND.verbose.rpt -verbose -f "
@I [HLS-100] Command 'report' returned 0; elapsed 0.07Total elapsed time: 115.649 sec.
@I [HLS-100] Command "db_write -model BlackScholes_CND -o /home/student/vff6/ece5775/assignments/HighLevelSynth/options-accel/final_design/hls.prj/solution1/.autopilot/db/BlackScholes_CND.adb -f "
@I [HLS-100] Command 'db_write' returned 0; elapsed 0.03Total elapsed time: 115.692 sec.
@I [HLS-10] ----------------------------------------------------------------
@0 [HLS-0] ----------------------------------------------------------------
@I [HLS-10] -- Generating RTL for module 'BlackScholes' 
@0 [HLS-0] -- Generating RTL for module 'BlackScholes' 
@I [HLS-10] ----------------------------------------------------------------
@0 [HLS-0] ----------------------------------------------------------------
@I [HLS-100] Command "create_rtl_model BlackScholes -vendor xilinx -mg_file /home/student/vff6/ece5775/assignments/HighLevelSynth/options-accel/final_design/hls.prj/solution1/.autopilot/db/BlackScholes.compgen.tcl "
@I [RTGEN-500] Setting interface mode on port 'BlackScholes/CallPutFlag' to 'ap_none'.
@I [RTGEN-500] Setting interface mode on port 'BlackScholes/S' to 'ap_none'.
@I [RTGEN-500] Setting interface mode on port 'BlackScholes/X' to 'ap_none'.
@I [RTGEN-500] Setting interface mode on port 'BlackScholes/T' to 'ap_none'.
@I [RTGEN-500] Setting interface mode on port 'BlackScholes/r' to 'ap_none'.
@I [RTGEN-500] Setting interface mode on port 'BlackScholes/b' to 'ap_none'.
@I [RTGEN-500] Setting interface mode on function 'BlackScholes' to 'ap_ctrl_hs'.
@W [RTGEN-101] Global scalar 'kk' will not be exposed as RTL port.
@W [RTGEN-101] Global scalar 'kk_p1' will not be exposed as RTL port.
@W [RTGEN-101] Global scalar 'kk_pm' will not be exposed as RTL port.
@I [RTGEN-100] Generating core module 'BlackScholes_dadd_64ns_64ns_64_5_full_dsp': 5 instance(s).
@I [RTGEN-100] Generating core module 'BlackScholes_dcmp_64ns_64ns_1_3': 2 instance(s).
@I [RTGEN-100] Generating core module 'BlackScholes_ddiv_64ns_64ns_64_31': 4 instance(s).
@I [RTGEN-100] Generating core module 'BlackScholes_dexp_64ns_64ns_64_18_full_dsp': 2 instance(s).
@I [RTGEN-100] Generating core module 'BlackScholes_dlog_64ns_64ns_64_31_full_dsp': 1 instance(s).
@I [RTGEN-100] Generating core module 'BlackScholes_dmul_64ns_64ns_64_6_max_dsp': 15 instance(s).
@I [RTGEN-100] Generating core module 'BlackScholes_dsqrt_64ns_64ns_64_31': 1 instance(s).
@I [RTGEN-100] Generating core module 'BlackScholes_dsub_64ns_64ns_64_5_full_dsp': 3 instance(s).
@I [RTGEN-100] Generating core module 'BlackScholes_flog_32ns_32ns_32_13_full_dsp': 1 instance(s).
@I [RTGEN-100] Generating core module 'BlackScholes_fpext_32ns_64_3': 2 instance(s).
@I [RTGEN-100] Generating core module 'BlackScholes_fptrunc_64ns_32_3': 2 instance(s).
@I [RTGEN-100] Generating core module 'BlackScholes_fsqrt_32ns_32ns_32_12': 1 instance(s).
@I [RTGEN-100] Generating core module 'BlackScholes_sitodp_32ns_64_6': 2 instance(s).
@I [RTGEN-100] Generating core module 'BlackScholes_uitodp_64ns_64_6': 1 instance(s).
@I [RTGEN-100] Generating core module 'BlackScholes_uitodp_64s_64_6': 1 instance(s).
@I [RTGEN-100] Finished creating RTL model for 'BlackScholes'.
@I [HLS-100] Command 'create_rtl_model' returned 0; elapsed 2.1Total elapsed time: 117.825 sec.
@I [HLS-111] Elapsed time: 2.27 seconds; current memory usage: 478 MB.
@I [HLS-100] Command "source /home/student/vff6/ece5775/assignments/HighLevelSynth/options-accel/final_design/hls.prj/solution1/.autopilot/db/BlackScholes.rtl_wrap.cfg.tcl "
@I [HLS-100] Command 'ap_source' returned 0; elapsed 0.01Total elapsed time: 117.834 sec.
@I [HLS-100] Command "gen_rtl BlackScholes -istop -style xilinx -tracefl mytrace -tracefmt vcd -traceopt all -f -lang sc -o /home/student/vff6/ece5775/assignments/HighLevelSynth/options-accel/final_design/hls.prj/solution1/syn/systemc/BlackScholes -synmodules BlackScholes_rand_uint32 BlackScholes_CND BlackScholes "
@I [HLS-100] Command 'gen_rtl' returned 0; elapsed 0.08Total elapsed time: 117.945 sec.
@I [HLS-100] Command "gen_rtl BlackScholes -istop -style xilinx -f -lang vhdl -o /home/student/vff6/ece5775/assignments/HighLevelSynth/options-accel/final_design/hls.prj/solution1/syn/vhdl/BlackScholes "
@I [HLS-100] Command 'gen_rtl' returned 0; elapsed 0.12Total elapsed time: 118.83 sec.
@I [HLS-100] Command "gen_rtl BlackScholes -istop -style xilinx -f -lang vlog -o /home/student/vff6/ece5775/assignments/HighLevelSynth/options-accel/final_design/hls.prj/solution1/syn/verilog/BlackScholes "
@I [HLS-100] Command 'gen_rtl' returned 0; elapsed 0.14Total elapsed time: 118.236 sec.
@I [HLS-100] Command "export_constraint_db -o /home/student/vff6/ece5775/assignments/HighLevelSynth/options-accel/final_design/hls.prj/solution1/.autopilot/db/BlackScholes.constraint.tcl -f -tool general "
@I [HLS-100] Command 'export_constraint_db' returned 0; elapsed 0.01Total elapsed time: 118.238 sec.
@I [HLS-100] Command "report -model BlackScholes -o /home/student/vff6/ece5775/assignments/HighLevelSynth/options-accel/final_design/hls.prj/solution1/.autopilot/db/BlackScholes.design.xml -verbose -f -dv "
@I [HLS-100] Command 'report' returned 0; elapsed 0.17Total elapsed time: 118.408 sec.
@I [HLS-100] Command "gen_tb_info BlackScholes -o /home/student/vff6/ece5775/assignments/HighLevelSynth/options-accel/final_design/hls.prj/solution1/.autopilot/db/BlackScholes -p /home/student/vff6/ece5775/assignments/HighLevelSynth/options-accel/final_design/hls.prj/solution1/.autopilot/db "
@I [HLS-100] Command 'gen_tb_info' returned 0; elapsed 0Total elapsed time: 118.415 sec.
@I [HLS-100] Command "report -model BlackScholes -o /home/student/vff6/ece5775/assignments/HighLevelSynth/options-accel/final_design/hls.prj/solution1/syn/report/BlackScholes_csynth.rpt -f "
@I [HLS-100] Command 'report' returned 0; elapsed 0.1Total elapsed time: 118.520 sec.
@I [HLS-100] Command "report -model BlackScholes -o /home/student/vff6/ece5775/assignments/HighLevelSynth/options-accel/final_design/hls.prj/solution1/syn/report/BlackScholes_csynth.xml -f -x "
@I [HLS-100] Command 'report' returned 0; elapsed 0.06Total elapsed time: 118.587 sec.
@I [HLS-100] Command "report -model BlackScholes -o /home/student/vff6/ece5775/assignments/HighLevelSynth/options-accel/final_design/hls.prj/solution1/.autopilot/db/BlackScholes.verbose.rpt -verbose -f "
@I [HLS-100] Command 'report' returned 0; elapsed 0.38Total elapsed time: 118.970 sec.
@I [HLS-100] Command "db_write -model BlackScholes -o /home/student/vff6/ece5775/assignments/HighLevelSynth/options-accel/final_design/hls.prj/solution1/.autopilot/db/BlackScholes.adb -f "
@I [HLS-100] Command 'db_write' returned 0; elapsed 0.2Total elapsed time: 119.191 sec.
@I [HLS-100] Command "sc_get_clocks BlackScholes "
@I [HLS-100] Command 'sc_get_clocks' returned 0; elapsed 0Total elapsed time: 119.373 sec.
@I [HLS-100] Command "sc_get_portdomain BlackScholes "
@I [HLS-100] Command 'sc_get_portdomain' returned 0; elapsed 0Total elapsed time: 119.373 sec.
@I [HLS-0] Model list for RTL component generation: BlackScholes_rand_uint32 BlackScholes_CND BlackScholes
@I [HLS-0] Handling components in module [BlackScholes_rand_uint32] ... 
@I [HLS-100] Command "source /home/student/vff6/ece5775/assignments/HighLevelSynth/options-accel/final_design/hls.prj/solution1/.autopilot/db/BlackScholes_rand_uint32.compgen.tcl "
@I [HLS-0] Found component BlackScholes_rand_uint32_mt_kk.
@I [HLS-0] Append model BlackScholes_rand_uint32_mt_kk
@I [HLS-100] Command 'ap_source' returned 0; elapsed 0Total elapsed time: 119.378 sec.
@I [HLS-0] Handling components in module [BlackScholes_CND] ... 
@I [HLS-100] Command "source /home/student/vff6/ece5775/assignments/HighLevelSynth/options-accel/final_design/hls.prj/solution1/.autopilot/db/BlackScholes_CND.compgen.tcl "
@I [HLS-0] Found component BlackScholes_dadd_64ns_64ns_64_5_full_dsp.
@I [HLS-0] Append model BlackScholes_dadd_64ns_64ns_64_5_full_dsp
@I [HLS-0] Found component BlackScholes_dsub_64ns_64ns_64_5_full_dsp.
@I [HLS-0] Append model BlackScholes_dsub_64ns_64ns_64_5_full_dsp
@I [HLS-0] Found component BlackScholes_dmul_64ns_64ns_64_6_max_dsp.
@I [HLS-0] Append model BlackScholes_dmul_64ns_64ns_64_6_max_dsp
@I [HLS-0] Found component BlackScholes_dcmp_64ns_64ns_1_3.
@I [HLS-0] Append model BlackScholes_dcmp_64ns_64ns_1_3
@I [HLS-0] Found component BlackScholes_drecip_64ns_64ns_64_11.
@I [HLS-0] Append model BlackScholes_drecip_64ns_64ns_64_11
@I [HLS-0] Found component BlackScholes_dexp_64ns_64ns_64_18_full_dsp.
@I [HLS-0] Append model BlackScholes_dexp_64ns_64ns_64_18_full_dsp
@I [HLS-100] Command 'ap_source' returned 0; elapsed 0.01Total elapsed time: 119.380 sec.
@I [HLS-0] Handling components in module [BlackScholes] ... 
@I [HLS-100] Command "source /home/student/vff6/ece5775/assignments/HighLevelSynth/options-accel/final_design/hls.prj/solution1/.autopilot/db/BlackScholes.compgen.tcl "
@I [HLS-0] Found component BlackScholes_fptrunc_64ns_32_3.
@I [HLS-0] Append model BlackScholes_fptrunc_64ns_32_3
@I [HLS-0] Found component BlackScholes_fpext_32ns_64_3.
@I [HLS-0] Append model BlackScholes_fpext_32ns_64_3
@I [HLS-0] Found component BlackScholes_fsqrt_32ns_32ns_32_12.
@I [HLS-0] Append model BlackScholes_fsqrt_32ns_32ns_32_12
@I [HLS-0] Found component BlackScholes_flog_32ns_32ns_32_13_full_dsp.
@I [HLS-0] Append model BlackScholes_flog_32ns_32ns_32_13_full_dsp
@I [HLS-0] Found component BlackScholes_ddiv_64ns_64ns_64_31.
@I [HLS-0] Append model BlackScholes_ddiv_64ns_64ns_64_31
@I [HLS-0] Found component BlackScholes_uitodp_64s_64_6.
@I [HLS-0] Append model BlackScholes_uitodp_64s_64_6
@I [HLS-0] Found component BlackScholes_uitodp_64ns_64_6.
@I [HLS-0] Append model BlackScholes_uitodp_64ns_64_6
@I [HLS-0] Found component BlackScholes_sitodp_32ns_64_6.
@I [HLS-0] Append model BlackScholes_sitodp_32ns_64_6
@I [HLS-0] Found component BlackScholes_dsqrt_64ns_64ns_64_31.
@I [HLS-0] Append model BlackScholes_dsqrt_64ns_64ns_64_31
@I [HLS-0] Found component BlackScholes_dlog_64ns_64ns_64_31_full_dsp.
@I [HLS-0] Append model BlackScholes_dlog_64ns_64ns_64_31_full_dsp
@I [HLS-100] Command 'ap_source' returned 0; elapsed 0.01Total elapsed time: 119.382 sec.
@I [HLS-0] Append model BlackScholes_rand_uint32
@I [HLS-0] Append model BlackScholes_CND
@I [HLS-0] Append model BlackScholes
@I [HLS-0] Generating RTL model list ...
@I [HLS-0] All models in this session: BlackScholes_rand_uint32_mt_kk BlackScholes_dadd_64ns_64ns_64_5_full_dsp BlackScholes_dsub_64ns_64ns_64_5_full_dsp BlackScholes_dmul_64ns_64ns_64_6_max_dsp BlackScholes_dcmp_64ns_64ns_1_3 BlackScholes_drecip_64ns_64ns_64_11 BlackScholes_dexp_64ns_64ns_64_18_full_dsp BlackScholes_fptrunc_64ns_32_3 BlackScholes_fpext_32ns_64_3 BlackScholes_fsqrt_32ns_32ns_32_12 BlackScholes_flog_32ns_32ns_32_13_full_dsp BlackScholes_ddiv_64ns_64ns_64_31 BlackScholes_uitodp_64s_64_6 BlackScholes_uitodp_64ns_64_6 BlackScholes_sitodp_32ns_64_6 BlackScholes_dsqrt_64ns_64ns_64_31 BlackScholes_dlog_64ns_64ns_64_31_full_dsp BlackScholes_rand_uint32 BlackScholes_CND BlackScholes
@I [HLS-0] To file: write model BlackScholes_rand_uint32_mt_kk
@I [HLS-0] To file: write model BlackScholes_dadd_64ns_64ns_64_5_full_dsp
@I [HLS-0] To file: write model BlackScholes_dsub_64ns_64ns_64_5_full_dsp
@I [HLS-0] To file: write model BlackScholes_dmul_64ns_64ns_64_6_max_dsp
@I [HLS-0] To file: write model BlackScholes_dcmp_64ns_64ns_1_3
@I [HLS-0] To file: write model BlackScholes_drecip_64ns_64ns_64_11
@I [HLS-0] To file: write model BlackScholes_dexp_64ns_64ns_64_18_full_dsp
@I [HLS-0] To file: write model BlackScholes_fptrunc_64ns_32_3
@I [HLS-0] To file: write model BlackScholes_fpext_32ns_64_3
@I [HLS-0] To file: write model BlackScholes_fsqrt_32ns_32ns_32_12
@I [HLS-0] To file: write model BlackScholes_flog_32ns_32ns_32_13_full_dsp
@I [HLS-0] To file: write model BlackScholes_ddiv_64ns_64ns_64_31
@I [HLS-0] To file: write model BlackScholes_uitodp_64s_64_6
@I [HLS-0] To file: write model BlackScholes_uitodp_64ns_64_6
@I [HLS-0] To file: write model BlackScholes_sitodp_32ns_64_6
@I [HLS-0] To file: write model BlackScholes_dsqrt_64ns_64ns_64_31
@I [HLS-0] To file: write model BlackScholes_dlog_64ns_64ns_64_31_full_dsp
@I [HLS-0] To file: write model BlackScholes_rand_uint32
@I [HLS-0] To file: write model BlackScholes_CND
@I [HLS-0] To file: write model BlackScholes
@I [HLS-0] Finished generating RTL model list.


@I [HLS-0] RTL Generation done.
@I [HLS-0] CAS Generation done.
@I [HLS-0] CBC Generation done.
@I [HLS-100] Command "export_ssdm /home/student/vff6/ece5775/assignments/HighLevelSynth/options-accel/final_design/hls.prj/solution1/.autopilot/db/a.export.ll "
@I [HLS-100] Command 'export_ssdm' returned 0; elapsed 0Total elapsed time: 119.388 sec.
@I [HLS-100] Command "source /home/student/vff6/ece5775/assignments/HighLevelSynth/options-accel/final_design/hls.prj/solution1/.autopilot/db/global.setting.tcl "
@I [HLS-100] Command 'ap_source' returned 0; elapsed 0Total elapsed time: 119.402 sec.
@I [HLS-100] Command "source /opt/xilinx/Vivado_HLS/2014.2/common/technology/generic/autopilot/common.gen "
@I [HLS-100] Command "source /opt/xilinx/Vivado_HLS/2014.2/common/technology/generic/autopilot/APCoreGen.gen "
@I [HLS-100] Command 'ap_source' returned 0; elapsed 0Total elapsed time: 119.406 sec.
@I [HLS-100] Command 'ap_source' returned 0; elapsed 0Total elapsed time: 119.407 sec.
@I [HLS-100] Command "source /opt/xilinx/Vivado_HLS/2014.2/common/technology/generic/autopilot/op.gen "
@I [HLS-100] Command 'ap_source' returned 0; elapsed 0Total elapsed time: 119.409 sec.
@I [HLS-100] Command "source /opt/xilinx/Vivado_HLS/2014.2/common/technology/generic/autopilot/op_simcore.gen "
@I [HLS-100] Command 'ap_source' returned 0; elapsed 0.01Total elapsed time: 119.411 sec.
@I [HLS-100] Command "source /opt/xilinx/Vivado_HLS/2014.2/common/technology/generic/autopilot/interface.gen "
@I [HLS-100] Command 'ap_source' returned 0; elapsed 0Total elapsed time: 119.412 sec.
@I [HLS-100] Command "source /home/student/vff6/ece5775/assignments/HighLevelSynth/options-accel/final_design/hls.prj/solution1/.autopilot/db/global.setting.tcl "
@I [HLS-100] Command 'ap_source' returned 0; elapsed 0Total elapsed time: 119.413 sec.
@I [HLS-100] Command "source /opt/xilinx/Vivado_HLS/2014.2/common/technology/xilinx/zynq/zynq.gen "
@I [HLS-100] Command "source /opt/xilinx/Vivado_HLS/2014.2/common/technology/xilinx/common/virtex.gen "
@I [HLS-100] Command "source /opt/xilinx/Vivado_HLS/2014.2/common/technology/xilinx/common/xilinx.gen "
@I [HLS-100] Command "source /opt/xilinx/Vivado_HLS/2014.2/common/technology/xilinx/interface/plb46.gen "
@I [HLS-100] Command 'ap_source' returned 0; elapsed 0Total elapsed time: 119.419 sec.
@I [HLS-100] Command "source /opt/xilinx/Vivado_HLS/2014.2/common/technology/xilinx/interface/fsl.gen "
@I [HLS-100] Command 'ap_source' returned 0; elapsed 0Total elapsed time: 119.421 sec.
@I [HLS-100] Command "source /opt/xilinx/Vivado_HLS/2014.2/common/technology/xilinx/interface/axi4.gen "
@I [HLS-100] Command 'ap_source' returned 0; elapsed 0.01Total elapsed time: 119.426 sec.
@I [HLS-100] Command "source /opt/xilinx/Vivado_HLS/2014.2/common/technology/xilinx/interface/nativeAXI4.gen "
@I [HLS-100] Command "source /opt/xilinx/Vivado_HLS/2014.2/common/technology/xilinx/interface/saxilite.gen "
@I [HLS-100] Command 'ap_source' returned 0; elapsed 0Total elapsed time: 119.431 sec.
@I [HLS-100] Command "source /opt/xilinx/Vivado_HLS/2014.2/common/technology/xilinx/interface/maxi.gen "
@I [HLS-100] Command 'ap_source' returned 0; elapsed 0.01Total elapsed time: 119.438 sec.
@I [HLS-100] Command 'ap_source' returned 0; elapsed 0.01Total elapsed time: 119.438 sec.
@I [HLS-100] Command "source /opt/xilinx/Vivado_HLS/2014.2/common/technology/xilinx/scripts/xilinxcoregen.gen "
@I [HLS-100] Command 'ap_source' returned 0; elapsed 0.01Total elapsed time: 119.454 sec.
@I [HLS-100] Command "source /opt/xilinx/Vivado_HLS/2014.2/common/technology/xilinx/interface/XilEDKCoreGen.gen "
@I [HLS-100] Command 'ap_source' returned 0; elapsed 0.02Total elapsed time: 119.471 sec.
@I [HLS-100] Command "source /opt/xilinx/Vivado_HLS/2014.2/common/technology/xilinx/ip/util.gen "
@I [HLS-100] Command 'ap_source' returned 0; elapsed 0Total elapsed time: 119.472 sec.
@I [HLS-100] Command "source /opt/xilinx/Vivado_HLS/2014.2/common/technology/xilinx/ip/xfft.gen "
@I [HLS-100] Command 'ap_source' returned 0; elapsed 0.21Total elapsed time: 119.685 sec.
@I [HLS-100] Command "source /opt/xilinx/Vivado_HLS/2014.2/common/technology/xilinx/ip/xfir.gen "
@I [HLS-100] Command 'ap_source' returned 0; elapsed 0.05Total elapsed time: 119.733 sec.
@I [HLS-100] Command 'ap_source' returned 0; elapsed 0.31Total elapsed time: 119.733 sec.
@I [HLS-100] Command "source /opt/xilinx/Vivado_HLS/2014.2/common/technology/xilinx/common/dsp48.gen "
@I [HLS-100] Command 'ap_source' returned 0; elapsed 0Total elapsed time: 119.736 sec.
@I [HLS-100] Command 'ap_source' returned 0; elapsed 0.31Total elapsed time: 119.737 sec.
@I [HLS-100] Command 'ap_source' returned 0; elapsed 0.31Total elapsed time: 119.737 sec.
@I [HLS-100] Command "source /opt/xilinx/Vivado_HLS/2014.2/common/technology/xilinx/zynq/zynq_fpv6.gen "
@I [HLS-100] Command "source /opt/xilinx/Vivado_HLS/2014.2/common/technology/xilinx/common/xilinx_fpv6.gen "
@I [HLS-100] Command 'ap_source' returned 0; elapsed 0.01Total elapsed time: 119.740 sec.
@I [HLS-100] Command 'ap_source' returned 0; elapsed 0.01Total elapsed time: 119.740 sec.
@I [HLS-100] Command "source /home/student/vff6/ece5775/assignments/HighLevelSynth/options-accel/final_design/hls.prj/solution1/.autopilot/db/global.setting.tcl "
@I [HLS-100] Command 'ap_source' returned 0; elapsed 0Total elapsed time: 119.742 sec.
@I [HLS-100] Command "source /home/student/vff6/ece5775/assignments/HighLevelSynth/options-accel/final_design/hls.prj/solution1/.autopilot/db/global.setting.tcl "
@I [HLS-100] Command 'ap_source' returned 0; elapsed 0Total elapsed time: 119.743 sec.
@I [HLS-100] Command "source /home/student/vff6/ece5775/assignments/HighLevelSynth/options-accel/final_design/hls.prj/solution1/.autopilot/db/BlackScholes_rand_uint32.compgen.tcl "
@I [RTMG-278] Implementing memory 'BlackScholes_rand_uint32_mt_kk_ram' using block RAMs with power-on initialization.
@I [HLS-100] Command 'ap_source' returned 0; elapsed 0.03Total elapsed time: 119.777 sec.
@I [HLS-100] Command "source /home/student/vff6/ece5775/assignments/HighLevelSynth/options-accel/final_design/hls.prj/solution1/.autopilot/db/BlackScholes_CND.compgen.tcl "
@I [HLS-100] Command 'ap_source' returned 0; elapsed 0.09Total elapsed time: 119.990 sec.
@I [HLS-100] Command "source /home/student/vff6/ece5775/assignments/HighLevelSynth/options-accel/final_design/hls.prj/solution1/.autopilot/db/BlackScholes.compgen.tcl "
@I [HLS-100] Command 'ap_source' returned 0; elapsed 0.14Total elapsed time: 120.273 sec.
@I [HLS-10] Finished generating all RTL models.
@0 [HLS-0] Finished generating all RTL models.
@I [WSYSC-301] Generating RTL SystemC for 'BlackScholes'.
@I [WVHDL-304] Generating RTL VHDL for 'BlackScholes'.
@I [WVLOG-307] Generating RTL Verilog for 'BlackScholes'.
@I [HLS-100] Command 'autosyn' returned 0; elapsed 7.2Total elapsed time: 120.772 sec.
@I [HLS-100] Command 'csynth_design' returned 0; elapsed 25.19Total elapsed time: 120.772 sec.
@I [HLS-100] Command "cleanup_all "
@I [HLS-100] Command 'cleanup_all' returned 0; elapsed 0.05Total elapsed time: 120.828 sec.
