

================================================================
== Vivado HLS Report for 'BlackScholes_CND'
================================================================
* Date:           Tue Dec  9 15:56:08 2014

* Version:        2014.2 (Build 932637 on Wed Jun 11 12:38:34 PM 2014)
* Project:        hls.prj
* Solution:       solution1
* Product family: zynq zynq_fpv6 
* Target device:  xc7z020clg484-1


================================================================
== Performance Estimates
================================================================
+ Timing (ns): 
    * Summary: 
    +---------+-------+----------+------------+
    |  Clock  | Target| Estimated| Uncertainty|
    +---------+-------+----------+------------+
    |default  |  10.00|      8.23|        1.25|
    +---------+-------+----------+------------+

+ Latency (clock cycles): 
    * Summary: 
    +-----+-----+-----+-----+----------+
    |  Latency  |  Interval | Pipeline |
    | min | max | min | max |   Type   |
    +-----+-----+-----+-----+----------+
    |   68|   68|    1|    1| function |
    +-----+-----+-----+-----+----------+

    + Detail: 
        * Instance: 
        N/A

        * Loop: 
        N/A



================================================================
== Utilization Estimates
================================================================
* Summary: 
+-----------------+---------+-------+--------+-------+
|       Name      | BRAM_18K| DSP48E|   FF   |  LUT  |
+-----------------+---------+-------+--------+-------+
|Expression       |        -|      -|       -|      -|
|FIFO             |        -|      -|       -|      -|
|Instance         |        -|      -|       -|      -|
|Memory           |        -|      -|       -|      -|
|Multiplexer      |        -|      -|       -|      -|
|Register         |        -|      -|       -|      -|
+-----------------+---------+-------+--------+-------+
|Total            |        0|      0|       0|      0|
+-----------------+---------+-------+--------+-------+
|Available        |      280|    220|  106400|  53200|
+-----------------+---------+-------+--------+-------+
|Utilization (%)  |        0|      0|       0|      0|
+-----------------+---------+-------+--------+-------+

+ Detail: 
    * Instance: 
    N/A

    * Memory: 
    N/A

    * FIFO: 
    N/A

    * Expression: 
    N/A

    * Multiplexer: 
    N/A

    * Register: 
    N/A



================================================================
== Interface
================================================================
* Summary: 
N/A

============================================================
+ Verbose Summary: Synthesis Manager
============================================================
InlineROM: 1
ExposeGlobal: 0
============================================================
+ Verbose Summary: CDFG Model
============================================================
IsTopModel: 0
ResetActiveHigh: 1
IsCombinational: 0
IsDatapathOnly: 0
HasWiredReturn: 1
HasMFsm: 2
HasVarLatency: 0
IsPipeline: 1
IsRtlPipelined: 1
IsInstanceOverlapped: 0
IsDontTouch: 0
HasImplIP: 0
IsGatedGlobalClock: 0

+ Individual pipeline summary: 
  * Pipeline-0: initiation interval (II) = 1, depth = 69


============================================================
+ Verbose Summary: Schedule
============================================================
* Number of FSM states: 69
* Pipeline: 1
  Pipeline-0: II = 1, D = 69, States = { 1 2 3 4 5 6 7 8 9 10 11 12 13 14 15 16 17 18 19 20 21 22 23 24 25 26 27 28 29 30 31 32 33 34 35 36 37 38 39 40 41 42 43 44 45 46 47 48 49 50 51 52 53 54 55 56 57 58 59 60 61 62 63 64 65 66 67 68 69 }
* Dataflow Pipeline: 0

* FSM state transitions: 
1 --> 
	2  / true
2 --> 
	3  / true
3 --> 
	4  / true
4 --> 
	5  / true
5 --> 
	6  / true
6 --> 
	7  / true
7 --> 
	8  / true
8 --> 
	9  / true
9 --> 
	10  / true
10 --> 
	11  / true
11 --> 
	12  / true
12 --> 
	13  / true
13 --> 
	14  / true
14 --> 
	15  / true
15 --> 
	16  / true
16 --> 
	17  / true
17 --> 
	18  / true
18 --> 
	19  / true
19 --> 
	20  / true
20 --> 
	21  / true
21 --> 
	22  / true
22 --> 
	23  / true
23 --> 
	24  / true
24 --> 
	25  / true
25 --> 
	26  / true
26 --> 
	27  / true
27 --> 
	28  / true
28 --> 
	29  / true
29 --> 
	30  / true
30 --> 
	31  / true
31 --> 
	32  / true
32 --> 
	33  / true
33 --> 
	34  / true
34 --> 
	35  / true
35 --> 
	36  / true
36 --> 
	37  / true
37 --> 
	38  / true
38 --> 
	39  / true
39 --> 
	40  / true
40 --> 
	41  / true
41 --> 
	42  / true
42 --> 
	43  / true
43 --> 
	44  / true
44 --> 
	45  / true
45 --> 
	46  / true
46 --> 
	47  / true
47 --> 
	48  / true
48 --> 
	49  / true
49 --> 
	50  / true
50 --> 
	51  / true
51 --> 
	52  / true
52 --> 
	53  / true
53 --> 
	54  / true
54 --> 
	55  / true
55 --> 
	56  / true
56 --> 
	57  / true
57 --> 
	58  / true
58 --> 
	59  / true
59 --> 
	60  / true
60 --> 
	61  / true
61 --> 
	62  / true
62 --> 
	63  / true
63 --> 
	64  / true
64 --> 
	65  / true
65 --> 
	66  / true
66 --> 
	67  / true
67 --> 
	68  / true
68 --> 
	69  / true
69 --> 
* FSM state operations: 

 <State 1>: 7.79ns
ST_1: X_read [1/1] 0.00ns
_ifconv:0  %X_read = call double @_ssdm_op_Read.ap_auto.double(double %X) nounwind

ST_1: p_Val2_s [1/1] 0.00ns
_ifconv:2  %p_Val2_s = bitcast double %X_read to i64

ST_1: tmp [1/1] 0.00ns
_ifconv:3  %tmp = trunc i64 %p_Val2_s to i63

ST_1: p_Result_s [1/1] 0.00ns
_ifconv:4  %p_Result_s = call i64 @_ssdm_op_BitConcatenate.i64.i1.i63(i1 false, i63 %tmp)

ST_1: ret_i_i_i_i_i [1/1] 0.00ns
_ifconv:5  %ret_i_i_i_i_i = bitcast i64 %p_Result_s to double

ST_1: tmp_s [6/6] 7.79ns
_ifconv:6  %tmp_s = fmul double %ret_i_i_i_i_i, 2.316419e-01


 <State 2>: 7.79ns
ST_2: tmp_s [5/6] 7.79ns
_ifconv:6  %tmp_s = fmul double %ret_i_i_i_i_i, 2.316419e-01


 <State 3>: 7.79ns
ST_3: tmp_s [4/6] 7.79ns
_ifconv:6  %tmp_s = fmul double %ret_i_i_i_i_i, 2.316419e-01


 <State 4>: 7.79ns
ST_4: tmp_s [3/6] 7.79ns
_ifconv:6  %tmp_s = fmul double %ret_i_i_i_i_i, 2.316419e-01


 <State 5>: 7.79ns
ST_5: tmp_s [2/6] 7.79ns
_ifconv:6  %tmp_s = fmul double %ret_i_i_i_i_i, 2.316419e-01


 <State 6>: 7.79ns
ST_6: tmp_s [1/6] 7.79ns
_ifconv:6  %tmp_s = fmul double %ret_i_i_i_i_i, 2.316419e-01


 <State 7>: 8.23ns
ST_7: tmp_11 [5/5] 8.23ns
_ifconv:7  %tmp_11 = fadd double %tmp_s, 1.000000e+00


 <State 8>: 8.23ns
ST_8: tmp_11 [4/5] 8.23ns
_ifconv:7  %tmp_11 = fadd double %tmp_s, 1.000000e+00


 <State 9>: 8.23ns
ST_9: tmp_11 [3/5] 8.23ns
_ifconv:7  %tmp_11 = fadd double %tmp_s, 1.000000e+00


 <State 10>: 8.23ns
ST_10: tmp_11 [2/5] 8.23ns
_ifconv:7  %tmp_11 = fadd double %tmp_s, 1.000000e+00


 <State 11>: 8.23ns
ST_11: tmp_11 [1/5] 8.23ns
_ifconv:7  %tmp_11 = fadd double %tmp_s, 1.000000e+00


 <State 12>: 7.91ns
ST_12: K [11/11] 7.91ns
_ifconv:8  %K = call double @_ssdm_op_DRecip.f64(double %tmp_11)


 <State 13>: 7.91ns
ST_13: K [10/11] 7.91ns
_ifconv:8  %K = call double @_ssdm_op_DRecip.f64(double %tmp_11)


 <State 14>: 7.91ns
ST_14: K [9/11] 7.91ns
_ifconv:8  %K = call double @_ssdm_op_DRecip.f64(double %tmp_11)


 <State 15>: 7.91ns
ST_15: K [8/11] 7.91ns
_ifconv:8  %K = call double @_ssdm_op_DRecip.f64(double %tmp_11)


 <State 16>: 7.91ns
ST_16: K [7/11] 7.91ns
_ifconv:8  %K = call double @_ssdm_op_DRecip.f64(double %tmp_11)


 <State 17>: 7.91ns
ST_17: K [6/11] 7.91ns
_ifconv:8  %K = call double @_ssdm_op_DRecip.f64(double %tmp_11)


 <State 18>: 7.91ns
ST_18: K [5/11] 7.91ns
_ifconv:8  %K = call double @_ssdm_op_DRecip.f64(double %tmp_11)


 <State 19>: 7.91ns
ST_19: K [4/11] 7.91ns
_ifconv:8  %K = call double @_ssdm_op_DRecip.f64(double %tmp_11)


 <State 20>: 7.91ns
ST_20: K [3/11] 7.91ns
_ifconv:8  %K = call double @_ssdm_op_DRecip.f64(double %tmp_11)


 <State 21>: 7.91ns
ST_21: K [2/11] 7.91ns
_ifconv:8  %K = call double @_ssdm_op_DRecip.f64(double %tmp_11)


 <State 22>: 7.91ns
ST_22: K [1/11] 7.91ns
_ifconv:8  %K = call double @_ssdm_op_DRecip.f64(double %tmp_11)

ST_22: tmp_12 [6/6] 7.79ns
_ifconv:9  %tmp_12 = fmul double %X_read, %X_read

ST_22: tmp_29 [3/3] 4.55ns
_ifconv:28  %tmp_29 = fcmp olt double %X_read, 0.000000e+00


 <State 23>: 7.79ns
ST_23: tmp_12 [5/6] 7.79ns
_ifconv:9  %tmp_12 = fmul double %X_read, %X_read

ST_23: pow7 [6/6] 7.79ns
_ifconv:17  %pow7 = fmul double %K, %K

ST_23: tmp_29 [2/3] 4.55ns
_ifconv:28  %tmp_29 = fcmp olt double %X_read, 0.000000e+00


 <State 24>: 7.79ns
ST_24: tmp_12 [4/6] 7.79ns
_ifconv:9  %tmp_12 = fmul double %X_read, %X_read

ST_24: pow7 [5/6] 7.79ns
_ifconv:17  %pow7 = fmul double %K, %K

ST_24: tmp_29 [1/3] 4.55ns
_ifconv:28  %tmp_29 = fcmp olt double %X_read, 0.000000e+00


 <State 25>: 7.79ns
ST_25: tmp_12 [3/6] 7.79ns
_ifconv:9  %tmp_12 = fmul double %X_read, %X_read

ST_25: tmp_17 [6/6] 7.79ns
_ifconv:14  %tmp_17 = fmul double %K, 0xBFD6D1F0E5A8325B

ST_25: pow7 [4/6] 7.79ns
_ifconv:17  %pow7 = fmul double %K, %K


 <State 26>: 7.79ns
ST_26: tmp_12 [2/6] 7.79ns
_ifconv:9  %tmp_12 = fmul double %X_read, %X_read

ST_26: tmp_17 [5/6] 7.79ns
_ifconv:14  %tmp_17 = fmul double %K, 0xBFD6D1F0E5A8325B

ST_26: pow7 [3/6] 7.79ns
_ifconv:17  %pow7 = fmul double %K, %K


 <State 27>: 7.79ns
ST_27: tmp_12 [1/6] 7.79ns
_ifconv:9  %tmp_12 = fmul double %X_read, %X_read

ST_27: tmp_17 [4/6] 7.79ns
_ifconv:14  %tmp_17 = fmul double %K, 0xBFD6D1F0E5A8325B

ST_27: pow7 [2/6] 7.79ns
_ifconv:17  %pow7 = fmul double %K, %K


 <State 28>: 7.79ns
ST_28: tmp_13 [6/6] 7.79ns
_ifconv:10  %tmp_13 = fmul double %tmp_12, -5.000000e-01

ST_28: tmp_17 [3/6] 7.79ns
_ifconv:14  %tmp_17 = fmul double %K, 0xBFD6D1F0E5A8325B

ST_28: pow7 [1/6] 7.79ns
_ifconv:17  %pow7 = fmul double %K, %K


 <State 29>: 7.79ns
ST_29: tmp_13 [5/6] 7.79ns
_ifconv:10  %tmp_13 = fmul double %tmp_12, -5.000000e-01

ST_29: tmp_17 [2/6] 7.79ns
_ifconv:14  %tmp_17 = fmul double %K, 0xBFD6D1F0E5A8325B

ST_29: tmp_20 [6/6] 7.79ns
_ifconv:18  %tmp_20 = fmul double %pow7, %K


 <State 30>: 7.79ns
ST_30: tmp_13 [4/6] 7.79ns
_ifconv:10  %tmp_13 = fmul double %tmp_12, -5.000000e-01

ST_30: tmp_17 [1/6] 7.79ns
_ifconv:14  %tmp_17 = fmul double %K, 0xBFD6D1F0E5A8325B

ST_30: tmp_20 [5/6] 7.79ns
_ifconv:18  %tmp_20 = fmul double %pow7, %K


 <State 31>: 7.79ns
ST_31: tmp_13 [3/6] 7.79ns
_ifconv:10  %tmp_13 = fmul double %tmp_12, -5.000000e-01

ST_31: tmp_16 [6/6] 7.79ns
_ifconv:13  %tmp_16 = fmul double %K, 0x3FD470BF3A92F8EC

ST_31: tmp_18 [6/6] 7.79ns
_ifconv:15  %tmp_18 = fmul double %tmp_17, %K

ST_31: tmp_20 [4/6] 7.79ns
_ifconv:18  %tmp_20 = fmul double %pow7, %K


 <State 32>: 7.79ns
ST_32: tmp_13 [2/6] 7.79ns
_ifconv:10  %tmp_13 = fmul double %tmp_12, -5.000000e-01

ST_32: tmp_16 [5/6] 7.79ns
_ifconv:13  %tmp_16 = fmul double %K, 0x3FD470BF3A92F8EC

ST_32: tmp_18 [5/6] 7.79ns
_ifconv:15  %tmp_18 = fmul double %tmp_17, %K

ST_32: tmp_20 [3/6] 7.79ns
_ifconv:18  %tmp_20 = fmul double %pow7, %K


 <State 33>: 7.79ns
ST_33: tmp_13 [1/6] 7.79ns
_ifconv:10  %tmp_13 = fmul double %tmp_12, -5.000000e-01

ST_33: tmp_16 [4/6] 7.79ns
_ifconv:13  %tmp_16 = fmul double %K, 0x3FD470BF3A92F8EC

ST_33: tmp_18 [4/6] 7.79ns
_ifconv:15  %tmp_18 = fmul double %tmp_17, %K

ST_33: tmp_20 [2/6] 7.79ns
_ifconv:18  %tmp_20 = fmul double %pow7, %K


 <State 34>: 7.79ns
ST_34: tmp_14 [18/18] 7.32ns
_ifconv:11  %tmp_14 = call double @llvm.exp.f64(double %tmp_13)

ST_34: tmp_16 [3/6] 7.79ns
_ifconv:13  %tmp_16 = fmul double %K, 0x3FD470BF3A92F8EC

ST_34: tmp_18 [3/6] 7.79ns
_ifconv:15  %tmp_18 = fmul double %tmp_17, %K

ST_34: tmp_20 [1/6] 7.79ns
_ifconv:18  %tmp_20 = fmul double %pow7, %K


 <State 35>: 7.79ns
ST_35: tmp_14 [17/18] 7.32ns
_ifconv:11  %tmp_14 = call double @llvm.exp.f64(double %tmp_13)

ST_35: tmp_16 [2/6] 7.79ns
_ifconv:13  %tmp_16 = fmul double %K, 0x3FD470BF3A92F8EC

ST_35: tmp_18 [2/6] 7.79ns
_ifconv:15  %tmp_18 = fmul double %tmp_17, %K

ST_35: tmp_23 [6/6] 7.79ns
_ifconv:21  %tmp_23 = fmul double %tmp_20, %K


 <State 36>: 7.79ns
ST_36: tmp_14 [16/18] 7.32ns
_ifconv:11  %tmp_14 = call double @llvm.exp.f64(double %tmp_13)

ST_36: tmp_16 [1/6] 7.79ns
_ifconv:13  %tmp_16 = fmul double %K, 0x3FD470BF3A92F8EC

ST_36: tmp_18 [1/6] 7.79ns
_ifconv:15  %tmp_18 = fmul double %tmp_17, %K

ST_36: tmp_21 [6/6] 7.79ns
_ifconv:19  %tmp_21 = fmul double %tmp_20, 0x3FFC80EF025F5E68

ST_36: tmp_23 [5/6] 7.79ns
_ifconv:21  %tmp_23 = fmul double %tmp_20, %K


 <State 37>: 8.23ns
ST_37: tmp_14 [15/18] 7.32ns
_ifconv:11  %tmp_14 = call double @llvm.exp.f64(double %tmp_13)

ST_37: tmp_19 [5/5] 8.23ns
_ifconv:16  %tmp_19 = fadd double %tmp_16, %tmp_18

ST_37: tmp_21 [5/6] 7.79ns
_ifconv:19  %tmp_21 = fmul double %tmp_20, 0x3FFC80EF025F5E68

ST_37: tmp_23 [4/6] 7.79ns
_ifconv:21  %tmp_23 = fmul double %tmp_20, %K


 <State 38>: 8.23ns
ST_38: tmp_14 [14/18] 7.32ns
_ifconv:11  %tmp_14 = call double @llvm.exp.f64(double %tmp_13)

ST_38: tmp_19 [4/5] 8.23ns
_ifconv:16  %tmp_19 = fadd double %tmp_16, %tmp_18

ST_38: tmp_21 [4/6] 7.79ns
_ifconv:19  %tmp_21 = fmul double %tmp_20, 0x3FFC80EF025F5E68

ST_38: tmp_23 [3/6] 7.79ns
_ifconv:21  %tmp_23 = fmul double %tmp_20, %K


 <State 39>: 8.23ns
ST_39: tmp_14 [13/18] 7.32ns
_ifconv:11  %tmp_14 = call double @llvm.exp.f64(double %tmp_13)

ST_39: tmp_19 [3/5] 8.23ns
_ifconv:16  %tmp_19 = fadd double %tmp_16, %tmp_18

ST_39: tmp_21 [3/6] 7.79ns
_ifconv:19  %tmp_21 = fmul double %tmp_20, 0x3FFC80EF025F5E68

ST_39: tmp_23 [2/6] 7.79ns
_ifconv:21  %tmp_23 = fmul double %tmp_20, %K


 <State 40>: 8.23ns
ST_40: tmp_14 [12/18] 7.32ns
_ifconv:11  %tmp_14 = call double @llvm.exp.f64(double %tmp_13)

ST_40: tmp_19 [2/5] 8.23ns
_ifconv:16  %tmp_19 = fadd double %tmp_16, %tmp_18

ST_40: tmp_21 [2/6] 7.79ns
_ifconv:19  %tmp_21 = fmul double %tmp_20, 0x3FFC80EF025F5E68

ST_40: tmp_23 [1/6] 7.79ns
_ifconv:21  %tmp_23 = fmul double %tmp_20, %K


 <State 41>: 8.23ns
ST_41: tmp_14 [11/18] 7.32ns
_ifconv:11  %tmp_14 = call double @llvm.exp.f64(double %tmp_13)

ST_41: tmp_19 [1/5] 8.23ns
_ifconv:16  %tmp_19 = fadd double %tmp_16, %tmp_18

ST_41: tmp_21 [1/6] 7.79ns
_ifconv:19  %tmp_21 = fmul double %tmp_20, 0x3FFC80EF025F5E68

ST_41: tmp_24 [6/6] 7.79ns
_ifconv:22  %tmp_24 = fmul double %tmp_23, 0xBFFD23DD4EF278D0

ST_41: tmp_26 [6/6] 7.79ns
_ifconv:24  %tmp_26 = fmul double %tmp_23, %K


 <State 42>: 8.23ns
ST_42: tmp_14 [10/18] 7.32ns
_ifconv:11  %tmp_14 = call double @llvm.exp.f64(double %tmp_13)

ST_42: tmp_22 [5/5] 8.23ns
_ifconv:20  %tmp_22 = fadd double %tmp_19, %tmp_21

ST_42: tmp_24 [5/6] 7.79ns
_ifconv:22  %tmp_24 = fmul double %tmp_23, 0xBFFD23DD4EF278D0

ST_42: tmp_26 [5/6] 7.79ns
_ifconv:24  %tmp_26 = fmul double %tmp_23, %K


 <State 43>: 8.23ns
ST_43: tmp_14 [9/18] 7.32ns
_ifconv:11  %tmp_14 = call double @llvm.exp.f64(double %tmp_13)

ST_43: tmp_22 [4/5] 8.23ns
_ifconv:20  %tmp_22 = fadd double %tmp_19, %tmp_21

ST_43: tmp_24 [4/6] 7.79ns
_ifconv:22  %tmp_24 = fmul double %tmp_23, 0xBFFD23DD4EF278D0

ST_43: tmp_26 [4/6] 7.79ns
_ifconv:24  %tmp_26 = fmul double %tmp_23, %K


 <State 44>: 8.23ns
ST_44: tmp_14 [8/18] 7.32ns
_ifconv:11  %tmp_14 = call double @llvm.exp.f64(double %tmp_13)

ST_44: tmp_22 [3/5] 8.23ns
_ifconv:20  %tmp_22 = fadd double %tmp_19, %tmp_21

ST_44: tmp_24 [3/6] 7.79ns
_ifconv:22  %tmp_24 = fmul double %tmp_23, 0xBFFD23DD4EF278D0

ST_44: tmp_26 [3/6] 7.79ns
_ifconv:24  %tmp_26 = fmul double %tmp_23, %K


 <State 45>: 8.23ns
ST_45: tmp_14 [7/18] 7.32ns
_ifconv:11  %tmp_14 = call double @llvm.exp.f64(double %tmp_13)

ST_45: tmp_22 [2/5] 8.23ns
_ifconv:20  %tmp_22 = fadd double %tmp_19, %tmp_21

ST_45: tmp_24 [2/6] 7.79ns
_ifconv:22  %tmp_24 = fmul double %tmp_23, 0xBFFD23DD4EF278D0

ST_45: tmp_26 [2/6] 7.79ns
_ifconv:24  %tmp_26 = fmul double %tmp_23, %K


 <State 46>: 8.23ns
ST_46: tmp_14 [6/18] 7.32ns
_ifconv:11  %tmp_14 = call double @llvm.exp.f64(double %tmp_13)

ST_46: tmp_22 [1/5] 8.23ns
_ifconv:20  %tmp_22 = fadd double %tmp_19, %tmp_21

ST_46: tmp_24 [1/6] 7.79ns
_ifconv:22  %tmp_24 = fmul double %tmp_23, 0xBFFD23DD4EF278D0

ST_46: tmp_26 [1/6] 7.79ns
_ifconv:24  %tmp_26 = fmul double %tmp_23, %K


 <State 47>: 8.23ns
ST_47: tmp_14 [5/18] 7.32ns
_ifconv:11  %tmp_14 = call double @llvm.exp.f64(double %tmp_13)

ST_47: tmp_25 [5/5] 8.23ns
_ifconv:23  %tmp_25 = fadd double %tmp_22, %tmp_24

ST_47: tmp_27 [6/6] 7.79ns
_ifconv:25  %tmp_27 = fmul double %tmp_26, 0x3FF548CDD6F42943


 <State 48>: 8.23ns
ST_48: tmp_14 [4/18] 7.32ns
_ifconv:11  %tmp_14 = call double @llvm.exp.f64(double %tmp_13)

ST_48: tmp_25 [4/5] 8.23ns
_ifconv:23  %tmp_25 = fadd double %tmp_22, %tmp_24

ST_48: tmp_27 [5/6] 7.79ns
_ifconv:25  %tmp_27 = fmul double %tmp_26, 0x3FF548CDD6F42943


 <State 49>: 8.23ns
ST_49: tmp_14 [3/18] 7.32ns
_ifconv:11  %tmp_14 = call double @llvm.exp.f64(double %tmp_13)

ST_49: tmp_25 [3/5] 8.23ns
_ifconv:23  %tmp_25 = fadd double %tmp_22, %tmp_24

ST_49: tmp_27 [4/6] 7.79ns
_ifconv:25  %tmp_27 = fmul double %tmp_26, 0x3FF548CDD6F42943


 <State 50>: 8.23ns
ST_50: tmp_14 [2/18] 7.32ns
_ifconv:11  %tmp_14 = call double @llvm.exp.f64(double %tmp_13)

ST_50: tmp_25 [2/5] 8.23ns
_ifconv:23  %tmp_25 = fadd double %tmp_22, %tmp_24

ST_50: tmp_27 [3/6] 7.79ns
_ifconv:25  %tmp_27 = fmul double %tmp_26, 0x3FF548CDD6F42943


 <State 51>: 8.23ns
ST_51: tmp_14 [1/18] 7.32ns
_ifconv:11  %tmp_14 = call double @llvm.exp.f64(double %tmp_13)

ST_51: tmp_25 [1/5] 8.23ns
_ifconv:23  %tmp_25 = fadd double %tmp_22, %tmp_24

ST_51: tmp_27 [2/6] 7.79ns
_ifconv:25  %tmp_27 = fmul double %tmp_26, 0x3FF548CDD6F42943


 <State 52>: 7.79ns
ST_52: tmp_15 [6/6] 7.79ns
_ifconv:12  %tmp_15 = fmul double %tmp_14, 0x3FD9884533D43651

ST_52: tmp_27 [1/6] 7.79ns
_ifconv:25  %tmp_27 = fmul double %tmp_26, 0x3FF548CDD6F42943


 <State 53>: 8.23ns
ST_53: tmp_15 [5/6] 7.79ns
_ifconv:12  %tmp_15 = fmul double %tmp_14, 0x3FD9884533D43651

ST_53: tmp_28 [5/5] 8.23ns
_ifconv:26  %tmp_28 = fadd double %tmp_25, %tmp_27


 <State 54>: 8.23ns
ST_54: tmp_15 [4/6] 7.79ns
_ifconv:12  %tmp_15 = fmul double %tmp_14, 0x3FD9884533D43651

ST_54: tmp_28 [4/5] 8.23ns
_ifconv:26  %tmp_28 = fadd double %tmp_25, %tmp_27


 <State 55>: 8.23ns
ST_55: tmp_15 [3/6] 7.79ns
_ifconv:12  %tmp_15 = fmul double %tmp_14, 0x3FD9884533D43651

ST_55: tmp_28 [3/5] 8.23ns
_ifconv:26  %tmp_28 = fadd double %tmp_25, %tmp_27


 <State 56>: 8.23ns
ST_56: tmp_15 [2/6] 7.79ns
_ifconv:12  %tmp_15 = fmul double %tmp_14, 0x3FD9884533D43651

ST_56: tmp_28 [2/5] 8.23ns
_ifconv:26  %tmp_28 = fadd double %tmp_25, %tmp_27


 <State 57>: 8.23ns
ST_57: tmp_15 [1/6] 7.79ns
_ifconv:12  %tmp_15 = fmul double %tmp_14, 0x3FD9884533D43651

ST_57: tmp_28 [1/5] 8.23ns
_ifconv:26  %tmp_28 = fadd double %tmp_25, %tmp_27


 <State 58>: 7.79ns
ST_58: w [6/6] 7.79ns
_ifconv:27  %w = fmul double %tmp_15, %tmp_28


 <State 59>: 7.79ns
ST_59: w [5/6] 7.79ns
_ifconv:27  %w = fmul double %tmp_15, %tmp_28


 <State 60>: 7.79ns
ST_60: w [4/6] 7.79ns
_ifconv:27  %w = fmul double %tmp_15, %tmp_28


 <State 61>: 7.79ns
ST_61: w [3/6] 7.79ns
_ifconv:27  %w = fmul double %tmp_15, %tmp_28


 <State 62>: 7.79ns
ST_62: w [2/6] 7.79ns
_ifconv:27  %w = fmul double %tmp_15, %tmp_28


 <State 63>: 7.79ns
ST_63: w [1/6] 7.79ns
_ifconv:27  %w = fmul double %tmp_15, %tmp_28


 <State 64>: 8.23ns
ST_64: tmp_30 [5/5] 8.23ns
_ifconv:29  %tmp_30 = fsub double 1.000000e+00, %w


 <State 65>: 8.23ns
ST_65: tmp_30 [4/5] 8.23ns
_ifconv:29  %tmp_30 = fsub double 1.000000e+00, %w


 <State 66>: 8.23ns
ST_66: tmp_30 [3/5] 8.23ns
_ifconv:29  %tmp_30 = fsub double 1.000000e+00, %w


 <State 67>: 8.23ns
ST_67: tmp_30 [2/5] 8.23ns
_ifconv:29  %tmp_30 = fsub double 1.000000e+00, %w


 <State 68>: 8.23ns
ST_68: tmp_30 [1/5] 8.23ns
_ifconv:29  %tmp_30 = fsub double 1.000000e+00, %w


 <State 69>: 1.37ns
ST_69: stg_227 [1/1] 0.00ns
_ifconv:1  call void (...)* @_ssdm_op_SpecPipeline(i32 1, i32 1, i32 1, i32 0, [1 x i8]* @p_str2) nounwind

ST_69: tmp_31 [1/1] 1.37ns
_ifconv:30  %tmp_31 = select i1 %tmp_29, double %w, double %tmp_30

ST_69: stg_229 [1/1] 0.00ns
_ifconv:31  ret double %tmp_31



============================================================
+ Verbose Summary: Binding
============================================================
STG Binding: 
---------------- STG Properties BEGIN ----------------
- Is combinational: 0
- Is one-state seq: 0
- Is datapath-only: 1
- Is clock enabled: 1
- Is pipelined: 1
- Is top level: 0
Port [ Return ] is wired: 1; IO mode=ap_ctrl_hs:ce=0
Port [ X]:  wired=1; compound=0; hidden=0; nouse=0; global=0; static=0; extern=0; dir=0; type=0; mode=0x2c7a4ee0; pingpong=0; private_global=0; IO mode=ap_none:ce=0
---------------- STG Properties END ------------------

---------------- Datapath Model BEGIN ----------------

<LifeTime>
<method=bitvector/>
X_read        (read          ) [ 0111111111111111111111111111000000000000000000000000000000000000000000]
p_Val2_s      (bitcast       ) [ 0000000000000000000000000000000000000000000000000000000000000000000000]
tmp           (trunc         ) [ 0000000000000000000000000000000000000000000000000000000000000000000000]
p_Result_s    (bitconcatenate) [ 0000000000000000000000000000000000000000000000000000000000000000000000]
ret_i_i_i_i_i (bitcast       ) [ 0111111000000000000000000000000000000000000000000000000000000000000000]
tmp_s         (dmul          ) [ 0100000111110000000000000000000000000000000000000000000000000000000000]
tmp_11        (dadd          ) [ 0100000000001111111111100000000000000000000000000000000000000000000000]
K             (drecip        ) [ 0100000000000000000000011111111111111111111111100000000000000000000000]
tmp_29        (dcmp          ) [ 0100000000000000000000000111111111111111111111111111111111111111111111]
tmp_12        (dmul          ) [ 0100000000000000000000000000111111000000000000000000000000000000000000]
pow7          (dmul          ) [ 0100000000000000000000000000011111100000000000000000000000000000000000]
tmp_17        (dmul          ) [ 0100000000000000000000000000000111111000000000000000000000000000000000]
tmp_13        (dmul          ) [ 0100000000000000000000000000000000111111111111111111000000000000000000]
tmp_20        (dmul          ) [ 0100000000000000000000000000000000011111110000000000000000000000000000]
tmp_16        (dmul          ) [ 0100000000000000000000000000000000000111110000000000000000000000000000]
tmp_18        (dmul          ) [ 0100000000000000000000000000000000000111110000000000000000000000000000]
tmp_23        (dmul          ) [ 0100000000000000000000000000000000000000011111100000000000000000000000]
tmp_19        (dadd          ) [ 0100000000000000000000000000000000000000001111100000000000000000000000]
tmp_21        (dmul          ) [ 0100000000000000000000000000000000000000001111100000000000000000000000]
tmp_22        (dadd          ) [ 0100000000000000000000000000000000000000000000011111000000000000000000]
tmp_24        (dmul          ) [ 0100000000000000000000000000000000000000000000011111000000000000000000]
tmp_26        (dmul          ) [ 0100000000000000000000000000000000000000000000011111100000000000000000]
tmp_14        (dexp          ) [ 0100000000000000000000000000000000000000000000000000111111000000000000]
tmp_25        (dadd          ) [ 0100000000000000000000000000000000000000000000000000111111000000000000]
tmp_27        (dmul          ) [ 0100000000000000000000000000000000000000000000000000011111000000000000]
tmp_15        (dmul          ) [ 0100000000000000000000000000000000000000000000000000000000111111000000]
tmp_28        (dadd          ) [ 0100000000000000000000000000000000000000000000000000000000111111000000]
w             (dmul          ) [ 0100000000000000000000000000000000000000000000000000000000000000111111]
tmp_30        (dsub          ) [ 0100000000000000000000000000000000000000000000000000000000000000000001]
stg_227       (specpipeline  ) [ 0000000000000000000000000000000000000000000000000000000000000000000000]
tmp_31        (select        ) [ 0000000000000000000000000000000000000000000000000000000000000000000000]
stg_229       (ret           ) [ 0000000000000000000000000000000000000000000000000000000000000000000000]
</LifeTime>

<model>

<comp_list>
<comp id="0" class="1000" name="X">
<pin_list>
<pin id="1" dir="1" index="0" bw="1" slack="0"/>
</pin_list>
<bind>
<StgValue><ssdm name="X"/></StgValue>
</bind>
</comp>

<comp id="2" class="1001" name="const_2">
<pin_list>
<pin id="3" dir="1" index="0" bw="1" slack="0"/>
</pin_list>
<bind>
<StgValue><ssdm name="_ssdm_op_Read.ap_auto.double"/></StgValue>
</bind>
</comp>

<comp id="4" class="1001" name="const_4">
<pin_list>
<pin id="5" dir="1" index="0" bw="1" slack="0"/>
</pin_list>
<bind>
<StgValue><ssdm name="_ssdm_op_BitConcatenate.i64.i1.i63"/></StgValue>
</bind>
</comp>

<comp id="6" class="1001" name="const_6">
<pin_list>
<pin id="7" dir="1" index="0" bw="1" slack="0"/>
</pin_list>
<bind>
<StgValue><ssdm name=""/></StgValue>
</bind>
</comp>

<comp id="8" class="1001" name="const_8">
<pin_list>
<pin id="9" dir="1" index="0" bw="1" slack="0"/>
</pin_list>
<bind>
<StgValue><ssdm name=""/></StgValue>
</bind>
</comp>

<comp id="10" class="1001" name="const_10">
<pin_list>
<pin id="11" dir="1" index="0" bw="1" slack="0"/>
</pin_list>
<bind>
<StgValue><ssdm name=""/></StgValue>
</bind>
</comp>

<comp id="12" class="1001" name="const_12">
<pin_list>
<pin id="13" dir="1" index="0" bw="1" slack="0"/>
</pin_list>
<bind>
<StgValue><ssdm name="_ssdm_op_DRecip.f64"/></StgValue>
</bind>
</comp>

<comp id="14" class="1001" name="const_14">
<pin_list>
<pin id="15" dir="1" index="0" bw="1" slack="0"/>
</pin_list>
<bind>
<StgValue><ssdm name=""/></StgValue>
</bind>
</comp>

<comp id="16" class="1001" name="const_16">
<pin_list>
<pin id="17" dir="1" index="0" bw="1" slack="0"/>
</pin_list>
<bind>
<StgValue><ssdm name=""/></StgValue>
</bind>
</comp>

<comp id="18" class="1001" name="const_18">
<pin_list>
<pin id="19" dir="1" index="0" bw="1" slack="0"/>
</pin_list>
<bind>
<StgValue><ssdm name=""/></StgValue>
</bind>
</comp>

<comp id="20" class="1001" name="const_20">
<pin_list>
<pin id="21" dir="1" index="0" bw="1" slack="0"/>
</pin_list>
<bind>
<StgValue><ssdm name=""/></StgValue>
</bind>
</comp>

<comp id="22" class="1001" name="const_22">
<pin_list>
<pin id="23" dir="1" index="0" bw="1" slack="0"/>
</pin_list>
<bind>
<StgValue><ssdm name="llvm.exp.f64"/></StgValue>
</bind>
</comp>

<comp id="24" class="1001" name="const_24">
<pin_list>
<pin id="25" dir="1" index="0" bw="1" slack="0"/>
</pin_list>
<bind>
<StgValue><ssdm name=""/></StgValue>
</bind>
</comp>

<comp id="26" class="1001" name="const_26">
<pin_list>
<pin id="27" dir="1" index="0" bw="1" slack="0"/>
</pin_list>
<bind>
<StgValue><ssdm name=""/></StgValue>
</bind>
</comp>

<comp id="28" class="1001" name="const_28">
<pin_list>
<pin id="29" dir="1" index="0" bw="1" slack="0"/>
</pin_list>
<bind>
<StgValue><ssdm name=""/></StgValue>
</bind>
</comp>

<comp id="30" class="1001" name="const_30">
<pin_list>
<pin id="31" dir="1" index="0" bw="1" slack="0"/>
</pin_list>
<bind>
<StgValue><ssdm name=""/></StgValue>
</bind>
</comp>

<comp id="32" class="1001" name="const_32">
<pin_list>
<pin id="33" dir="1" index="0" bw="1" slack="2147483647"/>
</pin_list>
<bind>
<StgValue><ssdm name="_ssdm_op_SpecPipeline"/></StgValue>
</bind>
</comp>

<comp id="34" class="1001" name="const_34">
<pin_list>
<pin id="35" dir="1" index="0" bw="1" slack="2147483647"/>
</pin_list>
<bind>
<StgValue><ssdm name=""/></StgValue>
</bind>
</comp>

<comp id="36" class="1001" name="const_36">
<pin_list>
<pin id="37" dir="1" index="0" bw="1" slack="2147483647"/>
</pin_list>
<bind>
<StgValue><ssdm name=""/></StgValue>
</bind>
</comp>

<comp id="38" class="1001" name="const_38">
<pin_list>
<pin id="39" dir="1" index="0" bw="1" slack="2147483647"/>
</pin_list>
<bind>
<StgValue><ssdm name="p_str2"/></StgValue>
</bind>
</comp>

<comp id="40" class="1004" name="X_read_read_fu_40">
<pin_list>
<pin id="41" dir="0" index="0" bw="64" slack="0"/>
<pin id="42" dir="0" index="1" bw="64" slack="0"/>
<pin id="43" dir="1" index="2" bw="64" slack="0"/>
</pin_list>
<bind>
<opcode="read(1150) " fcode="read"/>
<opset="X_read/1 "/>
</bind>
</comp>

<comp id="47" class="1004" name="grp_fu_47">
<pin_list>
<pin id="48" dir="0" index="0" bw="64" slack="1"/>
<pin id="49" dir="0" index="1" bw="64" slack="0"/>
<pin id="50" dir="1" index="2" bw="64" slack="1"/>
</pin_list>
<bind>
<opcode="dadd(508) " fcode="dadd"/>
<opset="tmp_11/7 "/>
</bind>
</comp>

<comp id="52" class="1004" name="grp_fu_52">
<pin_list>
<pin id="53" dir="0" index="0" bw="64" slack="1"/>
<pin id="54" dir="0" index="1" bw="64" slack="1"/>
<pin id="55" dir="1" index="2" bw="64" slack="1"/>
</pin_list>
<bind>
<opcode="dadd(508) " fcode="dadd"/>
<opset="tmp_19/37 "/>
</bind>
</comp>

<comp id="56" class="1004" name="grp_fu_56">
<pin_list>
<pin id="57" dir="0" index="0" bw="64" slack="1"/>
<pin id="58" dir="0" index="1" bw="64" slack="1"/>
<pin id="59" dir="1" index="2" bw="64" slack="1"/>
</pin_list>
<bind>
<opcode="dadd(508) " fcode="dadd"/>
<opset="tmp_22/42 "/>
</bind>
</comp>

<comp id="60" class="1004" name="grp_fu_60">
<pin_list>
<pin id="61" dir="0" index="0" bw="64" slack="1"/>
<pin id="62" dir="0" index="1" bw="64" slack="1"/>
<pin id="63" dir="1" index="2" bw="64" slack="2"/>
</pin_list>
<bind>
<opcode="dadd(508) " fcode="dadd"/>
<opset="tmp_25/47 "/>
</bind>
</comp>

<comp id="64" class="1004" name="grp_fu_64">
<pin_list>
<pin id="65" dir="0" index="0" bw="64" slack="2"/>
<pin id="66" dir="0" index="1" bw="64" slack="1"/>
<pin id="67" dir="1" index="2" bw="64" slack="1"/>
</pin_list>
<bind>
<opcode="dadd(508) " fcode="dadd"/>
<opset="tmp_28/53 "/>
</bind>
</comp>

<comp id="68" class="1004" name="grp_fu_68">
<pin_list>
<pin id="69" dir="0" index="0" bw="64" slack="0"/>
<pin id="70" dir="0" index="1" bw="64" slack="1"/>
<pin id="71" dir="1" index="2" bw="64" slack="1"/>
</pin_list>
<bind>
<opcode="dsub(509) " fcode="dadd"/>
<opset="tmp_30/64 "/>
</bind>
</comp>

<comp id="73" class="1004" name="grp_fu_73">
<pin_list>
<pin id="74" dir="0" index="0" bw="64" slack="0"/>
<pin id="75" dir="0" index="1" bw="64" slack="0"/>
<pin id="76" dir="1" index="2" bw="64" slack="1"/>
</pin_list>
<bind>
<opcode="dmul(510) " fcode="dmul"/>
<opset="tmp_s/1 "/>
</bind>
</comp>

<comp id="78" class="1004" name="grp_fu_78">
<pin_list>
<pin id="79" dir="0" index="0" bw="64" slack="21"/>
<pin id="80" dir="0" index="1" bw="64" slack="21"/>
<pin id="81" dir="1" index="2" bw="64" slack="1"/>
</pin_list>
<bind>
<opcode="dmul(510) " fcode="dmul"/>
<opset="tmp_12/22 "/>
</bind>
</comp>

<comp id="82" class="1004" name="grp_fu_82">
<pin_list>
<pin id="83" dir="0" index="0" bw="64" slack="1"/>
<pin id="84" dir="0" index="1" bw="64" slack="1"/>
<pin id="85" dir="1" index="2" bw="64" slack="1"/>
</pin_list>
<bind>
<opcode="dmul(510) " fcode="dmul"/>
<opset="pow7/23 "/>
</bind>
</comp>

<comp id="86" class="1004" name="grp_fu_86">
<pin_list>
<pin id="87" dir="0" index="0" bw="64" slack="3"/>
<pin id="88" dir="0" index="1" bw="64" slack="0"/>
<pin id="89" dir="1" index="2" bw="64" slack="1"/>
</pin_list>
<bind>
<opcode="dmul(510) " fcode="dmul"/>
<opset="tmp_17/25 "/>
</bind>
</comp>

<comp id="91" class="1004" name="grp_fu_91">
<pin_list>
<pin id="92" dir="0" index="0" bw="64" slack="1"/>
<pin id="93" dir="0" index="1" bw="64" slack="0"/>
<pin id="94" dir="1" index="2" bw="64" slack="1"/>
</pin_list>
<bind>
<opcode="dmul(510) " fcode="dmul"/>
<opset="tmp_13/28 "/>
</bind>
</comp>

<comp id="96" class="1004" name="grp_fu_96">
<pin_list>
<pin id="97" dir="0" index="0" bw="64" slack="1"/>
<pin id="98" dir="0" index="1" bw="64" slack="7"/>
<pin id="99" dir="1" index="2" bw="64" slack="1"/>
</pin_list>
<bind>
<opcode="dmul(510) " fcode="dmul"/>
<opset="tmp_20/29 "/>
</bind>
</comp>

<comp id="100" class="1004" name="grp_fu_100">
<pin_list>
<pin id="101" dir="0" index="0" bw="64" slack="9"/>
<pin id="102" dir="0" index="1" bw="64" slack="0"/>
<pin id="103" dir="1" index="2" bw="64" slack="1"/>
</pin_list>
<bind>
<opcode="dmul(510) " fcode="dmul"/>
<opset="tmp_16/31 "/>
</bind>
</comp>

<comp id="105" class="1004" name="grp_fu_105">
<pin_list>
<pin id="106" dir="0" index="0" bw="64" slack="1"/>
<pin id="107" dir="0" index="1" bw="64" slack="9"/>
<pin id="108" dir="1" index="2" bw="64" slack="1"/>
</pin_list>
<bind>
<opcode="dmul(510) " fcode="dmul"/>
<opset="tmp_18/31 "/>
</bind>
</comp>

<comp id="109" class="1004" name="grp_fu_109">
<pin_list>
<pin id="110" dir="0" index="0" bw="64" slack="1"/>
<pin id="111" dir="0" index="1" bw="64" slack="13"/>
<pin id="112" dir="1" index="2" bw="64" slack="1"/>
</pin_list>
<bind>
<opcode="dmul(510) " fcode="dmul"/>
<opset="tmp_23/35 "/>
</bind>
</comp>

<comp id="113" class="1004" name="grp_fu_113">
<pin_list>
<pin id="114" dir="0" index="0" bw="64" slack="2"/>
<pin id="115" dir="0" index="1" bw="64" slack="0"/>
<pin id="116" dir="1" index="2" bw="64" slack="1"/>
</pin_list>
<bind>
<opcode="dmul(510) " fcode="dmul"/>
<opset="tmp_21/36 "/>
</bind>
</comp>

<comp id="118" class="1004" name="grp_fu_118">
<pin_list>
<pin id="119" dir="0" index="0" bw="64" slack="1"/>
<pin id="120" dir="0" index="1" bw="64" slack="0"/>
<pin id="121" dir="1" index="2" bw="64" slack="1"/>
</pin_list>
<bind>
<opcode="dmul(510) " fcode="dmul"/>
<opset="tmp_24/41 "/>
</bind>
</comp>

<comp id="123" class="1004" name="grp_fu_123">
<pin_list>
<pin id="124" dir="0" index="0" bw="64" slack="1"/>
<pin id="125" dir="0" index="1" bw="64" slack="19"/>
<pin id="126" dir="1" index="2" bw="64" slack="1"/>
</pin_list>
<bind>
<opcode="dmul(510) " fcode="dmul"/>
<opset="tmp_26/41 "/>
</bind>
</comp>

<comp id="127" class="1004" name="grp_fu_127">
<pin_list>
<pin id="128" dir="0" index="0" bw="64" slack="1"/>
<pin id="129" dir="0" index="1" bw="64" slack="0"/>
<pin id="130" dir="1" index="2" bw="64" slack="1"/>
</pin_list>
<bind>
<opcode="dmul(510) " fcode="dmul"/>
<opset="tmp_27/47 "/>
</bind>
</comp>

<comp id="132" class="1004" name="grp_fu_132">
<pin_list>
<pin id="133" dir="0" index="0" bw="64" slack="1"/>
<pin id="134" dir="0" index="1" bw="64" slack="0"/>
<pin id="135" dir="1" index="2" bw="64" slack="1"/>
</pin_list>
<bind>
<opcode="dmul(510) " fcode="dmul"/>
<opset="tmp_15/52 "/>
</bind>
</comp>

<comp id="137" class="1004" name="grp_fu_137">
<pin_list>
<pin id="138" dir="0" index="0" bw="64" slack="1"/>
<pin id="139" dir="0" index="1" bw="64" slack="1"/>
<pin id="140" dir="1" index="2" bw="64" slack="1"/>
</pin_list>
<bind>
<opcode="dmul(510) " fcode="dmul"/>
<opset="w/58 "/>
</bind>
</comp>

<comp id="141" class="1004" name="grp_fu_141">
<pin_list>
<pin id="142" dir="0" index="0" bw="64" slack="21"/>
<pin id="143" dir="0" index="1" bw="64" slack="0"/>
<pin id="144" dir="1" index="2" bw="1" slack="40"/>
</pin_list>
<bind>
<opcode="dcmp(513) " fcode="dcmp"/>
<opset="tmp_29/22 "/>
</bind>
</comp>

<comp id="146" class="1004" name="grp_fu_146">
<pin_list>
<pin id="147" dir="0" index="0" bw="64" slack="0"/>
<pin id="148" dir="0" index="1" bw="64" slack="1"/>
<pin id="149" dir="1" index="2" bw="64" slack="1"/>
</pin_list>
<bind>
<opcode="drecip(520) " fcode="drecip"/>
<opset="K/12 "/>
</bind>
</comp>

<comp id="151" class="1004" name="grp_fu_151">
<pin_list>
<pin id="152" dir="0" index="0" bw="64" slack="0"/>
<pin id="153" dir="0" index="1" bw="64" slack="1"/>
<pin id="154" dir="1" index="2" bw="64" slack="1"/>
</pin_list>
<bind>
<opcode="dexp(522) " fcode="dexp"/>
<opset="tmp_14/34 "/>
</bind>
</comp>

<comp id="156" class="1004" name="p_Val2_s_fu_156">
<pin_list>
<pin id="157" dir="0" index="0" bw="64" slack="0"/>
<pin id="158" dir="1" index="1" bw="64" slack="0"/>
</pin_list>
<bind>
<opcode="bitcast(44) " fcode="bitcast"/>
<opset="p_Val2_s/1 "/>
</bind>
</comp>

<comp id="160" class="1004" name="tmp_fu_160">
<pin_list>
<pin id="161" dir="0" index="0" bw="64" slack="0"/>
<pin id="162" dir="1" index="1" bw="63" slack="0"/>
</pin_list>
<bind>
<opcode="trunc(33) " fcode="trunc"/>
<opset="tmp/1 "/>
</bind>
</comp>

<comp id="164" class="1004" name="p_Result_s_fu_164">
<pin_list>
<pin id="165" dir="0" index="0" bw="64" slack="0"/>
<pin id="166" dir="0" index="1" bw="1" slack="0"/>
<pin id="167" dir="0" index="2" bw="63" slack="0"/>
<pin id="168" dir="1" index="3" bw="64" slack="0"/>
</pin_list>
<bind>
<opcode="bitconcatenate(1004) " fcode="bitconcatenate"/>
<opset="p_Result_s/1 "/>
</bind>
</comp>

<comp id="172" class="1004" name="ret_i_i_i_i_i_fu_172">
<pin_list>
<pin id="173" dir="0" index="0" bw="64" slack="0"/>
<pin id="174" dir="1" index="1" bw="64" slack="0"/>
</pin_list>
<bind>
<opcode="bitcast(44) " fcode="bitcast"/>
<opset="ret_i_i_i_i_i/1 "/>
</bind>
</comp>

<comp id="177" class="1004" name="tmp_31_fu_177">
<pin_list>
<pin id="178" dir="0" index="0" bw="1" slack="45"/>
<pin id="179" dir="0" index="1" bw="64" slack="6"/>
<pin id="180" dir="0" index="2" bw="64" slack="1"/>
<pin id="181" dir="1" index="3" bw="64" slack="2147483647"/>
</pin_list>
<bind>
<opcode="select(49) " fcode="select"/>
<opset="tmp_31/69 "/>
</bind>
</comp>

<comp id="182" class="1005" name="X_read_reg_182">
<pin_list>
<pin id="183" dir="0" index="0" bw="64" slack="21"/>
<pin id="184" dir="1" index="1" bw="64" slack="21"/>
</pin_list>
<bind>
<opset="X_read "/>
</bind>
</comp>

<comp id="189" class="1005" name="ret_i_i_i_i_i_reg_189">
<pin_list>
<pin id="190" dir="0" index="0" bw="64" slack="1"/>
<pin id="191" dir="1" index="1" bw="64" slack="1"/>
</pin_list>
<bind>
<opset="ret_i_i_i_i_i "/>
</bind>
</comp>

<comp id="194" class="1005" name="tmp_s_reg_194">
<pin_list>
<pin id="195" dir="0" index="0" bw="64" slack="1"/>
<pin id="196" dir="1" index="1" bw="64" slack="1"/>
</pin_list>
<bind>
<opset="tmp_s "/>
</bind>
</comp>

<comp id="199" class="1005" name="tmp_11_reg_199">
<pin_list>
<pin id="200" dir="0" index="0" bw="64" slack="1"/>
<pin id="201" dir="1" index="1" bw="64" slack="1"/>
</pin_list>
<bind>
<opset="tmp_11 "/>
</bind>
</comp>

<comp id="204" class="1005" name="K_reg_204">
<pin_list>
<pin id="205" dir="0" index="0" bw="64" slack="1"/>
<pin id="206" dir="1" index="1" bw="64" slack="1"/>
</pin_list>
<bind>
<opset="K "/>
</bind>
</comp>

<comp id="216" class="1005" name="tmp_29_reg_216">
<pin_list>
<pin id="217" dir="0" index="0" bw="1" slack="40"/>
<pin id="218" dir="1" index="1" bw="1" slack="45"/>
</pin_list>
<bind>
<opset="tmp_29 "/>
</bind>
</comp>

<comp id="221" class="1005" name="tmp_12_reg_221">
<pin_list>
<pin id="222" dir="0" index="0" bw="64" slack="1"/>
<pin id="223" dir="1" index="1" bw="64" slack="1"/>
</pin_list>
<bind>
<opset="tmp_12 "/>
</bind>
</comp>

<comp id="226" class="1005" name="pow7_reg_226">
<pin_list>
<pin id="227" dir="0" index="0" bw="64" slack="1"/>
<pin id="228" dir="1" index="1" bw="64" slack="1"/>
</pin_list>
<bind>
<opset="pow7 "/>
</bind>
</comp>

<comp id="231" class="1005" name="tmp_17_reg_231">
<pin_list>
<pin id="232" dir="0" index="0" bw="64" slack="1"/>
<pin id="233" dir="1" index="1" bw="64" slack="1"/>
</pin_list>
<bind>
<opset="tmp_17 "/>
</bind>
</comp>

<comp id="236" class="1005" name="tmp_13_reg_236">
<pin_list>
<pin id="237" dir="0" index="0" bw="64" slack="1"/>
<pin id="238" dir="1" index="1" bw="64" slack="1"/>
</pin_list>
<bind>
<opset="tmp_13 "/>
</bind>
</comp>

<comp id="241" class="1005" name="tmp_20_reg_241">
<pin_list>
<pin id="242" dir="0" index="0" bw="64" slack="1"/>
<pin id="243" dir="1" index="1" bw="64" slack="1"/>
</pin_list>
<bind>
<opset="tmp_20 "/>
</bind>
</comp>

<comp id="247" class="1005" name="tmp_16_reg_247">
<pin_list>
<pin id="248" dir="0" index="0" bw="64" slack="1"/>
<pin id="249" dir="1" index="1" bw="64" slack="1"/>
</pin_list>
<bind>
<opset="tmp_16 "/>
</bind>
</comp>

<comp id="252" class="1005" name="tmp_18_reg_252">
<pin_list>
<pin id="253" dir="0" index="0" bw="64" slack="1"/>
<pin id="254" dir="1" index="1" bw="64" slack="1"/>
</pin_list>
<bind>
<opset="tmp_18 "/>
</bind>
</comp>

<comp id="257" class="1005" name="tmp_23_reg_257">
<pin_list>
<pin id="258" dir="0" index="0" bw="64" slack="1"/>
<pin id="259" dir="1" index="1" bw="64" slack="1"/>
</pin_list>
<bind>
<opset="tmp_23 "/>
</bind>
</comp>

<comp id="263" class="1005" name="tmp_19_reg_263">
<pin_list>
<pin id="264" dir="0" index="0" bw="64" slack="1"/>
<pin id="265" dir="1" index="1" bw="64" slack="1"/>
</pin_list>
<bind>
<opset="tmp_19 "/>
</bind>
</comp>

<comp id="268" class="1005" name="tmp_21_reg_268">
<pin_list>
<pin id="269" dir="0" index="0" bw="64" slack="1"/>
<pin id="270" dir="1" index="1" bw="64" slack="1"/>
</pin_list>
<bind>
<opset="tmp_21 "/>
</bind>
</comp>

<comp id="273" class="1005" name="tmp_22_reg_273">
<pin_list>
<pin id="274" dir="0" index="0" bw="64" slack="1"/>
<pin id="275" dir="1" index="1" bw="64" slack="1"/>
</pin_list>
<bind>
<opset="tmp_22 "/>
</bind>
</comp>

<comp id="278" class="1005" name="tmp_24_reg_278">
<pin_list>
<pin id="279" dir="0" index="0" bw="64" slack="1"/>
<pin id="280" dir="1" index="1" bw="64" slack="1"/>
</pin_list>
<bind>
<opset="tmp_24 "/>
</bind>
</comp>

<comp id="283" class="1005" name="tmp_26_reg_283">
<pin_list>
<pin id="284" dir="0" index="0" bw="64" slack="1"/>
<pin id="285" dir="1" index="1" bw="64" slack="1"/>
</pin_list>
<bind>
<opset="tmp_26 "/>
</bind>
</comp>

<comp id="288" class="1005" name="tmp_14_reg_288">
<pin_list>
<pin id="289" dir="0" index="0" bw="64" slack="1"/>
<pin id="290" dir="1" index="1" bw="64" slack="1"/>
</pin_list>
<bind>
<opset="tmp_14 "/>
</bind>
</comp>

<comp id="293" class="1005" name="tmp_25_reg_293">
<pin_list>
<pin id="294" dir="0" index="0" bw="64" slack="2"/>
<pin id="295" dir="1" index="1" bw="64" slack="2"/>
</pin_list>
<bind>
<opset="tmp_25 "/>
</bind>
</comp>

<comp id="298" class="1005" name="tmp_27_reg_298">
<pin_list>
<pin id="299" dir="0" index="0" bw="64" slack="1"/>
<pin id="300" dir="1" index="1" bw="64" slack="1"/>
</pin_list>
<bind>
<opset="tmp_27 "/>
</bind>
</comp>

<comp id="303" class="1005" name="tmp_15_reg_303">
<pin_list>
<pin id="304" dir="0" index="0" bw="64" slack="1"/>
<pin id="305" dir="1" index="1" bw="64" slack="1"/>
</pin_list>
<bind>
<opset="tmp_15 "/>
</bind>
</comp>

<comp id="308" class="1005" name="tmp_28_reg_308">
<pin_list>
<pin id="309" dir="0" index="0" bw="64" slack="1"/>
<pin id="310" dir="1" index="1" bw="64" slack="1"/>
</pin_list>
<bind>
<opset="tmp_28 "/>
</bind>
</comp>

<comp id="313" class="1005" name="w_reg_313">
<pin_list>
<pin id="314" dir="0" index="0" bw="64" slack="1"/>
<pin id="315" dir="1" index="1" bw="64" slack="1"/>
</pin_list>
<bind>
<opset="w "/>
</bind>
</comp>

<comp id="319" class="1005" name="tmp_30_reg_319">
<pin_list>
<pin id="320" dir="0" index="0" bw="64" slack="1"/>
<pin id="321" dir="1" index="1" bw="64" slack="1"/>
</pin_list>
<bind>
<opset="tmp_30 "/>
</bind>
</comp>

</comp_list>

<net_list>
<net id="44"><net_src comp="2" pin="0"/><net_sink comp="40" pin=0"/></net>

<net id="45"><net_src comp="0" pin="0"/><net_sink comp="40" pin=1"/></net>

<net id="51"><net_src comp="10" pin="0"/><net_sink comp="47" pin=1"/></net>

<net id="72"><net_src comp="10" pin="0"/><net_sink comp="68" pin=0"/></net>

<net id="77"><net_src comp="8" pin="0"/><net_sink comp="73" pin=1"/></net>

<net id="90"><net_src comp="16" pin="0"/><net_sink comp="86" pin=1"/></net>

<net id="95"><net_src comp="18" pin="0"/><net_sink comp="91" pin=1"/></net>

<net id="104"><net_src comp="20" pin="0"/><net_sink comp="100" pin=1"/></net>

<net id="117"><net_src comp="24" pin="0"/><net_sink comp="113" pin=1"/></net>

<net id="122"><net_src comp="26" pin="0"/><net_sink comp="118" pin=1"/></net>

<net id="131"><net_src comp="28" pin="0"/><net_sink comp="127" pin=1"/></net>

<net id="136"><net_src comp="30" pin="0"/><net_sink comp="132" pin=1"/></net>

<net id="145"><net_src comp="14" pin="0"/><net_sink comp="141" pin=1"/></net>

<net id="150"><net_src comp="12" pin="0"/><net_sink comp="146" pin=0"/></net>

<net id="155"><net_src comp="22" pin="0"/><net_sink comp="151" pin=0"/></net>

<net id="159"><net_src comp="40" pin="2"/><net_sink comp="156" pin=0"/></net>

<net id="163"><net_src comp="156" pin="1"/><net_sink comp="160" pin=0"/></net>

<net id="169"><net_src comp="4" pin="0"/><net_sink comp="164" pin=0"/></net>

<net id="170"><net_src comp="6" pin="0"/><net_sink comp="164" pin=1"/></net>

<net id="171"><net_src comp="160" pin="1"/><net_sink comp="164" pin=2"/></net>

<net id="175"><net_src comp="164" pin="3"/><net_sink comp="172" pin=0"/></net>

<net id="176"><net_src comp="172" pin="1"/><net_sink comp="73" pin=0"/></net>

<net id="185"><net_src comp="40" pin="2"/><net_sink comp="182" pin=0"/></net>

<net id="186"><net_src comp="182" pin="1"/><net_sink comp="78" pin=0"/></net>

<net id="187"><net_src comp="182" pin="1"/><net_sink comp="78" pin=1"/></net>

<net id="188"><net_src comp="182" pin="1"/><net_sink comp="141" pin=0"/></net>

<net id="192"><net_src comp="172" pin="1"/><net_sink comp="189" pin=0"/></net>

<net id="193"><net_src comp="189" pin="1"/><net_sink comp="73" pin=0"/></net>

<net id="197"><net_src comp="73" pin="2"/><net_sink comp="194" pin=0"/></net>

<net id="198"><net_src comp="194" pin="1"/><net_sink comp="47" pin=0"/></net>

<net id="202"><net_src comp="47" pin="2"/><net_sink comp="199" pin=0"/></net>

<net id="203"><net_src comp="199" pin="1"/><net_sink comp="146" pin=1"/></net>

<net id="207"><net_src comp="146" pin="2"/><net_sink comp="204" pin=0"/></net>

<net id="208"><net_src comp="204" pin="1"/><net_sink comp="82" pin=0"/></net>

<net id="209"><net_src comp="204" pin="1"/><net_sink comp="82" pin=1"/></net>

<net id="210"><net_src comp="204" pin="1"/><net_sink comp="86" pin=0"/></net>

<net id="211"><net_src comp="204" pin="1"/><net_sink comp="96" pin=1"/></net>

<net id="212"><net_src comp="204" pin="1"/><net_sink comp="100" pin=0"/></net>

<net id="213"><net_src comp="204" pin="1"/><net_sink comp="105" pin=1"/></net>

<net id="214"><net_src comp="204" pin="1"/><net_sink comp="109" pin=1"/></net>

<net id="215"><net_src comp="204" pin="1"/><net_sink comp="123" pin=1"/></net>

<net id="219"><net_src comp="141" pin="2"/><net_sink comp="216" pin=0"/></net>

<net id="220"><net_src comp="216" pin="1"/><net_sink comp="177" pin=0"/></net>

<net id="224"><net_src comp="78" pin="2"/><net_sink comp="221" pin=0"/></net>

<net id="225"><net_src comp="221" pin="1"/><net_sink comp="91" pin=0"/></net>

<net id="229"><net_src comp="82" pin="2"/><net_sink comp="226" pin=0"/></net>

<net id="230"><net_src comp="226" pin="1"/><net_sink comp="96" pin=0"/></net>

<net id="234"><net_src comp="86" pin="2"/><net_sink comp="231" pin=0"/></net>

<net id="235"><net_src comp="231" pin="1"/><net_sink comp="105" pin=0"/></net>

<net id="239"><net_src comp="91" pin="2"/><net_sink comp="236" pin=0"/></net>

<net id="240"><net_src comp="236" pin="1"/><net_sink comp="151" pin=1"/></net>

<net id="244"><net_src comp="96" pin="2"/><net_sink comp="241" pin=0"/></net>

<net id="245"><net_src comp="241" pin="1"/><net_sink comp="109" pin=0"/></net>

<net id="246"><net_src comp="241" pin="1"/><net_sink comp="113" pin=0"/></net>

<net id="250"><net_src comp="100" pin="2"/><net_sink comp="247" pin=0"/></net>

<net id="251"><net_src comp="247" pin="1"/><net_sink comp="52" pin=0"/></net>

<net id="255"><net_src comp="105" pin="2"/><net_sink comp="252" pin=0"/></net>

<net id="256"><net_src comp="252" pin="1"/><net_sink comp="52" pin=1"/></net>

<net id="260"><net_src comp="109" pin="2"/><net_sink comp="257" pin=0"/></net>

<net id="261"><net_src comp="257" pin="1"/><net_sink comp="118" pin=0"/></net>

<net id="262"><net_src comp="257" pin="1"/><net_sink comp="123" pin=0"/></net>

<net id="266"><net_src comp="52" pin="2"/><net_sink comp="263" pin=0"/></net>

<net id="267"><net_src comp="263" pin="1"/><net_sink comp="56" pin=0"/></net>

<net id="271"><net_src comp="113" pin="2"/><net_sink comp="268" pin=0"/></net>

<net id="272"><net_src comp="268" pin="1"/><net_sink comp="56" pin=1"/></net>

<net id="276"><net_src comp="56" pin="2"/><net_sink comp="273" pin=0"/></net>

<net id="277"><net_src comp="273" pin="1"/><net_sink comp="60" pin=0"/></net>

<net id="281"><net_src comp="118" pin="2"/><net_sink comp="278" pin=0"/></net>

<net id="282"><net_src comp="278" pin="1"/><net_sink comp="60" pin=1"/></net>

<net id="286"><net_src comp="123" pin="2"/><net_sink comp="283" pin=0"/></net>

<net id="287"><net_src comp="283" pin="1"/><net_sink comp="127" pin=0"/></net>

<net id="291"><net_src comp="151" pin="2"/><net_sink comp="288" pin=0"/></net>

<net id="292"><net_src comp="288" pin="1"/><net_sink comp="132" pin=0"/></net>

<net id="296"><net_src comp="60" pin="2"/><net_sink comp="293" pin=0"/></net>

<net id="297"><net_src comp="293" pin="1"/><net_sink comp="64" pin=0"/></net>

<net id="301"><net_src comp="127" pin="2"/><net_sink comp="298" pin=0"/></net>

<net id="302"><net_src comp="298" pin="1"/><net_sink comp="64" pin=1"/></net>

<net id="306"><net_src comp="132" pin="2"/><net_sink comp="303" pin=0"/></net>

<net id="307"><net_src comp="303" pin="1"/><net_sink comp="137" pin=0"/></net>

<net id="311"><net_src comp="64" pin="2"/><net_sink comp="308" pin=0"/></net>

<net id="312"><net_src comp="308" pin="1"/><net_sink comp="137" pin=1"/></net>

<net id="316"><net_src comp="137" pin="2"/><net_sink comp="313" pin=0"/></net>

<net id="317"><net_src comp="313" pin="1"/><net_sink comp="68" pin=1"/></net>

<net id="318"><net_src comp="313" pin="1"/><net_sink comp="177" pin=1"/></net>

<net id="322"><net_src comp="68" pin="2"/><net_sink comp="319" pin=0"/></net>

<net id="323"><net_src comp="319" pin="1"/><net_sink comp="177" pin=2"/></net>

</net_list>

</model> 
---------------- Datapath Model END ------------------

* FSMD analyzer results:
  - Output states:
  - Chain level:
	State 1
		tmp : 1
		p_Result_s : 2
		ret_i_i_i_i_i : 3
		tmp_s : 4
	State 2
	State 3
	State 4
	State 5
	State 6
	State 7
	State 8
	State 9
	State 10
	State 11
	State 12
	State 13
	State 14
	State 15
	State 16
	State 17
	State 18
	State 19
	State 20
	State 21
	State 22
	State 23
	State 24
	State 25
	State 26
	State 27
	State 28
	State 29
	State 30
	State 31
	State 32
	State 33
	State 34
	State 35
	State 36
	State 37
	State 38
	State 39
	State 40
	State 41
	State 42
	State 43
	State 44
	State 45
	State 46
	State 47
	State 48
	State 49
	State 50
	State 51
	State 52
	State 53
	State 54
	State 55
	State 56
	State 57
	State 58
	State 59
	State 60
	State 61
	State 62
	State 63
	State 64
	State 65
	State 66
	State 67
	State 68
	State 69
		stg_229 : 1


============================================================
+ Verbose Summary: Datapath Resource usage 
============================================================

* Functional unit list:
|----------|-------------------|---------|---------|---------|
| Operation|  Functional Unit  |  DSP48E |    FF   |   LUT   |
|----------|-------------------|---------|---------|---------|
|          |     grp_fu_73     |    11   |   317   |   578   |
|          |     grp_fu_78     |    11   |   317   |   578   |
|          |     grp_fu_82     |    11   |   317   |   578   |
|          |     grp_fu_86     |    11   |   317   |   578   |
|          |     grp_fu_91     |    11   |   317   |   578   |
|          |     grp_fu_96     |    11   |   317   |   578   |
|          |     grp_fu_100    |    11   |   317   |   578   |
|   dmul   |     grp_fu_105    |    11   |   317   |   578   |
|          |     grp_fu_109    |    11   |   317   |   578   |
|          |     grp_fu_113    |    11   |   317   |   578   |
|          |     grp_fu_118    |    11   |   317   |   578   |
|          |     grp_fu_123    |    11   |   317   |   578   |
|          |     grp_fu_127    |    11   |   317   |   578   |
|          |     grp_fu_132    |    11   |   317   |   578   |
|          |     grp_fu_137    |    11   |   317   |   578   |
|----------|-------------------|---------|---------|---------|
|          |     grp_fu_47     |    3    |   445   |   1149  |
|          |     grp_fu_52     |    3    |   445   |   1149  |
|   dadd   |     grp_fu_56     |    3    |   445   |   1149  |
|          |     grp_fu_60     |    3    |   445   |   1149  |
|          |     grp_fu_64     |    3    |   445   |   1149  |
|          |     grp_fu_68     |    3    |   445   |   1149  |
|----------|-------------------|---------|---------|---------|
|   dexp   |     grp_fu_151    |    26   |   1549  |   2599  |
|----------|-------------------|---------|---------|---------|
|  drecip  |     grp_fu_146    |    14   |   440   |   439   |
|----------|-------------------|---------|---------|---------|
|   dcmp   |     grp_fu_141    |    0    |   130   |   469   |
|----------|-------------------|---------|---------|---------|
|  select  |   tmp_31_fu_177   |    0    |    0    |    64   |
|----------|-------------------|---------|---------|---------|
|   read   | X_read_read_fu_40 |    0    |    0    |    0    |
|----------|-------------------|---------|---------|---------|
|   trunc  |     tmp_fu_160    |    0    |    0    |    0    |
|----------|-------------------|---------|---------|---------|
|bitconcatenate| p_Result_s_fu_164 |    0    |    0    |    0    |
|----------|-------------------|---------|---------|---------|
|   Total  |                   |   223   |   9544  |  19135  |
|----------|-------------------|---------|---------|---------|

Memories:
N/A

* Register list:
+---------------------+--------+
|                     |   FF   |
+---------------------+--------+
|      K_reg_204      |   64   |
|    X_read_reg_182   |   64   |
|     pow7_reg_226    |   64   |
|ret_i_i_i_i_i_reg_189|   64   |
|    tmp_11_reg_199   |   64   |
|    tmp_12_reg_221   |   64   |
|    tmp_13_reg_236   |   64   |
|    tmp_14_reg_288   |   64   |
|    tmp_15_reg_303   |   64   |
|    tmp_16_reg_247   |   64   |
|    tmp_17_reg_231   |   64   |
|    tmp_18_reg_252   |   64   |
|    tmp_19_reg_263   |   64   |
|    tmp_20_reg_241   |   64   |
|    tmp_21_reg_268   |   64   |
|    tmp_22_reg_273   |   64   |
|    tmp_23_reg_257   |   64   |
|    tmp_24_reg_278   |   64   |
|    tmp_25_reg_293   |   64   |
|    tmp_26_reg_283   |   64   |
|    tmp_27_reg_298   |   64   |
|    tmp_28_reg_308   |   64   |
|    tmp_29_reg_216   |    1   |
|    tmp_30_reg_319   |   64   |
|    tmp_s_reg_194    |   64   |
|      w_reg_313      |   64   |
+---------------------+--------+
|        Total        |  1601  |
+---------------------+--------+

* Multiplexer (MUX) list: 
|-----------|------|------|------|--------||---------||---------|
|    Comp   |  Pin | Size |  BW  | S x BW ||  Delay  ||   LUT   |
|-----------|------|------|------|--------||---------||---------|
| grp_fu_73 |  p0  |   2  |  64  |   128  ||    64   |
|-----------|------|------|------|--------||---------||---------|
|   Total   |      |      |      |   128  ||  1.571  ||    64   |
|-----------|------|------|------|--------||---------||---------|



* Summary:
+-----------+--------+--------+--------+--------+
|           | DSP48E |  Delay |   FF   |   LUT  |
+-----------+--------+--------+--------+--------+
|  Function |   223  |    -   |  9544  |  19135 |
|   Memory  |    -   |    -   |    -   |    -   |
|Multiplexer|    -   |    1   |    -   |   64   |
|  Register |    -   |    -   |  1601  |    -   |
+-----------+--------+--------+--------+--------+
|   Total   |   223  |    1   |  11145 |  19199 |
+-----------+--------+--------+--------+--------+
