

================================================================
== Vivado HLS Report for 'black_scholes'
================================================================
* Date:           Mon Dec  8 04:06:12 2014

* Version:        2014.2 (Build 932637 on Wed Jun 11 12:38:34 PM 2014)
* Project:        hls.prj
* Solution:       solution1
* Product family: zynq zynq_fpv6 
* Target device:  xc7z020clg484-1


================================================================
== Performance Estimates
================================================================
+ Timing (ns): 
    * Summary: 
    +---------+-------+----------+------------+
    |  Clock  | Target| Estimated| Uncertainty|
    +---------+-------+----------+------------+
    |default  |  10.00|     16.02|        1.25|
    +---------+-------+----------+------------+

+ Latency (clock cycles): 
    * Summary: 
    +-----+-----+-----+-----+----------+
    |  Latency  |  Interval | Pipeline |
    | min | max | min | max |   Type   |
    +-----+-----+-----+-----+----------+
    |  614|  614|  411|  411| function |
    +-----+-----+-----+-----+----------+

    + Detail: 
        * Instance: 
        +-------------------------------------+--------------------------+-----+-----+-----+-----+----------+
        |                                     |                          |  Latency  |  Interval | Pipeline |
        |               Instance              |          Module          | min | max | min | max |   Type   |
        +-------------------------------------+--------------------------+-----+-----+-----+-----+----------+
        |grp_black_scholes_gaussrand2_fu_103  |black_scholes_gaussrand2  |  565|  565|  411|  411| function |
        +-------------------------------------+--------------------------+-----+-----+-----+-----+----------+

        * Loop: 
        N/A



================================================================
== Utilization Estimates
================================================================
* Summary: 
+-----------------+---------+-------+--------+-------+
|       Name      | BRAM_18K| DSP48E|   FF   |  LUT  |
+-----------------+---------+-------+--------+-------+
|Expression       |        -|      -|       0|     64|
|FIFO             |        -|      -|       -|      -|
|Instance         |       12|    129|   14688|  21374|
|Memory           |        -|      -|       -|      -|
|Multiplexer      |        -|      -|       -|   1400|
|Register         |        -|      -|     651|      -|
+-----------------+---------+-------+--------+-------+
|Total            |       12|    129|   15339|  22838|
+-----------------+---------+-------+--------+-------+
|Available        |      280|    220|  106400|  53200|
+-----------------+---------+-------+--------+-------+
|Utilization (%)  |        4|     58|      14|     42|
+-----------------+---------+-------+--------+-------+

+ Detail: 
    * Instance: 
    +----------------------------------------------------+------------------------------------------------+---------+-------+-------+-------+
    |                      Instance                      |                     Module                     | BRAM_18K| DSP48E|   FF  |  LUT  |
    +----------------------------------------------------+------------------------------------------------+---------+-------+-------+-------+
    |black_scholes_dadddsub_64ns_64ns_64_5_full_dsp_U15  |black_scholes_dadddsub_64ns_64ns_64_5_full_dsp  |        0|      3|    445|   1149|
    |black_scholes_dcmp_64ns_64ns_1_3_U17                |black_scholes_dcmp_64ns_64ns_1_3                |        0|      0|    130|    469|
    |black_scholes_dexp_64ns_64ns_64_18_full_dsp_U18     |black_scholes_dexp_64ns_64ns_64_18_full_dsp     |        0|     26|   1549|   2599|
    |black_scholes_dmul_64ns_64ns_64_6_max_dsp_U16       |black_scholes_dmul_64ns_64ns_64_6_max_dsp       |        0|     11|    317|    578|
    |grp_black_scholes_gaussrand2_fu_103                 |black_scholes_gaussrand2                        |       12|     89|  12247|  16579|
    +----------------------------------------------------+------------------------------------------------+---------+-------+-------+-------+
    |Total                                               |                                                |       12|    129|  14688|  21374|
    +----------------------------------------------------+------------------------------------------------+---------+-------+-------+-------+

    * Memory: 
    N/A

    * FIFO: 
    N/A

    * Expression: 
    +----------------+----------+-------+---+----+------------+------------+
    |  Variable Name | Operation| DSP48E| FF| LUT| Bitwidth P0| Bitwidth P1|
    +----------------+----------+-------+---+----+------------+------------+
    |tmp4_fu_154_p3  |  Select  |      0|  0|  64|           1|           1|
    +----------------+----------+-------+---+----+------------+------------+
    |Total           |          |      0|  0|  64|           1|           1|
    +----------------+----------+-------+---+----+------------+------------+

    * Multiplexer: 
    +-------------------+------+-----------+-----+-----------+
    |        Name       |  LUT | Input Size| Bits| Total Bits|
    +-------------------+------+-----------+-----+-----------+
    |ap_NS_fsm          |  1206|        412|    9|       3708|
    |grp_fu_125_opcode  |     2|          3|    2|          6|
    |grp_fu_125_p1      |    64|          3|   64|        192|
    |grp_fu_129_p0      |    64|          4|   64|        256|
    |grp_fu_129_p1      |    64|          4|   64|        256|
    +-------------------+------+-----------+-----+-----------+
    |Total              |  1400|        426|  203|       4418|
    +-------------------+------+-----------+-----+-----------+

    * Register: 
    +----------------------------+----+----+-----+-----------+
    |            Name            | FF | LUT| Bits| Const Bits|
    +----------------------------+----+----+-----+-----------+
    |A_read_reg_177              |  64|   0|   64|          0|
    |B_read_reg_172              |  64|   0|   64|          0|
    |E_read_reg_182              |  64|   0|   64|          0|
    |S_read_reg_187              |  64|   0|   64|          0|
    |ap_CS_fsm                   |   9|   0|    9|          0|
    |ap_reg_ppiten_pp0_it0_preg  |   1|   0|    1|          0|
    |ap_reg_ppiten_pp0_it1       |   1|   0|    1|          0|
    |rT_read_reg_167             |  64|   0|   64|          0|
    |rand_number_reg_192         |  64|   0|   64|          0|
    |reg_143                     |  64|   0|   64|          0|
    |reg_148                     |  64|   0|   64|          0|
    |tmp2_reg_197                |  64|   0|   64|          0|
    |tmp4_reg_202                |  64|   0|   64|          0|
    +----------------------------+----+----+-----+-----------+
    |Total                       | 651|   0|  651|          0|
    +----------------------------+----+----+-----+-----------+



================================================================
== Interface
================================================================
* Summary: 
+-----------------------+-----+-----+------------+-----------------------+--------------+
|       RTL Ports       | Dir | Bits|  Protocol  |     Source Object     |    C Type    |
+-----------------------+-----+-----+------------+-----------------------+--------------+
|ap_clk                 |  in |    1| ap_ctrl_hs |     black_scholes     | return value |
|ap_rst                 |  in |    1| ap_ctrl_hs |     black_scholes     | return value |
|ap_start               |  in |    1| ap_ctrl_hs |     black_scholes     | return value |
|ap_done                | out |    1| ap_ctrl_hs |     black_scholes     | return value |
|ap_idle                | out |    1| ap_ctrl_hs |     black_scholes     | return value |
|ap_ready               | out |    1| ap_ctrl_hs |     black_scholes     | return value |
|ap_return              | out |   64| ap_ctrl_hs |     black_scholes     | return value |
|S                      |  in |   64|   ap_none  |           S           |    scalar    |
|E                      |  in |   64|   ap_none  |           E           |    scalar    |
|A                      |  in |   64|   ap_none  |           A           |    scalar    |
|B                      |  in |   64|   ap_none  |           B           |    scalar    |
|rT                     |  in |   64|   ap_none  |           rT          |    scalar    |
|gaussrand_state_V1     |  in |   64|   ap_none  |   gaussrand_state_V1  |    scalar    |
|gaussrand_state_V2     |  in |   64|   ap_none  |   gaussrand_state_V2  |    scalar    |
|gaussrand_state_S      |  in |   64|   ap_none  |   gaussrand_state_S   |    scalar    |
|gaussrand_state_phase  |  in |   32|   ap_none  | gaussrand_state_phase |    scalar    |
+-----------------------+-----+-----+------------+-----------------------+--------------+

