

================================================================
== Vivado HLS Report for 'gaussrand2'
================================================================
* Date:           Mon Dec  8 18:02:54 2014

* Version:        2014.2 (Build 932637 on Wed Jun 11 12:38:34 PM 2014)
* Project:        hls.prj
* Solution:       solution1
* Product family: zynq zynq_fpv6 
* Target device:  xc7z020clg484-1


================================================================
== Performance Estimates
================================================================
+ Timing (ns): 
    * Summary: 
    +---------+-------+----------+------------+
    |  Clock  | Target| Estimated| Uncertainty|
    +---------+-------+----------+------------+
    |default  |  10.00|      8.62|        1.25|
    +---------+-------+----------+------------+

+ Latency (clock cycles): 
    * Summary: 
    +-----+-----+-----+-----+----------+
    |  Latency  |  Interval | Pipeline |
    | min | max | min | max |   Type   |
    +-----+-----+-----+-----+----------+
    |   80|   80|   12|   12| function |
    +-----+-----+-----+-----+----------+

    + Detail: 
        * Instance: 
        +-----------------------------------+------------------------+-----+-----+-----+-----+----------+
        |                                   |                        |  Latency  |  Interval | Pipeline |
        |              Instance             |         Module         | min | max | min | max |   Type   |
        +-----------------------------------+------------------------+-----+-----+-----+-----+----------+
        |grp_gaussrand2_rand_uint32_fu_119  |gaussrand2_rand_uint32  |    2|    2|    1|    1| function |
        +-----------------------------------+------------------------+-----+-----+-----+-----+----------+

        * Loop: 
        N/A



================================================================
== Utilization Estimates
================================================================
* Summary: 
+-----------------+---------+-------+--------+-------+
|       Name      | BRAM_18K| DSP48E|   FF   |  LUT  |
+-----------------+---------+-------+--------+-------+
|Expression       |        -|      -|       0|     72|
|FIFO             |        -|      -|       -|      -|
|Instance         |       12|     24|    4768|   6290|
|Memory           |        -|      -|       -|      -|
|Multiplexer      |        -|      -|       -|    449|
|Register         |        -|      -|     610|    129|
+-----------------+---------+-------+--------+-------+
|Total            |       12|     24|    5378|   6940|
+-----------------+---------+-------+--------+-------+
|Available        |      280|    220|  106400|  53200|
+-----------------+---------+-------+--------+-------+
|Utilization (%)  |        4|     10|       5|     13|
+-----------------+---------+-------+--------+-------+

+ Detail: 
    * Instance: 
    +---------------------------------------------+------------------------------------------+---------+-------+------+------+
    |                   Instance                  |                  Module                  | BRAM_18K| DSP48E|  FF  |  LUT |
    +---------------------------------------------+------------------------------------------+---------+-------+------+------+
    |gaussrand2_ddiv_64ns_64ns_64_31_U7           |gaussrand2_ddiv_64ns_64ns_64_31           |        0|      0|  3211|  3658|
    |gaussrand2_dmul_64ns_64ns_64_6_max_dsp_U6    |gaussrand2_dmul_64ns_64ns_64_6_max_dsp    |        0|     11|   317|   578|
    |gaussrand2_flog_32ns_32ns_32_13_full_dsp_U5  |gaussrand2_flog_32ns_32ns_32_13_full_dsp  |        0|     13|   485|   614|
    |gaussrand2_fpext_32ns_64_3_U3                |gaussrand2_fpext_32ns_64_3                |        0|      0|   100|   138|
    |gaussrand2_fptrunc_64ns_32_3_U2              |gaussrand2_fptrunc_64ns_32_3              |        0|      0|   128|   277|
    |gaussrand2_fsqrt_32ns_32ns_32_12_U4          |gaussrand2_fsqrt_32ns_32ns_32_12          |        0|      0|   405|   615|
    |grp_gaussrand2_rand_uint32_fu_119            |gaussrand2_rand_uint32                    |       12|      0|   122|   410|
    +---------------------------------------------+------------------------------------------+---------+-------+------+------+
    |Total                                        |                                          |       12|     24|  4768|  6290|
    +---------------------------------------------+------------------------------------------+---------+-------+------+------+

    * Memory: 
    N/A

    * FIFO: 
    N/A

    * Expression: 
    +-------------------------+----------+-------+---+----+------------+------------+
    |      Variable Name      | Operation| DSP48E| FF| LUT| Bitwidth P0| Bitwidth P1|
    +-------------------------+----------+-------+---+----+------------+------------+
    |gaussrand_state_phase_o  |     -    |      0|  0|  32|           1|          32|
    |tmp_fu_161_p2            |   icmp   |      0|  0|  40|          32|           1|
    +-------------------------+----------+-------+---+----+------------+------------+
    |Total                    |          |      0|  0|  72|          33|          33|
    +-------------------------+----------+-------+---+----+------------+------------+

    * Multiplexer: 
    +------------------------------------+----+-----------+-----+-----------+
    |                Name                | LUT| Input Size| Bits| Total Bits|
    +------------------------------------+----+-----------+-----+-----------+
    |X2_phi_fu_111_p4                    |  64|          2|   64|        128|
    |ap_NS_fsm                           |  12|         13|    4|         52|
    |ap_reg_phiprechg_X2_reg_107pp0_it6  |  21|          2|   21|         42|
    |gaussrand_state_S_o                 |  64|          2|   64|        128|
    |gaussrand_state_V2_o                |  64|          2|   64|        128|
    |grp_fu_135_p0                       |  64|          3|   64|        192|
    |grp_fu_139_p0                       |  32|          3|   32|         96|
    |grp_fu_152_p0                       |  64|          3|   64|        192|
    |grp_fu_152_p1                       |  64|          3|   64|        192|
    +------------------------------------+----+-----------+-----+-----------+
    |Total                               | 449|         33|  441|       1150|
    +------------------------------------+----+-----------+-----+-----------+

    * Register: 
    +---------------------------------------------------------+----+----+-----+-----------+
    |                           Name                          | FF | LUT| Bits| Const Bits|
    +---------------------------------------------------------+----+----+-----+-----------+
    |S_reg_178                                                |  64|   0|   64|          0|
    |V2_reg_189                                               |  64|   0|   64|          0|
    |X_reg_229                                                |  64|   0|   64|          0|
    |ap_CS_fsm                                                |   4|   0|    4|          0|
    |ap_reg_phiprechg_X2_reg_107pp0_it6                       |  21|   0|   64|         43|
    |ap_reg_ppiten_pp0_it0_preg                               |   1|   0|    1|          0|
    |ap_reg_ppiten_pp0_it1                                    |   1|   0|    1|          0|
    |ap_reg_ppiten_pp0_it2                                    |   1|   0|    1|          0|
    |ap_reg_ppiten_pp0_it3                                    |   1|   0|    1|          0|
    |ap_reg_ppiten_pp0_it4                                    |   1|   0|    1|          0|
    |ap_reg_ppiten_pp0_it5                                    |   1|   0|    1|          0|
    |ap_reg_ppiten_pp0_it6                                    |   1|   0|    1|          0|
    |grp_gaussrand2_rand_uint32_fu_119_ap_start_ap_start_reg  |   1|   0|    1|          0|
    |tmp_1_reg_224                                            |  64|   0|   64|          0|
    |tmp_4_reg_194                                            |  32|   0|   32|          0|
    |tmp_5_reg_199                                            |  64|   0|   64|          0|
    |tmp_6_reg_204                                            |  64|   0|   64|          0|
    |tmp_7_reg_209                                            |  64|   0|   64|          0|
    |tmp_8_reg_214                                            |  32|   0|   32|          0|
    |tmp_9_reg_219                                            |  32|   0|   32|          0|
    |tmp_reg_174                                              |   1|   0|    1|          0|
    |tmp_s_reg_184                                            |  32|   0|   32|          0|
    |S_reg_178                                                |   0|  64|   64|          0|
    |V2_reg_189                                               |   0|  64|   64|          0|
    |tmp_reg_174                                              |   0|   1|    1|          0|
    +---------------------------------------------------------+----+----+-----+-----------+
    |Total                                                    | 610| 129|  782|         43|
    +---------------------------------------------------------+----+----+-----+-----------+



================================================================
== Interface
================================================================
* Summary: 
+--------------------------------+-----+-----+------------+-----------------------+--------------+
|            RTL Ports           | Dir | Bits|  Protocol  |     Source Object     |    C Type    |
+--------------------------------+-----+-----+------------+-----------------------+--------------+
|ap_clk                          |  in |    1| ap_ctrl_hs |       gaussrand2      | return value |
|ap_rst                          |  in |    1| ap_ctrl_hs |       gaussrand2      | return value |
|ap_start                        |  in |    1| ap_ctrl_hs |       gaussrand2      | return value |
|ap_done                         | out |    1| ap_ctrl_hs |       gaussrand2      | return value |
|ap_idle                         | out |    1| ap_ctrl_hs |       gaussrand2      | return value |
|ap_ready                        | out |    1| ap_ctrl_hs |       gaussrand2      | return value |
|ap_return                       | out |   64| ap_ctrl_hs |       gaussrand2      | return value |
|gaussrand_state_V1              | out |   64|   ap_vld   |   gaussrand_state_V1  |    pointer   |
|gaussrand_state_V1_ap_vld       | out |    1|   ap_vld   |   gaussrand_state_V1  |    pointer   |
|gaussrand_state_V2_i            |  in |   64|   ap_ovld  |   gaussrand_state_V2  |    pointer   |
|gaussrand_state_V2_o            | out |   64|   ap_ovld  |   gaussrand_state_V2  |    pointer   |
|gaussrand_state_V2_o_ap_vld     | out |    1|   ap_ovld  |   gaussrand_state_V2  |    pointer   |
|gaussrand_state_V2_o_ap_lwr     | out |    1|   ap_ovld  |   gaussrand_state_V2  |    pointer   |
|gaussrand_state_S_i             |  in |   64|   ap_ovld  |   gaussrand_state_S   |    pointer   |
|gaussrand_state_S_o             | out |   64|   ap_ovld  |   gaussrand_state_S   |    pointer   |
|gaussrand_state_S_o_ap_vld      | out |    1|   ap_ovld  |   gaussrand_state_S   |    pointer   |
|gaussrand_state_S_o_ap_lwr      | out |    1|   ap_ovld  |   gaussrand_state_S   |    pointer   |
|gaussrand_state_phase_i         |  in |   32|   ap_ovld  | gaussrand_state_phase |    pointer   |
|gaussrand_state_phase_o         | out |   32|   ap_ovld  | gaussrand_state_phase |    pointer   |
|gaussrand_state_phase_o_ap_vld  | out |    1|   ap_ovld  | gaussrand_state_phase |    pointer   |
|gaussrand_state_phase_o_ap_lwr  | out |    1|   ap_ovld  | gaussrand_state_phase |    pointer   |
+--------------------------------+-----+-----+------------+-----------------------+--------------+

