================================================================
  Vivado(TM) HLS - High-Level Synthesis from C, C++ and SystemC
  Version 2014.2
  Build 932637 on Wed Jun 11 12:38:34 PM 2014
  Copyright (C) 2014 Xilinx Inc. All rights reserved.
================================================================
@I [LIC-101] Checked out feature [HLS]
@I [HLS-10] Running '/opt/xilinx/Vivado_HLS/2014.2/bin/unwrapped/lnx64.o/vivado_hls'
            for user 'vff6' on host 'amdpool-01.ece.cornell.edu' (Linux_x86_64 version 2.6.18-371.6.1.el5) on Mon Dec 08 18:37:08 EST 2014
            in directory '/home/student/vff6/ece5775/assignments/HighLevelSynth/options-accel/dump'
@I [HLS-10] Opening project '/home/student/vff6/ece5775/assignments/HighLevelSynth/options-accel/dump/hls.prj'.
@I [HLS-10] Adding design file 'black_scholes.c' to the project
@I [HLS-10] Adding design file 'gaussian.c' to the project
@I [HLS-10] Adding design file 'mt19937ar.c' to the project
@I [HLS-10] Opening solution '/home/student/vff6/ece5775/assignments/HighLevelSynth/options-accel/dump/hls.prj/solution1'.
@I [SYN-201] Setting up clock 'default' with a period of 10ns.
@I [HLS-10] Setting target device to 'xc7z020clg484-1'
@I [HLS-10] Analyzing design file 'mt19937ar.c' ... 
@I [HLS-10] Analyzing design file 'gaussian.c' ... 
gaussian.c:39:22: warning: implicit conversion from 'int' to 'char' changes value from 808335157 to 53 [-Wconstant-conversion]
          char er1 = '0.75';
               ~~~   ^~~~~~
gaussian.c:55:22: warning: implicit conversion from 'int' to 'char' changes value from 808333877 to 53 [-Wconstant-conversion]
          char er2 = '0.25';
               ~~~   ^~~~~~
2 warnings generated.
@I [HLS-10] Analyzing design file 'black_scholes.c' ... 
@I [HLS-10] Validating synthesis directives ...
@I [HLS-10] Starting code transformations ...
@I [HLS-10] Checking synthesizability ...
@I [XFORM-502] Unrolling all loops for pipelining in function 'gaussrand2' (gaussian.c:6).
@I [XFORM-501] Unrolling loop 'Loop-1' (gaussian.c:25) in function 'gaussrand2' completely.
@I [XFORM-501] Unrolling loop 'Loop-1.1' (gaussian.c:30) in function 'gaussrand2' completely.
