

================================================================
== Vivado HLS Report for 'black_scholes_black_scholes_iterate'
================================================================
* Date:           Sat Nov 22 14:31:27 2014

* Version:        2014.2 (Build 932637 on Wed Jun 11 12:38:34 PM 2014)
* Project:        hls.prj
* Solution:       solution1
* Product family: zynq zynq_fpv6 
* Target device:  xc7z020clg484-1


================================================================
== Performance Estimates
================================================================
+ Timing (ns): 
    * Summary: 
    +---------+-------+----------+------------+
    |  Clock  | Target| Estimated| Uncertainty|
    +---------+-------+----------+------------+
    |default  |  10.00|      8.62|        1.25|
    +---------+-------+----------+------------+

+ Latency (clock cycles): 
    * Summary: 
    +-----+-----+-----+-----+---------+
    |  Latency  |  Interval | Pipeline|
    | min | max | min | max |   Type  |
    +-----+-----+-----+-----+---------+
    |    ?|    ?|    ?|    ?|   none  |
    +-----+-----+-----+-----+---------+

    + Detail: 
        * Instance: 
        +----------------------------------------+-----------------------------+-------+-------+-------+-------+---------+
        |                                        |                             |    Latency    |    Interval   | Pipeline|
        |                Instance                |            Module           |  min  |  max  |  min  |  max  |   Type  |
        +----------------------------------------+-----------------------------+-------+-------+-------+-------+---------+
        |grp_black_scholes_init_by_array_fu_233  |black_scholes_init_by_array  |  18704|  19951|  18704|  19951|   none  |
        |grp_black_scholes_genrand_int32_fu_241  |black_scholes_genrand_int32  |      3|   7483|      3|   7483|   none  |
        +----------------------------------------+-----------------------------+-------+-------+-------+-------+---------+

        * Loop: 
        +-------------+-----+-----+------------+-----------+-----------+--------+----------+
        |             |  Latency  |  Iteration |  Initiation Interval  |  Trip  |          |
        |  Loop Name  | min | max |   Latency  |  achieved |   target  |  Count | Pipelined|
        +-------------+-----+-----+------------+-----------+-----------+--------+----------+
        |- Loop 1     |    ?|    ?|           ?|          -|          -|  100000|    no    |
        | + Loop 1.1  |    ?|    ?| 66 ~ 29986 |          -|          -|       ?|    no    |
        +-------------+-----+-----+------------+-----------+-----------+--------+----------+



================================================================
== Utilization Estimates
================================================================
* Summary: 
+-----------------+---------+-------+--------+-------+
|       Name      | BRAM_18K| DSP48E|   FF   |  LUT  |
+-----------------+---------+-------+--------+-------+
|Expression       |        -|      -|       0|   1944|
|FIFO             |        -|      -|       -|      -|
|Instance         |        -|    135|   12403|  19082|
|Memory           |        4|      -|       0|      0|
|Multiplexer      |        -|      -|       -|   3554|
|Register         |        -|      -|    2583|      -|
+-----------------+---------+-------+--------+-------+
|Total            |        4|    135|   14986|  24580|
+-----------------+---------+-------+--------+-------+
|Available        |      280|    220|  106400|  53200|
+-----------------+---------+-------+--------+-------+
|Utilization (%)  |        1|     61|      14|     46|
+-----------------+---------+-------+--------+-------+

+ Detail: 
    * Instance: 
    +---------------------------------------------------+------------------------------------------------+---------+-------+------+------+
    |                      Instance                     |                     Module                     | BRAM_18K| DSP48E|  FF  |  LUT |
    +---------------------------------------------------+------------------------------------------------+---------+-------+------+------+
    |black_scholes_dadd_64ns_64ns_64_5_full_dsp_U10     |black_scholes_dadd_64ns_64ns_64_5_full_dsp      |        0|      3|   445|  1149|
    |black_scholes_dadddsub_64ns_64ns_64_5_full_dsp_U9  |black_scholes_dadddsub_64ns_64ns_64_5_full_dsp  |        0|      3|   445|  1149|
    |black_scholes_dcmp_64ns_64ns_1_3_U14               |black_scholes_dcmp_64ns_64ns_1_3                |        0|      0|   130|   469|
    |black_scholes_dcmp_64ns_64ns_1_3_U15               |black_scholes_dcmp_64ns_64ns_1_3                |        0|      0|   130|   469|
    |black_scholes_ddiv_64ns_64ns_64_31_U13             |black_scholes_ddiv_64ns_64ns_64_31              |        0|      0|  3211|  3658|
    |black_scholes_dexp_64ns_64ns_64_18_full_dsp_U21    |black_scholes_dexp_64ns_64ns_64_18_full_dsp     |        0|     26|  1549|  2599|
    |black_scholes_dlog_64ns_64ns_64_31_full_dsp_U20    |black_scholes_dlog_64ns_64ns_64_31_full_dsp     |        0|     61|  1909|  1510|
    |black_scholes_dmul_64ns_64ns_64_6_max_dsp_U11      |black_scholes_dmul_64ns_64ns_64_6_max_dsp       |        0|     11|   317|   578|
    |black_scholes_dmul_64ns_64ns_64_6_max_dsp_U12      |black_scholes_dmul_64ns_64ns_64_6_max_dsp       |        0|     11|   317|   578|
    |black_scholes_dsqrt_64ns_64ns_64_31_U19            |black_scholes_dsqrt_64ns_64ns_64_31             |        0|      0|  1832|  2180|
    |grp_black_scholes_genrand_int32_fu_241             |black_scholes_genrand_int32                     |        0|      4|   324|  1531|
    |grp_black_scholes_init_by_array_fu_233             |black_scholes_init_by_array                     |        0|     16|   558|  1277|
    |black_scholes_sitodp_32ns_64_6_U17                 |black_scholes_sitodp_32ns_64_6                  |        0|      0|   412|   645|
    |black_scholes_sitodp_32ns_64_6_U18                 |black_scholes_sitodp_32ns_64_6                  |        0|      0|   412|   645|
    |black_scholes_uitodp_64ns_64_6_U16                 |black_scholes_uitodp_64ns_64_6                  |        0|      0|   412|   645|
    +---------------------------------------------------+------------------------------------------------+---------+-------+------+------+
    |Total                                              |                                                |        0|    135| 12403| 19082|
    +---------------------------------------------------+------------------------------------------------+---------+-------+------+------+

    * Memory: 
    +-------+----------------------------------------+---------+---+----+------+-----+------+-------------+
    | Memory|                 Module                 | BRAM_18K| FF| LUT| Words| Bits| Banks| W*Bits*Banks|
    +-------+----------------------------------------+---------+---+----+------+-----+------+-------------+
    |mt_U   |black_scholes_black_scholes_iterate_mt  |        4|  0|   0|   624|   64|     1|        39936|
    +-------+----------------------------------------+---------+---+----+------+-----+------+-------------+
    |Total  |                                        |        4|  0|   0|   624|   64|     1|        39936|
    +-------+----------------------------------------+---------+---+----+------+-----+------+-------------+

    * FIFO: 
    N/A

    * Expression: 
    +---------------------------------+----------+-------+---+-----+------------+------------+
    |          Variable Name          | Operation| DSP48E| FF| LUT | Bitwidth P0| Bitwidth P1|
    +---------------------------------+----------+-------+---+-----+------------+------------+
    |k_4_fu_825_p2                    |     +    |      0|  0|   17|          17|           1|
    |sh_assign_2_fu_622_p2            |     +    |      0|  0|   12|          12|          11|
    |sh_assign_fu_502_p2              |     +    |      0|  0|   12|          12|          11|
    |tmp_75_fu_814_p2                 |     +    |      0|  0|   17|          17|           2|
    |gaussrand_state_phase_fu_794_p2  |     -    |      0|  0|   32|           1|          32|
    |p_Val2_7_i_i1_fu_711_p2          |     -    |      0|  0|   32|           1|          32|
    |p_Val2_7_i_i_fu_700_p2           |     -    |      0|  0|   32|           1|          32|
    |tmp_i_i1_fu_636_p2               |     -    |      0|  0|   11|          10|          11|
    |tmp_i_i_102_fu_516_p2            |     -    |      0|  0|   11|          10|          11|
    |p_Val2_12_fu_705_p3              |  Select  |      0|  0|   32|           1|          32|
    |p_Val2_13_fu_716_p3              |  Select  |      0|  0|   32|           1|          32|
    |p_Val2_3_fu_562_p3               |  Select  |      0|  0|  136|           1|         136|
    |p_Val2_8_fu_682_p3               |  Select  |      0|  0|  136|           1|         136|
    |sh_assign_1_fu_526_p3            |  Select  |      0|  0|   12|           1|          12|
    |sh_assign_3_fu_646_p3            |  Select  |      0|  0|   12|           1|          12|
    |tmp_70_fu_800_p3                 |  Select  |      0|  0|   64|           1|           1|
    |exitcond_fu_739_p2               |   icmp   |      0|  0|   21|          17|          16|
    |tmp_71_fu_808_p2                 |   icmp   |      0|  0|   21|          17|           1|
    |tmp_i_fu_745_p2                  |   icmp   |      0|  0|   40|          32|           1|
    |tmp_106_i_i1_fu_666_p2           |   lshr   |      0|  0|  157|          53|          53|
    |tmp_106_i_i_fu_546_p2            |   lshr   |      0|  0|  157|          53|          53|
    |or_cond_i_fu_779_p2              |    or    |      0|  0|    1|           1|           1|
    |tmp_108_i_i1_fu_676_p2           |    shl   |      0|  0|  429|         136|         136|
    |tmp_108_i_i_fu_556_p2            |    shl   |      0|  0|  429|         136|         136|
    |tmp_92_neg_fu_725_p2             |    xor   |      0|  0|   89|          64|          65|
    +---------------------------------+----------+-------+---+-----+------------+------------+
    |Total                            |          |      0|  0| 1944|         597|         966|
    +---------------------------------+----------+-------+---+-----+------------+------------+

    * Multiplexer: 
    +--------------------------------+------+-----------+-----+-----------+
    |              Name              |  LUT | Input Size| Bits| Total Bits|
    +--------------------------------+------+-----------+-----+-----------+
    |M1_1_reg_208                    |    64|          2|   64|        128|
    |M1_reg_150                      |    64|          2|   64|        128|
    |Q1_1_reg_219                    |    64|          2|   64|        128|
    |Q1_reg_162                      |    64|          2|   64|        128|
    |S_2_fu_100                      |    64|          2|   64|        128|
    |V2_1_fu_104                     |    64|          2|   64|        128|
    |ap_NS_fsm                       |  1440|        493|    9|       4437|
    |ap_return_0                     |    64|          2|   64|        128|
    |ap_return_1                     |    64|          2|   64|        128|
    |gaussian_random_number_reg_198  |    64|          2|   64|        128|
    |grp_fu_249_opcode               |     2|          3|    2|          6|
    |grp_fu_249_p0                   |   128|          8|   64|        512|
    |grp_fu_249_p1                   |   128|         10|   64|        640|
    |grp_fu_264_p0                   |   192|         13|   64|        832|
    |grp_fu_264_p1                   |   192|         15|   64|        960|
    |grp_fu_272_p0                   |    64|          5|   64|        320|
    |grp_fu_272_p1                   |    64|          5|   64|        320|
    |grp_fu_284_p0                   |    64|          7|   64|        448|
    |grp_fu_284_p1                   |    64|          6|   64|        384|
    |grp_fu_292_opcode               |     5|          3|    5|         15|
    |grp_fu_292_p0                   |    64|          3|   64|        192|
    |grp_fu_292_p1                   |    64|          3|   64|        192|
    |grp_fu_303_p0                   |    64|          5|   64|        320|
    |grp_fu_306_p0                   |    32|          4|   32|        128|
    |grp_fu_312_p1                   |    64|          3|   64|        192|
    |grp_fu_317_p1                   |    64|          3|   64|        192|
    |grp_fu_322_p1                   |    64|          3|   64|        192|
    |k_reg_174                       |    17|          2|   17|         34|
    |mt_address0                     |    10|          3|   10|         30|
    |mt_d0                           |    64|          3|   64|        192|
    |mti                             |    32|          2|   32|         64|
    |phase_reg_138                   |    32|          2|   32|         64|
    |sum_reg_186                     |    64|          2|   64|        128|
    +--------------------------------+------+-----------+-----+-----------+
    |Total                           |  3554|        624| 1739|      11946|
    +--------------------------------+------+-----------+-----+-----------+

    * Register: 
    +--------------------------------------------------------------+----+----+-----+-----------+
    |                             Name                             | FF | LUT| Bits| Const Bits|
    +--------------------------------------------------------------+----+----+-----+-----------+
    |M1_1_reg_208                                                  |  64|   0|   64|          0|
    |M1_reg_150                                                    |  64|   0|   64|          0|
    |M2_reg_1015                                                   |  64|   0|   64|          0|
    |Q1_1_reg_219                                                  |  64|   0|   64|          0|
    |Q1_reg_162                                                    |  64|   0|   64|          0|
    |Q2_reg_1020                                                   |  64|   0|   64|          0|
    |S_2_fu_100                                                    |  64|   0|   64|          0|
    |V2_1_fu_104                                                   |  64|   0|   64|          0|
    |V2_reg_976                                                    |  64|   0|   64|          0|
    |ap_CS_fsm                                                     |   9|   0|    9|          0|
    |ap_return_0_preg                                              |  64|   0|   64|          0|
    |ap_return_1_preg                                              |  64|   0|   64|          0|
    |gaussian_random_number_reg_198                                |  64|   0|   64|          0|
    |gaussrand_state_phase_reg_986                                 |  32|   0|   32|          0|
    |grp_black_scholes_genrand_int32_fu_241_ap_start_ap_start_reg  |   1|   0|    1|          0|
    |grp_black_scholes_init_by_array_fu_233_ap_start_ap_start_reg  |   1|   0|    1|          0|
    |k_4_reg_1025                                                  |  17|   0|   17|          0|
    |k_cast1_reg_933                                               |  17|   0|   32|         15|
    |k_reg_174                                                     |  17|   0|   17|          0|
    |mti                                                           |  32|   0|   32|          0|
    |p_Result_2_reg_880                                            |   1|   0|    1|          0|
    |p_Result_s_reg_869                                            |   1|   0|    1|          0|
    |p_Val2_12_reg_891                                             |  32|   0|   32|          0|
    |p_Val2_13_reg_896                                             |  32|   0|   32|          0|
    |p_Val2_4_reg_874                                              |  32|   0|   32|          0|
    |p_Val2_9_reg_885                                              |  32|   0|   32|          0|
    |phase_reg_138                                                 |  32|   0|   32|          0|
    |reg_347                                                       |  64|   0|   64|          0|
    |reg_354                                                       |  64|   0|   64|          0|
    |reg_363                                                       |  64|   0|   64|          0|
    |reg_368                                                       |  64|   0|   64|          0|
    |reg_374                                                       |  64|   0|   64|          0|
    |reg_380                                                       |  64|   0|   64|          0|
    |reg_386                                                       |  59|   0|   59|          0|
    |reg_390                                                       |  58|   0|   58|          0|
    |reg_394                                                       |  64|   0|   64|          0|
    |reg_400                                                       |  64|   0|   64|          0|
    |reg_406                                                       |  64|   0|   64|          0|
    |reg_414                                                       |  64|   0|   64|          0|
    |reg_422                                                       |  64|   0|   64|          0|
    |reg_431                                                       |  64|   0|   64|          0|
    |reg_438                                                       |  64|   0|   64|          0|
    |reg_444                                                       |  64|   0|   64|          0|
    |sum_reg_186                                                   |  64|   0|   64|          0|
    |tmp_60_reg_923                                                |  64|   0|   64|          0|
    |tmp_61_reg_928                                                |  64|   0|   64|          0|
    |tmp_70_reg_991                                                |  64|   0|   64|          0|
    |tmp_71_reg_996                                                |   1|   0|    1|          0|
    |tmp_73_reg_1000                                               |  64|   0|   64|          0|
    |tmp_76_reg_1010                                               |  64|   0|   64|          0|
    |tmp_92_neg_reg_901                                            |  64|   0|   64|          0|
    |tmp_i_reg_941                                                 |   1|   0|    1|          0|
    |tmp_reg_918                                                   |  64|   0|   64|          0|
    +--------------------------------------------------------------+----+----+-----+-----------+
    |Total                                                         |2583|   0| 2598|         15|
    +--------------------------------------------------------------+----+----+-----+-----------+



================================================================
== Interface
================================================================
* Summary: 
+---------------------+-----+-----+------------+-------------------------------------+--------------+
|      RTL Ports      | Dir | Bits|  Protocol  |            Source Object            |    C Type    |
+---------------------+-----+-----+------------+-------------------------------------+--------------+
|ap_clk               |  in |    1| ap_ctrl_hs | black_scholes_black_scholes_iterate | return value |
|ap_rst               |  in |    1| ap_ctrl_hs | black_scholes_black_scholes_iterate | return value |
|ap_start             |  in |    1| ap_ctrl_hs | black_scholes_black_scholes_iterate | return value |
|ap_done              | out |    1| ap_ctrl_hs | black_scholes_black_scholes_iterate | return value |
|ap_idle              | out |    1| ap_ctrl_hs | black_scholes_black_scholes_iterate | return value |
|ap_ready             | out |    1| ap_ctrl_hs | black_scholes_black_scholes_iterate | return value |
|ap_return_0          | out |   64| ap_ctrl_hs | black_scholes_black_scholes_iterate | return value |
|ap_return_1          | out |   64| ap_ctrl_hs | black_scholes_black_scholes_iterate | return value |
|the_args_S_read      |  in |   64|   ap_none  |           the_args_S_read           |    scalar    |
|the_args_E_read      |  in |   64|   ap_none  |           the_args_E_read           |    scalar    |
|the_args_r_read      |  in |   64|   ap_none  |           the_args_r_read           |    scalar    |
|the_args_sigma_read  |  in |   64|   ap_none  |         the_args_sigma_read         |    scalar    |
|the_args_T_read      |  in |   64|   ap_none  |           the_args_T_read           |    scalar    |
+---------------------+-----+-----+------------+-------------------------------------+--------------+

