

================================================================
== Vivado HLS Report for 'black_scholes_init_by_array'
================================================================
* Date:           Sat Nov 22 14:31:26 2014

* Version:        2014.2 (Build 932637 on Wed Jun 11 12:38:34 PM 2014)
* Project:        hls.prj
* Solution:       solution1
* Product family: zynq zynq_fpv6 
* Target device:  xc7z020clg484-1


================================================================
== Performance Estimates
================================================================
+ Timing (ns): 
    * Summary: 
    +---------+-------+----------+------------+
    |  Clock  | Target| Estimated| Uncertainty|
    +---------+-------+----------+------------+
    |default  |  10.00|      8.52|        1.25|
    +---------+-------+----------+------------+

+ Latency (clock cycles): 
    * Summary: 
    +-------+-------+-------+-------+---------+
    |    Latency    |    Interval   | Pipeline|
    |  min  |  max  |  min  |  max  |   Type  |
    +-------+-------+-------+-------+---------+
    |  18704|  19951|  18704|  19951|   none  |
    +-------+-------+-------+-------+---------+

    + Detail: 
        * Instance: 
        N/A

        * Loop: 
        +----------+------+------+----------+-----------+-----------+------+----------+
        |          |   Latency   | Iteration|  Initiation Interval  | Trip |          |
        | Loop Name|  min |  max |  Latency |  achieved |   target  | Count| Pipelined|
        +----------+------+------+----------+-----------+-----------+------+----------+
        |- Loop 1  |  5607|  5607|         9|          -|          -|   623|    no    |
        |- Loop 2  |  6864|  7488|  11 ~ 12 |          -|          -|   624|    no    |
        |- Loop 3  |  6230|  6853|  10 ~ 11 |          -|          -|   623|    no    |
        +----------+------+------+----------+-----------+-----------+------+----------+



================================================================
== Utilization Estimates
================================================================
* Summary: 
+-----------------+---------+-------+--------+-------+
|       Name      | BRAM_18K| DSP48E|   FF   |  LUT  |
+-----------------+---------+-------+--------+-------+
|Expression       |        -|      -|       0|    911|
|FIFO             |        -|      -|       -|      -|
|Instance         |        -|     16|       0|      0|
|Memory           |        -|      -|       -|      -|
|Multiplexer      |        -|      -|       -|    366|
|Register         |        -|      -|     558|      -|
+-----------------+---------+-------+--------+-------+
|Total            |        0|     16|     558|   1277|
+-----------------+---------+-------+--------+-------+
|Available        |      280|    220|  106400|  53200|
+-----------------+---------+-------+--------+-------+
|Utilization (%)  |        0|      7|   ~0   |      2|
+-----------------+---------+-------+--------+-------+

+ Detail: 
    * Instance: 
    +------------------------------------+---------------------------------+---------+-------+---+----+
    |              Instance              |              Module             | BRAM_18K| DSP48E| FF| LUT|
    +------------------------------------+---------------------------------+---------+-------+---+----+
    |black_scholes_mul_32s_31ns_32_6_U1  |black_scholes_mul_32s_31ns_32_6  |        0|      4|  0|   0|
    |black_scholes_mul_64s_21ns_64_6_U2  |black_scholes_mul_64s_21ns_64_6  |        0|      4|  0|   0|
    |black_scholes_mul_64s_31ns_64_6_U3  |black_scholes_mul_64s_31ns_64_6  |        0|      8|  0|   0|
    +------------------------------------+---------------------------------+---------+-------+---+----+
    |Total                               |                                 |        0|     16|  0|   0|
    +------------------------------------+---------------------------------+---------+-------+---+----+

    * Memory: 
    N/A

    * FIFO: 
    N/A

    * Expression: 
    +----------------------------+----------+-------+---+----+------------+------------+
    |        Variable Name       | Operation| DSP48E| FF| LUT| Bitwidth P0| Bitwidth P1|
    +----------------------------+----------+-------+---+----+------------+------------+
    |i_4_fu_431_p2               |     +    |      0|  0|  32|          32|           1|
    |i_5_fu_534_p2               |     +    |      0|  0|  32|          32|           1|
    |j_1_fu_437_p2               |     +    |      0|  0|  32|          32|           1|
    |k_2_fu_471_p2               |     +    |      0|  0|  10|          10|           2|
    |k_3_fu_546_p2               |     +    |      0|  0|  10|          10|           2|
    |tmp_10_fu_483_p2            |     +    |      0|  0|  32|          32|           2|
    |tmp_19_cast_fu_420_p2       |     +    |      0|  0|  16|          32|          32|
    |tmp_19_fu_411_p2            |     +    |      0|  0|  16|          32|          32|
    |tmp_2_i_fu_306_p2           |     +    |      0|  0|  10|          10|           1|
    |tmp_3_i_fu_256_p2           |     +    |      0|  0|  10|          10|           2|
    |tmp_4_fu_318_p2             |     +    |      0|  0|  32|          32|           2|
    |tmp_9_i_cast_fu_292_p2      |     +    |      0|  0|  32|          32|          32|
    |tmp_16_cast_fu_524_p2       |     -    |      0|  0|  32|          32|          32|
    |newSel7_fu_395_p3           |  Select  |      0|  0|  11|           1|          10|
    |newSel9_fu_403_p3           |  Select  |      0|  0|  11|           1|          11|
    |newSel_cast_cast_fu_381_p3  |  Select  |      0|  0|  10|           1|           9|
    |p_s_fu_464_p3               |  Select  |      0|  0|  32|           1|          32|
    |exitcond_i_fu_250_p2        |   icmp   |      0|  0|  11|          10|          10|
    |icmp_fu_458_p2              |   icmp   |      0|  0|  38|          30|           1|
    |sel_tmp2_fu_369_p2          |   icmp   |      0|  0|   3|           2|           3|
    |sel_tmp4_fu_375_p2          |   icmp   |      0|  0|   2|           2|           1|
    |sel_tmp_fu_363_p2           |   icmp   |      0|  0|   2|           2|           1|
    |tmp_21_fu_443_p2            |   icmp   |      0|  0|  40|          32|          10|
    |tmp_22_fu_540_p2            |   icmp   |      0|  0|  40|          32|          10|
    |tmp_3_fu_477_p2             |   icmp   |      0|  0|  11|          10|           1|
    |tmp_fu_312_p2               |   icmp   |      0|  0|  11|          10|           1|
    |or_cond_fu_389_p2           |    or    |      0|  0|   1|           1|           1|
    |tmp_13_fu_498_p2            |    xor   |      0|  0|  87|          64|          64|
    |tmp_15_fu_514_p2            |    xor   |      0|  0|  87|          64|          64|
    |tmp_18_fu_281_p2            |    xor   |      0|  0|  44|          32|          32|
    |tmp_7_fu_333_p2             |    xor   |      0|  0|  87|          64|          64|
    |tmp_9_fu_349_p2             |    xor   |      0|  0|  87|          64|          64|
    +----------------------------+----------+-------+---+----+------------+------------+
    |Total                       |          |      0|  0| 911|         751|         531|
    +----------------------------+----------+-------+---+----+------------+------------+

    * Multiplexer: 
    +-------------------+----+-----------+-----+-----------+
    |        Name       | LUT| Input Size| Bits| Total Bits|
    +-------------------+----+-----------+-----+-----------+
    |ap_NS_fsm          |  60|         34|    6|        204|
    |i_1_reg_181        |  32|          2|   32|         64|
    |i_2_reg_194        |  32|          2|   32|         64|
    |i_3_phi_fu_221_p4  |  32|          2|   32|         64|
    |i_3_reg_217        |  32|          2|   32|         64|
    |i_reg_145          |  32|          2|   32|         64|
    |j_reg_157          |  32|          2|   32|         64|
    |k_1_reg_205        |  10|          2|   10|         20|
    |k_reg_169          |  10|          2|   10|         20|
    |mt_address0        |  20|         11|   10|        110|
    |mt_d0              |  64|          7|   64|        448|
    |tmp_1_i_reg_133    |  10|          2|   10|         20|
    +-------------------+----+-----------+-----+-----------+
    |Total              | 366|         70|  302|       1206|
    +-------------------+----+-----------+-----+-----------+

    * Register: 
    +----------------------+----+----+-----+-----------+
    |         Name         | FF | LUT| Bits| Const Bits|
    +----------------------+----+----+-----+-----------+
    |ap_CS_fsm             |   6|   0|    6|          0|
    |i_1_reg_181           |  32|   0|   32|          0|
    |i_2_reg_194           |  32|   0|   32|          0|
    |i_3_reg_217           |  32|   0|   32|          0|
    |i_reg_145             |  32|   0|   32|          0|
    |j_1_reg_608           |  32|   0|   32|          0|
    |j_reg_157             |  32|   0|   32|          0|
    |k_1_reg_205           |  10|   0|   10|          0|
    |k_2_reg_623           |  10|   0|   10|          0|
    |k_reg_169             |  10|   0|   10|          0|
    |mt_addr_3_reg_641     |  10|   0|   10|          0|
    |mt_addr_reg_593       |  10|   0|   10|          0|
    |p_s_reg_618           |  32|   0|   32|          0|
    |tmp_13_reg_636        |  64|   0|   64|          0|
    |tmp_18_reg_565        |  32|   0|   32|          0|
    |tmp_1_i_cast_reg_552  |  10|   0|   32|         22|
    |tmp_1_i_reg_133       |  10|   0|   10|          0|
    |tmp_21_reg_614        |   1|   0|    1|          0|
    |tmp_22_reg_656        |   1|   0|    1|          0|
    |tmp_25_reg_598        |  32|   0|   32|          0|
    |tmp_27_reg_646        |  32|   0|   32|          0|
    |tmp_7_reg_588         |  64|   0|   64|          0|
    |tmp_9_i_cast_reg_570  |  32|   0|   32|          0|
    +----------------------+----+----+-----+-----------+
    |Total                 | 558|   0|  580|         22|
    +----------------------+----+----+-----+-----------+



================================================================
== Interface
================================================================
* Summary: 
+-------------+-----+-----+------------+-----------------------------+--------------+
|  RTL Ports  | Dir | Bits|  Protocol  |        Source Object        |    C Type    |
+-------------+-----+-----+------------+-----------------------------+--------------+
|ap_clk       |  in |    1| ap_ctrl_hs | black_scholes_init_by_array | return value |
|ap_rst       |  in |    1| ap_ctrl_hs | black_scholes_init_by_array | return value |
|ap_start     |  in |    1| ap_ctrl_hs | black_scholes_init_by_array | return value |
|ap_done      | out |    1| ap_ctrl_hs | black_scholes_init_by_array | return value |
|ap_idle      | out |    1| ap_ctrl_hs | black_scholes_init_by_array | return value |
|ap_ready     | out |    1| ap_ctrl_hs | black_scholes_init_by_array | return value |
|mti          | out |   32|   ap_vld   |             mti             |    pointer   |
|mti_ap_vld   | out |    1|   ap_vld   |             mti             |    pointer   |
|mt_address0  | out |   10|  ap_memory |              mt             |     array    |
|mt_ce0       | out |    1|  ap_memory |              mt             |     array    |
|mt_we0       | out |    1|  ap_memory |              mt             |     array    |
|mt_d0        | out |   64|  ap_memory |              mt             |     array    |
|mt_q0        |  in |   64|  ap_memory |              mt             |     array    |
+-------------+-----+-----+------------+-----------------------------+--------------+

