

================================================================
== Vivado HLS Report for 'black_scholes_genrand_int32'
================================================================
* Date:           Sat Nov 22 14:31:26 2014

* Version:        2014.2 (Build 932637 on Wed Jun 11 12:38:34 PM 2014)
* Project:        hls.prj
* Solution:       solution1
* Product family: zynq zynq_fpv6 
* Target device:  xc7z020clg484-1


================================================================
== Performance Estimates
================================================================
+ Timing (ns): 
    * Summary: 
    +---------+-------+----------+------------+
    |  Clock  | Target| Estimated| Uncertainty|
    +---------+-------+----------+------------+
    |default  |  10.00|      8.52|        1.25|
    +---------+-------+----------+------------+

+ Latency (clock cycles): 
    * Summary: 
    +-----+------+-----+------+---------+
    |   Latency  |  Interval  | Pipeline|
    | min |  max | min |  max |   Type  |
    +-----+------+-----+------+---------+
    |    3|  7483|    3|  7483|   none  |
    +-----+------+-----+------+---------+

    + Detail: 
        * Instance: 
        N/A

        * Loop: 
        +----------+------+------+----------+-----------+-----------+------+----------+
        |          |   Latency   | Iteration|  Initiation Interval  | Trip |          |
        | Loop Name|  min |  max |  Latency |  achieved |   target  | Count| Pipelined|
        +----------+------+------+----------+-----------+-----------+------+----------+
        |- Loop 1  |  5607|  5607|         9|          -|          -|   623|    no    |
        |- Loop 2  |   681|   681|         3|          -|          -|   227|    no    |
        |- Loop 3  |  1188|  1188|         3|          -|          -|   396|    no    |
        +----------+------+------+----------+-----------+-----------+------+----------+



================================================================
== Utilization Estimates
================================================================
* Summary: 
+-----------------+---------+-------+--------+-------+
|       Name      | BRAM_18K| DSP48E|   FF   |  LUT  |
+-----------------+---------+-------+--------+-------+
|Expression       |        -|      -|       0|   1241|
|FIFO             |        -|      -|       -|      -|
|Instance         |        -|      4|       0|      0|
|Memory           |        -|      -|       -|      -|
|Multiplexer      |        -|      -|       -|    290|
|Register         |        -|      -|     324|      -|
+-----------------+---------+-------+--------+-------+
|Total            |        0|      4|     324|   1531|
+-----------------+---------+-------+--------+-------+
|Available        |      280|    220|  106400|  53200|
+-----------------+---------+-------+--------+-------+
|Utilization (%)  |        0|      1|   ~0   |      2|
+-----------------+---------+-------+--------+-------+

+ Detail: 
    * Instance: 
    +------------------------------------+---------------------------------+---------+-------+---+----+
    |              Instance              |              Module             | BRAM_18K| DSP48E| FF| LUT|
    +------------------------------------+---------------------------------+---------+-------+---+----+
    |black_scholes_mul_32s_31ns_32_6_U6  |black_scholes_mul_32s_31ns_32_6  |        0|      4|  0|   0|
    +------------------------------------+---------------------------------+---------+-------+---+----+
    |Total                               |                                 |        0|      4|  0|   0|
    +------------------------------------+---------------------------------+---------+-------+---+----+

    * Memory: 
    N/A

    * FIFO: 
    N/A

    * Expression: 
    +--------------------------------------+----------+-------+---+----+------------+------------+
    |             Variable Name            | Operation| DSP48E| FF| LUT| Bitwidth P0| Bitwidth P1|
    +--------------------------------------+----------+-------+---+----+------------+------------+
    |kk_2_fu_459_p2                        |     +    |      0|  0|  10|          10|           1|
    |tmp_26_fu_370_p2                      |     +    |      0|  0|   8|           8|           1|
    |tmp_29_fu_394_p2                      |     +    |      0|  0|  10|          10|           9|
    |tmp_2_i_fu_354_p2                     |     +    |      0|  0|  10|          10|           1|
    |tmp_3_i_fu_304_p2                     |     +    |      0|  0|  10|          10|           2|
    |tmp_41_fu_480_p2                      |     +    |      0|  0|   9|           9|           9|
    |tmp_48_fu_560_p2                      |     +    |      0|  0|  32|          32|           1|
    |tmp_9_i_cast_fu_340_p2                |     +    |      0|  0|  32|          32|          32|
    |mag01_load_1_phi_cast_cast_fu_540_p3  |  Select  |      0|  0|  32|           1|          32|
    |mag01_load_2_phi_cast_cast_fu_505_p3  |  Select  |      0|  0|  32|           1|          32|
    |mag01_load_phi_cast_cast_fu_428_p3    |  Select  |      0|  0|  32|           1|          32|
    |exitcond1_fu_364_p2                   |   icmp   |      0|  0|   8|           8|           6|
    |exitcond_fu_448_p2                    |   icmp   |      0|  0|  11|          10|          10|
    |exitcond_i_fu_298_p2                  |   icmp   |      0|  0|  11|          10|          10|
    |tmp_fu_276_p2                         |   icmp   |      0|  0|  40|          32|          10|
    |tmp_s_fu_282_p2                       |   icmp   |      0|  0|  40|          32|          10|
    |mt_d1                                 |    xor   |      0|  0|  87|          64|          64|
    |tmp1_fu_435_p2                        |    xor   |      0|  0|  87|          64|          64|
    |tmp2_fu_512_p2                        |    xor   |      0|  0|  87|          64|          64|
    |tmp3_fu_547_p2                        |    xor   |      0|  0|  87|          64|          64|
    |tmp_36_fu_553_p2                      |    xor   |      0|  0|  87|          64|          64|
    |tmp_40_fu_329_p2                      |    xor   |      0|  0|  44|          32|          32|
    |tmp_45_fu_518_p2                      |    xor   |      0|  0|  87|          64|          64|
    |y_1_fu_591_p2                         |    xor   |      0|  0|  87|          64|          64|
    |y_2_fu_715_p2                         |    xor   |      0|  0|  87|          64|          64|
    |y_3_fu_771_p2                         |    xor   |      0|  0|  87|          64|          64|
    |y_4_fu_791_p2                         |    xor   |      0|  0|  87|          64|          64|
    +--------------------------------------+----------+-------+---+----+------------+------------+
    |Total                                 |          |      0|  0|1241|         888|         870|
    +--------------------------------------+----------+-------+---+----+------------+------------+

    * Multiplexer: 
    +-----------------+----+-----------+-----+-----------+
    |       Name      | LUT| Input Size| Bits| Total Bits|
    +-----------------+----+-----------+-----+-----------+
    |ap_NS_fsm        |  30|         21|    5|        105|
    |ap_return        |  64|          2|   64|        128|
    |kk_1_reg_227     |  10|          2|   10|         20|
    |kk_reg_216       |   8|          2|    8|         16|
    |mt_address0      |  20|          8|   10|         80|
    |mt_address1      |  20|          9|   10|         90|
    |mt_d0            |  64|          5|   64|        320|
    |mti_o            |  32|          4|   32|        128|
    |tmp_1_i_reg_204  |  10|          2|   10|         20|
    |tmp_47_reg_238   |  32|          2|   32|         64|
    +-----------------+----+-----------+-----+-----------+
    |Total            | 290|         57|  245|        971|
    +-----------------+----+-----------+-----+-----------+

    * Register: 
    +----------------------+----+----+-----+-----------+
    |         Name         | FF | LUT| Bits| Const Bits|
    +----------------------+----+----+-----+-----------+
    |ap_CS_fsm             |   5|   0|    5|          0|
    |ap_return_preg        |  64|   0|   64|          0|
    |kk_1_reg_227          |  10|   0|   10|          0|
    |kk_2_reg_891          |  10|   0|   10|          0|
    |kk_cast7_reg_838      |   8|   0|   10|          2|
    |kk_reg_216            |   8|   0|    8|          0|
    |mt_addr_7_reg_885     |  10|   0|   10|          0|
    |mt_addr_reg_851       |   8|   0|   10|          2|
    |reg_268               |  30|   0|   30|          0|
    |tmp_1_i_cast_reg_810  |  10|   0|   32|         22|
    |tmp_1_i_reg_204       |  10|   0|   10|          0|
    |tmp_26_reg_846        |   8|   0|    8|          0|
    |tmp_37_reg_872        |  30|   0|   30|          0|
    |tmp_40_reg_823        |  32|   0|   32|          0|
    |tmp_46_reg_862        |   1|   0|    1|          0|
    |tmp_47_reg_238        |  32|   0|   32|          0|
    |tmp_56_reg_877        |   1|   0|    1|          0|
    |tmp_57_reg_921        |   1|   0|    1|          0|
    |tmp_59_reg_926        |   1|   0|    1|          0|
    |tmp_60_reg_906        |   1|   0|    1|          0|
    |tmp_62_reg_901        |   9|   0|    9|          0|
    |tmp_63_reg_916        |   1|   0|    1|          0|
    |tmp_9_i_cast_reg_828  |  32|   0|   32|          0|
    |tmp_reg_802           |   1|   0|    1|          0|
    |tmp_s_reg_806         |   1|   0|    1|          0|
    +----------------------+----+----+-----+-----------+
    |Total                 | 324|   0|  350|         26|
    +----------------------+----+----+-----+-----------+



================================================================
== Interface
================================================================
* Summary: 
+--------------+-----+-----+------------+-----------------------------+--------------+
|   RTL Ports  | Dir | Bits|  Protocol  |        Source Object        |    C Type    |
+--------------+-----+-----+------------+-----------------------------+--------------+
|ap_clk        |  in |    1| ap_ctrl_hs | black_scholes_genrand_int32 | return value |
|ap_rst        |  in |    1| ap_ctrl_hs | black_scholes_genrand_int32 | return value |
|ap_start      |  in |    1| ap_ctrl_hs | black_scholes_genrand_int32 | return value |
|ap_done       | out |    1| ap_ctrl_hs | black_scholes_genrand_int32 | return value |
|ap_idle       | out |    1| ap_ctrl_hs | black_scholes_genrand_int32 | return value |
|ap_ready      | out |    1| ap_ctrl_hs | black_scholes_genrand_int32 | return value |
|ap_return     | out |   64| ap_ctrl_hs | black_scholes_genrand_int32 | return value |
|mti_i         |  in |   32|   ap_ovld  |             mti             |    pointer   |
|mti_o         | out |   32|   ap_ovld  |             mti             |    pointer   |
|mti_o_ap_vld  | out |    1|   ap_ovld  |             mti             |    pointer   |
|mt_address0   | out |   10|  ap_memory |              mt             |     array    |
|mt_ce0        | out |    1|  ap_memory |              mt             |     array    |
|mt_we0        | out |    1|  ap_memory |              mt             |     array    |
|mt_d0         | out |   64|  ap_memory |              mt             |     array    |
|mt_q0         |  in |   64|  ap_memory |              mt             |     array    |
|mt_address1   | out |   10|  ap_memory |              mt             |     array    |
|mt_ce1        | out |    1|  ap_memory |              mt             |     array    |
|mt_we1        | out |    1|  ap_memory |              mt             |     array    |
|mt_d1         | out |   64|  ap_memory |              mt             |     array    |
|mt_q1         |  in |   64|  ap_memory |              mt             |     array    |
+--------------+-----+-----+------------+-----------------------------+--------------+

