

================================================================
== Vivado HLS Report for 'BlackScholes'
================================================================
* Date:           Thu Dec 11 23:28:42 2014

* Version:        2014.2 (Build 932637 on Wed Jun 11 12:38:34 PM 2014)
* Project:        hls.prj
* Solution:       solution1
* Product family: zynq zynq_fpv6 
* Target device:  xc7z020clg484-1


================================================================
== Performance Estimates
================================================================
+ Timing (ns): 
    * Summary: 
    +---------+-------+----------+------------+
    |  Clock  | Target| Estimated| Uncertainty|
    +---------+-------+----------+------------+
    |default  |  10.00|      8.62|        1.25|
    +---------+-------+----------+------------+

+ Latency (clock cycles): 
    * Summary: 
    +-----+-----+-----+-----+----------+
    |  Latency  |  Interval | Pipeline |
    | min | max | min | max |   Type   |
    +-----+-----+-----+-----+----------+
    |  338|  338|    8|    8| function |
    +-----+-----+-----+-----+----------+

    + Detail: 
        * Instance: 
        +------------------------+-------------+-----+-----+-----+-----+----------+
        |                        |             |  Latency  |  Interval | Pipeline |
        |        Instance        |    Module   | min | max | min | max |   Type   |
        +------------------------+-------------+-----+-----+-----+-----+----------+
        |grp_rand_uint32_fu_147  |rand_uint32  |    2|    2|    1|    1| function |
        +------------------------+-------------+-----+-----+-----+-----+----------+

        * Loop: 
        N/A



================================================================
== Utilization Estimates
================================================================
* Summary: 
+-----------------+---------+-------+--------+-------+
|       Name      | BRAM_18K| DSP48E|   FF   |  LUT  |
+-----------------+---------+-------+--------+-------+
|Expression       |        -|      -|       0|    601|
|FIFO             |        -|      -|       -|      -|
|Instance         |       12|    124|   15325|  24680|
|Memory           |        -|      -|       -|      -|
|Multiplexer      |        -|      -|       -|   3411|
|Register         |        -|      -|    8816|   1287|
+-----------------+---------+-------+--------+-------+
|Total            |       12|    124|   24141|  29979|
+-----------------+---------+-------+--------+-------+
|Available        |      280|    220|  106400|  53200|
+-----------------+---------+-------+--------+-------+
|Utilization (%)  |        4|     56|      22|     56|
+-----------------+---------+-------+--------+-------+

+ Detail: 
    * Instance: 
    +---------------------------------------+------------------------------------+---------+-------+------+------+
    |                Instance               |               Module               | BRAM_18K| DSP48E|  FF  |  LUT |
    +---------------------------------------+------------------------------------+---------+-------+------+------+
    |dut_dadd_64ns_64ns_64_5_no_dsp_U3      |dut_dadd_64ns_64ns_64_5_no_dsp      |        0|      0|   459|  1121|
    |dut_dadddsub_64ns_64ns_64_5_no_dsp_U2  |dut_dadddsub_64ns_64ns_64_5_no_dsp  |        0|      0|   459|  1121|
    |dut_dadddsub_64ns_64ns_64_5_no_dsp_U4  |dut_dadddsub_64ns_64ns_64_5_no_dsp  |        0|      0|   459|  1121|
    |dut_dadddsub_64ns_64ns_64_5_no_dsp_U5  |dut_dadddsub_64ns_64ns_64_5_no_dsp  |        0|      0|   459|  1121|
    |dut_dadddsub_64ns_64ns_64_5_no_dsp_U6  |dut_dadddsub_64ns_64ns_64_5_no_dsp  |        0|      0|   459|  1121|
    |dut_dcmp_64ns_64ns_1_3_U16             |dut_dcmp_64ns_64ns_1_3              |        0|      0|   130|   469|
    |dut_ddiv_64ns_64ns_64_31_U15           |dut_ddiv_64ns_64ns_64_31            |        0|      0|  3211|  3658|
    |dut_dexp_64ns_64ns_64_15_med_dsp_U21   |dut_dexp_64ns_64ns_64_15_med_dsp    |        0|     15|  1229|  2833|
    |dut_dlog_64ns_64ns_64_24_med_dsp_U20   |dut_dlog_64ns_64ns_64_24_med_dsp    |        0|     23|  2842|  2869|
    |dut_dmul_64ns_64ns_64_6_med_dsp_U7     |dut_dmul_64ns_64ns_64_6_med_dsp     |        0|      9|   341|   653|
    |dut_dmul_64ns_64ns_64_6_med_dsp_U8     |dut_dmul_64ns_64ns_64_6_med_dsp     |        0|      9|   341|   653|
    |dut_dmul_64ns_64ns_64_6_med_dsp_U9     |dut_dmul_64ns_64ns_64_6_med_dsp     |        0|      9|   341|   653|
    |dut_dmul_64ns_64ns_64_6_med_dsp_U10    |dut_dmul_64ns_64ns_64_6_med_dsp     |        0|      9|   341|   653|
    |dut_dmul_64ns_64ns_64_6_med_dsp_U11    |dut_dmul_64ns_64ns_64_6_med_dsp     |        0|      9|   341|   653|
    |dut_dmul_64ns_64ns_64_6_med_dsp_U12    |dut_dmul_64ns_64ns_64_6_med_dsp     |        0|      9|   341|   653|
    |dut_dmul_64ns_64ns_64_6_med_dsp_U13    |dut_dmul_64ns_64ns_64_6_med_dsp     |        0|      9|   341|   653|
    |dut_dmul_64ns_64ns_64_6_med_dsp_U14    |dut_dmul_64ns_64ns_64_6_med_dsp     |        0|      9|   341|   653|
    |dut_drecip_64ns_64ns_64_11_U19         |dut_drecip_64ns_64ns_64_11          |        0|     14|   440|   439|
    |dut_dsqrt_64ns_64ns_64_31_U18          |dut_dsqrt_64ns_64ns_64_31           |        0|      0|  1832|  2180|
    |dut_uitodp_64ns_64_6_U17               |dut_uitodp_64ns_64_6                |        0|      0|   412|   645|
    |grp_rand_uint32_fu_147                 |rand_uint32                         |       12|      0|   206|   758|
    +---------------------------------------+------------------------------------+---------+-------+------+------+
    |Total                                  |                                    |       12|    124| 15325| 24680|
    +---------------------------------------+------------------------------------+---------+-------+------+------+

    * Memory: 
    N/A

    * FIFO: 
    N/A

    * Expression: 
    +----------------------+----------+-------+---+----+------------+------------+
    |     Variable Name    | Operation| DSP48E| FF| LUT| Bitwidth P0| Bitwidth P1|
    +----------------------+----------+-------+---+----+------------+------------+
    |ap_return             |  Select  |      0|  0|  64|           1|          64|
    |tmp_59_i1_fu_480_p3   |  Select  |      0|  0|  64|           1|          64|
    |tmp_59_i2_fu_475_p3   |  Select  |      0|  0|  64|           1|          64|
    |tmp_59_i3_fu_486_p3   |  Select  |      0|  0|  64|           1|          64|
    |tmp_59_i_fu_468_p3    |  Select  |      0|  0|  64|           1|          64|
    |ap_sig_bdd_1157       |    and   |      0|  0|   1|           1|           1|
    |ap_sig_bdd_2030       |    and   |      0|  0|   1|           1|           1|
    |ap_sig_bdd_2037       |    and   |      0|  0|   1|           1|           1|
    |ap_sig_bdd_629        |    and   |      0|  0|   1|           1|           1|
    |ap_sig_bdd_710        |    and   |      0|  0|   1|           1|           1|
    |ap_sig_bdd_724        |    and   |      0|  0|   1|           1|           1|
    |tmp_49_fu_367_p2      |   icmp   |      0|  0|   8|           8|           7|
    |p_Val2_2_fu_393_p2    |    xor   |      0|  0|  89|          64|          65|
    |p_Val2_3_fu_441_p2    |    xor   |      0|  0|  89|          64|          65|
    |tmp_77_neg_fu_329_p2  |    xor   |      0|  0|  89|          64|          65|
    +----------------------+----------+-------+---+----+------------+------------+
    |Total                 |          |      0|  0| 601|         211|         528|
    +----------------------+----------+-------+---+----+------------+------------+

    * Multiplexer: 
    +--------------------------------------+-----+-----------+-----+-----------+
    |                 Name                 | LUT | Input Size| Bits| Total Bits|
    +--------------------------------------+-----+-----------+-----+-----------+
    |ap_NS_fsm                             |    6|          9|    3|         27|
    |ap_reg_phiprechg_v_1_reg_134pp0_it21  |   64|          2|   64|        128|
    |ap_reg_phiprechg_v_1_reg_134pp0_it22  |   64|          2|   64|        128|
    |ap_reg_phiprechg_v_1_reg_134pp0_it5   |   64|          2|   64|        128|
    |grp_fu_163_opcode                     |    2|          3|    2|          6|
    |grp_fu_163_p0                         |  128|          9|   64|        576|
    |grp_fu_163_p1                         |  128|          8|   64|        512|
    |grp_fu_169_p0                         |  128|          9|   64|        576|
    |grp_fu_169_p1                         |  128|          8|   64|        512|
    |grp_fu_177_opcode                     |    2|          3|    2|          6|
    |grp_fu_177_p0                         |  128|          8|   64|        512|
    |grp_fu_177_p1                         |   64|          7|   64|        448|
    |grp_fu_182_opcode                     |    2|          3|    2|          6|
    |grp_fu_182_p0                         |   64|          7|   64|        448|
    |grp_fu_182_p1                         |  128|          8|   64|        512|
    |grp_fu_192_opcode                     |    2|          3|    2|          6|
    |grp_fu_192_p0                         |   64|          4|   64|        256|
    |grp_fu_192_p1                         |   64|          4|   64|        256|
    |grp_fu_207_p0                         |  128|          9|   64|        576|
    |grp_fu_207_p1                         |   64|          7|   64|        448|
    |grp_fu_211_p0                         |  128|          9|   64|        576|
    |grp_fu_211_p1                         |   64|          7|   64|        448|
    |grp_fu_220_p0                         |  128|          9|   64|        576|
    |grp_fu_220_p1                         |  128|          8|   64|        512|
    |grp_fu_227_p0                         |  128|         11|   64|        704|
    |grp_fu_227_p1                         |   64|          7|   64|        448|
    |grp_fu_232_p0                         |  128|          8|   64|        512|
    |grp_fu_232_p1                         |  128|          8|   64|        512|
    |grp_fu_239_p0                         |  128|          8|   64|        512|
    |grp_fu_239_p1                         |  128|          8|   64|        512|
    |grp_fu_247_p0                         |   64|          7|   64|        448|
    |grp_fu_247_p1                         |   64|          7|   64|        448|
    |grp_fu_251_p0                         |   64|          4|   64|        256|
    |grp_fu_251_p1                         |   64|          4|   64|        256|
    |grp_fu_255_p0                         |   64|          5|   64|        320|
    |grp_fu_255_p1                         |   64|          5|   64|        320|
    |grp_fu_262_opcode                     |    5|          3|    5|         15|
    |grp_fu_262_p0                         |   64|          7|   64|        448|
    |grp_fu_262_p1                         |   64|          3|   64|        192|
    |grp_fu_268_p0                         |   64|          3|   64|        192|
    |grp_fu_271_p1                         |   64|          3|   64|        192|
    |grp_fu_277_p1                         |   64|          5|   64|        320|
    |grp_fu_282_p1                         |   64|          3|   64|        192|
    |grp_fu_287_p1                         |   64|          7|   64|        448|
    +--------------------------------------+-----+-----------+-----+-----------+
    |Total                                 | 3411|        264| 2448|      15426|
    +--------------------------------------+-----+-----------+-----+-----------+

    * Register: 
    +--------------------------------------+----+-----+-----+-----------+
    |                 Name                 | FF | LUT | Bits| Const Bits|
    +--------------------------------------+----+-----+-----+-----------+
    |K_1_reg_910                           |  64|    0|   64|          0|
    |K_2_reg_897                           |  64|    0|   64|          0|
    |K_3_reg_928                           |  64|    0|   64|          0|
    |K_reg_890                             |  64|    0|   64|          0|
    |S_read_reg_522                        |  64|    0|   64|          0|
    |T_read_reg_509                        |  64|    0|   64|          0|
    |U_reg_605                             |  64|    0|   64|          0|
    |X_assign_1_reg_818                    |  64|    0|   64|          0|
    |X_read_reg_516                        |  64|    0|   64|          0|
    |ap_CS_fsm                             |   3|    0|    3|          0|
    |ap_reg_phiprechg_v_1_reg_134pp0_it10  |  64|    0|   64|          0|
    |ap_reg_phiprechg_v_1_reg_134pp0_it11  |  64|    0|   64|          0|
    |ap_reg_phiprechg_v_1_reg_134pp0_it12  |  64|    0|   64|          0|
    |ap_reg_phiprechg_v_1_reg_134pp0_it13  |  64|    0|   64|          0|
    |ap_reg_phiprechg_v_1_reg_134pp0_it14  |  64|    0|   64|          0|
    |ap_reg_phiprechg_v_1_reg_134pp0_it15  |  64|    0|   64|          0|
    |ap_reg_phiprechg_v_1_reg_134pp0_it16  |  64|    0|   64|          0|
    |ap_reg_phiprechg_v_1_reg_134pp0_it17  |  64|    0|   64|          0|
    |ap_reg_phiprechg_v_1_reg_134pp0_it18  |  64|    0|   64|          0|
    |ap_reg_phiprechg_v_1_reg_134pp0_it19  |  64|    0|   64|          0|
    |ap_reg_phiprechg_v_1_reg_134pp0_it20  |  64|    0|   64|          0|
    |ap_reg_phiprechg_v_1_reg_134pp0_it21  |  64|    0|   64|          0|
    |ap_reg_phiprechg_v_1_reg_134pp0_it22  |  64|    0|   64|          0|
    |ap_reg_phiprechg_v_1_reg_134pp0_it5   |  64|    0|   64|          0|
    |ap_reg_phiprechg_v_1_reg_134pp0_it6   |  64|    0|   64|          0|
    |ap_reg_phiprechg_v_1_reg_134pp0_it7   |  64|    0|   64|          0|
    |ap_reg_phiprechg_v_1_reg_134pp0_it8   |  64|    0|   64|          0|
    |ap_reg_phiprechg_v_1_reg_134pp0_it9   |  64|    0|   64|          0|
    |ap_reg_ppiten_pp0_it0_preg            |   1|    0|    1|          0|
    |ap_reg_ppiten_pp0_it1                 |   1|    0|    1|          0|
    |ap_reg_ppiten_pp0_it10                |   1|    0|    1|          0|
    |ap_reg_ppiten_pp0_it11                |   1|    0|    1|          0|
    |ap_reg_ppiten_pp0_it12                |   1|    0|    1|          0|
    |ap_reg_ppiten_pp0_it13                |   1|    0|    1|          0|
    |ap_reg_ppiten_pp0_it14                |   1|    0|    1|          0|
    |ap_reg_ppiten_pp0_it15                |   1|    0|    1|          0|
    |ap_reg_ppiten_pp0_it16                |   1|    0|    1|          0|
    |ap_reg_ppiten_pp0_it17                |   1|    0|    1|          0|
    |ap_reg_ppiten_pp0_it18                |   1|    0|    1|          0|
    |ap_reg_ppiten_pp0_it19                |   1|    0|    1|          0|
    |ap_reg_ppiten_pp0_it2                 |   1|    0|    1|          0|
    |ap_reg_ppiten_pp0_it20                |   1|    0|    1|          0|
    |ap_reg_ppiten_pp0_it21                |   1|    0|    1|          0|
    |ap_reg_ppiten_pp0_it22                |   1|    0|    1|          0|
    |ap_reg_ppiten_pp0_it23                |   1|    0|    1|          0|
    |ap_reg_ppiten_pp0_it24                |   1|    0|    1|          0|
    |ap_reg_ppiten_pp0_it25                |   1|    0|    1|          0|
    |ap_reg_ppiten_pp0_it26                |   1|    0|    1|          0|
    |ap_reg_ppiten_pp0_it27                |   1|    0|    1|          0|
    |ap_reg_ppiten_pp0_it28                |   1|    0|    1|          0|
    |ap_reg_ppiten_pp0_it29                |   1|    0|    1|          0|
    |ap_reg_ppiten_pp0_it3                 |   1|    0|    1|          0|
    |ap_reg_ppiten_pp0_it30                |   1|    0|    1|          0|
    |ap_reg_ppiten_pp0_it31                |   1|    0|    1|          0|
    |ap_reg_ppiten_pp0_it32                |   1|    0|    1|          0|
    |ap_reg_ppiten_pp0_it33                |   1|    0|    1|          0|
    |ap_reg_ppiten_pp0_it34                |   1|    0|    1|          0|
    |ap_reg_ppiten_pp0_it35                |   1|    0|    1|          0|
    |ap_reg_ppiten_pp0_it36                |   1|    0|    1|          0|
    |ap_reg_ppiten_pp0_it37                |   1|    0|    1|          0|
    |ap_reg_ppiten_pp0_it38                |   1|    0|    1|          0|
    |ap_reg_ppiten_pp0_it39                |   1|    0|    1|          0|
    |ap_reg_ppiten_pp0_it4                 |   1|    0|    1|          0|
    |ap_reg_ppiten_pp0_it40                |   1|    0|    1|          0|
    |ap_reg_ppiten_pp0_it41                |   1|    0|    1|          0|
    |ap_reg_ppiten_pp0_it42                |   1|    0|    1|          0|
    |ap_reg_ppiten_pp0_it5                 |   1|    0|    1|          0|
    |ap_reg_ppiten_pp0_it6                 |   1|    0|    1|          0|
    |ap_reg_ppiten_pp0_it7                 |   1|    0|    1|          0|
    |ap_reg_ppiten_pp0_it8                 |   1|    0|    1|          0|
    |ap_reg_ppiten_pp0_it9                 |   1|    0|    1|          0|
    |ap_reg_ptbuf_CallPutFlag              |   8|    0|    8|          0|
    |b_read_reg_498                        |  64|    0|   64|          0|
    |d1_reg_729                            |  64|    0|   64|          0|
    |d2_reg_775                            |  64|    0|   64|          0|
    |k_reg_540                             |  59|    0|   59|          0|
    |l_reg_545                             |  58|    0|   58|          0|
    |p_Val2_2_reg_743                      |  64|    0|   64|          0|
    |p_Val2_3_reg_798                      |  64|    0|   64|          0|
    |reg_292                               |  64|    0|   64|          0|
    |reg_298                               |  64|    0|   64|          0|
    |reg_303                               |  64|    0|   64|          0|
    |reg_309                               |  64|    0|   64|          0|
    |reg_314                               |  64|    0|   64|          0|
    |reg_319                               |  64|    0|   64|          0|
    |t1_reg_636                            |  64|    0|   64|          0|
    |t2_reg_615                            |  64|    0|   64|          0|
    |tmp_25_reg_590                        |  64|    0|   64|          0|
    |tmp_27_reg_580                        |  64|    0|   64|          0|
    |tmp_28_reg_595                        |  64|    0|   64|          0|
    |tmp_29_reg_631                        |  64|    0|   64|          0|
    |tmp_30_reg_648                        |   1|    0|    1|          0|
    |tmp_31_reg_657                        |  64|    0|   64|          0|
    |tmp_32_reg_662                        |  64|    0|   64|          0|
    |tmp_33_reg_667                        |  64|    0|   64|          0|
    |tmp_34_reg_672                        |  64|    0|   64|          0|
    |tmp_35_reg_677                        |  64|    0|   64|          0|
    |tmp_36_reg_560                        |  64|    0|   64|          0|
    |tmp_37_reg_585                        |  64|    0|   64|          0|
    |tmp_38_reg_610                        |  64|    0|   64|          0|
    |tmp_40_reg_565                        |  64|    0|   64|          0|
    |tmp_41_reg_600                        |  64|    0|   64|          0|
    |tmp_42_reg_621                        |  64|    0|   64|          0|
    |tmp_43_i1_reg_855                     |  64|    0|   64|          0|
    |tmp_43_i2_reg_880                     |  64|    0|   64|          0|
    |tmp_43_i5_reg_870                     |  64|    0|   64|          0|
    |tmp_43_i_reg_840                      |  64|    0|   64|          0|
    |tmp_43_reg_652                        |  64|    0|   64|          0|
    |tmp_44_i1_reg_813                     |  64|    0|   64|          0|
    |tmp_44_i2_reg_860                     |  64|    0|   64|          0|
    |tmp_44_i7_reg_850                     |  64|    0|   64|          0|
    |tmp_44_i_reg_788                      |  64|    0|   64|          0|
    |tmp_44_reg_698                        |  64|    0|   64|          0|
    |tmp_45_i1_reg_865                     |  64|    0|   64|          0|
    |tmp_45_i2_reg_885                     |  64|    0|   64|          0|
    |tmp_45_i8_reg_875                     |  64|    0|   64|          0|
    |tmp_45_reg_709                        |  64|    0|   64|          0|
    |tmp_46_i1_reg_923                     |  64|    0|   64|          0|
    |tmp_46_i2_reg_957                     |  64|    0|   64|          0|
    |tmp_46_i9_reg_942                     |  64|    0|   64|          0|
    |tmp_46_i_reg_905                      |  64|    0|   64|          0|
    |tmp_46_reg_714                        |  64|    0|   64|          0|
    |tmp_47_i1_reg_977                     |  64|    0|   64|          0|
    |tmp_47_i2_reg_962                     |  64|    0|   64|          0|
    |tmp_47_i_reg_947                      |  64|    0|   64|          0|
    |tmp_47_reg_719                        |  64|    0|   64|          0|
    |tmp_48_i1_reg_952                     |  64|    0|   64|          0|
    |tmp_48_i2_reg_937                     |  64|    0|   64|          0|
    |tmp_48_i3_reg_972                     |  64|    0|   64|          0|
    |tmp_48_i_reg_918                      |  64|    0|   64|          0|
    |tmp_48_reg_626                        |  64|    0|   64|          0|
    |tmp_49_i1_reg_982                     |  64|    0|   64|          0|
    |tmp_49_i2_reg_967                     |  64|    0|   64|          0|
    |tmp_49_i3_reg_987                     |  64|    0|   64|          0|
    |tmp_49_reg_570                        |   1|    0|    1|          0|
    |tmp_50_i1_reg_997                     |  64|    0|   64|          0|
    |tmp_50_i2_reg_992                     |  64|    0|   64|          0|
    |tmp_50_i3_reg_1007                    |  64|    0|   64|          0|
    |tmp_51_i1_reg_1012                    |  64|    0|   64|          0|
    |tmp_51_i2_reg_1002                    |  64|    0|   64|          0|
    |tmp_51_i3_reg_1022                    |  64|    0|   64|          0|
    |tmp_52_i1_reg_1037                    |  64|    0|   64|          0|
    |tmp_52_i2_reg_1027                    |  64|    0|   64|          0|
    |tmp_52_i3_reg_1047                    |  64|    0|   64|          0|
    |tmp_52_i_reg_1017                     |  64|    0|   64|          0|
    |tmp_53_i2_reg_1042                    |  64|    0|   64|          0|
    |tmp_53_i3_reg_1057                    |  64|    0|   64|          0|
    |tmp_53_i_reg_1032                     |  64|    0|   64|          0|
    |tmp_54_i1_reg_1072                    |  64|    0|   64|          0|
    |tmp_54_i2_reg_1062                    |  64|    0|   64|          0|
    |tmp_54_i3_reg_1082                    |  64|    0|   64|          0|
    |tmp_54_i_reg_1052                     |  64|    0|   64|          0|
    |tmp_55_i1_reg_1087                    |  64|    0|   64|          0|
    |tmp_55_i2_reg_1077                    |  64|    0|   64|          0|
    |tmp_55_i3_reg_1097                    |  64|    0|   64|          0|
    |tmp_55_i_reg_1067                     |  64|    0|   64|          0|
    |tmp_56_i1_reg_1107                    |  64|    0|   64|          0|
    |tmp_56_i2_reg_1102                    |  64|    0|   64|          0|
    |tmp_56_i_reg_1092                     |  64|    0|   64|          0|
    |tmp_57_i1_reg_830                     |   1|    0|    1|          0|
    |tmp_57_i2_reg_770                     |   1|    0|    1|          0|
    |tmp_57_i3_reg_835                     |   1|    0|    1|          0|
    |tmp_57_i_reg_765                      |   1|    0|    1|          0|
    |tmp_58_i2_reg_1129                    |  64|    0|   64|          0|
    |tmp_59_i1_reg_1145                    |  64|    0|   64|          0|
    |tmp_59_i2_reg_1134                    |  64|    0|   64|          0|
    |tmp_59_i3_reg_1155                    |  64|    0|   64|          0|
    |tmp_59_i_reg_1124                     |  64|    0|   64|          0|
    |tmp_59_reg_689                        |   1|    0|    1|          0|
    |tmp_64_reg_748                        |  63|    0|   63|          0|
    |tmp_65_reg_803                        |  63|    0|   63|          0|
    |tmp_77_neg_reg_530                    |  64|    0|   64|          0|
    |tmp_i1_reg_808                        |  64|    0|   64|          0|
    |tmp_i4_reg_845                        |  64|    0|   64|          0|
    |tmp_i_reg_783                         |  64|    0|   64|          0|
    |tmp_s_reg_575                         |  64|    0|   64|          0|
    |v1_reg_724                            |  64|    0|   64|          0|
    |v2_reg_703                            |  64|    0|   64|          0|
    |v_2_reg_693                           |  64|    0|   64|          0|
    |v_4_reg_641                           |  64|    0|   64|          0|
    |v_reg_682                             |  64|    0|   64|          0|
    |vc1_reg_1150                          |  64|    0|   64|          0|
    |vc2_reg_1165                          |  64|    0|   64|          0|
    |vc_reg_1175                           |  64|    0|   64|          0|
    |vp1_reg_1160                          |  64|    0|   64|          0|
    |vp2_reg_1170                          |  64|    0|   64|          0|
    |w_1_reg_1118                          |  64|    0|   64|          0|
    |w_2_reg_1112                          |  64|    0|   64|          0|
    |w_3_reg_1139                          |  64|    0|   64|          0|
    |K_1_reg_910                           |   0|   64|   64|          0|
    |K_2_reg_897                           |   0|   64|   64|          0|
    |K_3_reg_928                           |   0|   64|   64|          0|
    |K_reg_890                             |   0|   64|   64|          0|
    |S_read_reg_522                        |   0|   64|   64|          0|
    |T_read_reg_509                        |   0|   64|   64|          0|
    |X_read_reg_516                        |   0|   64|   64|          0|
    |b_read_reg_498                        |   0|   64|   64|          0|
    |reg_303                               |   0|   64|   64|          0|
    |t1_reg_636                            |   0|  128|   64|          0|
    |t2_reg_615                            |   0|  128|   64|          0|
    |tmp_30_reg_648                        |   0|    1|    1|          0|
    |tmp_43_reg_652                        |   0|   64|   64|          0|
    |tmp_47_i1_reg_977                     |   0|   64|   64|          0|
    |tmp_47_i2_reg_962                     |   0|   64|   64|          0|
    |tmp_47_i_reg_947                      |   0|   64|   64|          0|
    |tmp_48_reg_626                        |   0|   64|   64|          0|
    |tmp_49_reg_570                        |   0|    2|    1|          0|
    |tmp_57_i1_reg_830                     |   0|    1|    1|          0|
    |tmp_57_i2_reg_770                     |   0|    1|    1|          0|
    |tmp_57_i3_reg_835                     |   0|    1|    1|          0|
    |tmp_57_i_reg_765                      |   0|    1|    1|          0|
    |v2_reg_703                            |   0|   64|   64|          0|
    |v_4_reg_641                           |   0|   64|   64|          0|
    +--------------------------------------+----+-----+-----+-----------+
    |Total                                 |8816| 1287| 9974|          0|
    +--------------------------------------+----+-----+-----+-----------+



================================================================
== Interface
================================================================
* Summary: 
+-------------+-----+-----+------------+--------------+--------------+
|  RTL Ports  | Dir | Bits|  Protocol  | Source Object|    C Type    |
+-------------+-----+-----+------------+--------------+--------------+
|ap_clk       |  in |    1| ap_ctrl_hs | BlackScholes | return value |
|ap_rst       |  in |    1| ap_ctrl_hs | BlackScholes | return value |
|ap_start     |  in |    1| ap_ctrl_hs | BlackScholes | return value |
|ap_done      | out |    1| ap_ctrl_hs | BlackScholes | return value |
|ap_idle      | out |    1| ap_ctrl_hs | BlackScholes | return value |
|ap_ready     | out |    1| ap_ctrl_hs | BlackScholes | return value |
|ap_ce        |  in |    1| ap_ctrl_hs | BlackScholes | return value |
|ap_return    | out |   64| ap_ctrl_hs | BlackScholes | return value |
|CallPutFlag  |  in |    8|   ap_none  |  CallPutFlag |    scalar    |
|S            |  in |   64|   ap_none  |       S      |    scalar    |
|X            |  in |   64|   ap_none  |       X      |    scalar    |
|T            |  in |   64|   ap_none  |       T      |    scalar    |
|r            |  in |   64|   ap_none  |       r      |    scalar    |
|b            |  in |   64|   ap_none  |       b      |    scalar    |
+-------------+-----+-----+------------+--------------+--------------+

