

================================================================
== Vivado HLS Report for 'BlackScholes_CND'
================================================================
* Date:           Tue Dec  9 15:56:10 2014

* Version:        2014.2 (Build 932637 on Wed Jun 11 12:38:34 PM 2014)
* Project:        hls.prj
* Solution:       solution1
* Product family: zynq zynq_fpv6 
* Target device:  xc7z020clg484-1


================================================================
== Performance Estimates
================================================================
+ Timing (ns): 
    * Summary: 
    +---------+-------+----------+------------+
    |  Clock  | Target| Estimated| Uncertainty|
    +---------+-------+----------+------------+
    |default  |  10.00|      8.23|        1.25|
    +---------+-------+----------+------------+

+ Latency (clock cycles): 
    * Summary: 
    +-----+-----+-----+-----+----------+
    |  Latency  |  Interval | Pipeline |
    | min | max | min | max |   Type   |
    +-----+-----+-----+-----+----------+
    |   68|   68|    1|    1| function |
    +-----+-----+-----+-----+----------+

    + Detail: 
        * Instance: 
        N/A

        * Loop: 
        N/A



================================================================
== Utilization Estimates
================================================================
* Summary: 
+-----------------+---------+-------+--------+-------+
|       Name      | BRAM_18K| DSP48E|   FF   |  LUT  |
+-----------------+---------+-------+--------+-------+
|Expression       |        -|      -|       0|     64|
|FIFO             |        -|      -|       -|      -|
|Instance         |        -|    223|    9544|  19071|
|Memory           |        -|      -|       -|      -|
|Multiplexer      |        -|      -|       -|      -|
|Register         |        -|      -|    1537|    322|
+-----------------+---------+-------+--------+-------+
|Total            |        0|    223|   11081|  19457|
+-----------------+---------+-------+--------+-------+
|Available        |      280|    220|  106400|  53200|
+-----------------+---------+-------+--------+-------+
|Utilization (%)  |        0|    101|      10|     36|
+-----------------+---------+-------+--------+-------+

+ Detail: 
    * Instance: 
    +------------------------------------------------+--------------------------------------------+---------+-------+------+------+
    |                    Instance                    |                   Module                   | BRAM_18K| DSP48E|  FF  |  LUT |
    +------------------------------------------------+--------------------------------------------+---------+-------+------+------+
    |BlackScholes_dadd_64ns_64ns_64_5_full_dsp_U2    |BlackScholes_dadd_64ns_64ns_64_5_full_dsp   |        0|      3|   445|  1149|
    |BlackScholes_dadd_64ns_64ns_64_5_full_dsp_U3    |BlackScholes_dadd_64ns_64ns_64_5_full_dsp   |        0|      3|   445|  1149|
    |BlackScholes_dadd_64ns_64ns_64_5_full_dsp_U4    |BlackScholes_dadd_64ns_64ns_64_5_full_dsp   |        0|      3|   445|  1149|
    |BlackScholes_dadd_64ns_64ns_64_5_full_dsp_U5    |BlackScholes_dadd_64ns_64ns_64_5_full_dsp   |        0|      3|   445|  1149|
    |BlackScholes_dadd_64ns_64ns_64_5_full_dsp_U6    |BlackScholes_dadd_64ns_64ns_64_5_full_dsp   |        0|      3|   445|  1149|
    |BlackScholes_dcmp_64ns_64ns_1_3_U23             |BlackScholes_dcmp_64ns_64ns_1_3             |        0|      0|   130|   469|
    |BlackScholes_dexp_64ns_64ns_64_18_full_dsp_U25  |BlackScholes_dexp_64ns_64ns_64_18_full_dsp  |        0|     26|  1549|  2599|
    |BlackScholes_dmul_64ns_64ns_64_6_max_dsp_U8     |BlackScholes_dmul_64ns_64ns_64_6_max_dsp    |        0|     11|   317|   578|
    |BlackScholes_dmul_64ns_64ns_64_6_max_dsp_U9     |BlackScholes_dmul_64ns_64ns_64_6_max_dsp    |        0|     11|   317|   578|
    |BlackScholes_dmul_64ns_64ns_64_6_max_dsp_U10    |BlackScholes_dmul_64ns_64ns_64_6_max_dsp    |        0|     11|   317|   578|
    |BlackScholes_dmul_64ns_64ns_64_6_max_dsp_U11    |BlackScholes_dmul_64ns_64ns_64_6_max_dsp    |        0|     11|   317|   578|
    |BlackScholes_dmul_64ns_64ns_64_6_max_dsp_U12    |BlackScholes_dmul_64ns_64ns_64_6_max_dsp    |        0|     11|   317|   578|
    |BlackScholes_dmul_64ns_64ns_64_6_max_dsp_U13    |BlackScholes_dmul_64ns_64ns_64_6_max_dsp    |        0|     11|   317|   578|
    |BlackScholes_dmul_64ns_64ns_64_6_max_dsp_U14    |BlackScholes_dmul_64ns_64ns_64_6_max_dsp    |        0|     11|   317|   578|
    |BlackScholes_dmul_64ns_64ns_64_6_max_dsp_U15    |BlackScholes_dmul_64ns_64ns_64_6_max_dsp    |        0|     11|   317|   578|
    |BlackScholes_dmul_64ns_64ns_64_6_max_dsp_U16    |BlackScholes_dmul_64ns_64ns_64_6_max_dsp    |        0|     11|   317|   578|
    |BlackScholes_dmul_64ns_64ns_64_6_max_dsp_U17    |BlackScholes_dmul_64ns_64ns_64_6_max_dsp    |        0|     11|   317|   578|
    |BlackScholes_dmul_64ns_64ns_64_6_max_dsp_U18    |BlackScholes_dmul_64ns_64ns_64_6_max_dsp    |        0|     11|   317|   578|
    |BlackScholes_dmul_64ns_64ns_64_6_max_dsp_U19    |BlackScholes_dmul_64ns_64ns_64_6_max_dsp    |        0|     11|   317|   578|
    |BlackScholes_dmul_64ns_64ns_64_6_max_dsp_U20    |BlackScholes_dmul_64ns_64ns_64_6_max_dsp    |        0|     11|   317|   578|
    |BlackScholes_dmul_64ns_64ns_64_6_max_dsp_U21    |BlackScholes_dmul_64ns_64ns_64_6_max_dsp    |        0|     11|   317|   578|
    |BlackScholes_dmul_64ns_64ns_64_6_max_dsp_U22    |BlackScholes_dmul_64ns_64ns_64_6_max_dsp    |        0|     11|   317|   578|
    |BlackScholes_drecip_64ns_64ns_64_11_U24         |BlackScholes_drecip_64ns_64ns_64_11         |        0|     14|   440|   439|
    |BlackScholes_dsub_64ns_64ns_64_5_full_dsp_U7    |BlackScholes_dsub_64ns_64ns_64_5_full_dsp   |        0|      3|   445|  1149|
    +------------------------------------------------+--------------------------------------------+---------+-------+------+------+
    |Total                                           |                                            |        0|    223|  9544| 19071|
    +------------------------------------------------+--------------------------------------------+---------+-------+------+------+

    * Memory: 
    N/A

    * FIFO: 
    N/A

    * Expression: 
    +--------------+----------+-------+---+----+------------+------------+
    | Variable Name| Operation| DSP48E| FF| LUT| Bitwidth P0| Bitwidth P1|
    +--------------+----------+-------+---+----+------------+------------+
    |ap_return     |  Select  |      0|  0|  64|           1|          64|
    +--------------+----------+-------+---+----+------------+------------+
    |Total         |          |      0|  0|  64|           1|          64|
    +--------------+----------+-------+---+----+------------+------------+

    * Multiplexer: 
    N/A

    * Register: 
    +----------------+----+----+-----+-----------+
    |      Name      | FF | LUT| Bits| Const Bits|
    +----------------+----+----+-----+-----------+
    |K_reg_204       |  64|   0|   64|          0|
    |X_read_reg_182  |  64|   0|   64|          0|
    |pow7_reg_226    |  64|   0|   64|          0|
    |tmp_11_reg_199  |  64|   0|   64|          0|
    |tmp_12_reg_221  |  64|   0|   64|          0|
    |tmp_13_reg_236  |  64|   0|   64|          0|
    |tmp_14_reg_288  |  64|   0|   64|          0|
    |tmp_15_reg_303  |  64|   0|   64|          0|
    |tmp_16_reg_247  |  64|   0|   64|          0|
    |tmp_17_reg_231  |  64|   0|   64|          0|
    |tmp_18_reg_252  |  64|   0|   64|          0|
    |tmp_19_reg_263  |  64|   0|   64|          0|
    |tmp_20_reg_241  |  64|   0|   64|          0|
    |tmp_21_reg_268  |  64|   0|   64|          0|
    |tmp_22_reg_273  |  64|   0|   64|          0|
    |tmp_23_reg_257  |  64|   0|   64|          0|
    |tmp_24_reg_278  |  64|   0|   64|          0|
    |tmp_25_reg_293  |  64|   0|   64|          0|
    |tmp_26_reg_283  |  64|   0|   64|          0|
    |tmp_27_reg_298  |  64|   0|   64|          0|
    |tmp_28_reg_308  |  64|   0|   64|          0|
    |tmp_29_reg_216  |   1|   0|    1|          0|
    |tmp_30_reg_319  |  64|   0|   64|          0|
    |tmp_s_reg_194   |  64|   0|   64|          0|
    |w_reg_313       |  64|   0|   64|          0|
    |K_reg_204       |   0|  64|   64|          0|
    |X_read_reg_182  |   0|  64|   64|          0|
    |tmp_20_reg_241  |   0|  64|   64|          0|
    |tmp_25_reg_293  |   0|  64|   64|          0|
    |tmp_29_reg_216  |   0|   2|    1|          0|
    |w_reg_313       |   0|  64|   64|          0|
    +----------------+----+----+-----+-----------+
    |Total           |1537| 322| 1858|          0|
    +----------------+----+----+-----+-----------+



================================================================
== Interface
================================================================
* Summary: 
+-----------+-----+-----+------------+------------------+--------------+
| RTL Ports | Dir | Bits|  Protocol  |   Source Object  |    C Type    |
+-----------+-----+-----+------------+------------------+--------------+
|ap_clk     |  in |    1| ap_ctrl_hs | BlackScholes_CND | return value |
|ap_rst     |  in |    1| ap_ctrl_hs | BlackScholes_CND | return value |
|ap_return  | out |   64| ap_ctrl_hs | BlackScholes_CND | return value |
|ap_ce      |  in |    1| ap_ctrl_hs | BlackScholes_CND | return value |
|X          |  in |   64|   ap_none  |         X        |    scalar    |
+-----------+-----+-----+------------+------------------+--------------+

