==============================================================
File generated by Vivado(TM) HLS - High-Level Synthesis from C, C++ and SystemC
Version: 2014.2
Copyright (C) 2014 Xilinx Inc. All rights reserved.

==============================================================

@I [HLS-10] Setting target device to 'xc7z020clg484-1'
@I [SYN-201] Setting up clock 'default' with a period of 10ns.
@I [HLS-10] Analyzing design file 'mt19937ar.c' ... 
@I [HLS-10] Analyzing design file 'gaussian.c' ... 
@I [HLS-10] Analyzing design file 'black_scholes.c' ... 
@I [HLS-10] Validating synthesis directives ...
@I [HLS-10] Starting code transformations ...
@I [HLS-10] Checking synthesizability ...
@I [XFORM-502] Unrolling all loops for pipelining in function 'gaussrand2' (gaussian.c:18).
@I [XFORM-501] Unrolling loop 'Loop-1' (gaussian.c:38) in function 'gaussrand2' completely.
@I [XFORM-602] Inlining function 'mod_N' into 'rand_uint32' (mt19937ar.c:151) automatically.
@I [XFORM-602] Inlining function 'mod_N_p1' into 'rand_uint32' (mt19937ar.c:152) automatically.
@I [XFORM-602] Inlining function 'mod_N_pm' into 'rand_uint32' (mt19937ar.c:153) automatically.
@I [XFORM-602] Inlining function 'mult2_1' into 'black_scholes' (black_scholes.c:63) automatically.
@I [XFORM-602] Inlining function 'expo1' into 'black_scholes' (black_scholes.c:64) automatically.
@I [XFORM-602] Inlining function 'mult2_2' into 'black_scholes' (black_scholes.c:65) automatically.
@I [XFORM-602] Inlining function 'mult2_3' into 'black_scholes' (black_scholes.c:67) automatically.
@I [ANALYSIS-51] Setting 'None' inter dependency for variable 'mt_kk' in region (mt19937ar.c:97).
@I [ANALYSIS-51] Setting 'None' inter dependency for variable 'mt_kkp1' in region (mt19937ar.c:97).
@I [ANALYSIS-51] Setting 'None' inter dependency for variable 'mt_kkpm' in region (mt19937ar.c:97).
@I [ANALYSIS-51] Setting 'None' inter dependency for variable '' in region (gaussian.c:38).
@I [ANALYSIS-51] Setting 'None' inter dependency for variable 'a1' (gaussian.c:46:14) in region (gaussian.c:38).
@I [ANALYSIS-51] Setting 'None' inter dependency for variable 'b1' (gaussian.c:47:11) in region (gaussian.c:38).
@I [ANALYSIS-51] Setting 'None' inter dependency for variable 'a2' (gaussian.c:51:14) in region (gaussian.c:38).
@I [ANALYSIS-51] Setting 'None' inter dependency for variable 'b2' (gaussian.c:52:11) in region (gaussian.c:38).
@I [ANALYSIS-51] Setting 'None' inter dependency for variable 'a1_1' (gaussian.c:46:14) in region (gaussian.c:38).
@I [ANALYSIS-51] Setting 'None' inter dependency for variable 'b1_1' (gaussian.c:47:11) in region (gaussian.c:38).
@I [ANALYSIS-51] Setting 'None' inter dependency for variable 'a2_1' (gaussian.c:51:14) in region (gaussian.c:38).
@I [ANALYSIS-51] Setting 'None' inter dependency for variable 'b2_1' (gaussian.c:52:11) in region (gaussian.c:38).
@I [ANALYSIS-51] Setting 'None' inter dependency for variable 'a1_2' (gaussian.c:46:14) in region (gaussian.c:38).
@I [ANALYSIS-51] Setting 'None' inter dependency for variable 'b1_2' (gaussian.c:47:11) in region (gaussian.c:38).
@I [ANALYSIS-51] Setting 'None' inter dependency for variable 'a2_2' (gaussian.c:51:14) in region (gaussian.c:38).
@I [ANALYSIS-51] Setting 'None' inter dependency for variable 'b2_2' (gaussian.c:52:11) in region (gaussian.c:38).
@I [ANALYSIS-51] Setting 'None' inter dependency for variable 'a1_3' (gaussian.c:46:14) in region (gaussian.c:38).
@I [ANALYSIS-51] Setting 'None' inter dependency for variable 'b1_3' (gaussian.c:47:11) in region (gaussian.c:38).
@I [ANALYSIS-51] Setting 'None' inter dependency for variable 'a2_3' (gaussian.c:51:14) in region (gaussian.c:38).
@I [ANALYSIS-51] Setting 'None' inter dependency for variable 'b2_3' (gaussian.c:52:11) in region (gaussian.c:38).
@I [ANALYSIS-51] Setting 'None' inter dependency for variable 'a1_4' (gaussian.c:46:14) in region (gaussian.c:38).
@I [ANALYSIS-51] Setting 'None' inter dependency for variable 'b1_4' (gaussian.c:47:11) in region (gaussian.c:38).
@I [ANALYSIS-51] Setting 'None' inter dependency for variable 'a2_4' (gaussian.c:51:14) in region (gaussian.c:38).
@I [ANALYSIS-51] Setting 'None' inter dependency for variable 'b2_4' (gaussian.c:52:11) in region (gaussian.c:38).
@I [ANALYSIS-51] Setting 'None' inter dependency for variable 'a1_5' (gaussian.c:46:14) in region (gaussian.c:38).
@I [ANALYSIS-51] Setting 'None' inter dependency for variable 'b1_5' (gaussian.c:47:11) in region (gaussian.c:38).
@I [ANALYSIS-51] Setting 'None' inter dependency for variable 'a2_5' (gaussian.c:51:14) in region (gaussian.c:38).
@I [ANALYSIS-51] Setting 'None' inter dependency for variable 'b2_5' (gaussian.c:52:11) in region (gaussian.c:38).
@I [ANALYSIS-51] Setting 'None' inter dependency for variable 'a1_6' (gaussian.c:46:14) in region (gaussian.c:38).
@I [ANALYSIS-51] Setting 'None' inter dependency for variable 'b1_6' (gaussian.c:47:11) in region (gaussian.c:38).
@I [ANALYSIS-51] Setting 'None' inter dependency for variable 'a2_6' (gaussian.c:51:14) in region (gaussian.c:38).
@I [ANALYSIS-51] Setting 'None' inter dependency for variable 'b2_6' (gaussian.c:52:11) in region (gaussian.c:38).
@I [ANALYSIS-51] Setting 'None' inter dependency for variable 'a1_7' (gaussian.c:46:14) in region (gaussian.c:38).
@I [ANALYSIS-51] Setting 'None' inter dependency for variable 'b1_7' (gaussian.c:47:11) in region (gaussian.c:38).
@I [ANALYSIS-51] Setting 'None' inter dependency for variable 'a2_7' (gaussian.c:51:14) in region (gaussian.c:38).
@I [ANALYSIS-51] Setting 'None' inter dependency for variable 'b2_7' (gaussian.c:52:11) in region (gaussian.c:38).
@I [ANALYSIS-51] Setting 'None' inter dependency for variable 'a1_8' (gaussian.c:46:14) in region (gaussian.c:38).
@I [ANALYSIS-51] Setting 'None' inter dependency for variable 'b1_8' (gaussian.c:47:11) in region (gaussian.c:38).
@I [ANALYSIS-51] Setting 'None' inter dependency for variable 'a2_8' (gaussian.c:51:14) in region (gaussian.c:38).
@I [ANALYSIS-51] Setting 'None' inter dependency for variable 'b2_8' (gaussian.c:52:11) in region (gaussian.c:38).
@I [ANALYSIS-51] Setting 'None' inter dependency for variable 'rand_number' (black_scholes.c:60:24) in region (black_scholes.c:28).
@I [HLS-111] Elapsed time: 3.79 seconds; current memory usage: 68.9 MB.
@I [HLS-10] Starting hardware synthesis ...
@I [HLS-10] Synthesizing 'black_scholes' ...
@I [HLS-10] ----------------------------------------------------------------
@I [HLS-10] -- Scheduling module 'black_scholes_rand_uint32' 
@I [HLS-10] ----------------------------------------------------------------
@I [SCHED-11] Starting scheduling ...
@I [SCHED-61] Pipelining function 'black_scholes_rand_uint32'.
@I [SCHED-61] Pipelining result: Target II: 1, Final II: 1, Depth: 3.
@I [SCHED-11] Finished scheduling.
@I [HLS-111] Elapsed time: 0.15 seconds; current memory usage: 69.7 MB.
@I [HLS-10] ----------------------------------------------------------------
@I [HLS-10] -- Exploring micro-architecture for module 'black_scholes_rand_uint32' 
@I [HLS-10] ----------------------------------------------------------------
@I [BIND-100] Starting micro-architecture generation ...
@I [BIND-101] Performing variable lifetime analysis.
@I [BIND-101] Exploring resource sharing.
@I [BIND-101] Binding ...
@I [BIND-100] Finished micro-architecture generation.
@I [HLS-111] Elapsed time: 0.03 seconds; current memory usage: 70.1 MB.
@I [HLS-10] ----------------------------------------------------------------
@I [HLS-10] -- Scheduling module 'black_scholes_gaussrand2' 
@I [HLS-10] ----------------------------------------------------------------
@I [SCHED-11] Starting scheduling ...
@I [SCHED-61] Pipelining function 'black_scholes_gaussrand2'.
@W [SCHED-68] Unable to enforce a carried dependency constraint (II = 1, distance = 1)
   between 'call' operation ('tmp_16', gaussian.c:51) to 'black_scholes_rand_uint32' and 'call' operation ('tmp_11', gaussian.c:46) to 'black_scholes_rand_uint32'.
@W [SCHED-68] Unable to enforce a carried dependency constraint (II = 2, distance = 1)
   between 'call' operation ('tmp_16', gaussian.c:51) to 'black_scholes_rand_uint32' and 'call' operation ('tmp_11', gaussian.c:46) to 'black_scholes_rand_uint32'.
@W [SCHED-68] Unable to enforce a carried dependency constraint (II = 3, distance = 1)
   between 'call' operation ('tmp_16', gaussian.c:51) to 'black_scholes_rand_uint32' and 'call' operation ('tmp_11', gaussian.c:46) to 'black_scholes_rand_uint32'.
@W [SCHED-68] Unable to enforce a carried dependency constraint (II = 4, distance = 1)
   between 'call' operation ('tmp_16', gaussian.c:51) to 'black_scholes_rand_uint32' and 'call' operation ('tmp_11', gaussian.c:46) to 'black_scholes_rand_uint32'.
@W [SCHED-68] Unable to enforce a carried dependency constraint (II = 10, distance = 1)
   between 'call' operation ('tmp_30_1', gaussian.c:46) to 'black_scholes_rand_uint32' and 'call' operation ('tmp_11', gaussian.c:46) to 'black_scholes_rand_uint32'.
@W [SCHED-68] Unable to enforce a carried dependency constraint (II = 22, distance = 1)
   between 'call' operation ('tmp_30_1', gaussian.c:46) to 'black_scholes_rand_uint32' and 'call' operation ('tmp_11', gaussian.c:46) to 'black_scholes_rand_uint32'.
@W [SCHED-68] Unable to enforce a carried dependency constraint (II = 46, distance = 1)
   between 'call' operation ('tmp_30_1', gaussian.c:46) to 'black_scholes_rand_uint32' and 'call' operation ('tmp_11', gaussian.c:46) to 'black_scholes_rand_uint32'.
@W [SCHED-68] Unable to enforce a carried dependency constraint (II = 94, distance = 1)
   between 'call' operation ('tmp_35_2', gaussian.c:51) to 'black_scholes_rand_uint32' and 'call' operation ('tmp_11', gaussian.c:46) to 'black_scholes_rand_uint32'.
@W [SCHED-68] Unable to enforce a carried dependency constraint (II = 190, distance = 1)
   between 'call' operation ('tmp_30_5', gaussian.c:46) to 'black_scholes_rand_uint32' and 'call' operation ('tmp_11', gaussian.c:46) to 'black_scholes_rand_uint32'.
@W [SCHED-68] Unable to enforce a carried dependency constraint (II = 382, distance = 1)
   between 'call' operation ('tmp_30_9', gaussian.c:46) to 'black_scholes_rand_uint32' and 'call' operation ('tmp_11', gaussian.c:46) to 'black_scholes_rand_uint32'.
@W [SCHED-68] Unable to enforce a carried dependency constraint (II = 406, distance = 1)
   between 'call' operation ('tmp_30_9', gaussian.c:46) to 'black_scholes_rand_uint32' and 'call' operation ('tmp_11', gaussian.c:46) to 'black_scholes_rand_uint32'.
@W [SCHED-68] Unable to enforce a carried dependency constraint (II = 409, distance = 1)
   between 'call' operation ('tmp_35_9', gaussian.c:51) to 'black_scholes_rand_uint32' and 'call' operation ('tmp_11', gaussian.c:46) to 'black_scholes_rand_uint32'.
@W [SCHED-68] Unable to enforce a carried dependency constraint (II = 410, distance = 1)
   between 'call' operation ('tmp_35_9', gaussian.c:51) to 'black_scholes_rand_uint32' and 'call' operation ('tmp_11', gaussian.c:46) to 'black_scholes_rand_uint32'.
@I [SCHED-61] Pipelining result: Target II: 1, Final II: 411, Depth: 566.
@W [SCHED-21] Estimated clock period (16ns) exceeds the target (target clock period: 10ns, clock uncertainty: 1.25ns, effective delay budget: 8.75ns).
@W [SCHED-21] The critical path consists of the following:
	'dmul' operation ('tmp_18', gaussian.c:54) (7.79 ns)
	'dadd' operation ('tmp_27', gaussian.c:54) (8.23 ns)
@I [SCHED-11] Finished scheduling.
@I [HLS-111] Elapsed time: 2.76 seconds; current memory usage: 75.7 MB.
@I [HLS-10] ----------------------------------------------------------------
@I [HLS-10] -- Exploring micro-architecture for module 'black_scholes_gaussrand2' 
@I [HLS-10] ----------------------------------------------------------------
@I [BIND-100] Starting micro-architecture generation ...
@I [BIND-101] Performing variable lifetime analysis.
@I [BIND-101] Exploring resource sharing.
@I [BIND-101] Binding ...
@I [BIND-100] Finished micro-architecture generation.
@I [HLS-111] Elapsed time: 1.58 seconds; current memory usage: 80.9 MB.
@I [HLS-10] ----------------------------------------------------------------
@I [HLS-10] -- Scheduling module 'black_scholes' 
@I [HLS-10] ----------------------------------------------------------------
@I [SCHED-11] Starting scheduling ...
@W [SCHED-21] Estimated delay (16ns) of 'call' operation ('rand_number', black_scholes.c:60) to 'black_scholes_gaussrand2' exceeds the target cycle time (target cycle time: 10ns, clock uncertainty: 1.25ns, effective cycle time: 8.75ns).
@I [SCHED-61] Pipelining function 'black_scholes'.
@I [SCHED-61] Pipelining result: Target II: 1, Final II: 411, Depth: 615.
@W [SCHED-21] Estimated clock period (16ns) exceeds the target (target clock period: 10ns, clock uncertainty: 1.25ns, effective delay budget: 8.75ns).
@W [SCHED-21] The critical path consists of the following:
	'call' operation ('rand_number', black_scholes.c:60) to 'black_scholes_gaussrand2' (16 ns)
@I [SCHED-11] Finished scheduling.
@I [HLS-111] Elapsed time: 0.41 seconds; current memory usage: 82.4 MB.
@I [HLS-10] ----------------------------------------------------------------
@I [HLS-10] -- Exploring micro-architecture for module 'black_scholes' 
@I [HLS-10] ----------------------------------------------------------------
@I [BIND-100] Starting micro-architecture generation ...
@I [BIND-101] Performing variable lifetime analysis.
@I [BIND-101] Exploring resource sharing.
@I [BIND-101] Binding ...
@I [BIND-100] Finished micro-architecture generation.
@I [HLS-111] Elapsed time: 1.14 seconds; current memory usage: 86.3 MB.
@I [HLS-10] ----------------------------------------------------------------
@I [HLS-10] -- Generating RTL for module 'black_scholes_rand_uint32' 
@I [HLS-10] ----------------------------------------------------------------
@I [RTGEN-100] Finished creating RTL model for 'black_scholes_rand_uint32'.
@I [HLS-111] Elapsed time: 0.23 seconds; current memory usage: 86.9 MB.
@I [HLS-10] ----------------------------------------------------------------
@I [HLS-10] -- Generating RTL for module 'black_scholes_gaussrand2' 
@I [HLS-10] ----------------------------------------------------------------
@I [RTGEN-100] Generating core module 'black_scholes_dadd_64ns_64ns_64_5_full_dsp': 2 instance(s).
@I [RTGEN-100] Generating core module 'black_scholes_dcmp_64ns_64ns_1_3': 2 instance(s).
@I [RTGEN-100] Generating core module 'black_scholes_ddiv_64ns_64ns_64_31': 1 instance(s).
@I [RTGEN-100] Generating core module 'black_scholes_dlog_64ns_64ns_64_31_full_dsp': 1 instance(s).
@I [RTGEN-100] Generating core module 'black_scholes_dmul_64ns_64ns_64_6_max_dsp': 2 instance(s).
@I [RTGEN-100] Generating core module 'black_scholes_dsqrt_64ns_64ns_64_31': 1 instance(s).
@I [RTGEN-100] Generating core module 'black_scholes_uitodp_64ns_64_6': 1 instance(s).
@I [RTGEN-100] Finished creating RTL model for 'black_scholes_gaussrand2'.
@I [HLS-111] Elapsed time: 2.99 seconds; current memory usage: 96.5 MB.
@I [HLS-10] ----------------------------------------------------------------
@I [HLS-10] -- Generating RTL for module 'black_scholes' 
@I [HLS-10] ----------------------------------------------------------------
@I [RTGEN-500] Setting interface mode on port 'black_scholes/S' to 'ap_none'.
@I [RTGEN-500] Setting interface mode on port 'black_scholes/E' to 'ap_none'.
@I [RTGEN-500] Setting interface mode on port 'black_scholes/A' to 'ap_none'.
@I [RTGEN-500] Setting interface mode on port 'black_scholes/B' to 'ap_none'.
@I [RTGEN-500] Setting interface mode on port 'black_scholes/rT' to 'ap_none'.
@I [RTGEN-500] Setting interface mode on port 'black_scholes/gaussrand_state_V1' to 'ap_none'.
@I [RTGEN-500] Setting interface mode on port 'black_scholes/gaussrand_state_V2' to 'ap_none'.
@I [RTGEN-500] Setting interface mode on port 'black_scholes/gaussrand_state_S' to 'ap_none'.
@I [RTGEN-500] Setting interface mode on port 'black_scholes/gaussrand_state_phase' to 'ap_none'.
@I [RTGEN-500] Setting interface mode on function 'black_scholes' to 'ap_ctrl_hs'.
@W [RTGEN-101] Global scalar 'kk' will not be exposed as RTL port.
@W [RTGEN-101] Global scalar 'kk_p1' will not be exposed as RTL port.
@W [RTGEN-101] Global scalar 'kk_pm' will not be exposed as RTL port.
@W [RTGEN-101] Port 'black_scholes/gaussrand_state_V1' has no fanin or fanout and is left dangling.
               Please use C simulation to confirm this function argument can be read from or written to.
@I [RTGEN-100] Generating core module 'black_scholes_dadddsub_64ns_64ns_64_5_full_dsp': 1 instance(s).
@I [RTGEN-100] Generating core module 'black_scholes_dcmp_64ns_64ns_1_3': 1 instance(s).
@I [RTGEN-100] Generating core module 'black_scholes_dexp_64ns_64ns_64_18_full_dsp': 1 instance(s).
@I [RTGEN-100] Generating core module 'black_scholes_dmul_64ns_64ns_64_6_max_dsp': 1 instance(s).
@I [RTGEN-100] Finished creating RTL model for 'black_scholes'.
@I [HLS-111] Elapsed time: 7.39 seconds; current memory usage: 121 MB.
@I [RTMG-278] Implementing memory 'black_scholes_rand_uint32_mt_kk_ram' using block RAMs with power-on initialization.
@I [HLS-10] Finished generating all RTL models.
@I [WSYSC-301] Generating RTL SystemC for 'black_scholes'.
@I [WVHDL-304] Generating RTL VHDL for 'black_scholes'.
@I [WVLOG-307] Generating RTL Verilog for 'black_scholes'.
@I [HLS-112] Total elapsed time: 90.178 seconds; peak memory usage: 121 MB.
@I [LIC-101] Checked in feature [HLS]
