@I [HLS-0] Workspace /home/student/vff6/ece5775/assignments/HighLevelSynth/options-accel/vinay-stuff/hls.prj/solution1 opened at Sat Nov 29 15:10:53 EST 2014
@I [HLS-100] Command 'open_solution' returned 0; elapsed 0.01Total elapsed time: 20.791 sec.
@I [HLS-100] Command "set_part xc7z020clg484-1 "
@I [HLS-100] Command "add_library xilinx/zynq/zynq:xc7z020:clg484:-1 "
@I [HLS-100] Command "get_default_platform "
@I [HLS-100] Command 'get_default_platform' returned 0; elapsed 0Total elapsed time: 20.796 sec.
@I [HLS-100] Command "license_exists VIVADO_HLS "
@I [HLS-100] Command 'license_exists' returned 1; elapsed 0Total elapsed time: 30.807 sec.
@I [HLS-100] Command "license_exists AUTOESL_NI "
@I [HLS-100] Command 'license_exists' returned 1; elapsed 0.01Total elapsed time: 40.819 sec.
@I [HLS-100] Command "license_exists HLS "
@I [HLS-100] Command 'license_exists' returned 0; elapsed 0Total elapsed time: 40.819 sec.
@I [HLS-100] Command "open_platform DefaultPlatform "
@I [HLS-100] Command 'open_platform' returned 0; elapsed 0Total elapsed time: 40.821 sec.
@I [HLS-100] Command "import_lib /opt/xilinx/Vivado_HLS/2014.2/common/technology/xilinx/zynq/zynq "
@I [HLS-100] Command "source /opt/xilinx/Vivado_HLS/2014.2/common/technology/xilinx/common/xilinx.lib "
@I [HLS-100] Command "source /opt/xilinx/Vivado_HLS/2014.2/common/technology/xilinx/interface/xilinx_interface.lib "
@I [HLS-100] Command "source /opt/xilinx/Vivado_HLS/2014.2/common/technology/xilinx/interface/plb46.lib "
@I [HLS-100] Command 'ap_source' returned 0; elapsed 0Total elapsed time: 40.828 sec.
@I [HLS-100] Command "source /opt/xilinx/Vivado_HLS/2014.2/common/technology/xilinx/interface/fsl.lib "
@I [HLS-100] Command 'ap_source' returned 0; elapsed 0Total elapsed time: 40.828 sec.
@I [HLS-100] Command "source /opt/xilinx/Vivado_HLS/2014.2/common/technology/xilinx/interface/axi4.lib "
@I [HLS-100] Command 'ap_source' returned 0; elapsed 0Total elapsed time: 40.829 sec.
@I [HLS-100] Command "source /opt/xilinx/Vivado_HLS/2014.2/common/technology/xilinx/interface/maxi.lib "
@I [HLS-100] Command 'ap_source' returned 0; elapsed 0Total elapsed time: 40.830 sec.
@I [HLS-100] Command 'ap_source' returned 0; elapsed 0.01Total elapsed time: 40.830 sec.
@I [HLS-100] Command "source /opt/xilinx/Vivado_HLS/2014.2/common/technology/xilinx/common/dsp48.lib "
@I [HLS-100] Command 'ap_source' returned 0; elapsed 0Total elapsed time: 40.831 sec.
@I [HLS-100] Command "source /opt/xilinx/Vivado_HLS/2014.2/common/technology/xilinx/ip/xfft.lib "
@I [HLS-100] Command 'ap_source' returned 0; elapsed 0Total elapsed time: 40.832 sec.
@I [HLS-100] Command "source /opt/xilinx/Vivado_HLS/2014.2/common/technology/xilinx/ip/xfir.lib "
@I [HLS-100] Command 'ap_source' returned 0; elapsed 0Total elapsed time: 40.833 sec.
@I [HLS-100] Command 'ap_source' returned 0; elapsed 0.01Total elapsed time: 40.835 sec.
@I [HLS-100] Command "source /opt/xilinx/Vivado_HLS/2014.2/common/technology/xilinx/common/xilinx_old.lib "
@I [HLS-100] Command 'ap_source' returned 0; elapsed 0.01Total elapsed time: 40.838 sec.
@I [HLS-100] Command "source /opt/xilinx/Vivado_HLS/2014.2/common/technology/xilinx/common/xilinx_vivado.lib "
@I [HLS-100] Command 'ap_source' returned 0; elapsed 0Total elapsed time: 40.839 sec.
@I [HLS-100] Command "source /opt/xilinx/Vivado_HLS/2014.2/common/technology/xilinx/common/xilinx.hlp "
@I [HLS-100] Command "source /opt/xilinx/Vivado_HLS/2014.2/common/technology/xilinx/common/target_info.tcl "
@I [HLS-100] Command 'ap_source' returned 0; elapsed 0Total elapsed time: 40.844 sec.
@I [HLS-100] Command "source /opt/xilinx/Vivado_HLS/2014.2/common/technology/xilinx/interface/xilinx_interface.hlp "
@I [HLS-100] Command "source /opt/xilinx/Vivado_HLS/2014.2/common/technology/xilinx/interface/maxi.hlp "
@I [HLS-100] Command 'ap_source' returned 0; elapsed 0Total elapsed time: 40.846 sec.
@I [HLS-100] Command 'ap_source' returned 0; elapsed 0Total elapsed time: 40.846 sec.
@I [HLS-100] Command "source /opt/xilinx/Vivado_HLS/2014.2/common/technology/xilinx/common/dsp48.hlp "
@I [HLS-100] Command 'ap_source' returned 0; elapsed 0Total elapsed time: 40.847 sec.
@I [HLS-100] Command 'ap_source' returned 0; elapsed 0Total elapsed time: 40.847 sec.
@I [HLS-100] Command "source /opt/xilinx/Vivado_HLS/2014.2/common/technology/xilinx/zynq/dsp48e1.hlp "
@I [HLS-100] Command 'ap_source' returned 0; elapsed 0Total elapsed time: 40.848 sec.
@I [HLS-100] Command "get_default_platform "
@I [HLS-100] Command 'get_default_platform' returned 0; elapsed 0Total elapsed time: 40.848 sec.
@I [HLS-100] Command "config_chip_info -quiet -resource  {SLICE 13300}  {LUT 53200}     {FF 106400} {DSP48E 220}   {BRAM 280}  "
@I [HLS-100] Command 'config_chip_info' returned 0; elapsed 0Total elapsed time: 40.848 sec.
@I [HLS-100] Command "config_chip_info -quiet -speed medium "
@I [HLS-100] Command 'config_chip_info' returned 0; elapsed 0Total elapsed time: 40.848 sec.
@I [HLS-100] Command 'import_lib' returned 0; elapsed 0.02Total elapsed time: 40.850 sec.
@I [HLS-100] Command "source /opt/xilinx/Vivado_HLS/2014.2/common/technology/xilinx/zynq/zynq.gen "
@I [HLS-100] Command "source /opt/xilinx/Vivado_HLS/2014.2/common/technology/xilinx/common/virtex.gen "
@I [HLS-100] Command "source /opt/xilinx/Vivado_HLS/2014.2/common/technology/xilinx/common/xilinx.gen "
@I [HLS-100] Command "source /opt/xilinx/Vivado_HLS/2014.2/common/technology/xilinx/interface/plb46.gen "
@I [HLS-100] Command 'ap_source' returned 0; elapsed 0Total elapsed time: 40.855 sec.
@I [HLS-100] Command "source /opt/xilinx/Vivado_HLS/2014.2/common/technology/xilinx/interface/fsl.gen "
@I [HLS-100] Command 'ap_source' returned 0; elapsed 0Total elapsed time: 40.856 sec.
@I [HLS-100] Command "source /opt/xilinx/Vivado_HLS/2014.2/common/technology/xilinx/interface/axi4.gen "
@I [HLS-100] Command 'ap_source' returned 0; elapsed 0.01Total elapsed time: 40.859 sec.
@I [HLS-100] Command "source /opt/xilinx/Vivado_HLS/2014.2/common/technology/xilinx/interface/nativeAXI4.gen "
@I [HLS-100] Command "source /opt/xilinx/Vivado_HLS/2014.2/common/technology/xilinx/interface/saxilite.gen "
@I [HLS-100] Command 'ap_source' returned 0; elapsed 0Total elapsed time: 40.864 sec.
@I [HLS-100] Command "source /opt/xilinx/Vivado_HLS/2014.2/common/technology/xilinx/interface/maxi.gen "
@I [HLS-100] Command 'ap_source' returned 0; elapsed 0.01Total elapsed time: 40.869 sec.
@I [HLS-100] Command 'ap_source' returned 0; elapsed 0.01Total elapsed time: 40.869 sec.
@I [HLS-100] Command "source /opt/xilinx/Vivado_HLS/2014.2/common/technology/xilinx/scripts/xilinxcoregen.gen "
@I [HLS-100] Command 'ap_source' returned 0; elapsed 0Total elapsed time: 40.881 sec.
@I [HLS-100] Command "source /opt/xilinx/Vivado_HLS/2014.2/common/technology/xilinx/interface/XilEDKCoreGen.gen "
@I [HLS-100] Command 'ap_source' returned 0; elapsed 0.02Total elapsed time: 40.894 sec.
@I [HLS-100] Command "source /opt/xilinx/Vivado_HLS/2014.2/common/technology/xilinx/ip/util.gen "
@I [HLS-100] Command 'ap_source' returned 0; elapsed 0Total elapsed time: 40.895 sec.
@I [HLS-100] Command "source /opt/xilinx/Vivado_HLS/2014.2/common/technology/xilinx/ip/xfft.gen "
@I [HLS-100] Command 'ap_source' returned 0; elapsed 0.17Total elapsed time: 41.64 sec.
@I [HLS-100] Command "source /opt/xilinx/Vivado_HLS/2014.2/common/technology/xilinx/ip/xfir.gen "
@I [HLS-100] Command "source /opt/xilinx/Vivado_HLS/2014.2/tps/tcl/tcllib1.11.1/struct/list.tcl "
@I [HLS-100] Command "source /opt/xilinx/Vivado_HLS/2014.2/tps/tcl/tcllib1.11.1/cmdline/cmdline.tcl "
@I [HLS-100] Command 'ap_source' returned 0; elapsed 0Total elapsed time: 41.88 sec.
@I [HLS-100] Command 'ap_source' returned 0; elapsed 0Total elapsed time: 41.89 sec.
@I [HLS-100] Command "source /opt/xilinx/Vivado_HLS/2014.2/tps/tcl/tcllib1.11.1/math/bignum.tcl "
@I [HLS-100] Command 'ap_source' returned 0; elapsed 0Total elapsed time: 41.97 sec.
@I [HLS-100] Command 'ap_source' returned 0; elapsed 0.04Total elapsed time: 41.106 sec.
@I [HLS-100] Command 'ap_source' returned 0; elapsed 0.25Total elapsed time: 41.106 sec.
@I [HLS-100] Command "source /opt/xilinx/Vivado_HLS/2014.2/common/technology/xilinx/common/dsp48.gen "
@I [HLS-100] Command 'ap_source' returned 0; elapsed 0Total elapsed time: 41.108 sec.
@I [HLS-100] Command 'ap_source' returned 0; elapsed 0.25Total elapsed time: 41.108 sec.
@I [HLS-100] Command 'ap_source' returned 0; elapsed 0.25Total elapsed time: 41.108 sec.
@I [HLS-100] Command "get_default_platform "
@I [HLS-100] Command 'get_default_platform' returned 0; elapsed 0Total elapsed time: 41.110 sec.
@I [HLS-100] Command "config_chip_info -quiet -resource  {SLICE 13300}  {LUT 53200}     {FF 106400} {DSP48E 220}   {BRAM 280}  "
@I [HLS-100] Command 'config_chip_info' returned 0; elapsed 0Total elapsed time: 41.111 sec.
@I [HLS-100] Command "config_chip_info -quiet -speed slow "
@I [HLS-100] Command 'config_chip_info' returned 0; elapsed 0Total elapsed time: 41.111 sec.
@I [HLS-100] Command 'add_library' returned 0; elapsed 0.28Total elapsed time: 41.112 sec.
@I [HLS-100] Command "add_library xilinx/zynq/zynq_fpv6 "
@I [HLS-100] Command "get_default_platform "
@I [HLS-100] Command 'get_default_platform' returned 0; elapsed 0Total elapsed time: 41.113 sec.
@I [HLS-100] Command "license_exists VIVADO_HLS "
@I [HLS-100] Command 'license_exists' returned 1; elapsed 0Total elapsed time: 51.125 sec.
@I [HLS-100] Command "license_exists AUTOESL_NI "
@I [HLS-100] Command 'license_exists' returned 1; elapsed 0Total elapsed time: 61.141 sec.
@I [HLS-100] Command "license_exists HLS "
@I [HLS-100] Command 'license_exists' returned 0; elapsed 0Total elapsed time: 61.141 sec.
@I [HLS-100] Command "open_platform DefaultPlatform "
@I [HLS-100] Command 'open_platform' returned 0; elapsed 0Total elapsed time: 61.143 sec.
@I [HLS-100] Command "import_lib /opt/xilinx/Vivado_HLS/2014.2/common/technology/xilinx/zynq/zynq_fpv6 "
@I [HLS-100] Command "source /opt/xilinx/Vivado_HLS/2014.2/common/technology/xilinx/common/xilinx_fpv7.lib "
@I [HLS-100] Command "source /opt/xilinx/Vivado_HLS/2014.2/common/technology/xilinx/common/xilinx_fpv6.lib "
@I [HLS-100] Command 'ap_source' returned 0; elapsed 0Total elapsed time: 61.146 sec.
@I [HLS-100] Command 'ap_source' returned 0; elapsed 0.01Total elapsed time: 61.148 sec.
@I [HLS-100] Command 'import_lib' returned 0; elapsed 0.02Total elapsed time: 61.164 sec.
@I [HLS-100] Command "source /opt/xilinx/Vivado_HLS/2014.2/common/technology/xilinx/zynq/zynq_fpv6.gen "
@I [HLS-100] Command "source /opt/xilinx/Vivado_HLS/2014.2/common/technology/xilinx/common/xilinx_fpv6.gen "
@I [HLS-100] Command 'ap_source' returned 0; elapsed 0Total elapsed time: 61.167 sec.
@I [HLS-100] Command 'ap_source' returned 0; elapsed 0Total elapsed time: 61.167 sec.
@I [HLS-100] Command 'add_library' returned 0; elapsed 0.02Total elapsed time: 61.177 sec.
@I [HLS-10] Setting target device to 'xc7z020clg484-1'
@I [HLS-100] Command 'set_part' returned 0; elapsed 0.3Total elapsed time: 61.177 sec.
@I [HLS-100] Command "create_clock -period 10 "
@I [HLS-100] Command "config_clock -quiet -name default -period 10 -default=false "
@I [SYN-201] Setting up clock 'default' with a period of 10ns.
@I [HLS-100] Command 'config_clock' returned 0; elapsed 0Total elapsed time: 61.181 sec.
@I [HLS-100] Command 'create_clock' returned 0; elapsed 0Total elapsed time: 61.181 sec.
@I [HLS-100] Command "csynth_design "
@I [HLS-100] Command "elaborate -effort=medium -skip_syncheck=0 -lm=0 -skip_transform=0 -ng=0 -g=0 -opt_fp=0 "
@I [HLS-10] Analyzing design file 'mt19937ar.c' ... 
@0 [HLS-0] Analyzing design file 'mt19937ar.c' ... 
@I [HLS-0] Compiling one TU...
@I [HLS-0] 
Checking before pre-process: exec clang -fno-limit-debug-info -gcc-toolchain "/opt/xilinx/Vivado_HLS/2014.2/lnx64/tools/gcc" -hls    -D "__asm__(...)=" -fno-math-errno -c -emit-llvm -O0  -mllvm -disable-llvm-optzns -std=gnu89   -DAESL_SYN -D__SYNTHESIS__ -D__HLS_SYN__ -I "/opt/xilinx/Vivado_HLS/2014.2/common/technology/autopilot" -I "/opt/xilinx/Vivado_HLS/2014.2/common/technology/autopilot/ap_sysc" -include etc/autopilot_ssdm_op.h  "mt19937ar.c"  -o "/home/student/vff6/ece5775/assignments/HighLevelSynth/options-accel/vinay-stuff/hls.prj/solution1/.autopilot/db/mt19937ar.pp.00.o"

@I [HLS-0] Syntax Checker time: 0 seconds per iteration
@I [HLS-0] 
Source preprocessing: exec clang -fno-limit-debug-info -gcc-toolchain "/opt/xilinx/Vivado_HLS/2014.2/lnx64/tools/gcc" -hls -fno-exceptions  -D__llvm__  -CC -E "mt19937ar.c"     -D "__asm__(...)=" -fno-math-errno -c -emit-llvm -O0  -mllvm -disable-llvm-optzns -std=gnu89   -DAESL_SYN -D__SYNTHESIS__ -D__HLS_SYN__ -I "/opt/xilinx/Vivado_HLS/2014.2/common/technology/autopilot" -I "/opt/xilinx/Vivado_HLS/2014.2/common/technology/autopilot/ap_sysc" -include etc/autopilot_ssdm_op.h -D "__asm__(...)="  -o "/home/student/vff6/ece5775/assignments/HighLevelSynth/options-accel/vinay-stuff/hls.prj/solution1/.autopilot/db/mt19937ar.pp.0.c"

@I [HLS-0] GCC PP time: 0 seconds per iteration
@I [HLS-100] Command "list_core -type functional_unit "
@I [HLS-100] Command 'list_core' returned 0; elapsed 0Total elapsed time: 61.382 sec.
@I [HLS-0] Marker-Pragma convertor: /home/student/vff6/ece5775/assignments/HighLevelSynth/options-accel/vinay-stuff/hls.prj/solution1/.autopilot/db/mt19937ar.pp.0.c /home/student/vff6/ece5775/assignments/HighLevelSynth/options-accel/vinay-stuff/hls.prj/solution1/.autopilot/db/mt19937ar.pp.0.c.ap-line.c /home/student/vff6/ece5775/assignments/HighLevelSynth/options-accel/vinay-stuff/hls.prj/solution1/.autopilot/db/mt19937ar.pp.0.c.ap-line.c.CXX 1
@I [HLS-0] 
Source processor: exec /opt/xilinx/Vivado_HLS/2014.2/tps/lnx64/jre/bin/java -Xmx512m -classpath   "/opt/xilinx/Vivado_HLS/2014.2/lib/classes/autopilot.sourceprocessor.jar:/opt/xilinx/Vivado_HLS/2014.2/lib/classes/org.eclipse.cdt.core_5.3.0.xilinx_patch.jar:/opt/xilinx/Vivado_HLS/2014.2/lib/classes/org.eclipse.core.runtime_3.7.0.v20110110.jar:/opt/xilinx/Vivado_HLS/2014.2/lib/classes/org.eclipse.equinox.common_3.6.0.v20110523.jar:/opt/xilinx/Vivado_HLS/2014.2/lib/classes/com.ibm.icu_4.4.2.v20110208.jar:/opt/xilinx/Vivado_HLS/2014.2/lib/classes/jargs.jar:/opt/xilinx/Vivado_HLS/2014.2/lnx64/tools/eclipse/plugins/org.eclipse.emf.common_2.7.0.v20120127-1122.jar:/opt/xilinx/Vivado_HLS/2014.2/lnx64/tools/eclipse/plugins/org.eclipse.emf.ecore_2.7.0.v20120127-1122.jar:/opt/xilinx/Vivado_HLS/2014.2/lnx64/tools/eclipse/plugins/org.eclipse.emf.ecore.xmi_2.7.0.v20120127-1122.jar:/opt/xilinx/Vivado_HLS/2014.2/lnx64/tools/eclipse/plugins/com.autoesl.autopilot.ui.directiveFileModel_1.0.0.jar:/opt/xilinx/Vivado_HLS/2014.2/lnx64/tools/eclipse/plugins/com.autoesl.autopilot.ui.common_1.0.0.jar"  autopilot.sourceprocessor.CParser  "/home/student/vff6/ece5775/assignments/HighLevelSynth/options-accel/vinay-stuff/hls.prj/solution1/.autopilot/db/mt19937ar.pp.0.c.ap-line.c"  -m "black_scholes2_loop" -o "/home/student/vff6/ece5775/assignments/HighLevelSynth/options-accel/vinay-stuff/hls.prj/solution1/.autopilot/db/mt19937ar.pp.0.c.ap-cdt.c" -c --ad --pc --pp --directive /home/student/vff6/ece5775/assignments/HighLevelSynth/options-accel/vinay-stuff/hls.prj/solution1/solution1.directive --source /home/student/vff6/ece5775/assignments/HighLevelSynth/options-accel/vinay-stuff/mt19937ar.c --error /home/student/vff6/ece5775/assignments/HighLevelSynth/options-accel/vinay-stuff/hls.prj/solution1/.autopilot/db --funcunit "AddSub AddSubnS Mul MulnS Mul2S Mul3S Mul4S Mul5S Mul6S DivnS AddSub_DSP FDiv FSqrt DDiv DSqrt DRecip DRSqrt FAddSub_nodsp FAddSub_fulldsp FMul_nodsp FMul_meddsp FMul_fulldsp FMul_maxdsp FRSqrt_nodsp FRSqrt_fulldsp FRecip_nodsp FRecip_fulldsp FLog_nodsp FLog_meddsp FLog_fulldsp FExp_nodsp FExp_meddsp FExp_fulldsp DAddSub_nodsp DAddSub_fulldsp DMul_nodsp DMul_meddsp DMul_fulldsp DMul_maxdsp DLog_nodsp DLog_meddsp DLog_fulldsp DExp_nodsp DExp_meddsp DExp_fulldsp" --ce --tcl /home/student/vff6/ece5775/assignments/HighLevelSynth/options-accel/vinay-stuff/hls.prj/solution1/.autopilot/db --lp --ca --gf --df --pd --p2d /home/student/vff6/ece5775/assignments/HighLevelSynth/options-accel/vinay-stuff/hls.prj/solution1/.autopilot/db --sd --scff /home/student/vff6/ece5775/assignments/HighLevelSynth/options-accel/vinay-stuff/hls.prj/solution1/.autopilot/db/.systemc_flag

@I [HLS-0] Marker-Pragma convertor: /home/student/vff6/ece5775/assignments/HighLevelSynth/options-accel/vinay-stuff/hls.prj/solution1/.autopilot/db/mt19937ar.pp.0.c.ap-cdt.c /home/student/vff6/ece5775/assignments/HighLevelSynth/options-accel/vinay-stuff/hls.prj/solution1/.autopilot/db/mt19937ar.pragma.0.c /home/student/vff6/ece5775/assignments/HighLevelSynth/options-accel/vinay-stuff/hls.prj/solution1/.autopilot/db/mt19937ar.pragma.0.c.ap-line.CXX 0
@I [HLS-100] Command "source /home/student/vff6/ece5775/assignments/HighLevelSynth/options-accel/vinay-stuff/hls.prj/solution1/.autopilot/db/pragma.status.tcl "
@I [HLS-100] Command 'ap_source' returned 0; elapsed 0Total elapsed time: 63.304 sec.
@I [HLS-0] CDT processor time: 1 seconds per iteration
@I [HLS-0] Pragma handling time: 0 seconds per iteration
@I [HLS-0] 
Source preprocessing: exec clang -fno-limit-debug-info -gcc-toolchain "/opt/xilinx/Vivado_HLS/2014.2/lnx64/tools/gcc" -hls -fno-exceptions  -D__llvm__  -CC -E "/home/student/vff6/ece5775/assignments/HighLevelSynth/options-accel/vinay-stuff/hls.prj/solution1/.autopilot/db/mt19937ar.pragma.1.c"     -D "__asm__(...)=" -fno-math-errno -c -emit-llvm -O0  -mllvm -disable-llvm-optzns -std=gnu89   -DAESL_SYN -D__SYNTHESIS__ -D__HLS_SYN__ -I "/opt/xilinx/Vivado_HLS/2014.2/common/technology/autopilot" -I "/opt/xilinx/Vivado_HLS/2014.2/common/technology/autopilot/ap_sysc" -include etc/autopilot_ssdm_op.h -D "__asm__(...)="  -o "/home/student/vff6/ece5775/assignments/HighLevelSynth/options-accel/vinay-stuff/hls.prj/solution1/.autopilot/db/mt19937ar.pragma.2.c"

@I [HLS-0] exec clang -fno-limit-debug-info -gcc-toolchain /opt/xilinx/Vivado_HLS/2014.2/lnx64/tools/gcc -hls -fno-exceptions  -D__llvm__  -w  "/home/student/vff6/ece5775/assignments/HighLevelSynth/options-accel/vinay-stuff/hls.prj/solution1/.autopilot/db/mt19937ar.pragma.2.c"    -D "__asm__(...)=" -fno-math-errno -c -emit-llvm -O0  -mllvm -disable-llvm-optzns -std=gnu89  -DAESL_SYN -D__SYNTHESIS__ -D__HLS_SYN__ -I "/opt/xilinx/Vivado_HLS/2014.2/common/technology/autopilot" -I "/opt/xilinx/Vivado_HLS/2014.2/common/technology/autopilot/ap_sysc" -include etc/autopilot_ssdm_op.h -g -o "/home/student/vff6/ece5775/assignments/HighLevelSynth/options-accel/vinay-stuff/hls.prj/solution1/.autopilot/db/mt19937ar.g.bc"
@I [HLS-10] Analyzing design file 'gaussian.c' ... 
@0 [HLS-0] Analyzing design file 'gaussian.c' ... 
@I [HLS-0] Compiling one TU...
@I [HLS-0] 
Checking before pre-process: exec clang -fno-limit-debug-info -gcc-toolchain "/opt/xilinx/Vivado_HLS/2014.2/lnx64/tools/gcc" -hls    -D "__asm__(...)=" -fno-math-errno -c -emit-llvm -O0  -mllvm -disable-llvm-optzns -std=gnu89   -DAESL_SYN -D__SYNTHESIS__ -D__HLS_SYN__ -I "/opt/xilinx/Vivado_HLS/2014.2/common/technology/autopilot" -I "/opt/xilinx/Vivado_HLS/2014.2/common/technology/autopilot/ap_sysc" -include etc/autopilot_ssdm_op.h  "gaussian.c"  -o "/home/student/vff6/ece5775/assignments/HighLevelSynth/options-accel/vinay-stuff/hls.prj/solution1/.autopilot/db/gaussian.pp.00.o"

@I [HLS-0] Syntax Checker time: 0 seconds per iteration
@I [HLS-0] 
Source preprocessing: exec clang -fno-limit-debug-info -gcc-toolchain "/opt/xilinx/Vivado_HLS/2014.2/lnx64/tools/gcc" -hls -fno-exceptions  -D__llvm__  -CC -E "gaussian.c"     -D "__asm__(...)=" -fno-math-errno -c -emit-llvm -O0  -mllvm -disable-llvm-optzns -std=gnu89   -DAESL_SYN -D__SYNTHESIS__ -D__HLS_SYN__ -I "/opt/xilinx/Vivado_HLS/2014.2/common/technology/autopilot" -I "/opt/xilinx/Vivado_HLS/2014.2/common/technology/autopilot/ap_sysc" -include etc/autopilot_ssdm_op.h -D "__asm__(...)="  -o "/home/student/vff6/ece5775/assignments/HighLevelSynth/options-accel/vinay-stuff/hls.prj/solution1/.autopilot/db/gaussian.pp.0.c"

@I [HLS-0] GCC PP time: 0 seconds per iteration
@I [HLS-100] Command "list_core -type functional_unit "
@I [HLS-100] Command 'list_core' returned 0; elapsed 0Total elapsed time: 63.628 sec.
@I [HLS-0] Marker-Pragma convertor: /home/student/vff6/ece5775/assignments/HighLevelSynth/options-accel/vinay-stuff/hls.prj/solution1/.autopilot/db/gaussian.pp.0.c /home/student/vff6/ece5775/assignments/HighLevelSynth/options-accel/vinay-stuff/hls.prj/solution1/.autopilot/db/gaussian.pp.0.c.ap-line.c /home/student/vff6/ece5775/assignments/HighLevelSynth/options-accel/vinay-stuff/hls.prj/solution1/.autopilot/db/gaussian.pp.0.c.ap-line.c.CXX 1
@I [HLS-0] 
Source processor: exec /opt/xilinx/Vivado_HLS/2014.2/tps/lnx64/jre/bin/java -Xmx512m -classpath   "/opt/xilinx/Vivado_HLS/2014.2/lib/classes/autopilot.sourceprocessor.jar:/opt/xilinx/Vivado_HLS/2014.2/lib/classes/org.eclipse.cdt.core_5.3.0.xilinx_patch.jar:/opt/xilinx/Vivado_HLS/2014.2/lib/classes/org.eclipse.core.runtime_3.7.0.v20110110.jar:/opt/xilinx/Vivado_HLS/2014.2/lib/classes/org.eclipse.equinox.common_3.6.0.v20110523.jar:/opt/xilinx/Vivado_HLS/2014.2/lib/classes/com.ibm.icu_4.4.2.v20110208.jar:/opt/xilinx/Vivado_HLS/2014.2/lib/classes/jargs.jar:/opt/xilinx/Vivado_HLS/2014.2/lnx64/tools/eclipse/plugins/org.eclipse.emf.common_2.7.0.v20120127-1122.jar:/opt/xilinx/Vivado_HLS/2014.2/lnx64/tools/eclipse/plugins/org.eclipse.emf.ecore_2.7.0.v20120127-1122.jar:/opt/xilinx/Vivado_HLS/2014.2/lnx64/tools/eclipse/plugins/org.eclipse.emf.ecore.xmi_2.7.0.v20120127-1122.jar:/opt/xilinx/Vivado_HLS/2014.2/lnx64/tools/eclipse/plugins/com.autoesl.autopilot.ui.directiveFileModel_1.0.0.jar:/opt/xilinx/Vivado_HLS/2014.2/lnx64/tools/eclipse/plugins/com.autoesl.autopilot.ui.common_1.0.0.jar"  autopilot.sourceprocessor.CParser  "/home/student/vff6/ece5775/assignments/HighLevelSynth/options-accel/vinay-stuff/hls.prj/solution1/.autopilot/db/gaussian.pp.0.c.ap-line.c"  -m "black_scholes2_loop" -o "/home/student/vff6/ece5775/assignments/HighLevelSynth/options-accel/vinay-stuff/hls.prj/solution1/.autopilot/db/gaussian.pp.0.c.ap-cdt.c" -c --ad --pc --pp --directive /home/student/vff6/ece5775/assignments/HighLevelSynth/options-accel/vinay-stuff/hls.prj/solution1/solution1.directive --source /home/student/vff6/ece5775/assignments/HighLevelSynth/options-accel/vinay-stuff/gaussian.c --error /home/student/vff6/ece5775/assignments/HighLevelSynth/options-accel/vinay-stuff/hls.prj/solution1/.autopilot/db --funcunit "AddSub AddSubnS Mul MulnS Mul2S Mul3S Mul4S Mul5S Mul6S DivnS AddSub_DSP FDiv FSqrt DDiv DSqrt DRecip DRSqrt FAddSub_nodsp FAddSub_fulldsp FMul_nodsp FMul_meddsp FMul_fulldsp FMul_maxdsp FRSqrt_nodsp FRSqrt_fulldsp FRecip_nodsp FRecip_fulldsp FLog_nodsp FLog_meddsp FLog_fulldsp FExp_nodsp FExp_meddsp FExp_fulldsp DAddSub_nodsp DAddSub_fulldsp DMul_nodsp DMul_meddsp DMul_fulldsp DMul_maxdsp DLog_nodsp DLog_meddsp DLog_fulldsp DExp_nodsp DExp_meddsp DExp_fulldsp" --ce --tcl /home/student/vff6/ece5775/assignments/HighLevelSynth/options-accel/vinay-stuff/hls.prj/solution1/.autopilot/db --lp --ca --gf --df --pd --p2d /home/student/vff6/ece5775/assignments/HighLevelSynth/options-accel/vinay-stuff/hls.prj/solution1/.autopilot/db --sd --scff /home/student/vff6/ece5775/assignments/HighLevelSynth/options-accel/vinay-stuff/hls.prj/solution1/.autopilot/db/.systemc_flag

@I [HLS-0] Marker-Pragma convertor: /home/student/vff6/ece5775/assignments/HighLevelSynth/options-accel/vinay-stuff/hls.prj/solution1/.autopilot/db/gaussian.pp.0.c.ap-cdt.c /home/student/vff6/ece5775/assignments/HighLevelSynth/options-accel/vinay-stuff/hls.prj/solution1/.autopilot/db/gaussian.pragma.0.c /home/student/vff6/ece5775/assignments/HighLevelSynth/options-accel/vinay-stuff/hls.prj/solution1/.autopilot/db/gaussian.pragma.0.c.ap-line.CXX 0
@I [HLS-100] Command "source /home/student/vff6/ece5775/assignments/HighLevelSynth/options-accel/vinay-stuff/hls.prj/solution1/.autopilot/db/pragma.status.tcl "
@I [HLS-100] Command 'ap_source' returned 0; elapsed 0Total elapsed time: 65.664 sec.
@I [HLS-0] CDT processor time: 2 seconds per iteration
@I [HLS-0] Pragma handling time: 0 seconds per iteration
@I [HLS-0] 
Source preprocessing: exec clang -fno-limit-debug-info -gcc-toolchain "/opt/xilinx/Vivado_HLS/2014.2/lnx64/tools/gcc" -hls -fno-exceptions  -D__llvm__  -CC -E "/home/student/vff6/ece5775/assignments/HighLevelSynth/options-accel/vinay-stuff/hls.prj/solution1/.autopilot/db/gaussian.pragma.1.c"     -D "__asm__(...)=" -fno-math-errno -c -emit-llvm -O0  -mllvm -disable-llvm-optzns -std=gnu89   -DAESL_SYN -D__SYNTHESIS__ -D__HLS_SYN__ -I "/opt/xilinx/Vivado_HLS/2014.2/common/technology/autopilot" -I "/opt/xilinx/Vivado_HLS/2014.2/common/technology/autopilot/ap_sysc" -include etc/autopilot_ssdm_op.h -D "__asm__(...)="  -o "/home/student/vff6/ece5775/assignments/HighLevelSynth/options-accel/vinay-stuff/hls.prj/solution1/.autopilot/db/gaussian.pragma.2.c"

@I [HLS-0] exec clang -fno-limit-debug-info -gcc-toolchain /opt/xilinx/Vivado_HLS/2014.2/lnx64/tools/gcc -hls -fno-exceptions  -D__llvm__  -w  "/home/student/vff6/ece5775/assignments/HighLevelSynth/options-accel/vinay-stuff/hls.prj/solution1/.autopilot/db/gaussian.pragma.2.c"    -D "__asm__(...)=" -fno-math-errno -c -emit-llvm -O0  -mllvm -disable-llvm-optzns -std=gnu89  -DAESL_SYN -D__SYNTHESIS__ -D__HLS_SYN__ -I "/opt/xilinx/Vivado_HLS/2014.2/common/technology/autopilot" -I "/opt/xilinx/Vivado_HLS/2014.2/common/technology/autopilot/ap_sysc" -include etc/autopilot_ssdm_op.h -g -o "/home/student/vff6/ece5775/assignments/HighLevelSynth/options-accel/vinay-stuff/hls.prj/solution1/.autopilot/db/gaussian.g.bc"
@I [HLS-10] Analyzing design file 'black_scholes2.c' ... 
@0 [HLS-0] Analyzing design file 'black_scholes2.c' ... 
@I [HLS-0] Compiling one TU...
@I [HLS-0] 
Checking before pre-process: exec clang -fno-limit-debug-info -gcc-toolchain "/opt/xilinx/Vivado_HLS/2014.2/lnx64/tools/gcc" -hls    -D "__asm__(...)=" -fno-math-errno -c -emit-llvm -O0  -mllvm -disable-llvm-optzns -std=gnu89   -DAESL_SYN -D__SYNTHESIS__ -D__HLS_SYN__ -I "/opt/xilinx/Vivado_HLS/2014.2/common/technology/autopilot" -I "/opt/xilinx/Vivado_HLS/2014.2/common/technology/autopilot/ap_sysc" -include etc/autopilot_ssdm_op.h  "black_scholes2.c"  -o "/home/student/vff6/ece5775/assignments/HighLevelSynth/options-accel/vinay-stuff/hls.prj/solution1/.autopilot/db/black_scholes2.pp.00.o"

@I [HLS-0] Syntax Checker time: 0 seconds per iteration
@I [HLS-0] 
Source preprocessing: exec clang -fno-limit-debug-info -gcc-toolchain "/opt/xilinx/Vivado_HLS/2014.2/lnx64/tools/gcc" -hls -fno-exceptions  -D__llvm__  -CC -E "black_scholes2.c"     -D "__asm__(...)=" -fno-math-errno -c -emit-llvm -O0  -mllvm -disable-llvm-optzns -std=gnu89   -DAESL_SYN -D__SYNTHESIS__ -D__HLS_SYN__ -I "/opt/xilinx/Vivado_HLS/2014.2/common/technology/autopilot" -I "/opt/xilinx/Vivado_HLS/2014.2/common/technology/autopilot/ap_sysc" -include etc/autopilot_ssdm_op.h -D "__asm__(...)="  -o "/home/student/vff6/ece5775/assignments/HighLevelSynth/options-accel/vinay-stuff/hls.prj/solution1/.autopilot/db/black_scholes2.pp.0.c"

@I [HLS-0] GCC PP time: 0 seconds per iteration
@I [HLS-100] Command "list_core -type functional_unit "
@I [HLS-100] Command 'list_core' returned 0; elapsed 0Total elapsed time: 65.978 sec.
@I [HLS-0] Marker-Pragma convertor: /home/student/vff6/ece5775/assignments/HighLevelSynth/options-accel/vinay-stuff/hls.prj/solution1/.autopilot/db/black_scholes2.pp.0.c /home/student/vff6/ece5775/assignments/HighLevelSynth/options-accel/vinay-stuff/hls.prj/solution1/.autopilot/db/black_scholes2.pp.0.c.ap-line.c /home/student/vff6/ece5775/assignments/HighLevelSynth/options-accel/vinay-stuff/hls.prj/solution1/.autopilot/db/black_scholes2.pp.0.c.ap-line.c.CXX 1
@I [HLS-0] 
Source processor: exec /opt/xilinx/Vivado_HLS/2014.2/tps/lnx64/jre/bin/java -Xmx512m -classpath   "/opt/xilinx/Vivado_HLS/2014.2/lib/classes/autopilot.sourceprocessor.jar:/opt/xilinx/Vivado_HLS/2014.2/lib/classes/org.eclipse.cdt.core_5.3.0.xilinx_patch.jar:/opt/xilinx/Vivado_HLS/2014.2/lib/classes/org.eclipse.core.runtime_3.7.0.v20110110.jar:/opt/xilinx/Vivado_HLS/2014.2/lib/classes/org.eclipse.equinox.common_3.6.0.v20110523.jar:/opt/xilinx/Vivado_HLS/2014.2/lib/classes/com.ibm.icu_4.4.2.v20110208.jar:/opt/xilinx/Vivado_HLS/2014.2/lib/classes/jargs.jar:/opt/xilinx/Vivado_HLS/2014.2/lnx64/tools/eclipse/plugins/org.eclipse.emf.common_2.7.0.v20120127-1122.jar:/opt/xilinx/Vivado_HLS/2014.2/lnx64/tools/eclipse/plugins/org.eclipse.emf.ecore_2.7.0.v20120127-1122.jar:/opt/xilinx/Vivado_HLS/2014.2/lnx64/tools/eclipse/plugins/org.eclipse.emf.ecore.xmi_2.7.0.v20120127-1122.jar:/opt/xilinx/Vivado_HLS/2014.2/lnx64/tools/eclipse/plugins/com.autoesl.autopilot.ui.directiveFileModel_1.0.0.jar:/opt/xilinx/Vivado_HLS/2014.2/lnx64/tools/eclipse/plugins/com.autoesl.autopilot.ui.common_1.0.0.jar"  autopilot.sourceprocessor.CParser  "/home/student/vff6/ece5775/assignments/HighLevelSynth/options-accel/vinay-stuff/hls.prj/solution1/.autopilot/db/black_scholes2.pp.0.c.ap-line.c"  -m "black_scholes2_loop" -o "/home/student/vff6/ece5775/assignments/HighLevelSynth/options-accel/vinay-stuff/hls.prj/solution1/.autopilot/db/black_scholes2.pp.0.c.ap-cdt.c" -c --ad --pc --pp --directive /home/student/vff6/ece5775/assignments/HighLevelSynth/options-accel/vinay-stuff/hls.prj/solution1/solution1.directive --source /home/student/vff6/ece5775/assignments/HighLevelSynth/options-accel/vinay-stuff/black_scholes2.c --error /home/student/vff6/ece5775/assignments/HighLevelSynth/options-accel/vinay-stuff/hls.prj/solution1/.autopilot/db --funcunit "AddSub AddSubnS Mul MulnS Mul2S Mul3S Mul4S Mul5S Mul6S DivnS AddSub_DSP FDiv FSqrt DDiv DSqrt DRecip DRSqrt FAddSub_nodsp FAddSub_fulldsp FMul_nodsp FMul_meddsp FMul_fulldsp FMul_maxdsp FRSqrt_nodsp FRSqrt_fulldsp FRecip_nodsp FRecip_fulldsp FLog_nodsp FLog_meddsp FLog_fulldsp FExp_nodsp FExp_meddsp FExp_fulldsp DAddSub_nodsp DAddSub_fulldsp DMul_nodsp DMul_meddsp DMul_fulldsp DMul_maxdsp DLog_nodsp DLog_meddsp DLog_fulldsp DExp_nodsp DExp_meddsp DExp_fulldsp" --ce --tcl /home/student/vff6/ece5775/assignments/HighLevelSynth/options-accel/vinay-stuff/hls.prj/solution1/.autopilot/db --lp --ca --gf --df --pd --p2d /home/student/vff6/ece5775/assignments/HighLevelSynth/options-accel/vinay-stuff/hls.prj/solution1/.autopilot/db --sd --scff /home/student/vff6/ece5775/assignments/HighLevelSynth/options-accel/vinay-stuff/hls.prj/solution1/.autopilot/db/.systemc_flag

@I [HLS-0] Marker-Pragma convertor: /home/student/vff6/ece5775/assignments/HighLevelSynth/options-accel/vinay-stuff/hls.prj/solution1/.autopilot/db/black_scholes2.pp.0.c.ap-cdt.c /home/student/vff6/ece5775/assignments/HighLevelSynth/options-accel/vinay-stuff/hls.prj/solution1/.autopilot/db/black_scholes2.pragma.0.c /home/student/vff6/ece5775/assignments/HighLevelSynth/options-accel/vinay-stuff/hls.prj/solution1/.autopilot/db/black_scholes2.pragma.0.c.ap-line.CXX 0
@I [HLS-100] Command "source /home/student/vff6/ece5775/assignments/HighLevelSynth/options-accel/vinay-stuff/hls.prj/solution1/.autopilot/db/pragma.status.tcl "
@I [HLS-100] Command 'ap_source' returned 0; elapsed 0Total elapsed time: 68.230 sec.
@I [HLS-0] CDT processor time: 2 seconds per iteration
@I [HLS-0] Pragma handling time: 0 seconds per iteration
@I [HLS-0] 
Source preprocessing: exec clang -fno-limit-debug-info -gcc-toolchain "/opt/xilinx/Vivado_HLS/2014.2/lnx64/tools/gcc" -hls -fno-exceptions  -D__llvm__  -CC -E "/home/student/vff6/ece5775/assignments/HighLevelSynth/options-accel/vinay-stuff/hls.prj/solution1/.autopilot/db/black_scholes2.pragma.1.c"     -D "__asm__(...)=" -fno-math-errno -c -emit-llvm -O0  -mllvm -disable-llvm-optzns -std=gnu89   -DAESL_SYN -D__SYNTHESIS__ -D__HLS_SYN__ -I "/opt/xilinx/Vivado_HLS/2014.2/common/technology/autopilot" -I "/opt/xilinx/Vivado_HLS/2014.2/common/technology/autopilot/ap_sysc" -include etc/autopilot_ssdm_op.h -D "__asm__(...)="  -o "/home/student/vff6/ece5775/assignments/HighLevelSynth/options-accel/vinay-stuff/hls.prj/solution1/.autopilot/db/black_scholes2.pragma.2.c"

@I [HLS-0] exec clang -fno-limit-debug-info -gcc-toolchain /opt/xilinx/Vivado_HLS/2014.2/lnx64/tools/gcc -hls -fno-exceptions  -D__llvm__  -w  "/home/student/vff6/ece5775/assignments/HighLevelSynth/options-accel/vinay-stuff/hls.prj/solution1/.autopilot/db/black_scholes2.pragma.2.c"    -D "__asm__(...)=" -fno-math-errno -c -emit-llvm -O0  -mllvm -disable-llvm-optzns -std=gnu89  -DAESL_SYN -D__SYNTHESIS__ -D__HLS_SYN__ -I "/opt/xilinx/Vivado_HLS/2014.2/common/technology/autopilot" -I "/opt/xilinx/Vivado_HLS/2014.2/common/technology/autopilot/ap_sysc" -include etc/autopilot_ssdm_op.h -g -o "/home/student/vff6/ece5775/assignments/HighLevelSynth/options-accel/vinay-stuff/hls.prj/solution1/.autopilot/db/black_scholes2.g.bc"
@I [HLS-10] Analyzing design file 'black_scholes2_loop.c' ... 
@0 [HLS-0] Analyzing design file 'black_scholes2_loop.c' ... 
@I [HLS-0] Compiling one TU...
@I [HLS-0] 
Checking before pre-process: exec clang -fno-limit-debug-info -gcc-toolchain "/opt/xilinx/Vivado_HLS/2014.2/lnx64/tools/gcc" -hls    -D "__asm__(...)=" -fno-math-errno -c -emit-llvm -O0  -mllvm -disable-llvm-optzns -std=gnu89   -DAESL_SYN -D__SYNTHESIS__ -D__HLS_SYN__ -I "/opt/xilinx/Vivado_HLS/2014.2/common/technology/autopilot" -I "/opt/xilinx/Vivado_HLS/2014.2/common/technology/autopilot/ap_sysc" -include etc/autopilot_ssdm_op.h  "black_scholes2_loop.c"  -o "/home/student/vff6/ece5775/assignments/HighLevelSynth/options-accel/vinay-stuff/hls.prj/solution1/.autopilot/db/black_scholes2_loop.pp.00.o"

@I [HLS-0] Syntax Checker time: 0 seconds per iteration
@I [HLS-0] 
Source preprocessing: exec clang -fno-limit-debug-info -gcc-toolchain "/opt/xilinx/Vivado_HLS/2014.2/lnx64/tools/gcc" -hls -fno-exceptions  -D__llvm__  -CC -E "black_scholes2_loop.c"     -D "__asm__(...)=" -fno-math-errno -c -emit-llvm -O0  -mllvm -disable-llvm-optzns -std=gnu89   -DAESL_SYN -D__SYNTHESIS__ -D__HLS_SYN__ -I "/opt/xilinx/Vivado_HLS/2014.2/common/technology/autopilot" -I "/opt/xilinx/Vivado_HLS/2014.2/common/technology/autopilot/ap_sysc" -include etc/autopilot_ssdm_op.h -D "__asm__(...)="  -o "/home/student/vff6/ece5775/assignments/HighLevelSynth/options-accel/vinay-stuff/hls.prj/solution1/.autopilot/db/black_scholes2_loop.pp.0.c"

@I [HLS-0] GCC PP time: 0 seconds per iteration
@I [HLS-100] Command "list_core -type functional_unit "
@I [HLS-100] Command 'list_core' returned 0; elapsed 0Total elapsed time: 68.550 sec.
@I [HLS-0] Marker-Pragma convertor: /home/student/vff6/ece5775/assignments/HighLevelSynth/options-accel/vinay-stuff/hls.prj/solution1/.autopilot/db/black_scholes2_loop.pp.0.c /home/student/vff6/ece5775/assignments/HighLevelSynth/options-accel/vinay-stuff/hls.prj/solution1/.autopilot/db/black_scholes2_loop.pp.0.c.ap-line.c /home/student/vff6/ece5775/assignments/HighLevelSynth/options-accel/vinay-stuff/hls.prj/solution1/.autopilot/db/black_scholes2_loop.pp.0.c.ap-line.c.CXX 1
@I [HLS-0] 
Source processor: exec /opt/xilinx/Vivado_HLS/2014.2/tps/lnx64/jre/bin/java -Xmx512m -classpath   "/opt/xilinx/Vivado_HLS/2014.2/lib/classes/autopilot.sourceprocessor.jar:/opt/xilinx/Vivado_HLS/2014.2/lib/classes/org.eclipse.cdt.core_5.3.0.xilinx_patch.jar:/opt/xilinx/Vivado_HLS/2014.2/lib/classes/org.eclipse.core.runtime_3.7.0.v20110110.jar:/opt/xilinx/Vivado_HLS/2014.2/lib/classes/org.eclipse.equinox.common_3.6.0.v20110523.jar:/opt/xilinx/Vivado_HLS/2014.2/lib/classes/com.ibm.icu_4.4.2.v20110208.jar:/opt/xilinx/Vivado_HLS/2014.2/lib/classes/jargs.jar:/opt/xilinx/Vivado_HLS/2014.2/lnx64/tools/eclipse/plugins/org.eclipse.emf.common_2.7.0.v20120127-1122.jar:/opt/xilinx/Vivado_HLS/2014.2/lnx64/tools/eclipse/plugins/org.eclipse.emf.ecore_2.7.0.v20120127-1122.jar:/opt/xilinx/Vivado_HLS/2014.2/lnx64/tools/eclipse/plugins/org.eclipse.emf.ecore.xmi_2.7.0.v20120127-1122.jar:/opt/xilinx/Vivado_HLS/2014.2/lnx64/tools/eclipse/plugins/com.autoesl.autopilot.ui.directiveFileModel_1.0.0.jar:/opt/xilinx/Vivado_HLS/2014.2/lnx64/tools/eclipse/plugins/com.autoesl.autopilot.ui.common_1.0.0.jar"  autopilot.sourceprocessor.CParser  "/home/student/vff6/ece5775/assignments/HighLevelSynth/options-accel/vinay-stuff/hls.prj/solution1/.autopilot/db/black_scholes2_loop.pp.0.c.ap-line.c"  -m "black_scholes2_loop" -o "/home/student/vff6/ece5775/assignments/HighLevelSynth/options-accel/vinay-stuff/hls.prj/solution1/.autopilot/db/black_scholes2_loop.pp.0.c.ap-cdt.c" -c --ad --pc --pp --directive /home/student/vff6/ece5775/assignments/HighLevelSynth/options-accel/vinay-stuff/hls.prj/solution1/solution1.directive --source /home/student/vff6/ece5775/assignments/HighLevelSynth/options-accel/vinay-stuff/black_scholes2_loop.c --error /home/student/vff6/ece5775/assignments/HighLevelSynth/options-accel/vinay-stuff/hls.prj/solution1/.autopilot/db --funcunit "AddSub AddSubnS Mul MulnS Mul2S Mul3S Mul4S Mul5S Mul6S DivnS AddSub_DSP FDiv FSqrt DDiv DSqrt DRecip DRSqrt FAddSub_nodsp FAddSub_fulldsp FMul_nodsp FMul_meddsp FMul_fulldsp FMul_maxdsp FRSqrt_nodsp FRSqrt_fulldsp FRecip_nodsp FRecip_fulldsp FLog_nodsp FLog_meddsp FLog_fulldsp FExp_nodsp FExp_meddsp FExp_fulldsp DAddSub_nodsp DAddSub_fulldsp DMul_nodsp DMul_meddsp DMul_fulldsp DMul_maxdsp DLog_nodsp DLog_meddsp DLog_fulldsp DExp_nodsp DExp_meddsp DExp_fulldsp" --ce --tcl /home/student/vff6/ece5775/assignments/HighLevelSynth/options-accel/vinay-stuff/hls.prj/solution1/.autopilot/db --lp --ca --gf --df --pd --p2d /home/student/vff6/ece5775/assignments/HighLevelSynth/options-accel/vinay-stuff/hls.prj/solution1/.autopilot/db --sd --scff /home/student/vff6/ece5775/assignments/HighLevelSynth/options-accel/vinay-stuff/hls.prj/solution1/.autopilot/db/.systemc_flag

@I [HLS-0] Marker-Pragma convertor: /home/student/vff6/ece5775/assignments/HighLevelSynth/options-accel/vinay-stuff/hls.prj/solution1/.autopilot/db/black_scholes2_loop.pp.0.c.ap-cdt.c /home/student/vff6/ece5775/assignments/HighLevelSynth/options-accel/vinay-stuff/hls.prj/solution1/.autopilot/db/black_scholes2_loop.pragma.0.c /home/student/vff6/ece5775/assignments/HighLevelSynth/options-accel/vinay-stuff/hls.prj/solution1/.autopilot/db/black_scholes2_loop.pragma.0.c.ap-line.CXX 0
@I [HLS-100] Command "source /home/student/vff6/ece5775/assignments/HighLevelSynth/options-accel/vinay-stuff/hls.prj/solution1/.autopilot/db/pragma.status.tcl "
@I [HLS-100] Command 'ap_source' returned 0; elapsed 0Total elapsed time: 70.882 sec.
@I [HLS-0] CDT processor time: 2 seconds per iteration
@I [HLS-0] Pragma handling time: 0 seconds per iteration
@I [HLS-0] 
Source preprocessing: exec clang -fno-limit-debug-info -gcc-toolchain "/opt/xilinx/Vivado_HLS/2014.2/lnx64/tools/gcc" -hls -fno-exceptions  -D__llvm__  -CC -E "/home/student/vff6/ece5775/assignments/HighLevelSynth/options-accel/vinay-stuff/hls.prj/solution1/.autopilot/db/black_scholes2_loop.pragma.1.c"     -D "__asm__(...)=" -fno-math-errno -c -emit-llvm -O0  -mllvm -disable-llvm-optzns -std=gnu89   -DAESL_SYN -D__SYNTHESIS__ -D__HLS_SYN__ -I "/opt/xilinx/Vivado_HLS/2014.2/common/technology/autopilot" -I "/opt/xilinx/Vivado_HLS/2014.2/common/technology/autopilot/ap_sysc" -include etc/autopilot_ssdm_op.h -D "__asm__(...)="  -o "/home/student/vff6/ece5775/assignments/HighLevelSynth/options-accel/vinay-stuff/hls.prj/solution1/.autopilot/db/black_scholes2_loop.pragma.2.c"

@I [HLS-0] exec clang -fno-limit-debug-info -gcc-toolchain /opt/xilinx/Vivado_HLS/2014.2/lnx64/tools/gcc -hls -fno-exceptions  -D__llvm__  -w  "/home/student/vff6/ece5775/assignments/HighLevelSynth/options-accel/vinay-stuff/hls.prj/solution1/.autopilot/db/black_scholes2_loop.pragma.2.c"    -D "__asm__(...)=" -fno-math-errno -c -emit-llvm -O0  -mllvm -disable-llvm-optzns -std=gnu89  -DAESL_SYN -D__SYNTHESIS__ -D__HLS_SYN__ -I "/opt/xilinx/Vivado_HLS/2014.2/common/technology/autopilot" -I "/opt/xilinx/Vivado_HLS/2014.2/common/technology/autopilot/ap_sysc" -include etc/autopilot_ssdm_op.h -g -o "/home/student/vff6/ece5775/assignments/HighLevelSynth/options-accel/vinay-stuff/hls.prj/solution1/.autopilot/db/black_scholes2_loop.g.bc"
@I [HLS-10] Validating synthesis directives ...
@0 [HLS-0] Validating synthesis directives ...
@I [HLS-100] Command "source /home/student/vff6/ece5775/assignments/HighLevelSynth/options-accel/vinay-stuff/hls.prj/solution1/.autopilot/db/pragma.status.tcl "
@I [HLS-100] Command 'ap_source' returned 0; elapsed 0Total elapsed time: 71.62 sec.
@I [HLS-0] Linking all ...
@I [HLS-0] exec llvm-ld  "/home/student/vff6/ece5775/assignments/HighLevelSynth/options-accel/vinay-stuff/hls.prj/solution1/.autopilot/db/mt19937ar.bc" "/home/student/vff6/ece5775/assignments/HighLevelSynth/options-accel/vinay-stuff/hls.prj/solution1/.autopilot/db/gaussian.bc" "/home/student/vff6/ece5775/assignments/HighLevelSynth/options-accel/vinay-stuff/hls.prj/solution1/.autopilot/db/black_scholes2.bc" "/home/student/vff6/ece5775/assignments/HighLevelSynth/options-accel/vinay-stuff/hls.prj/solution1/.autopilot/db/black_scholes2_loop.bc"  -disable-opt  -L/opt/xilinx/Vivado_HLS/2014.2/lnx64/lib -lm_basic -o "/home/student/vff6/ece5775/assignments/HighLevelSynth/options-accel/vinay-stuff/hls.prj/solution1/.autopilot/db/a.o.pre"
@I [HLS-0] Link time: 0 seconds per iteration
@I [HLS-0] Linking all ...
@I [HLS-0] exec llvm-ld  "/home/student/vff6/ece5775/assignments/HighLevelSynth/options-accel/vinay-stuff/hls.prj/solution1/.autopilot/db/mt19937ar.g.bc" "/home/student/vff6/ece5775/assignments/HighLevelSynth/options-accel/vinay-stuff/hls.prj/solution1/.autopilot/db/gaussian.g.bc" "/home/student/vff6/ece5775/assignments/HighLevelSynth/options-accel/vinay-stuff/hls.prj/solution1/.autopilot/db/black_scholes2.g.bc" "/home/student/vff6/ece5775/assignments/HighLevelSynth/options-accel/vinay-stuff/hls.prj/solution1/.autopilot/db/black_scholes2_loop.g.bc"  -disable-opt  -L/opt/xilinx/Vivado_HLS/2014.2/lnx64/lib -lm_basic -o "/home/student/vff6/ece5775/assignments/HighLevelSynth/options-accel/vinay-stuff/hls.prj/solution1/.autopilot/db/a.g.pre"
@I [HLS-0] Link time: 0 seconds per iteration
@I [HLS-100] Command "opt_and_import_c a -opt_level=2 -skip_syncheck=0 -ng=0 "
@I [HLS-100] Command "cleanup_all_models "
@I [HLS-100] Command 'cleanup_all_models' returned 0; elapsed 0Total elapsed time: 71.228 sec.
@I [HLS-10] Starting code transformations ...
@0 [HLS-0] Starting code transformations ...
@I [HLS-0] std xform: transform -hls -share-std-xform -always-inline -promote-dbg-pointer  -interface-preproc  -scalarrepl -mem2reg -keep-read-access -instcombine -dce  -promote-dbg-pointer  -bitop-raise  -indvars -loop-simplify -xunroll  -constprop -instcombine -simplifycfg -indvars  -simplifycfg -dce -globaldce  -basicaa  -simplifycfg -mem2reg -globalopt  -global-constprop -deadargelim -instcombine -simplifycfg  -prune-eh -simplifycfg  -scalarrepl -instcombine -reassociate -licm  -simplifycfg -loop-simplify -indvars -instcombine  -simplifycfg -mem2reg -loop-simplify -indvars -instcombine  -gvn -gvn -instcombine -adce  -break-crit-edges  -simplifycfg -loop-delete  -global-array-opt -dce -dse -adce  -find-syn-modules -top black_scholes2_loop  -deadargelim  -mem2reg -instcombine -dce  -presyn-prepare -auto-rom-infer  -syn-check -check-rec-only  -find-region -simplifycfg -func-extr -function-inline  -mem2reg -instcombine -dce   -gvn -adce -adse  -constprop -instcombine -bit-constprop  -instcombine -dce -simplifycfg -bitop-raise  -simplifycfg -dce -loop-delete  -globalopt -global-privatize -mem2reg -dce  -global-constprop -pointer-simplify -constprop -dce  -func-inst  -promote-dbg-pointer  -norm-name   /home/student/vff6/ece5775/assignments/HighLevelSynth/options-accel/vinay-stuff/hls.prj/solution1/.autopilot/db/a.g.0.bc -o /home/student/vff6/ece5775/assignments/HighLevelSynth/options-accel/vinay-stuff/hls.prj/solution1/.autopilot/db/a.g.1.bc -f  -phase std-opt
@I [HLS-0] Std xform time: 0 seconds per iteration
@I [HLS-10] Checking synthesizability ...
@0 [HLS-0] Checking synthesizability ...
@I [HLS-0] syn check 1/2: transform -hls -syn-check -check-rec-only -disaggr -scalarrepl -norm-name -dce  -mem2reg -instcombine  -directive-preproc -mem2reg -dse -dce -auto-rom-infer -dce  -array-normalize -instcombine -dce  -array-seg-normalize -instcombine -dce  -array-flatten -instcombine -dce  -array-burst -dce  -deadargelim -promote-global-argument  -doublePtrSimplify -doublePtrElim -dce  -doublePtrSimplify -promote-dbg-pointer  -dce -scalarrepl -dse -adse -instcombine  -ptrLegalization  -simplifycfg -dce -instcombine  -pointer-simplify -ptrArgReplace -dce -instcombine   -disaggr -scalarrepl -norm-name -dce  -mem2reg -instcombine -ptrLegalization   -simplifycfg  -instcombine -dce -inst-simplify  -directive-preproc -mem2reg -dse -dce  -globaldce    /home/student/vff6/ece5775/assignments/HighLevelSynth/options-accel/vinay-stuff/hls.prj/solution1/.autopilot/db/a.g.1.bc -o /home/student/vff6/ece5775/assignments/HighLevelSynth/options-accel/vinay-stuff/hls.prj/solution1/.autopilot/db/a.g.2.prechk.bc -f
@I [HLS-0] Syn check 1/2 time: 0 seconds per iteration
@I [HLS-0] syn check 2/2: transform -syn-check   -interface-gen -constprop -dse -dce  /home/student/vff6/ece5775/assignments/HighLevelSynth/options-accel/vinay-stuff/hls.prj/solution1/.autopilot/db/a.g.2.prechk.bc -o /home/student/vff6/ece5775/assignments/HighLevelSynth/options-accel/vinay-stuff/hls.prj/solution1/.autopilot/db/a.g.2.bc -f  -phase syn-check
@I [HLS-0] Syn check 2/2 time: 0 seconds per iteration
@I [HLS-0] Compiler optimizing ...
@I [HLS-0] Share syncheck's 1.bc for syn flow: copy /home/student/vff6/ece5775/assignments/HighLevelSynth/options-accel/vinay-stuff/hls.prj/solution1/.autopilot/db/a.g.1.bc to /home/student/vff6/ece5775/assignments/HighLevelSynth/options-accel/vinay-stuff/hls.prj/solution1/.autopilot/db/a.o.1.bc
@I [HLS-0] presyn 1: transform -hls  -directive-preproc -mem2reg -dse -dce  -disaggr -scalarrepl -norm-name -deadargelim  -mem2reg -instcombine -dce -auto-rom-infer -dce  -directive-preproc -mem2reg -dse -dce  -func-buffer -dce -array-normalize  -func-legal -instcombine -gvn -constprop -dce   -ptrArgReplace -mem2reg -instcombine -dce  -array-seg-normalize -deadargelim  -instcombine -dce  -pointer-simplify -dce  -port-alignment -dce  -data-pack -instcombine -dce   -loop-simplify -indvars -instcombine  -gvn -loop-simplify -mem2reg -dce -simplifycfg  -find-region -instcombine  -array-burst -dce  -auto-loop-pipeline  -inst-simplify  -interface-preproc  -indvars -auto-loop-unroll -loop-simplify -loop-bound -xunroll  -constprop -instcombine -simplifycfg -indvars  -simplifycfg -dce -globaldce  -gvn -disable-agg-range -inst-simplify  -constprop -simplifycfg -dce  -pointer-simplify -dce  -array-transform-check  -globalopt -constprop -dce  -array-promote -constprop -instcombine -dce -auto-par -array-partition -instcombine -simplifycfg -dce  -ptrArgReplace -global-constprop -deadargelim -mem2reg  -func-legal -instcombine -dce -global-constprop -deadargelim -mem2reg  -instcombine -simplifycfg -dce  -array-reshape -instcombine -simplifycfg -dce   -mem-intrinsic-preproc -dce  -global-privatize  -mem2reg -globaldce  -promote-global-argument  -ptrArgReplace -mem2reg -instcombine -dce  -globalopt -mergereturn -simplify-global-access -mem2reg -dce  -pointer-simplify -dce  -functionattrs  -basicaa -aggr-aa -aggrmodref-aa -aggr-aa -gvn -gvn  -basicaa -aggr-aa -aggrmodref-aa -aggr-aa -dse -adse -adce  -inst-simplify -dce -norm-name  -function-inline  -func-inst -constprop -instcombine -simplifycfg -dce  -func-legal -dce   -directive-preproc -mem2reg -dse -dce  -loop-bound  -arraycheck -bitwidthmin -on-by-dataflow  -instcombine -simplifycfg -dce -loop-simplify -simplifycfg -loop-stream -instcombine -simplifycfg -dce -globaldce  -funstream-prep -function-stream -dce -globaldce  -array-streaming -instcombine -simplifycfg -dce      -group-axi-access  -simplifycfg -dce -loop-delete  -norm-name  /home/student/vff6/ece5775/assignments/HighLevelSynth/options-accel/vinay-stuff/hls.prj/solution1/.autopilot/db/a.o.1.bc -o /home/student/vff6/ece5775/assignments/HighLevelSynth/options-accel/vinay-stuff/hls.prj/solution1/.autopilot/db/a.o.1.tmp.bc -f
@I [XFORM-602] Inlining function 'black_scholes2' into 'black_scholes2_loop' (black_scholes2_loop.c:30) automatically.
@I [HLS-0] Presyn 1 time: 0 seconds per iteration
@I [HLS-0] presyn 2: transform -hls -keep-callgraph -scalarrepl -mem2reg  -port-alignment -dce  -indvars -loop-bound  -inst-simplify -instcombine -dce  -merge-array-access -mem2reg -dce  -clean-region -mergereturn -if-conv  -instcombine -dce -constprop  -basicaa -aggr-aa -aggrmodref-aa -aggr-aa -gvn -gvn  -basicaa -aggr-aa -aggrmodref-aa -aggr-aa -dse -adse -adce  -scalarrepl -mem2reg  -global-constprop -deadargelim -deadargelim  -instcombine -dce -simplifycfg    -ptrArgReplace -mem2reg -function-inline  -mem2reg -instcombine -dce -expr-balance  -instcombine -dce  -bitwidthmin  -directive-preproc  -inst-rectify -instcombine -dce  -functionattrs  -constprop -instcombine -bit-constprop  -simplify-global-access  -globalopt -globaldce  -inst-simplify -instcombine -elimdeaddata -dce  -loop-delete -simplifycfg   -norm-name /home/student/vff6/ece5775/assignments/HighLevelSynth/options-accel/vinay-stuff/hls.prj/solution1/.autopilot/db/a.o.1.tmp.bc -o /home/student/vff6/ece5775/assignments/HighLevelSynth/options-accel/vinay-stuff/hls.prj/solution1/.autopilot/db/a.o.2.bc -f  -phase presyn
@I [HLS-0] Presyn 2 time: 0 seconds per iteration
@I [HLS-0] build ssdm: transform -hls -function-uniquify -auto-function-inline  -loop-simplify -indvars -licm -loop-dep  -loop-bound -licm -loop-simplify -flattenloopnest  -array-flatten -gvn -instcombine -dce  -promote-global-argument  -array-map -dce -func-legal  -gvn -adce -instcombine -cfgopt -simplifycfg -loop-simplify   -axi4-lower -array-seg-normalize  -basicaa -aggrmodref-aa -globalsmodref-aa -aggr-aa -gvn -gvn  -basicaa -aggrmodref-aa -globalsmodref-aa -aggr-aa -dse -adse -adce  -inst-simplify -dce  -globaldce -array-streaming -instcombine  -dce   -deadargelim -doublePtrSimplify -doublePtrElim  -dce -doublePtrSimplify -promote-dbg-pointer -dce  -scalarrepl -mem2reg -disaggr -norm-name -mem2reg  -instcombine  -dse -adse -adce -ptrLegalization -dce -auto-rom-infer -dce -instcombine  -loop-rot -constprop -cfgopt -simplifycfg -indvars -pointer-simplify -dce -loop-bound  -loop-simplify -loop-preproc  -constprop -gvn -mem2reg -instcombine -dce  -loop-merge -dce  -bitwidthmin  -directive-preproc -inst-simplify -dce  -interface-gen -gvn -mem2reg -instcombine -dce -adse  -loop-bound  -instcombine -cfgopt -simplifycfg -loop-simplify  -clean-region -io-protocol  -find-region -mem2reg  -loop-simplify -phi-opt -bitop-raise  -inst-simplify -inst-rectify -instcombine -adce -deadargelim  -cfgopt -simplifycfg -strip-dead-prototypes  -interface-lower -bitop-lower -intrinsic-lower  -basicaa -aggrmodref-aa -globalsmodref-aa -aggr-aa  -inst-simplify -simplifycfg   -mergereturn -inst-simplify -inst-rectify  -dce -bitop-lower  -loop-rewind -pointer-simplify -dce -cfgopt  -norm-name -legalize -read-loop-dep -dce -bitwidth   -cdfg-build  /home/student/vff6/ece5775/assignments/HighLevelSynth/options-accel/vinay-stuff/hls.prj/solution1/.autopilot/db/a.o.2.bc -o /home/student/vff6/ece5775/assignments/HighLevelSynth/options-accel/vinay-stuff/hls.prj/solution1/.autopilot/db/a.o.3.bc -f  -phase build-ssdm
@I [HLS-0] Build ssdm time: 0 seconds per iteration
@I [HLS-0] Finish building internal data model.
@I [HLS-100] Command 'opt_and_import_c' returned 0; elapsed 0.38Total elapsed time: 71.720 sec.
@I [HLS-111] Elapsed time: 1.85 seconds; current memory usage: 48.2 MB.
@I [HLS-100] Command 'elaborate' returned 0; elapsed 1.16Total elapsed time: 71.721 sec.
@I [HLS-100] Command "autosyn "
@I [HLS-10] Starting hardware synthesis ...
@0 [HLS-0] Starting hardware synthesis ...
@I [HLS-0] Synthesizing C/C++ design ...
@I [HLS-10] Synthesizing 'black_scholes2_loop' ...
@0 [HLS-0] Synthesizing 'black_scholes2_loop' ...
@I [HLS-100] Command "ap_set_top_model black_scholes2_loop "
@I [HLS-100] Command 'ap_set_top_model' returned 0; elapsed 0Total elapsed time: 71.722 sec.
@I [HLS-100] Command "get_model_list black_scholes2_loop -filter all-wo-channel -topdown "
@I [HLS-100] Command 'get_model_list' returned 0; elapsed 0Total elapsed time: 71.722 sec.
@I [HLS-100] Command "preproc_iomode -model black_scholes2_loop "
@I [HLS-100] Command 'preproc_iomode' returned 0; elapsed 0Total elapsed time: 71.723 sec.
@I [HLS-100] Command "get_model_list black_scholes2_loop -filter all-wo-channel "
@I [HLS-100] Command 'get_model_list' returned 0; elapsed 0Total elapsed time: 71.723 sec.
@I [HLS-0] Model list for configure: black_scholes2_loop
@I [HLS-0] Configuring Module : black_scholes2_loop ...
@I [HLS-100] Command "set_default_model black_scholes2_loop "
@I [HLS-100] Command 'set_default_model' returned 0; elapsed 0Total elapsed time: 71.723 sec.
@I [HLS-100] Command "apply_spec_resource_limit black_scholes2_loop "
@I [HLS-100] Command 'apply_spec_resource_limit' returned 0; elapsed 0Total elapsed time: 71.724 sec.
@I [HLS-0] Model list for preprocess: black_scholes2_loop
@I [HLS-0] Preprocessing Module: black_scholes2_loop ...
@I [HLS-100] Command "set_default_model black_scholes2_loop "
@I [HLS-100] Command 'set_default_model' returned 0; elapsed 0Total elapsed time: 71.724 sec.
@I [HLS-100] Command "cdfg_preprocess -model black_scholes2_loop "
@I [HLS-100] Command 'cdfg_preprocess' returned 0; elapsed 0Total elapsed time: 71.725 sec.
@I [HLS-100] Command "rtl_gen_preprocess black_scholes2_loop "
@I [HLS-100] Command 'rtl_gen_preprocess' returned 0; elapsed 0Total elapsed time: 71.726 sec.
@I [HLS-0] Model list for synthesis: black_scholes2_loop
@I [HLS-10] ----------------------------------------------------------------
@0 [HLS-0] ----------------------------------------------------------------
@I [HLS-10] -- Scheduling module 'black_scholes2_loop' 
@0 [HLS-0] -- Scheduling module 'black_scholes2_loop' 
@I [HLS-10] ----------------------------------------------------------------
@0 [HLS-0] ----------------------------------------------------------------
@I [HLS-100] Command "set_default_model black_scholes2_loop "
@I [HLS-100] Command 'set_default_model' returned 0; elapsed 0Total elapsed time: 71.727 sec.
@I [HLS-100] Command "schedule -model black_scholes2_loop "
@I [SCHED-11] Starting scheduling ...
@I [SCHED-11] Finished scheduling.
@I [HLS-100] Command 'schedule' returned 0; elapsed 0.12Total elapsed time: 71.849 sec.
@I [HLS-111] Elapsed time: 0.12 seconds; current memory usage: 49 MB.
@I [HLS-100] Command "report -o /home/student/vff6/ece5775/assignments/HighLevelSynth/options-accel/vinay-stuff/hls.prj/solution1/.autopilot/db/black_scholes2_loop.verbose.sched.rpt -verbose -f "
@I [HLS-100] Command 'report' returned 0; elapsed 0.01Total elapsed time: 71.859 sec.
@I [HLS-100] Command "db_write -o /home/student/vff6/ece5775/assignments/HighLevelSynth/options-accel/vinay-stuff/hls.prj/solution1/.autopilot/db/black_scholes2_loop.sched.adb -f "
@I [HLS-100] Command 'db_write' returned 0; elapsed 0.02Total elapsed time: 71.871 sec.
@I [HLS-0] Finish scheduling black_scholes2_loop.
@I [HLS-10] ----------------------------------------------------------------
@0 [HLS-0] ----------------------------------------------------------------
@I [HLS-10] -- Exploring micro-architecture for module 'black_scholes2_loop' 
@0 [HLS-0] -- Exploring micro-architecture for module 'black_scholes2_loop' 
@I [HLS-10] ----------------------------------------------------------------
@0 [HLS-0] ----------------------------------------------------------------
@I [HLS-100] Command "set_default_model black_scholes2_loop "
@I [HLS-100] Command 'set_default_model' returned 0; elapsed 0Total elapsed time: 71.874 sec.
@I [HLS-100] Command "bind -model black_scholes2_loop "
@I [BIND-110] clear=
@I [BIND-110] debug=
@I [BIND-110] drf=
@I [BIND-110] effort=
@I [BIND-110] fast_refine=
@I [BIND-110] fu_weight=[ 0.0 -- 1.0 ]
@I [BIND-110] global_opt=
@I [BIND-110] gsearch=
@I [BIND-110] help=
@I [BIND-110] help-hidden=
@I [BIND-110] min_mem_port=
@I [BIND-110] min_op=
@I [BIND-110] minreg=
@I [BIND-110] ml=
@I [BIND-110] model=black_scholes2_loop
@I [BIND-110] no_false_path=
@I [BIND-110] no_min_op=
@I [BIND-110] normalize=
@I [BIND-110] quiet=
@I [BIND-110] refine=
@I [BIND-110] reg_weight=[ 0.0 -- 1.0 ]
@I [BIND-110] search=
@I [BIND-110] tight_delay=
@I [BIND-110] verbose=
@I [BIND-110] wFF=
@I [BIND-110] wFU=
@I [BIND-110] wMUX=
@I [BIND-110] wNET=
@I [BIND-100] Starting micro-architecture generation ...
@I [BIND-101] Performing variable lifetime analysis.
@I [BIND-101] Exploring resource sharing.
@I [BIND-101] Binding ...
@I [BIND-100] Finished micro-architecture generation.
@I [HLS-100] Command 'bind' returned 0; elapsed 0.02Total elapsed time: 71.897 sec.
@I [HLS-111] Elapsed time: 0.05 seconds; current memory usage: 49.6 MB.
@I [HLS-100] Command "report -o /home/student/vff6/ece5775/assignments/HighLevelSynth/options-accel/vinay-stuff/hls.prj/solution1/.autopilot/db/black_scholes2_loop.verbose.bind.rpt -verbose -f "
@I [HLS-100] Command 'report' returned 0; elapsed 0.02Total elapsed time: 71.919 sec.
@I [HLS-100] Command "db_write -o /home/student/vff6/ece5775/assignments/HighLevelSynth/options-accel/vinay-stuff/hls.prj/solution1/.autopilot/db/black_scholes2_loop.bind.adb -f "
@I [HLS-100] Command 'db_write' returned 0; elapsed 0.01Total elapsed time: 71.934 sec.
@I [HLS-0] Finish binding black_scholes2_loop.
@I [HLS-100] Command "get_model_list black_scholes2_loop -filter all-wo-channel "
@I [HLS-100] Command 'get_model_list' returned 0; elapsed 0Total elapsed time: 71.935 sec.
@I [HLS-0] Preprocessing for RTLGen ...
@I [HLS-100] Command "rtl_gen_preprocess black_scholes2_loop "
@I [HLS-100] Command 'rtl_gen_preprocess' returned 0; elapsed 0Total elapsed time: 71.935 sec.
@I [HLS-0] Model list for RTL generation: black_scholes2_loop
@I [HLS-10] ----------------------------------------------------------------
@0 [HLS-0] ----------------------------------------------------------------
@I [HLS-10] -- Generating RTL for module 'black_scholes2_loop' 
@0 [HLS-0] -- Generating RTL for module 'black_scholes2_loop' 
@I [HLS-10] ----------------------------------------------------------------
@0 [HLS-0] ----------------------------------------------------------------
@I [HLS-100] Command "create_rtl_model black_scholes2_loop -vendor xilinx -mg_file /home/student/vff6/ece5775/assignments/HighLevelSynth/options-accel/vinay-stuff/hls.prj/solution1/.autopilot/db/black_scholes2_loop.compgen.tcl "
@I [RTGEN-500] Setting interface mode on port 'black_scholes2_loop/S' to 'ap_none'.
@I [RTGEN-500] Setting interface mode on port 'black_scholes2_loop/E' to 'ap_none'.
@I [RTGEN-500] Setting interface mode on port 'black_scholes2_loop/r' to 'ap_none'.
@I [RTGEN-500] Setting interface mode on port 'black_scholes2_loop/sigma' to 'ap_none'.
@I [RTGEN-500] Setting interface mode on port 'black_scholes2_loop/T' to 'ap_none'.
@I [RTGEN-500] Setting interface mode on port 'black_scholes2_loop/rand_number' to 'ap_memory'.
@I [RTGEN-500] Setting interface mode on port 'black_scholes2_loop/store' to 'ap_memory'.
@I [RTGEN-500] Setting interface mode on port 'black_scholes2_loop/M' to 'ap_none'.
@I [RTGEN-500] Setting interface mode on function 'black_scholes2_loop' to 'ap_ctrl_hs'.
@I [RTGEN-100] Generating core module 'black_scholes2_loop_dadddsub_64ns_64ns_64_5_full_dsp': 1 instance(s).
@I [RTGEN-100] Generating core module 'black_scholes2_loop_dcmp_64ns_64ns_1_3': 1 instance(s).
@I [RTGEN-100] Generating core module 'black_scholes2_loop_dexp_64ns_64ns_64_18_full_dsp': 1 instance(s).
@I [RTGEN-100] Generating core module 'black_scholes2_loop_dmul_64ns_64ns_64_6_max_dsp': 2 instance(s).
@I [RTGEN-100] Generating core module 'black_scholes2_loop_dsqrt_64ns_64ns_64_31': 1 instance(s).
@I [RTGEN-100] Finished creating RTL model for 'black_scholes2_loop'.
@I [HLS-100] Command 'create_rtl_model' returned 0; elapsed 0.04Total elapsed time: 71.979 sec.
@I [HLS-111] Elapsed time: 0.07 seconds; current memory usage: 50.2 MB.
@I [HLS-100] Command "source /home/student/vff6/ece5775/assignments/HighLevelSynth/options-accel/vinay-stuff/hls.prj/solution1/.autopilot/db/black_scholes2_loop.rtl_wrap.cfg.tcl "
@I [HLS-100] Command 'ap_source' returned 0; elapsed 0Total elapsed time: 71.984 sec.
@I [HLS-100] Command "gen_rtl black_scholes2_loop -istop -style xilinx -tracefl mytrace -tracefmt vcd -traceopt all -f -lang sc -o /home/student/vff6/ece5775/assignments/HighLevelSynth/options-accel/vinay-stuff/hls.prj/solution1/syn/systemc/black_scholes2_loop -synmodules black_scholes2_loop "
@I [HLS-100] Command 'gen_rtl' returned 0; elapsed 0Total elapsed time: 71.991 sec.
@I [HLS-100] Command "gen_rtl black_scholes2_loop -istop -style xilinx -f -lang vhdl -o /home/student/vff6/ece5775/assignments/HighLevelSynth/options-accel/vinay-stuff/hls.prj/solution1/syn/vhdl/black_scholes2_loop "
@I [HLS-100] Command 'gen_rtl' returned 0; elapsed 0.01Total elapsed time: 72.0 sec.
@I [HLS-100] Command "gen_rtl black_scholes2_loop -istop -style xilinx -f -lang vlog -o /home/student/vff6/ece5775/assignments/HighLevelSynth/options-accel/vinay-stuff/hls.prj/solution1/syn/verilog/black_scholes2_loop "
@I [HLS-100] Command 'gen_rtl' returned 0; elapsed 0.01Total elapsed time: 72.8 sec.
@I [HLS-100] Command "export_constraint_db -o /home/student/vff6/ece5775/assignments/HighLevelSynth/options-accel/vinay-stuff/hls.prj/solution1/.autopilot/db/black_scholes2_loop.constraint.tcl -f -tool general "
@I [HLS-100] Command 'export_constraint_db' returned 0; elapsed 0Total elapsed time: 72.10 sec.
@I [HLS-100] Command "report -model black_scholes2_loop -o /home/student/vff6/ece5775/assignments/HighLevelSynth/options-accel/vinay-stuff/hls.prj/solution1/.autopilot/db/black_scholes2_loop.design.xml -verbose -f -dv "
@I [HLS-100] Command 'report' returned 0; elapsed 0Total elapsed time: 72.19 sec.
@I [HLS-100] Command "gen_tb_info black_scholes2_loop -o /home/student/vff6/ece5775/assignments/HighLevelSynth/options-accel/vinay-stuff/hls.prj/solution1/.autopilot/db/black_scholes2_loop -p /home/student/vff6/ece5775/assignments/HighLevelSynth/options-accel/vinay-stuff/hls.prj/solution1/.autopilot/db "
@I [HLS-100] Command 'gen_tb_info' returned 0; elapsed 0Total elapsed time: 72.37 sec.
@I [HLS-100] Command "report -model black_scholes2_loop -o /home/student/vff6/ece5775/assignments/HighLevelSynth/options-accel/vinay-stuff/hls.prj/solution1/syn/report/black_scholes2_loop_csynth.rpt -f "
@I [HLS-100] Command 'report' returned 0; elapsed 0.01Total elapsed time: 72.46 sec.
@I [HLS-100] Command "report -model black_scholes2_loop -o /home/student/vff6/ece5775/assignments/HighLevelSynth/options-accel/vinay-stuff/hls.prj/solution1/syn/report/black_scholes2_loop_csynth.xml -f -x "
@I [HLS-100] Command 'report' returned 0; elapsed 0Total elapsed time: 72.51 sec.
@I [HLS-100] Command "report -model black_scholes2_loop -o /home/student/vff6/ece5775/assignments/HighLevelSynth/options-accel/vinay-stuff/hls.prj/solution1/.autopilot/db/black_scholes2_loop.verbose.rpt -verbose -f "
@I [HLS-100] Command 'report' returned 0; elapsed 0.03Total elapsed time: 72.78 sec.
@I [HLS-100] Command "db_write -model black_scholes2_loop -o /home/student/vff6/ece5775/assignments/HighLevelSynth/options-accel/vinay-stuff/hls.prj/solution1/.autopilot/db/black_scholes2_loop.adb -f "
@I [HLS-100] Command 'db_write' returned 0; elapsed 0.01Total elapsed time: 72.99 sec.
@I [HLS-100] Command "sc_get_clocks black_scholes2_loop "
@I [HLS-100] Command 'sc_get_clocks' returned 0; elapsed 0Total elapsed time: 72.129 sec.
@I [HLS-100] Command "sc_get_portdomain black_scholes2_loop "
@I [HLS-100] Command 'sc_get_portdomain' returned 0; elapsed 0Total elapsed time: 72.129 sec.
@I [HLS-0] Model list for RTL component generation: black_scholes2_loop
@I [HLS-0] Handling components in module [black_scholes2_loop] ... 
@I [HLS-100] Command "source /home/student/vff6/ece5775/assignments/HighLevelSynth/options-accel/vinay-stuff/hls.prj/solution1/.autopilot/db/black_scholes2_loop.compgen.tcl "
@I [HLS-0] Found component black_scholes2_loop_dadddsub_64ns_64ns_64_5_full_dsp.
@I [HLS-0] Append model black_scholes2_loop_dadddsub_64ns_64ns_64_5_full_dsp
@I [HLS-0] Found component black_scholes2_loop_dmul_64ns_64ns_64_6_max_dsp.
@I [HLS-0] Append model black_scholes2_loop_dmul_64ns_64ns_64_6_max_dsp
@I [HLS-0] Found component black_scholes2_loop_dcmp_64ns_64ns_1_3.
@I [HLS-0] Append model black_scholes2_loop_dcmp_64ns_64ns_1_3
@I [HLS-0] Found component black_scholes2_loop_dsqrt_64ns_64ns_64_31.
@I [HLS-0] Append model black_scholes2_loop_dsqrt_64ns_64ns_64_31
@I [HLS-0] Found component black_scholes2_loop_dexp_64ns_64ns_64_18_full_dsp.
@I [HLS-0] Append model black_scholes2_loop_dexp_64ns_64ns_64_18_full_dsp
@I [HLS-100] Command 'ap_source' returned 0; elapsed 0Total elapsed time: 72.133 sec.
@I [HLS-0] Append model black_scholes2_loop
@I [HLS-0] Generating RTL model list ...
@I [HLS-0] All models in this session: black_scholes2_loop_dadddsub_64ns_64ns_64_5_full_dsp black_scholes2_loop_dmul_64ns_64ns_64_6_max_dsp black_scholes2_loop_dcmp_64ns_64ns_1_3 black_scholes2_loop_dsqrt_64ns_64ns_64_31 black_scholes2_loop_dexp_64ns_64ns_64_18_full_dsp black_scholes2_loop
@I [HLS-0] To file: write model black_scholes2_loop_dadddsub_64ns_64ns_64_5_full_dsp
@I [HLS-0] To file: write model black_scholes2_loop_dmul_64ns_64ns_64_6_max_dsp
@I [HLS-0] To file: write model black_scholes2_loop_dcmp_64ns_64ns_1_3
@I [HLS-0] To file: write model black_scholes2_loop_dsqrt_64ns_64ns_64_31
@I [HLS-0] To file: write model black_scholes2_loop_dexp_64ns_64ns_64_18_full_dsp
@I [HLS-0] To file: write model black_scholes2_loop
@I [HLS-0] Finished generating RTL model list.


@I [HLS-0] RTL Generation done.
@I [HLS-0] CAS Generation done.
@I [HLS-0] CBC Generation done.
@I [HLS-100] Command "export_ssdm /home/student/vff6/ece5775/assignments/HighLevelSynth/options-accel/vinay-stuff/hls.prj/solution1/.autopilot/db/a.export.ll "
@I [HLS-100] Command 'export_ssdm' returned 0; elapsed 0Total elapsed time: 72.137 sec.
@I [HLS-100] Command "source /home/student/vff6/ece5775/assignments/HighLevelSynth/options-accel/vinay-stuff/hls.prj/solution1/.autopilot/db/global.setting.tcl "
@I [HLS-100] Command 'ap_source' returned 0; elapsed 0Total elapsed time: 72.142 sec.
@I [HLS-100] Command "source /opt/xilinx/Vivado_HLS/2014.2/common/technology/generic/autopilot/common.gen "
@I [HLS-100] Command "source /opt/xilinx/Vivado_HLS/2014.2/common/technology/generic/autopilot/APCoreGen.gen "
@I [HLS-100] Command 'ap_source' returned 0; elapsed 0Total elapsed time: 72.146 sec.
@I [HLS-100] Command 'ap_source' returned 0; elapsed 0Total elapsed time: 72.146 sec.
@I [HLS-100] Command "source /opt/xilinx/Vivado_HLS/2014.2/common/technology/generic/autopilot/op.gen "
@I [HLS-100] Command 'ap_source' returned 0; elapsed 0Total elapsed time: 72.147 sec.
@I [HLS-100] Command "source /opt/xilinx/Vivado_HLS/2014.2/common/technology/generic/autopilot/op_simcore.gen "
@I [HLS-100] Command 'ap_source' returned 0; elapsed 0Total elapsed time: 72.149 sec.
@I [HLS-100] Command "source /opt/xilinx/Vivado_HLS/2014.2/common/technology/generic/autopilot/interface.gen "
@I [HLS-100] Command 'ap_source' returned 0; elapsed 0Total elapsed time: 72.150 sec.
@I [HLS-100] Command "source /home/student/vff6/ece5775/assignments/HighLevelSynth/options-accel/vinay-stuff/hls.prj/solution1/.autopilot/db/global.setting.tcl "
@I [HLS-100] Command 'ap_source' returned 0; elapsed 0Total elapsed time: 72.151 sec.
@I [HLS-100] Command "source /opt/xilinx/Vivado_HLS/2014.2/common/technology/xilinx/zynq/zynq.gen "
@I [HLS-100] Command "source /opt/xilinx/Vivado_HLS/2014.2/common/technology/xilinx/common/virtex.gen "
@I [HLS-100] Command "source /opt/xilinx/Vivado_HLS/2014.2/common/technology/xilinx/common/xilinx.gen "
@I [HLS-100] Command "source /opt/xilinx/Vivado_HLS/2014.2/common/technology/xilinx/interface/plb46.gen "
@I [HLS-100] Command 'ap_source' returned 0; elapsed 0Total elapsed time: 72.155 sec.
@I [HLS-100] Command "source /opt/xilinx/Vivado_HLS/2014.2/common/technology/xilinx/interface/fsl.gen "
@I [HLS-100] Command 'ap_source' returned 0; elapsed 0Total elapsed time: 72.156 sec.
@I [HLS-100] Command "source /opt/xilinx/Vivado_HLS/2014.2/common/technology/xilinx/interface/axi4.gen "
@I [HLS-100] Command 'ap_source' returned 0; elapsed 0.01Total elapsed time: 72.160 sec.
@I [HLS-100] Command "source /opt/xilinx/Vivado_HLS/2014.2/common/technology/xilinx/interface/nativeAXI4.gen "
@I [HLS-100] Command "source /opt/xilinx/Vivado_HLS/2014.2/common/technology/xilinx/interface/saxilite.gen "
@I [HLS-100] Command 'ap_source' returned 0; elapsed 0Total elapsed time: 72.164 sec.
@I [HLS-100] Command "source /opt/xilinx/Vivado_HLS/2014.2/common/technology/xilinx/interface/maxi.gen "
@I [HLS-100] Command 'ap_source' returned 0; elapsed 0.01Total elapsed time: 72.170 sec.
@I [HLS-100] Command 'ap_source' returned 0; elapsed 0.01Total elapsed time: 72.170 sec.
@I [HLS-100] Command "source /opt/xilinx/Vivado_HLS/2014.2/common/technology/xilinx/scripts/xilinxcoregen.gen "
@I [HLS-100] Command 'ap_source' returned 0; elapsed 0.01Total elapsed time: 72.182 sec.
@I [HLS-100] Command "source /opt/xilinx/Vivado_HLS/2014.2/common/technology/xilinx/interface/XilEDKCoreGen.gen "
@I [HLS-100] Command 'ap_source' returned 0; elapsed 0.02Total elapsed time: 72.195 sec.
@I [HLS-100] Command "source /opt/xilinx/Vivado_HLS/2014.2/common/technology/xilinx/ip/util.gen "
@I [HLS-100] Command 'ap_source' returned 0; elapsed 0Total elapsed time: 72.196 sec.
@I [HLS-100] Command "source /opt/xilinx/Vivado_HLS/2014.2/common/technology/xilinx/ip/xfft.gen "
@I [HLS-100] Command 'ap_source' returned 0; elapsed 0.16Total elapsed time: 72.363 sec.
@I [HLS-100] Command "source /opt/xilinx/Vivado_HLS/2014.2/common/technology/xilinx/ip/xfir.gen "
@I [HLS-100] Command 'ap_source' returned 0; elapsed 0.04Total elapsed time: 72.400 sec.
@I [HLS-100] Command 'ap_source' returned 0; elapsed 0.25Total elapsed time: 72.400 sec.
@I [HLS-100] Command "source /opt/xilinx/Vivado_HLS/2014.2/common/technology/xilinx/common/dsp48.gen "
@I [HLS-100] Command 'ap_source' returned 0; elapsed 0Total elapsed time: 72.403 sec.
@I [HLS-100] Command 'ap_source' returned 0; elapsed 0.25Total elapsed time: 72.403 sec.
@I [HLS-100] Command 'ap_source' returned 0; elapsed 0.25Total elapsed time: 72.403 sec.
@I [HLS-100] Command "source /opt/xilinx/Vivado_HLS/2014.2/common/technology/xilinx/zynq/zynq_fpv6.gen "
@I [HLS-100] Command "source /opt/xilinx/Vivado_HLS/2014.2/common/technology/xilinx/common/xilinx_fpv6.gen "
@I [HLS-100] Command 'ap_source' returned 0; elapsed 0Total elapsed time: 72.406 sec.
@I [HLS-100] Command 'ap_source' returned 0; elapsed 0Total elapsed time: 72.406 sec.
@I [HLS-100] Command "source /home/student/vff6/ece5775/assignments/HighLevelSynth/options-accel/vinay-stuff/hls.prj/solution1/.autopilot/db/global.setting.tcl "
@I [HLS-100] Command 'ap_source' returned 0; elapsed 0Total elapsed time: 72.408 sec.
@I [HLS-100] Command "source /home/student/vff6/ece5775/assignments/HighLevelSynth/options-accel/vinay-stuff/hls.prj/solution1/.autopilot/db/global.setting.tcl "
@I [HLS-100] Command 'ap_source' returned 0; elapsed 0Total elapsed time: 72.409 sec.
@I [HLS-100] Command "source /home/student/vff6/ece5775/assignments/HighLevelSynth/options-accel/vinay-stuff/hls.prj/solution1/.autopilot/db/black_scholes2_loop.compgen.tcl "
@I [HLS-100] Command 'ap_source' returned 0; elapsed 0.07Total elapsed time: 72.565 sec.
@I [HLS-10] Finished generating all RTL models.
@0 [HLS-0] Finished generating all RTL models.
@I [WSYSC-301] Generating RTL SystemC for 'black_scholes2_loop'.
@I [WVHDL-304] Generating RTL VHDL for 'black_scholes2_loop'.
@I [WVLOG-307] Generating RTL Verilog for 'black_scholes2_loop'.
@I [HLS-100] Command 'autosyn' returned 0; elapsed 0.72Total elapsed time: 72.747 sec.
@I [HLS-100] Command 'csynth_design' returned 0; elapsed 1.88Total elapsed time: 72.747 sec.
@I [HLS-100] Command "cleanup_all "
@I [HLS-100] Command 'cleanup_all' returned 0; elapsed 0Total elapsed time: 72.752 sec.
