================================================================
  Vivado(TM) HLS - High-Level Synthesis from C, C++ and SystemC
  Version 2014.2
  Build 932637 on Wed Jun 11 12:38:34 PM 2014
  Copyright (C) 2014 Xilinx Inc. All rights reserved.
================================================================
@I [LIC-101] Checked out feature [HLS]
@I [HLS-10] Running '/opt/xilinx/Vivado_HLS/2014.2/bin/unwrapped/lnx64.o/vivado_hls'
            for user 'vff6' on host 'amdpool-01.ece.cornell.edu' (Linux_x86_64 version 2.6.18-371.6.1.el5) on Sun Nov 30 14:09:18 EST 2014
            in directory '/home/student/vff6/ece5775/assignments/HighLevelSynth/options-accel/vinay-stuff'
@I [HLS-10] Opening project '/home/student/vff6/ece5775/assignments/HighLevelSynth/options-accel/vinay-stuff/hls.prj'.
@I [HLS-10] Adding design file 'black_scholes2.c' to the project
@I [HLS-10] Adding design file 'gaussian.c' to the project
@I [HLS-10] Adding design file 'mt19937ar.c' to the project
@I [HLS-10] Opening solution '/home/student/vff6/ece5775/assignments/HighLevelSynth/options-accel/vinay-stuff/hls.prj/solution1'.
@I [SYN-201] Setting up clock 'default' with a period of 10ns.
@I [HLS-10] Setting target device to 'xc7z020clg484-1'
@I [HLS-10] Analyzing design file 'mt19937ar.c' ... 
@I [HLS-10] Analyzing design file 'gaussian.c' ... 
@I [HLS-10] Analyzing design file 'black_scholes2.c' ... 
@I [HLS-10] Validating synthesis directives ...
@I [HLS-10] Starting code transformations ...
@I [HLS-10] Checking synthesizability ...
@W [XFORM-312] Ignored function pipeline directive in function 'black_scholes3' (black_scholes2.c:95:1): incompatible with dataflow (pipeline) directive.
@I [XFORM-712] Applying dataflow to function 'black_scholes3' (black_scholes2.c:86), detected/extracted 7 process function(s):
	 'mult2_1'
	 'black_scholes3_Block_._crit_edge13_proc'
	 'expo11'
	 'mult2_2'
	 'black_scholes3_Block_._crit_edge17_proc'
	 'mult2_31'
	 'black_scholes3_Block_._crit_edge19_proc'.
@I [HLS-111] Elapsed time: 3.19 seconds; current memory usage: 115 MB.
@I [HLS-10] Starting hardware synthesis ...
@I [HLS-10] Synthesizing 'black_scholes3' ...
@W [SYN-103] Legalizing function name 'black_scholes3_black_scholes3_Block_._crit_edge13_proc' to 'black_scholes3_black_scholes3_Block_crit_edge13_proc'.
@W [SYN-103] Legalizing function name 'black_scholes3_black_scholes3_Block_._crit_edge17_proc' to 'black_scholes3_black_scholes3_Block_crit_edge17_proc'.
@W [SYN-103] Legalizing function name 'black_scholes3_black_scholes3_Block_._crit_edge19_proc' to 'black_scholes3_black_scholes3_Block_crit_edge19_proc'.
@W [RTGEN-101] Legalizing port name 'black_scholes3_expo11/return' to 'black_scholes3_expo11/return_r'.
@W [RTGEN-101] Legalizing port name 'black_scholes3_mult2_31/return' to 'black_scholes3_mult2_31/return_r'.
@I [HLS-10] ----------------------------------------------------------------
@I [HLS-10] -- Scheduling module 'black_scholes3_mult2_1' 
@I [HLS-10] ----------------------------------------------------------------
@I [SCHED-11] Starting scheduling ...
@I [SCHED-11] Finished scheduling.
@I [HLS-111] Elapsed time: 0.04 seconds; current memory usage: 115 MB.
@I [HLS-10] ----------------------------------------------------------------
@I [HLS-10] -- Exploring micro-architecture for module 'black_scholes3_mult2_1' 
@I [HLS-10] ----------------------------------------------------------------
@I [BIND-100] Starting micro-architecture generation ...
@I [BIND-101] Performing variable lifetime analysis.
@I [BIND-101] Exploring resource sharing.
@I [BIND-101] Binding ...
@I [BIND-100] Finished micro-architecture generation.
@I [HLS-111] Elapsed time: 0.01 seconds; current memory usage: 115 MB.
@I [HLS-10] ----------------------------------------------------------------
@I [HLS-10] -- Scheduling module 'black_scholes3_black_scholes3_Block_crit_edge13_proc' 
@I [HLS-10] ----------------------------------------------------------------
@I [SCHED-11] Starting scheduling ...
@I [SCHED-11] Finished scheduling.
@I [HLS-111] Elapsed time: 0.04 seconds; current memory usage: 115 MB.
@I [HLS-10] ----------------------------------------------------------------
@I [HLS-10] -- Exploring micro-architecture for module 'black_scholes3_black_scholes3_Block_crit_edge13_proc' 
@I [HLS-10] ----------------------------------------------------------------
@I [BIND-100] Starting micro-architecture generation ...
@I [BIND-101] Performing variable lifetime analysis.
@I [BIND-101] Exploring resource sharing.
@I [BIND-101] Binding ...
@I [BIND-100] Finished micro-architecture generation.
@I [HLS-111] Elapsed time: 0 seconds; current memory usage: 115 MB.
@I [HLS-10] ----------------------------------------------------------------
@I [HLS-10] -- Scheduling module 'black_scholes3_expo11' 
@I [HLS-10] ----------------------------------------------------------------
@I [SCHED-11] Starting scheduling ...
@I [SCHED-11] Finished scheduling.
@I [HLS-111] Elapsed time: 0.02 seconds; current memory usage: 115 MB.
@I [HLS-10] ----------------------------------------------------------------
@I [HLS-10] -- Exploring micro-architecture for module 'black_scholes3_expo11' 
@I [HLS-10] ----------------------------------------------------------------
@I [BIND-100] Starting micro-architecture generation ...
@I [BIND-101] Performing variable lifetime analysis.
@I [BIND-101] Exploring resource sharing.
@I [BIND-101] Binding ...
@I [BIND-100] Finished micro-architecture generation.
@I [HLS-111] Elapsed time: 0 seconds; current memory usage: 116 MB.
@I [HLS-10] ----------------------------------------------------------------
@I [HLS-10] -- Scheduling module 'black_scholes3_mult2_2' 
@I [HLS-10] ----------------------------------------------------------------
@I [SCHED-11] Starting scheduling ...
@I [SCHED-11] Finished scheduling.
@I [HLS-111] Elapsed time: 0.03 seconds; current memory usage: 116 MB.
@I [HLS-10] ----------------------------------------------------------------
@I [HLS-10] -- Exploring micro-architecture for module 'black_scholes3_mult2_2' 
@I [HLS-10] ----------------------------------------------------------------
@I [BIND-100] Starting micro-architecture generation ...
@I [BIND-101] Performing variable lifetime analysis.
@I [BIND-101] Exploring resource sharing.
@I [BIND-101] Binding ...
@I [BIND-100] Finished micro-architecture generation.
@I [HLS-111] Elapsed time: 0.01 seconds; current memory usage: 116 MB.
@I [HLS-10] ----------------------------------------------------------------
@I [HLS-10] -- Scheduling module 'black_scholes3_black_scholes3_Block_crit_edge17_proc' 
@I [HLS-10] ----------------------------------------------------------------
@I [SCHED-11] Starting scheduling ...
@I [SCHED-11] Finished scheduling.
@I [HLS-111] Elapsed time: 0.03 seconds; current memory usage: 116 MB.
@I [HLS-10] ----------------------------------------------------------------
@I [HLS-10] -- Exploring micro-architecture for module 'black_scholes3_black_scholes3_Block_crit_edge17_proc' 
@I [HLS-10] ----------------------------------------------------------------
@I [BIND-100] Starting micro-architecture generation ...
@I [BIND-101] Performing variable lifetime analysis.
@I [BIND-101] Exploring resource sharing.
@I [BIND-101] Binding ...
@I [BIND-100] Finished micro-architecture generation.
@I [HLS-111] Elapsed time: 0.01 seconds; current memory usage: 116 MB.
@I [HLS-10] ----------------------------------------------------------------
@I [HLS-10] -- Scheduling module 'black_scholes3_mult2_31' 
@I [HLS-10] ----------------------------------------------------------------
@I [SCHED-11] Starting scheduling ...
@I [SCHED-11] Finished scheduling.
@I [HLS-111] Elapsed time: 0.02 seconds; current memory usage: 116 MB.
@I [HLS-10] ----------------------------------------------------------------
@I [HLS-10] -- Exploring micro-architecture for module 'black_scholes3_mult2_31' 
@I [HLS-10] ----------------------------------------------------------------
@I [BIND-100] Starting micro-architecture generation ...
@I [BIND-101] Performing variable lifetime analysis.
@I [BIND-101] Exploring resource sharing.
@I [BIND-101] Binding ...
@I [BIND-100] Finished micro-architecture generation.
@I [HLS-111] Elapsed time: 0.01 seconds; current memory usage: 116 MB.
@I [HLS-10] ----------------------------------------------------------------
@I [HLS-10] -- Scheduling module 'black_scholes3_black_scholes3_Block_crit_edge19_proc' 
@I [HLS-10] ----------------------------------------------------------------
@I [SCHED-11] Starting scheduling ...
@I [SCHED-11] Finished scheduling.
@I [HLS-111] Elapsed time: 0.02 seconds; current memory usage: 116 MB.
@I [HLS-10] ----------------------------------------------------------------
@I [HLS-10] -- Exploring micro-architecture for module 'black_scholes3_black_scholes3_Block_crit_edge19_proc' 
@I [HLS-10] ----------------------------------------------------------------
@I [BIND-100] Starting micro-architecture generation ...
@I [BIND-101] Performing variable lifetime analysis.
@I [BIND-101] Exploring resource sharing.
@I [BIND-101] Binding ...
@I [BIND-100] Finished micro-architecture generation.
@I [HLS-111] Elapsed time: 0.01 seconds; current memory usage: 116 MB.
@I [HLS-10] ----------------------------------------------------------------
@I [HLS-10] -- Scheduling module 'black_scholes3' 
@I [HLS-10] ----------------------------------------------------------------
@I [SCHED-11] Starting scheduling ...
@I [SCHED-11] Finished scheduling.
@I [HLS-111] Elapsed time: 0.04 seconds; current memory usage: 116 MB.
@I [HLS-10] ----------------------------------------------------------------
@I [HLS-10] -- Exploring micro-architecture for module 'black_scholes3' 
@I [HLS-10] ----------------------------------------------------------------
@I [BIND-100] Starting micro-architecture generation ...
@I [BIND-101] Performing variable lifetime analysis.
@I [BIND-101] Exploring resource sharing.
@I [BIND-101] Binding ...
@I [BIND-100] Finished micro-architecture generation.
@I [HLS-111] Elapsed time: 0.03 seconds; current memory usage: 116 MB.
@I [HLS-10] ----------------------------------------------------------------
@I [HLS-10] -- Generating RTL for module 'black_scholes3_mult2_1' 
@I [HLS-10] ----------------------------------------------------------------
@I [RTGEN-100] Generating core module 'black_scholes3_dmul_64ns_64ns_64_6_max_dsp': 1 instance(s).
@I [RTGEN-100] Finished creating RTL model for 'black_scholes3_mult2_1'.
@I [HLS-111] Elapsed time: 0.05 seconds; current memory usage: 116 MB.
@I [HLS-10] ----------------------------------------------------------------
@I [HLS-10] -- Generating RTL for module 'black_scholes3_black_scholes3_Block_crit_edge13_proc' 
@I [HLS-10] ----------------------------------------------------------------
@I [RTGEN-100] Generating core module 'black_scholes3_dadd_64ns_64ns_64_5_full_dsp': 1 instance(s).
@I [RTGEN-100] Finished creating RTL model for 'black_scholes3_black_scholes3_Block_crit_edge13_proc'.
@I [HLS-111] Elapsed time: 0.03 seconds; current memory usage: 117 MB.
@I [HLS-10] ----------------------------------------------------------------
@I [HLS-10] -- Generating RTL for module 'black_scholes3_expo11' 
@I [HLS-10] ----------------------------------------------------------------
@I [RTGEN-100] Generating core module 'black_scholes3_dexp_64ns_64ns_64_18_full_dsp': 1 instance(s).
@I [RTGEN-100] Finished creating RTL model for 'black_scholes3_expo11'.
@I [HLS-111] Elapsed time: 0.05 seconds; current memory usage: 117 MB.
@I [HLS-10] ----------------------------------------------------------------
@I [HLS-10] -- Generating RTL for module 'black_scholes3_mult2_2' 
@I [HLS-10] ----------------------------------------------------------------
@I [RTGEN-100] Generating core module 'black_scholes3_dmul_64ns_64ns_64_6_max_dsp': 1 instance(s).
@I [RTGEN-100] Finished creating RTL model for 'black_scholes3_mult2_2'.
@I [HLS-111] Elapsed time: 0.04 seconds; current memory usage: 117 MB.
@I [HLS-10] ----------------------------------------------------------------
@I [HLS-10] -- Generating RTL for module 'black_scholes3_black_scholes3_Block_crit_edge17_proc' 
@I [HLS-10] ----------------------------------------------------------------
@I [RTGEN-100] Generating core module 'black_scholes3_dcmp_64ns_64ns_1_3': 1 instance(s).
@I [RTGEN-100] Generating core module 'black_scholes3_dsub_64ns_64ns_64_5_full_dsp': 1 instance(s).
@I [RTGEN-100] Finished creating RTL model for 'black_scholes3_black_scholes3_Block_crit_edge17_proc'.
@I [HLS-111] Elapsed time: 0.03 seconds; current memory usage: 118 MB.
@I [HLS-10] ----------------------------------------------------------------
@I [HLS-10] -- Generating RTL for module 'black_scholes3_mult2_31' 
@I [HLS-10] ----------------------------------------------------------------
@I [RTGEN-100] Generating core module 'black_scholes3_dmul_64ns_64ns_64_6_max_dsp': 1 instance(s).
@I [RTGEN-100] Finished creating RTL model for 'black_scholes3_mult2_31'.
@I [HLS-111] Elapsed time: 0.06 seconds; current memory usage: 118 MB.
@I [HLS-10] ----------------------------------------------------------------
@I [HLS-10] -- Generating RTL for module 'black_scholes3_black_scholes3_Block_crit_edge19_proc' 
@I [HLS-10] ----------------------------------------------------------------
@I [RTGEN-100] Finished creating RTL model for 'black_scholes3_black_scholes3_Block_crit_edge19_proc'.
@I [HLS-111] Elapsed time: 0.03 seconds; current memory usage: 118 MB.
@I [HLS-10] ----------------------------------------------------------------
@I [HLS-10] -- Generating RTL for module 'black_scholes3' 
@I [HLS-10] ----------------------------------------------------------------
@I [RTGEN-500] Setting interface mode on port 'black_scholes3/S' to 'ap_none'.
@I [RTGEN-500] Setting interface mode on port 'black_scholes3/E' to 'ap_none'.
@I [RTGEN-500] Setting interface mode on port 'black_scholes3/A' to 'ap_none'.
@I [RTGEN-500] Setting interface mode on port 'black_scholes3/B' to 'ap_none'.
@I [RTGEN-500] Setting interface mode on port 'black_scholes3/rT' to 'ap_none'.
@I [RTGEN-500] Setting interface mode on port 'black_scholes3/gaussian_random_number' to 'ap_none'.
@I [RTGEN-500] Setting interface mode on port 'black_scholes3/store' to 'ap_memory'.
@I [RTGEN-500] Setting interface mode on function 'black_scholes3' to 'ap_ctrl_hs'.
@I [RTGEN-100] Finished creating RTL model for 'black_scholes3'.
@I [HLS-111] Elapsed time: 0.03 seconds; current memory usage: 119 MB.
@I [RTMG-285] Implementing FIFO 'FIFO_black_scholes3_tmp_channel' using Shift Registers.
@I [RTMG-285] Implementing FIFO 'FIFO_black_scholes3_tmp_1_loc_channel' using Shift Registers.
@I [RTMG-285] Implementing FIFO 'FIFO_black_scholes3_p_channel' using Shift Registers.
@I [RTMG-285] Implementing FIFO 'FIFO_black_scholes3_tmp3_channel' using Shift Registers.
@I [RTMG-285] Implementing FIFO 'FIFO_black_scholes3_tmp4_loc_channel' using Shift Registers.
@I [RTMG-285] Implementing FIFO 'FIFO_black_scholes3_p_channel17' using Shift Registers.
@I [HLS-10] Finished generating all RTL models.
@I [WSYSC-301] Generating RTL SystemC for 'black_scholes3'.
@I [WVHDL-304] Generating RTL VHDL for 'black_scholes3'.
@I [WVLOG-307] Generating RTL Verilog for 'black_scholes3'.
@I [HLS-112] Total elapsed time: 114.416 seconds; peak memory usage: 119 MB.
@I [LIC-101] Checked in feature [HLS]
