==============================================================
File generated by Vivado(TM) HLS - High-Level Synthesis from C, C++ and SystemC
Version: 2014.2
Copyright (C) 2014 Xilinx Inc. All rights reserved.

==============================================================

@I [HLS-10] Setting target device to 'xc7z020clg484-1'
@I [SYN-201] Setting up clock 'default' with a period of 10ns.
@I [HLS-10] Analyzing design file 'mt19937ar.c' ... 
@I [HLS-10] Analyzing design file 'gaussian.c' ... 
@I [HLS-10] Analyzing design file 'black_scholes2.c' ... 
@I [HLS-10] Analyzing design file 'black_scholes2_loop.c' ... 
@I [HLS-10] Validating synthesis directives ...
@I [HLS-10] Starting code transformations ...
@I [HLS-10] Checking synthesizability ...
@I [XFORM-602] Inlining function 'black_scholes2' into 'black_scholes2_loop' (black_scholes2_loop.c:30) automatically.
@I [HLS-111] Elapsed time: 1.85 seconds; current memory usage: 48.2 MB.
@I [HLS-10] Starting hardware synthesis ...
@I [HLS-10] Synthesizing 'black_scholes2_loop' ...
@I [HLS-10] ----------------------------------------------------------------
@I [HLS-10] -- Scheduling module 'black_scholes2_loop' 
@I [HLS-10] ----------------------------------------------------------------
@I [SCHED-11] Starting scheduling ...
@I [SCHED-11] Finished scheduling.
@I [HLS-111] Elapsed time: 0.12 seconds; current memory usage: 49 MB.
@I [HLS-10] ----------------------------------------------------------------
@I [HLS-10] -- Exploring micro-architecture for module 'black_scholes2_loop' 
@I [HLS-10] ----------------------------------------------------------------
@I [BIND-100] Starting micro-architecture generation ...
@I [BIND-101] Performing variable lifetime analysis.
@I [BIND-101] Exploring resource sharing.
@I [BIND-101] Binding ...
@I [BIND-100] Finished micro-architecture generation.
@I [HLS-111] Elapsed time: 0.05 seconds; current memory usage: 49.6 MB.
@I [HLS-10] ----------------------------------------------------------------
@I [HLS-10] -- Generating RTL for module 'black_scholes2_loop' 
@I [HLS-10] ----------------------------------------------------------------
@I [RTGEN-500] Setting interface mode on port 'black_scholes2_loop/S' to 'ap_none'.
@I [RTGEN-500] Setting interface mode on port 'black_scholes2_loop/E' to 'ap_none'.
@I [RTGEN-500] Setting interface mode on port 'black_scholes2_loop/r' to 'ap_none'.
@I [RTGEN-500] Setting interface mode on port 'black_scholes2_loop/sigma' to 'ap_none'.
@I [RTGEN-500] Setting interface mode on port 'black_scholes2_loop/T' to 'ap_none'.
@I [RTGEN-500] Setting interface mode on port 'black_scholes2_loop/rand_number' to 'ap_memory'.
@I [RTGEN-500] Setting interface mode on port 'black_scholes2_loop/store' to 'ap_memory'.
@I [RTGEN-500] Setting interface mode on port 'black_scholes2_loop/M' to 'ap_none'.
@I [RTGEN-500] Setting interface mode on function 'black_scholes2_loop' to 'ap_ctrl_hs'.
@I [RTGEN-100] Generating core module 'black_scholes2_loop_dadddsub_64ns_64ns_64_5_full_dsp': 1 instance(s).
@I [RTGEN-100] Generating core module 'black_scholes2_loop_dcmp_64ns_64ns_1_3': 1 instance(s).
@I [RTGEN-100] Generating core module 'black_scholes2_loop_dexp_64ns_64ns_64_18_full_dsp': 1 instance(s).
@I [RTGEN-100] Generating core module 'black_scholes2_loop_dmul_64ns_64ns_64_6_max_dsp': 2 instance(s).
@I [RTGEN-100] Generating core module 'black_scholes2_loop_dsqrt_64ns_64ns_64_31': 1 instance(s).
@I [RTGEN-100] Finished creating RTL model for 'black_scholes2_loop'.
@I [HLS-111] Elapsed time: 0.07 seconds; current memory usage: 50.2 MB.
@I [HLS-10] Finished generating all RTL models.
@I [WSYSC-301] Generating RTL SystemC for 'black_scholes2_loop'.
@I [WVHDL-304] Generating RTL VHDL for 'black_scholes2_loop'.
@I [WVLOG-307] Generating RTL Verilog for 'black_scholes2_loop'.
@I [HLS-112] Total elapsed time: 72.755 seconds; peak memory usage: 50.2 MB.
@I [LIC-101] Checked in feature [HLS]
