

================================================================
== Vivado HLS Report for 'black_scholes'
================================================================
* Date:           Sat Nov 22 14:31:25 2014

* Version:        2014.2 (Build 932637 on Wed Jun 11 12:38:34 PM 2014)
* Project:        hls.prj
* Solution:       solution1
* Product family: zynq zynq_fpv6 
* Target device:  xc7z020clg484-1


================================================================
== Performance Estimates
================================================================
+ Timing (ns): 
    * Summary: 
    +---------+-------+----------+------------+
    |  Clock  | Target| Estimated| Uncertainty|
    +---------+-------+----------+------------+
    |default  |  10.00|      8.62|        1.25|
    +---------+-------+----------+------------+

+ Latency (clock cycles): 
    * Summary: 
    +-----+-----+-----+-----+---------+
    |  Latency  |  Interval | Pipeline|
    | min | max | min | max |   Type  |
    +-----+-----+-----+-----+---------+
    |    ?|    ?|    ?|    ?|   none  |
    +-----+-----+-----+-----+---------+

    + Detail: 
        * Instance: 
        N/A

        * Loop: 
        N/A



================================================================
== Utilization Estimates
================================================================
* Summary: 
+-----------------+---------+-------+--------+-------+
|       Name      | BRAM_18K| DSP48E|   FF   |  LUT  |
+-----------------+---------+-------+--------+-------+
|Expression       |        -|      -|       -|      -|
|FIFO             |        -|      -|       -|      -|
|Instance         |        -|      -|       -|      -|
|Memory           |        -|      -|       -|      -|
|Multiplexer      |        -|      -|       -|      -|
|Register         |        -|      -|       -|      -|
+-----------------+---------+-------+--------+-------+
|Total            |        0|      0|       0|      0|
+-----------------+---------+-------+--------+-------+
|Available        |      280|    220|  106400|  53200|
+-----------------+---------+-------+--------+-------+
|Utilization (%)  |        0|      0|       0|      0|
+-----------------+---------+-------+--------+-------+

+ Detail: 
    * Instance: 
    N/A

    * Memory: 
    N/A

    * FIFO: 
    N/A

    * Expression: 
    N/A

    * Multiplexer: 
    N/A

    * Register: 
    N/A



================================================================
== Interface
================================================================
* Summary: 
N/A

============================================================
+ Verbose Summary: Synthesis Manager
============================================================
InlineROM: 1
ExposeGlobal: 0
============================================================
+ Verbose Summary: CDFG Model
============================================================
IsTopModel: 1
ResetActiveHigh: 1
IsCombinational: 0
IsDatapathOnly: 0
HasWiredReturn: 1
HasMFsm: 0
HasVarLatency: 1
IsPipeline: 0
IsRtlPipelined: 0
IsInstanceOverlapped: 0
IsDontTouch: 0
HasImplIP: 0
IsGatedGlobalClock: 0


============================================================
+ Verbose Summary: Schedule
============================================================
* Number of FSM states: 73
* Pipeline: 0
* Dataflow Pipeline: 0

* FSM state transitions: 
1 --> 
	2  / true
2 --> 
	3  / true
3 --> 
	4  / true
4 --> 
	5  / true
5 --> 
	6  / true
6 --> 
	7  / true
7 --> 
	8  / true
8 --> 
	9  / true
9 --> 
	10  / true
10 --> 
	11  / true
11 --> 
	12  / true
12 --> 
	13  / true
13 --> 
	14  / true
14 --> 
	15  / true
15 --> 
	16  / true
16 --> 
	17  / true
17 --> 
	18  / true
18 --> 
	19  / true
19 --> 
	20  / true
20 --> 
	21  / true
21 --> 
	22  / true
22 --> 
	23  / true
23 --> 
	24  / true
24 --> 
	25  / true
25 --> 
	26  / true
26 --> 
	27  / true
27 --> 
	28  / true
28 --> 
	29  / true
29 --> 
	30  / true
30 --> 
	31  / true
31 --> 
	32  / true
32 --> 
	33  / true
33 --> 
	34  / true
34 --> 
	35  / true
35 --> 
	36  / true
36 --> 
	37  / true
37 --> 
	38  / true
38 --> 
	39  / true
39 --> 
	40  / true
40 --> 
	41  / true
41 --> 
	42  / true
42 --> 
	43  / true
43 --> 
	44  / true
44 --> 
	45  / true
45 --> 
	46  / true
46 --> 
	47  / true
47 --> 
	48  / true
48 --> 
	49  / true
49 --> 
	50  / true
50 --> 
	51  / true
51 --> 
	52  / true
52 --> 
	53  / true
53 --> 
	54  / true
54 --> 
	55  / true
55 --> 
	56  / true
56 --> 
	57  / true
57 --> 
	58  / true
58 --> 
	59  / true
59 --> 
	60  / true
60 --> 
	61  / true
61 --> 
	62  / true
62 --> 
	63  / true
63 --> 
	64  / true
64 --> 
	65  / true
65 --> 
	66  / true
66 --> 
	67  / true
67 --> 
	68  / true
68 --> 
	69  / true
69 --> 
	70  / true
70 --> 
	71  / true
71 --> 
	72  / true
72 --> 
	73  / true
73 --> 
* FSM state operations: 

 <State 1>: 6.28ns
ST_1: M_read [1/1] 0.00ns
:9  %M_read = call i32 @_ssdm_op_Read.ap_auto.i32(i32 %M)

ST_1: tmp_80 [6/6] 6.28ns
:19  %tmp_80 = sitofp i32 %M_read to double


 <State 2>: 6.28ns
ST_2: tmp_80 [5/6] 6.28ns
:19  %tmp_80 = sitofp i32 %M_read to double


 <State 3>: 6.28ns
ST_3: tmp_80 [4/6] 6.28ns
:19  %tmp_80 = sitofp i32 %M_read to double


 <State 4>: 6.28ns
ST_4: tmp_80 [3/6] 6.28ns
:19  %tmp_80 = sitofp i32 %M_read to double


 <State 5>: 6.28ns
ST_5: tmp_80 [2/6] 6.28ns
:19  %tmp_80 = sitofp i32 %M_read to double


 <State 6>: 6.28ns
ST_6: tmp_80 [1/6] 6.28ns
:19  %tmp_80 = sitofp i32 %M_read to double


 <State 7>: 8.62ns
ST_7: tmp_81 [31/31] 8.62ns
:20  %tmp_81 = call double @llvm.sqrt.f64(double %tmp_80)


 <State 8>: 8.62ns
ST_8: tmp_81 [30/31] 8.62ns
:20  %tmp_81 = call double @llvm.sqrt.f64(double %tmp_80)


 <State 9>: 8.62ns
ST_9: tmp_81 [29/31] 8.62ns
:20  %tmp_81 = call double @llvm.sqrt.f64(double %tmp_80)


 <State 10>: 8.62ns
ST_10: tmp_81 [28/31] 8.62ns
:20  %tmp_81 = call double @llvm.sqrt.f64(double %tmp_80)


 <State 11>: 8.62ns
ST_11: tmp_81 [27/31] 8.62ns
:20  %tmp_81 = call double @llvm.sqrt.f64(double %tmp_80)


 <State 12>: 8.62ns
ST_12: tmp_81 [26/31] 8.62ns
:20  %tmp_81 = call double @llvm.sqrt.f64(double %tmp_80)


 <State 13>: 8.62ns
ST_13: tmp_81 [25/31] 8.62ns
:20  %tmp_81 = call double @llvm.sqrt.f64(double %tmp_80)


 <State 14>: 8.62ns
ST_14: tmp_81 [24/31] 8.62ns
:20  %tmp_81 = call double @llvm.sqrt.f64(double %tmp_80)


 <State 15>: 8.62ns
ST_15: tmp_81 [23/31] 8.62ns
:20  %tmp_81 = call double @llvm.sqrt.f64(double %tmp_80)


 <State 16>: 8.62ns
ST_16: tmp_81 [22/31] 8.62ns
:20  %tmp_81 = call double @llvm.sqrt.f64(double %tmp_80)


 <State 17>: 8.62ns
ST_17: tmp_81 [21/31] 8.62ns
:20  %tmp_81 = call double @llvm.sqrt.f64(double %tmp_80)


 <State 18>: 8.62ns
ST_18: tmp_81 [20/31] 8.62ns
:20  %tmp_81 = call double @llvm.sqrt.f64(double %tmp_80)


 <State 19>: 8.62ns
ST_19: tmp_81 [19/31] 8.62ns
:20  %tmp_81 = call double @llvm.sqrt.f64(double %tmp_80)


 <State 20>: 8.62ns
ST_20: tmp_81 [18/31] 8.62ns
:20  %tmp_81 = call double @llvm.sqrt.f64(double %tmp_80)


 <State 21>: 8.62ns
ST_21: tmp_81 [17/31] 8.62ns
:20  %tmp_81 = call double @llvm.sqrt.f64(double %tmp_80)


 <State 22>: 8.62ns
ST_22: tmp_81 [16/31] 8.62ns
:20  %tmp_81 = call double @llvm.sqrt.f64(double %tmp_80)


 <State 23>: 8.62ns
ST_23: tmp_81 [15/31] 8.62ns
:20  %tmp_81 = call double @llvm.sqrt.f64(double %tmp_80)


 <State 24>: 8.62ns
ST_24: tmp_81 [14/31] 8.62ns
:20  %tmp_81 = call double @llvm.sqrt.f64(double %tmp_80)


 <State 25>: 8.62ns
ST_25: tmp_81 [13/31] 8.62ns
:20  %tmp_81 = call double @llvm.sqrt.f64(double %tmp_80)


 <State 26>: 8.62ns
ST_26: tmp_81 [12/31] 8.62ns
:20  %tmp_81 = call double @llvm.sqrt.f64(double %tmp_80)


 <State 27>: 8.62ns
ST_27: tmp_81 [11/31] 8.62ns
:20  %tmp_81 = call double @llvm.sqrt.f64(double %tmp_80)


 <State 28>: 8.62ns
ST_28: tmp_81 [10/31] 8.62ns
:20  %tmp_81 = call double @llvm.sqrt.f64(double %tmp_80)


 <State 29>: 8.62ns
ST_29: tmp_81 [9/31] 8.62ns
:20  %tmp_81 = call double @llvm.sqrt.f64(double %tmp_80)


 <State 30>: 8.62ns
ST_30: T_read [1/1] 0.00ns
:10  %T_read = call double @_ssdm_op_Read.ap_auto.double(double %T)

ST_30: sigma_read [1/1] 0.00ns
:11  %sigma_read = call double @_ssdm_op_Read.ap_auto.double(double %sigma)

ST_30: r_read [1/1] 0.00ns
:12  %r_read = call double @_ssdm_op_Read.ap_auto.double(double %r)

ST_30: E_read [1/1] 0.00ns
:13  %E_read = call double @_ssdm_op_Read.ap_auto.double(double %E)

ST_30: S_read [1/1] 0.00ns
:14  %S_read = call double @_ssdm_op_Read.ap_auto.double(double %S)

ST_30: call_ret [2/2] 8.14ns
:15  %call_ret = call fastcc { double, double } @black_scholes_black_scholes_iterate(double %S_read, double %E_read, double %r_read, double %sigma_read, double %T_read)

ST_30: tmp_81 [8/31] 8.62ns
:20  %tmp_81 = call double @llvm.sqrt.f64(double %tmp_80)


 <State 31>: 8.62ns
ST_31: call_ret [1/2] 8.62ns
:15  %call_ret = call fastcc { double, double } @black_scholes_black_scholes_iterate(double %S_read, double %E_read, double %r_read, double %sigma_read, double %T_read)

ST_31: args_mean [1/1] 0.00ns
:16  %args_mean = extractvalue { double, double } %call_ret, 0

ST_31: args_stdv [1/1] 0.00ns
:17  %args_stdv = extractvalue { double, double } %call_ret, 1

ST_31: tmp_81 [7/31] 8.62ns
:20  %tmp_81 = call double @llvm.sqrt.f64(double %tmp_80)


 <State 32>: 8.62ns
ST_32: tmp_s [6/6] 7.79ns
:18  %tmp_s = fmul double %args_stdv, 1.960000e+00

ST_32: tmp_81 [6/31] 8.62ns
:20  %tmp_81 = call double @llvm.sqrt.f64(double %tmp_80)


 <State 33>: 8.62ns
ST_33: tmp_s [5/6] 7.79ns
:18  %tmp_s = fmul double %args_stdv, 1.960000e+00

ST_33: tmp_81 [5/31] 8.62ns
:20  %tmp_81 = call double @llvm.sqrt.f64(double %tmp_80)


 <State 34>: 8.62ns
ST_34: tmp_s [4/6] 7.79ns
:18  %tmp_s = fmul double %args_stdv, 1.960000e+00

ST_34: tmp_81 [4/31] 8.62ns
:20  %tmp_81 = call double @llvm.sqrt.f64(double %tmp_80)


 <State 35>: 8.62ns
ST_35: tmp_s [3/6] 7.79ns
:18  %tmp_s = fmul double %args_stdv, 1.960000e+00

ST_35: tmp_81 [3/31] 8.62ns
:20  %tmp_81 = call double @llvm.sqrt.f64(double %tmp_80)


 <State 36>: 8.62ns
ST_36: tmp_s [2/6] 7.79ns
:18  %tmp_s = fmul double %args_stdv, 1.960000e+00

ST_36: tmp_81 [2/31] 8.62ns
:20  %tmp_81 = call double @llvm.sqrt.f64(double %tmp_80)


 <State 37>: 8.62ns
ST_37: tmp_s [1/6] 7.79ns
:18  %tmp_s = fmul double %args_stdv, 1.960000e+00

ST_37: tmp_81 [1/31] 8.62ns
:20  %tmp_81 = call double @llvm.sqrt.f64(double %tmp_80)


 <State 38>: 8.62ns
ST_38: conf_width [31/31] 8.62ns
:21  %conf_width = fdiv double %tmp_s, %tmp_81


 <State 39>: 8.62ns
ST_39: conf_width [30/31] 8.62ns
:21  %conf_width = fdiv double %tmp_s, %tmp_81


 <State 40>: 8.62ns
ST_40: conf_width [29/31] 8.62ns
:21  %conf_width = fdiv double %tmp_s, %tmp_81


 <State 41>: 8.62ns
ST_41: conf_width [28/31] 8.62ns
:21  %conf_width = fdiv double %tmp_s, %tmp_81


 <State 42>: 8.62ns
ST_42: conf_width [27/31] 8.62ns
:21  %conf_width = fdiv double %tmp_s, %tmp_81


 <State 43>: 8.62ns
ST_43: conf_width [26/31] 8.62ns
:21  %conf_width = fdiv double %tmp_s, %tmp_81


 <State 44>: 8.62ns
ST_44: conf_width [25/31] 8.62ns
:21  %conf_width = fdiv double %tmp_s, %tmp_81


 <State 45>: 8.62ns
ST_45: conf_width [24/31] 8.62ns
:21  %conf_width = fdiv double %tmp_s, %tmp_81


 <State 46>: 8.62ns
ST_46: conf_width [23/31] 8.62ns
:21  %conf_width = fdiv double %tmp_s, %tmp_81


 <State 47>: 8.62ns
ST_47: conf_width [22/31] 8.62ns
:21  %conf_width = fdiv double %tmp_s, %tmp_81


 <State 48>: 8.62ns
ST_48: conf_width [21/31] 8.62ns
:21  %conf_width = fdiv double %tmp_s, %tmp_81


 <State 49>: 8.62ns
ST_49: conf_width [20/31] 8.62ns
:21  %conf_width = fdiv double %tmp_s, %tmp_81


 <State 50>: 8.62ns
ST_50: conf_width [19/31] 8.62ns
:21  %conf_width = fdiv double %tmp_s, %tmp_81


 <State 51>: 8.62ns
ST_51: conf_width [18/31] 8.62ns
:21  %conf_width = fdiv double %tmp_s, %tmp_81


 <State 52>: 8.62ns
ST_52: conf_width [17/31] 8.62ns
:21  %conf_width = fdiv double %tmp_s, %tmp_81


 <State 53>: 8.62ns
ST_53: conf_width [16/31] 8.62ns
:21  %conf_width = fdiv double %tmp_s, %tmp_81


 <State 54>: 8.62ns
ST_54: conf_width [15/31] 8.62ns
:21  %conf_width = fdiv double %tmp_s, %tmp_81


 <State 55>: 8.62ns
ST_55: conf_width [14/31] 8.62ns
:21  %conf_width = fdiv double %tmp_s, %tmp_81


 <State 56>: 8.62ns
ST_56: conf_width [13/31] 8.62ns
:21  %conf_width = fdiv double %tmp_s, %tmp_81


 <State 57>: 8.62ns
ST_57: conf_width [12/31] 8.62ns
:21  %conf_width = fdiv double %tmp_s, %tmp_81


 <State 58>: 8.62ns
ST_58: conf_width [11/31] 8.62ns
:21  %conf_width = fdiv double %tmp_s, %tmp_81


 <State 59>: 8.62ns
ST_59: conf_width [10/31] 8.62ns
:21  %conf_width = fdiv double %tmp_s, %tmp_81


 <State 60>: 8.62ns
ST_60: conf_width [9/31] 8.62ns
:21  %conf_width = fdiv double %tmp_s, %tmp_81


 <State 61>: 8.62ns
ST_61: conf_width [8/31] 8.62ns
:21  %conf_width = fdiv double %tmp_s, %tmp_81


 <State 62>: 8.62ns
ST_62: conf_width [7/31] 8.62ns
:21  %conf_width = fdiv double %tmp_s, %tmp_81


 <State 63>: 8.62ns
ST_63: conf_width [6/31] 8.62ns
:21  %conf_width = fdiv double %tmp_s, %tmp_81


 <State 64>: 8.62ns
ST_64: conf_width [5/31] 8.62ns
:21  %conf_width = fdiv double %tmp_s, %tmp_81


 <State 65>: 8.62ns
ST_65: conf_width [4/31] 8.62ns
:21  %conf_width = fdiv double %tmp_s, %tmp_81


 <State 66>: 8.62ns
ST_66: conf_width [3/31] 8.62ns
:21  %conf_width = fdiv double %tmp_s, %tmp_81


 <State 67>: 8.62ns
ST_67: conf_width [2/31] 8.62ns
:21  %conf_width = fdiv double %tmp_s, %tmp_81


 <State 68>: 8.62ns
ST_68: conf_width [1/31] 8.62ns
:21  %conf_width = fdiv double %tmp_s, %tmp_81


 <State 69>: 8.23ns
ST_69: tmp_82 [5/5] 8.23ns
:22  %tmp_82 = fsub double %args_mean, %conf_width

ST_69: tmp_83 [5/5] 8.23ns
:24  %tmp_83 = fadd double %args_mean, %conf_width


 <State 70>: 8.23ns
ST_70: tmp_82 [4/5] 8.23ns
:22  %tmp_82 = fsub double %args_mean, %conf_width

ST_70: tmp_83 [4/5] 8.23ns
:24  %tmp_83 = fadd double %args_mean, %conf_width


 <State 71>: 8.23ns
ST_71: tmp_82 [3/5] 8.23ns
:22  %tmp_82 = fsub double %args_mean, %conf_width

ST_71: tmp_83 [3/5] 8.23ns
:24  %tmp_83 = fadd double %args_mean, %conf_width


 <State 72>: 8.23ns
ST_72: tmp_82 [2/5] 8.23ns
:22  %tmp_82 = fsub double %args_mean, %conf_width

ST_72: tmp_83 [2/5] 8.23ns
:24  %tmp_83 = fadd double %args_mean, %conf_width


 <State 73>: 8.23ns
ST_73: stg_166 [1/1] 0.00ns
:0  call void (...)* @_ssdm_op_SpecBitsMap(double* %interval_min), !map !12

ST_73: stg_167 [1/1] 0.00ns
:1  call void (...)* @_ssdm_op_SpecBitsMap(double* %interval_max), !map !16

ST_73: stg_168 [1/1] 0.00ns
:2  call void (...)* @_ssdm_op_SpecBitsMap(double %S), !map !20

ST_73: stg_169 [1/1] 0.00ns
:3  call void (...)* @_ssdm_op_SpecBitsMap(double %E), !map !26

ST_73: stg_170 [1/1] 0.00ns
:4  call void (...)* @_ssdm_op_SpecBitsMap(double %r), !map !30

ST_73: stg_171 [1/1] 0.00ns
:5  call void (...)* @_ssdm_op_SpecBitsMap(double %sigma), !map !34

ST_73: stg_172 [1/1] 0.00ns
:6  call void (...)* @_ssdm_op_SpecBitsMap(double %T), !map !38

ST_73: stg_173 [1/1] 0.00ns
:7  call void (...)* @_ssdm_op_SpecBitsMap(i32 %M), !map !42

ST_73: stg_174 [1/1] 0.00ns
:8  call void (...)* @_ssdm_op_SpecTopModule([14 x i8]* @str) nounwind

ST_73: tmp_82 [1/5] 8.23ns
:22  %tmp_82 = fsub double %args_mean, %conf_width

ST_73: stg_176 [1/1] 0.00ns
:23  call void @_ssdm_op_Write.ap_auto.doubleP(double* %interval_min, double %tmp_82)

ST_73: tmp_83 [1/5] 8.23ns
:24  %tmp_83 = fadd double %args_mean, %conf_width

ST_73: stg_178 [1/1] 0.00ns
:25  call void @_ssdm_op_Write.ap_auto.doubleP(double* %interval_max, double %tmp_83)

ST_73: stg_179 [1/1] 0.00ns
:26  ret void



============================================================
+ Verbose Summary: Binding
============================================================
N/A
* FSMD analyzer results:
  - Output states:
  - Chain level:
	State 1
	State 2
	State 3
	State 4
	State 5
	State 6
	State 7
	State 8
	State 9
	State 10
	State 11
	State 12
	State 13
	State 14
	State 15
	State 16
	State 17
	State 18
	State 19
	State 20
	State 21
	State 22
	State 23
	State 24
	State 25
	State 26
	State 27
	State 28
	State 29
	State 30
	State 31
	State 32
	State 33
	State 34
	State 35
	State 36
	State 37
	State 38
	State 39
	State 40
	State 41
	State 42
	State 43
	State 44
	State 45
	State 46
	State 47
	State 48
	State 49
	State 50
	State 51
	State 52
	State 53
	State 54
	State 55
	State 56
	State 57
	State 58
	State 59
	State 60
	State 61
	State 62
	State 63
	State 64
	State 65
	State 66
	State 67
	State 68
	State 69
	State 70
	State 71
	State 72
	State 73


============================================================
+ Verbose Summary: Datapath Resource usage 
============================================================
N/A
